SF:D:\rust\iris-engine\geometry\src\frustum.rs
FN:18,_RNvMNtCsiZ5B0Zwt1yr_8geometry7frustumNtB2_7Frustum3new
FN:37,_RNvMNtCsiZ5B0Zwt1yr_8geometry7frustumNtB2_7Frustum14from_matrix_gl
FN:62,_RNvMNtCsiZ5B0Zwt1yr_8geometry7frustumNtB2_7Frustum11from_matrix
FN:98,_RNvMs_NtCsiZ5B0Zwt1yr_8geometry7frustumNtB4_18PerspectiveFrustum3new
FN:108,_RNvMs_NtCsiZ5B0Zwt1yr_8geometry7frustumNtB4_18PerspectiveFrustum9matrix_lh
FN:112,_RNvMs_NtCsiZ5B0Zwt1yr_8geometry7frustumNtB4_18PerspectiveFrustum9matrix_rh
FN:116,_RNvMs_NtCsiZ5B0Zwt1yr_8geometry7frustumNtB4_18PerspectiveFrustum9matrix_gl
FN:120,_RNvMs_NtCsiZ5B0Zwt1yr_8geometry7frustumNtB4_18PerspectiveFrustum18matrix_infinite_lh
FN:124,_RNvMs_NtCsiZ5B0Zwt1yr_8geometry7frustumNtB4_18PerspectiveFrustum18matrix_infinite_rh
FN:128,_RNvMs_NtCsiZ5B0Zwt1yr_8geometry7frustumNtB4_18PerspectiveFrustum18matrix_infinite_gl
FN:138,_RNvMs_NtCsiZ5B0Zwt1yr_8geometry7frustumNtB4_18PerspectiveFrustum26matrix_infinite_reverse_lh
FN:142,_RNvMs_NtCsiZ5B0Zwt1yr_8geometry7frustumNtB4_18PerspectiveFrustum26matrix_infinite_reverse_rh
FN:146,_RNvMs_NtCsiZ5B0Zwt1yr_8geometry7frustumNtB4_18PerspectiveFrustum26matrix_infinite_reverse_gl
FN:156,_RNvMs_NtCsiZ5B0Zwt1yr_8geometry7frustumNtB4_18PerspectiveFrustum14focal_distance
FN:161,_RNvMs_NtCsiZ5B0Zwt1yr_8geometry7frustumNtB4_18PerspectiveFrustum7frustum
FN:197,_RNvNtCsiZ5B0Zwt1yr_8geometry7frustum22clip_projection_matrix
FN:233,_RNvMs0_NtCsiZ5B0Zwt1yr_8geometry7frustumNtB5_19OrthographicFrustum3new
FN:243,_RNvMs0_NtCsiZ5B0Zwt1yr_8geometry7frustumNtB5_19OrthographicFrustum9matrix_lh
FN:257,_RNvMs0_NtCsiZ5B0Zwt1yr_8geometry7frustumNtB5_19OrthographicFrustum9matrix_rh
FN:271,_RNvMs0_NtCsiZ5B0Zwt1yr_8geometry7frustumNtB5_19OrthographicFrustum9matrix_gl
FN:286,_RNvMs0_NtCsiZ5B0Zwt1yr_8geometry7frustumNtB5_19OrthographicFrustum7frustum
FN:329,_RNvNtNtCsiZ5B0Zwt1yr_8geometry7frustum5tests24projection_type_strategy
FN:379,_RNvNtNtCsiZ5B0Zwt1yr_8geometry7frustum5tests26__test_orthographic_frustum
FN:410,_RNvNtNtCsiZ5B0Zwt1yr_8geometry7frustum5tests25__test_perspective_frustum
FN:440,_RNvNtNtCsiZ5B0Zwt1yr_8geometry7frustum5tests34__test_perspective_infinite_frustum
FN:468,_RNvNtNtCsiZ5B0Zwt1yr_8geometry7frustum5tests42__test_perspective_infinite_reverse_frustum
FN:503,_RNvNtNtCsiZ5B0Zwt1yr_8geometry7frustum5testss_24test_near_plane_clipping
FNDA:258,_RNvMNtCsiZ5B0Zwt1yr_8geometry7frustumNtB2_7Frustum3new
FNDA:326,_RNvMNtCsiZ5B0Zwt1yr_8geometry7frustumNtB2_7Frustum14from_matrix_gl
FNDA:709,_RNvMNtCsiZ5B0Zwt1yr_8geometry7frustumNtB2_7Frustum11from_matrix
FNDA:777,_RNvMs_NtCsiZ5B0Zwt1yr_8geometry7frustumNtB4_18PerspectiveFrustum3new
FNDA:89,_RNvMs_NtCsiZ5B0Zwt1yr_8geometry7frustumNtB4_18PerspectiveFrustum9matrix_lh
FNDA:86,_RNvMs_NtCsiZ5B0Zwt1yr_8geometry7frustumNtB4_18PerspectiveFrustum9matrix_rh
FNDA:83,_RNvMs_NtCsiZ5B0Zwt1yr_8geometry7frustumNtB4_18PerspectiveFrustum9matrix_gl
FNDA:81,_RNvMs_NtCsiZ5B0Zwt1yr_8geometry7frustumNtB4_18PerspectiveFrustum18matrix_infinite_lh
FNDA:88,_RNvMs_NtCsiZ5B0Zwt1yr_8geometry7frustumNtB4_18PerspectiveFrustum18matrix_infinite_rh
FNDA:91,_RNvMs_NtCsiZ5B0Zwt1yr_8geometry7frustumNtB4_18PerspectiveFrustum18matrix_infinite_gl
FNDA:84,_RNvMs_NtCsiZ5B0Zwt1yr_8geometry7frustumNtB4_18PerspectiveFrustum26matrix_infinite_reverse_lh
FNDA:102,_RNvMs_NtCsiZ5B0Zwt1yr_8geometry7frustumNtB4_18PerspectiveFrustum26matrix_infinite_reverse_rh
FNDA:73,_RNvMs_NtCsiZ5B0Zwt1yr_8geometry7frustumNtB4_18PerspectiveFrustum26matrix_infinite_reverse_gl
FNDA:776,_RNvMs_NtCsiZ5B0Zwt1yr_8geometry7frustumNtB4_18PerspectiveFrustum14focal_distance
FNDA:776,_RNvMs_NtCsiZ5B0Zwt1yr_8geometry7frustumNtB4_18PerspectiveFrustum7frustum
FNDA:1,_RNvNtCsiZ5B0Zwt1yr_8geometry7frustum22clip_projection_matrix
FNDA:258,_RNvMs0_NtCsiZ5B0Zwt1yr_8geometry7frustumNtB5_19OrthographicFrustum3new
FNDA:85,_RNvMs0_NtCsiZ5B0Zwt1yr_8geometry7frustumNtB5_19OrthographicFrustum9matrix_lh
FNDA:93,_RNvMs0_NtCsiZ5B0Zwt1yr_8geometry7frustumNtB5_19OrthographicFrustum9matrix_rh
FNDA:80,_RNvMs0_NtCsiZ5B0Zwt1yr_8geometry7frustumNtB5_19OrthographicFrustum9matrix_gl
FNDA:258,_RNvMs0_NtCsiZ5B0Zwt1yr_8geometry7frustumNtB5_19OrthographicFrustum7frustum
FNDA:4,_RNvNtNtCsiZ5B0Zwt1yr_8geometry7frustum5tests24projection_type_strategy
FNDA:258,_RNvNtNtCsiZ5B0Zwt1yr_8geometry7frustum5tests26__test_orthographic_frustum
FNDA:258,_RNvNtNtCsiZ5B0Zwt1yr_8geometry7frustum5tests25__test_perspective_frustum
FNDA:259,_RNvNtNtCsiZ5B0Zwt1yr_8geometry7frustum5tests34__test_perspective_infinite_frustum
FNDA:259,_RNvNtNtCsiZ5B0Zwt1yr_8geometry7frustum5tests42__test_perspective_infinite_reverse_frustum
FNDA:1,_RNvNtNtCsiZ5B0Zwt1yr_8geometry7frustum5testss_24test_near_plane_clipping
FNF:27
FNH:27
DA:18,258
DA:19,258
DA:20,258
DA:21,258
DA:22,258
DA:23,258
DA:24,258
DA:25,258
DA:26,258
DA:27,258
DA:28,258
DA:29,258
DA:30,258
DA:31,258
DA:32,258
DA:33,258
DA:34,258
DA:37,326
DA:38,326
DA:39,326
DA:40,326
DA:41,326
DA:42,73
DA:43,253
DA:44,326
DA:45,326
DA:46,326
DA:47,326
DA:48,326
DA:49,326
DA:50,326
DA:51,326
DA:52,326
DA:53,326
DA:54,326
DA:55,326
DA:56,326
DA:57,326
DA:58,326
DA:59,326
DA:60,326
DA:62,709
DA:63,709
DA:64,709
DA:65,709
DA:66,709
DA:67,186
DA:68,523
DA:69,709
DA:70,709
DA:71,709
DA:72,709
DA:73,709
DA:74,709
DA:75,709
DA:76,709
DA:77,709
DA:78,709
DA:79,709
DA:80,709
DA:81,709
DA:82,709
DA:83,709
DA:84,709
DA:85,709
DA:98,777
DA:99,777
DA:100,777
DA:101,777
DA:102,777
DA:103,777
DA:104,777
DA:105,777
DA:108,89
DA:109,89
DA:110,89
DA:112,86
DA:113,86
DA:114,86
DA:116,83
DA:117,83
DA:118,83
DA:120,81
DA:121,81
DA:122,81
DA:124,88
DA:125,88
DA:126,88
DA:128,91
DA:129,91
DA:130,91
DA:131,91
DA:132,91
DA:133,91
DA:134,91
DA:135,91
DA:136,91
DA:138,84
DA:139,84
DA:140,84
DA:142,102
DA:143,102
DA:144,102
DA:146,73
DA:147,73
DA:148,73
DA:149,73
DA:150,73
DA:151,73
DA:152,73
DA:153,73
DA:154,73
DA:156,776
DA:157,776
DA:158,776
DA:161,776
DA:162,776
DA:163,776
DA:164,776
DA:165,776
DA:166,776
DA:167,776
DA:168,776
DA:169,776
DA:170,776
DA:171,776
DA:172,776
DA:173,776
DA:174,776
DA:175,776
DA:176,776
DA:177,776
DA:178,776
DA:179,776
DA:180,776
DA:181,776
DA:182,776
DA:183,776
DA:184,776
DA:185,776
DA:186,776
DA:187,776
DA:188,776
DA:189,776
DA:190,776
DA:191,776
DA:192,776
DA:193,776
DA:197,1
DA:198,1
DA:199,1
DA:200,1
DA:201,1
DA:202,1
DA:203,1
DA:204,1
DA:205,1
DA:206,1
DA:207,1
DA:208,1
DA:209,1
DA:210,1
DA:211,1
DA:212,1
DA:213,1
DA:214,1
DA:215,1
DA:216,1
DA:217,1
DA:218,1
DA:219,1
DA:220,1
DA:221,1
DA:233,258
DA:234,258
DA:235,258
DA:236,258
DA:237,258
DA:238,258
DA:239,258
DA:240,258
DA:243,85
DA:244,85
DA:245,85
DA:246,85
DA:247,85
DA:248,85
DA:249,85
DA:250,85
DA:251,85
DA:252,85
DA:253,85
DA:254,85
DA:255,85
DA:257,93
DA:258,93
DA:259,93
DA:260,93
DA:261,93
DA:262,93
DA:263,93
DA:264,93
DA:265,93
DA:266,93
DA:267,93
DA:268,93
DA:269,93
DA:271,80
DA:272,80
DA:273,80
DA:274,80
DA:275,80
DA:276,80
DA:277,80
DA:278,80
DA:279,80
DA:280,80
DA:281,80
DA:282,80
DA:283,80
DA:286,258
DA:287,258
DA:288,258
DA:289,258
DA:290,258
DA:291,258
DA:292,258
DA:293,258
DA:294,258
DA:295,258
DA:296,258
DA:298,258
DA:299,258
DA:300,258
DA:301,258
DA:302,258
DA:303,258
DA:304,258
DA:305,258
DA:306,258
DA:307,258
DA:329,4
DA:330,4
DA:331,4
DA:332,4
DA:333,4
DA:334,4
DA:335,4
DA:379,258
DA:380,258
DA:381,258
DA:382,258
DA:383,258
DA:384,258
DA:385,258
DA:386,258
DA:387,258
DA:388,85
DA:389,93
DA:390,80
DA:393,258
DA:394,258
DA:395,258
DA:396,258
DA:397,258
DA:398,258
DA:399,258
DA:400,258
DA:401,258
DA:402,258
DA:403,258
DA:404,258
DA:405,258
DA:406,258
DA:407,258
DA:408,258
DA:409,258
DA:410,258
DA:411,258
DA:412,258
DA:413,258
DA:414,258
DA:415,258
DA:416,258
DA:417,258
DA:418,258
DA:419,89
DA:420,86
DA:421,83
DA:423,258
DA:424,258
DA:425,258
DA:426,258
DA:427,258
DA:428,258
DA:429,258
DA:430,258
DA:431,258
DA:432,258
DA:433,258
DA:434,258
DA:435,258
DA:436,258
DA:437,258
DA:438,258
DA:440,259
DA:441,259
DA:442,259
DA:443,259
DA:444,259
DA:445,259
DA:446,259
DA:447,259
DA:448,81
DA:449,88
DA:450,90
DA:452,259
DA:453,259
DA:454,259
DA:455,259
DA:456,259
DA:457,259
DA:458,259
DA:459,259
DA:460,259
DA:461,259
DA:462,259
DA:463,259
DA:464,259
DA:465,259
DA:466,259
DA:468,259
DA:469,259
DA:470,259
DA:471,259
DA:472,259
DA:473,259
DA:474,259
DA:475,259
DA:477,84
DA:480,102
DA:483,73
DA:486,259
DA:487,259
DA:488,259
DA:489,259
DA:490,259
DA:491,259
DA:492,259
DA:493,259
DA:494,259
DA:495,259
DA:496,259
DA:497,259
DA:498,259
DA:499,259
DA:500,259
DA:503,1
DA:504,1
DA:505,1
DA:506,1
DA:507,1
DA:508,1
DA:509,1
DA:510,1
DA:511,1
DA:512,1
DA:513,1
DA:514,1
DA:515,1
DA:516,1
BRF:0
BRH:0
LF:371
LH:371
end_of_record
SF:D:\rust\iris-engine\geometry\src\intersections.rs
FN:229,_RNCNvNtNtCsiZ5B0Zwt1yr_8geometry13intersections5tests10any_normals_0B7_
FN:97,_RNvMNtCsiZ5B0Zwt1yr_8geometry13intersectionsNtNtB4_3ray3Ray19intersect_ellipsoid
FN:124,_RNCNvMNtCsiZ5B0Zwt1yr_8geometry13intersectionsNtNtB6_3ray3Ray19intersect_ellipsoid0B6_
FN:133,_RNvMNtCsiZ5B0Zwt1yr_8geometry13intersectionsNtNtB4_3ray3Ray18intersect_cylinder
FN:153,_RNCNvMNtCsiZ5B0Zwt1yr_8geometry13intersectionsNtNtB6_3ray3Ray18intersect_cylinder0B6_
FN:165,_RNvMNtCsiZ5B0Zwt1yr_8geometry13intersectionsNtNtB4_3ray3Ray15intersect_torus
FN:199,_RNCNvMNtCsiZ5B0Zwt1yr_8geometry13intersectionsNtNtB6_3ray3Ray15intersect_torus0B6_
FN:295,_RNvNtNtCsiZ5B0Zwt1yr_8geometry13intersections5tests21__test_intersect_plane
FN:304,_RNvNtNtCsiZ5B0Zwt1yr_8geometry13intersections5tests24__test_intersect_triangle
FN:315,_RNvNtNtCsiZ5B0Zwt1yr_8geometry13intersections5tests22__test_intersect_cuboid
FN:322,_RNvNtNtCsiZ5B0Zwt1yr_8geometry13intersections5tests22__test_intersect_sphere
FN:13,_RNvMNtCsiZ5B0Zwt1yr_8geometry13intersectionsNtNtB4_3ray3Ray15intersect_plane
FN:33,_RNvMNtCsiZ5B0Zwt1yr_8geometry13intersectionsNtNtB4_3ray3Ray18intersect_triangle
FN:47,_RNvMNtCsiZ5B0Zwt1yr_8geometry13intersectionsNtNtB4_3ray3Ray16intersect_cuboid
FN:81,_RNvMNtCsiZ5B0Zwt1yr_8geometry13intersectionsNtNtB4_3ray3Ray16intersect_sphere
FNDA:1355,_RNCNvNtNtCsiZ5B0Zwt1yr_8geometry13intersections5tests10any_normals_0B7_
FNDA:0,_RNvMNtCsiZ5B0Zwt1yr_8geometry13intersectionsNtNtB4_3ray3Ray19intersect_ellipsoid
FNDA:0,_RNCNvMNtCsiZ5B0Zwt1yr_8geometry13intersectionsNtNtB6_3ray3Ray19intersect_ellipsoid0B6_
FNDA:0,_RNvMNtCsiZ5B0Zwt1yr_8geometry13intersectionsNtNtB4_3ray3Ray18intersect_cylinder
FNDA:0,_RNCNvMNtCsiZ5B0Zwt1yr_8geometry13intersectionsNtNtB6_3ray3Ray18intersect_cylinder0B6_
FNDA:0,_RNvMNtCsiZ5B0Zwt1yr_8geometry13intersectionsNtNtB4_3ray3Ray15intersect_torus
FNDA:0,_RNCNvMNtCsiZ5B0Zwt1yr_8geometry13intersectionsNtNtB6_3ray3Ray15intersect_torus0B6_
FNDA:271,_RNvNtNtCsiZ5B0Zwt1yr_8geometry13intersections5tests21__test_intersect_plane
FNDA:271,_RNvNtNtCsiZ5B0Zwt1yr_8geometry13intersections5tests24__test_intersect_triangle
FNDA:271,_RNvNtNtCsiZ5B0Zwt1yr_8geometry13intersections5tests22__test_intersect_cuboid
FNDA:271,_RNvNtNtCsiZ5B0Zwt1yr_8geometry13intersections5tests22__test_intersect_sphere
FNDA:1244,_RNvMNtCsiZ5B0Zwt1yr_8geometry13intersectionsNtNtB4_3ray3Ray15intersect_plane
FNDA:289,_RNvMNtCsiZ5B0Zwt1yr_8geometry13intersectionsNtNtB4_3ray3Ray18intersect_triangle
FNDA:271,_RNvMNtCsiZ5B0Zwt1yr_8geometry13intersectionsNtNtB4_3ray3Ray16intersect_cuboid
FNDA:272,_RNvMNtCsiZ5B0Zwt1yr_8geometry13intersectionsNtNtB4_3ray3Ray16intersect_sphere
FNF:15
FNH:9
DA:13,1244
DA:14,1244
DA:15,1244
DA:16,1244
DA:17,1244
DA:19,15
DA:21,1229
DA:22,1229
DA:23,1229
DA:24,1229
DA:25,532
DA:26,532
DA:28,697
DA:31,1244
DA:33,289
DA:34,289
DA:35,289
DA:37,289
DA:39,141
DA:40,18
DA:41,123
DA:42,148
DA:43,271
DA:44,289
DA:47,271
DA:48,271
DA:49,271
DA:50,271
DA:51,271
DA:52,271
DA:53,271
DA:54,271
DA:55,271
DA:56,140
DA:57,140
DA:58,131
DA:59,131
DA:60,271
DA:61,133
DA:62,138
DA:63,138
DA:64,138
DA:65,271
DA:66,145
DA:67,145
DA:68,126
DA:69,126
DA:70,610
DA:71,541
DA:72,248
DA:73,202
DA:74,46
DA:75,293
DA:78,69
DA:79,271
DA:81,272
DA:82,272
DA:83,272
DA:84,272
DA:85,272
DA:86,272
DA:87,272
DA:88,272
DA:89,272
DA:90,3
DA:91,2
DA:92,1
DA:93,1
DA:94,272
DA:97,0
DA:98,0
DA:99,0
DA:100,0
DA:101,0
DA:102,0
DA:103,0
DA:104,0
DA:105,0
DA:106,0
DA:107,0
DA:108,0
DA:109,0
DA:110,0
DA:111,0
DA:112,0
DA:113,0
DA:114,0
DA:115,0
DA:116,0
DA:117,0
DA:118,0
DA:119,0
DA:120,0
DA:121,0
DA:122,0
DA:123,0
DA:124,0
DA:125,0
DA:127,0
DA:128,0
DA:133,0
DA:134,0
DA:135,0
DA:136,0
DA:137,0
DA:138,0
DA:139,0
DA:140,0
DA:141,0
DA:142,0
DA:143,0
DA:144,0
DA:145,0
DA:146,0
DA:147,0
DA:148,0
DA:149,0
DA:150,0
DA:151,0
DA:152,0
DA:153,0
DA:154,0
DA:155,0
DA:156,0
DA:157,0
DA:158,0
DA:159,0
DA:160,0
DA:165,0
DA:166,0
DA:167,0
DA:168,0
DA:169,0
DA:170,0
DA:171,0
DA:172,0
DA:173,0
DA:174,0
DA:175,0
DA:176,0
DA:177,0
DA:178,0
DA:179,0
DA:180,0
DA:181,0
DA:182,0
DA:183,0
DA:184,0
DA:185,0
DA:186,0
DA:187,0
DA:188,0
DA:189,0
DA:190,0
DA:191,0
DA:192,0
DA:193,0
DA:194,0
DA:195,0
DA:196,0
DA:197,0
DA:198,0
DA:199,0
DA:200,0
DA:201,0
DA:202,0
DA:229,1355
DA:295,271
DA:296,271
DA:297,143
DA:298,143
DA:299,143
DA:300,143
DA:301,143
DA:302,128
DA:303,271
DA:304,271
DA:305,271
DA:306,18
DA:307,18
DA:308,18
DA:309,18
DA:310,18
DA:311,18
DA:312,18
DA:313,253
DA:314,271
DA:315,271
DA:316,271
DA:317,202
DA:318,202
DA:319,202
DA:320,69
DA:321,271
DA:322,271
DA:323,271
DA:324,1
DA:325,1
DA:327,1
DA:328,1
DA:329,1
DA:330,270
DA:331,271
BRF:0
BRH:0
LF:206
LH:106
end_of_record
SF:D:\rust\iris-engine\geometry\src\lib.rs
FN:18,_RNvCsiZ5B0Zwt1yr_8geometry7refract
FN:12,_RNvCsiZ5B0Zwt1yr_8geometry7reflect
FN:61,_RNvNtCsiZ5B0Zwt1yr_8geometry5tests13__test_reflect
FNDA:0,_RNvCsiZ5B0Zwt1yr_8geometry7refract
FNDA:259,_RNvCsiZ5B0Zwt1yr_8geometry7reflect
FNDA:259,_RNvNtCsiZ5B0Zwt1yr_8geometry5tests13__test_reflect
FNF:3
FNH:2
DA:12,259
DA:13,259
DA:14,259
DA:18,0
DA:19,0
DA:20,0
DA:21,0
DA:22,0
DA:23,0
DA:24,0
DA:61,259
DA:62,259
DA:63,259
DA:64,259
DA:65,259
DA:66,259
BRF:0
BRH:0
LF:16
LH:9
end_of_record
SF:D:\rust\iris-engine\geometry\src\plane.rs
FN:19,_RNvXNtCsiZ5B0Zwt1yr_8geometry5planeNtB2_5PlaneNtNtCsdN0rXTyFgib_6approx11abs_diff_eq9AbsDiffEq11abs_diff_eq
FN:126,_RNCNvNtNtCsiZ5B0Zwt1yr_8geometry5plane5tests10any_normals_0B7_
FN:158,_RNvNtNtCsiZ5B0Zwt1yr_8geometry5plane5tests23__test_distance_to_point
FN:164,_RNvNtNtCsiZ5B0Zwt1yr_8geometry5plane5tests28__test_intersect_three_planes
FN:171,_RNvNtNtCsiZ5B0Zwt1yr_8geometry5plane5tests26__test_intersect_two_planes
FN:15,_RNvXNtCsiZ5B0Zwt1yr_8geometry5planeNtB2_5PlaneNtNtCsdN0rXTyFgib_6approx11abs_diff_eq9AbsDiffEq15default_epsilon
FN:26,_RNvXs_NtCsiZ5B0Zwt1yr_8geometry5planeNtB4_5PlaneNtNtCsdN0rXTyFgib_6approx11relative_eq10RelativeEq20default_max_relative
FN:30,_RNvXs_NtCsiZ5B0Zwt1yr_8geometry5planeNtB4_5PlaneNtNtCsdN0rXTyFgib_6approx11relative_eq10RelativeEq11relative_eq
FN:46,_RNvMs0_NtCsiZ5B0Zwt1yr_8geometry5planeNtB5_5Plane3new
FN:54,_RNvMs0_NtCsiZ5B0Zwt1yr_8geometry5planeNtB5_5Plane9from_vec4
FN:65,_RNvMs0_NtCsiZ5B0Zwt1yr_8geometry5planeNtB5_5Plane11homogeneous
FN:69,_RNvMs0_NtCsiZ5B0Zwt1yr_8geometry5planeNtB5_5Plane24signed_distance_to_point
FN:75,_RNvMs0_NtCsiZ5B0Zwt1yr_8geometry5planeNtB5_5Plane11is_on_plane
FN:80,_RNvMs0_NtCsiZ5B0Zwt1yr_8geometry5planeNtB5_5Plane24intersection_with_planes
FN:93,_RNvMs0_NtCsiZ5B0Zwt1yr_8geometry5planeNtB5_5Plane23intersection_with_plane
FN:100,_RNCNvMs0_NtCsiZ5B0Zwt1yr_8geometry5planeNtB7_5Plane23intersection_with_plane0B9_
FNDA:0,_RNvXNtCsiZ5B0Zwt1yr_8geometry5planeNtB2_5PlaneNtNtCsdN0rXTyFgib_6approx11abs_diff_eq9AbsDiffEq11abs_diff_eq
FNDA:1638,_RNCNvNtNtCsiZ5B0Zwt1yr_8geometry5plane5tests10any_normals_0B7_
FNDA:273,_RNvNtNtCsiZ5B0Zwt1yr_8geometry5plane5tests23__test_distance_to_point
FNDA:273,_RNvNtNtCsiZ5B0Zwt1yr_8geometry5plane5tests28__test_intersect_three_planes
FNDA:273,_RNvNtNtCsiZ5B0Zwt1yr_8geometry5plane5tests26__test_intersect_two_planes
FNDA:5687,_RNvXNtCsiZ5B0Zwt1yr_8geometry5planeNtB2_5PlaneNtNtCsdN0rXTyFgib_6approx11abs_diff_eq9AbsDiffEq15default_epsilon
FNDA:5687,_RNvXs_NtCsiZ5B0Zwt1yr_8geometry5planeNtB4_5PlaneNtNtCsdN0rXTyFgib_6approx11relative_eq10RelativeEq20default_max_relative
FNDA:5687,_RNvXs_NtCsiZ5B0Zwt1yr_8geometry5planeNtB4_5PlaneNtNtCsdN0rXTyFgib_6approx11relative_eq10RelativeEq11relative_eq
FNDA:10046,_RNvMs0_NtCsiZ5B0Zwt1yr_8geometry5planeNtB5_5Plane3new
FNDA:6211,_RNvMs0_NtCsiZ5B0Zwt1yr_8geometry5planeNtB5_5Plane9from_vec4
FNDA:3854,_RNvMs0_NtCsiZ5B0Zwt1yr_8geometry5planeNtB5_5Plane11homogeneous
FNDA:2609,_RNvMs0_NtCsiZ5B0Zwt1yr_8geometry5planeNtB5_5Plane24signed_distance_to_point
FNDA:273,_RNvMs0_NtCsiZ5B0Zwt1yr_8geometry5planeNtB5_5Plane11is_on_plane
FNDA:546,_RNvMs0_NtCsiZ5B0Zwt1yr_8geometry5planeNtB5_5Plane24intersection_with_planes
FNDA:273,_RNvMs0_NtCsiZ5B0Zwt1yr_8geometry5planeNtB5_5Plane23intersection_with_plane
FNDA:273,_RNCNvMs0_NtCsiZ5B0Zwt1yr_8geometry5planeNtB7_5Plane23intersection_with_plane0B9_
FNF:16
FNH:15
DA:15,5687
DA:16,5687
DA:17,5687
DA:19,0
DA:20,0
DA:21,0
DA:22,0
DA:26,5687
DA:27,5687
DA:28,5687
DA:30,5687
DA:31,5687
DA:32,5687
DA:33,5687
DA:34,5687
DA:35,5687
DA:36,5687
DA:37,5687
DA:38,5687
DA:39,5687
DA:40,5687
DA:41,5687
DA:46,10046
DA:47,10046
DA:48,10046
DA:49,10046
DA:50,10046
DA:51,10046
DA:52,10046
DA:54,6211
DA:55,6211
DA:56,6211
DA:57,6211
DA:58,6211
DA:59,6211
DA:60,6211
DA:61,6211
DA:62,6211
DA:65,3854
DA:66,3854
DA:67,3854
DA:69,2609
DA:70,2609
DA:71,2609
DA:72,2609
DA:73,2609
DA:75,273
DA:76,273
DA:77,273
DA:80,546
DA:81,546
DA:82,546
DA:83,546
DA:84,546
DA:85,546
DA:86,3
DA:88,543
DA:89,543
DA:91,546
DA:93,273
DA:94,273
DA:95,273
DA:96,273
DA:97,273
DA:98,273
DA:99,273
DA:100,273
DA:101,273
DA:126,1638
DA:158,273
DA:159,273
DA:160,273
DA:161,273
DA:162,273
DA:164,273
DA:165,273
DA:166,270
DA:167,270
DA:168,270
DA:169,3
DA:170,273
DA:171,273
DA:172,273
DA:173,273
DA:174,273
DA:175,273
DA:176,273
DA:177,273
DA:178,0
DA:179,273
BRF:0
BRH:0
LF:91
LH:86
end_of_record
SF:D:\rust\iris-engine\geometry\src\ray.rs
FN:40,_RNvMNtCsiZ5B0Zwt1yr_8geometry3rayNtB2_3Ray16distance_to_line
FN:112,_RNvNtNtCsiZ5B0Zwt1yr_8geometry3ray5tests19__test_closest_point
FN:121,_RNvNtNtCsiZ5B0Zwt1yr_8geometry3ray5tests23__test_distance_to_point
FN:84,_RNCNvNtNtCsiZ5B0Zwt1yr_8geometry3ray5tests10any_normals_0B7_
FN:11,_RNvMNtCsiZ5B0Zwt1yr_8geometry3rayNtB2_3Ray3new
FN:19,_RNvMNtCsiZ5B0Zwt1yr_8geometry3rayNtB2_3Ray5point
FN:24,_RNvMNtCsiZ5B0Zwt1yr_8geometry3rayNtB2_3Ray17distance_to_point
FN:30,_RNvMNtCsiZ5B0Zwt1yr_8geometry3rayNtB2_3Ray16closest_point_to
FN:35,_RNvMNtCsiZ5B0Zwt1yr_8geometry3rayNtB2_3Ray12closest_t_to
FNDA:0,_RNvMNtCsiZ5B0Zwt1yr_8geometry3rayNtB2_3Ray16distance_to_line
FNDA:257,_RNvNtNtCsiZ5B0Zwt1yr_8geometry3ray5tests19__test_closest_point
FNDA:257,_RNvNtNtCsiZ5B0Zwt1yr_8geometry3ray5tests23__test_distance_to_point
FNDA:514,_RNCNvNtNtCsiZ5B0Zwt1yr_8geometry3ray5tests10any_normals_0B7_
FNDA:2033,_RNvMNtCsiZ5B0Zwt1yr_8geometry3rayNtB2_3Ray3new
FNDA:1561,_RNvMNtCsiZ5B0Zwt1yr_8geometry3rayNtB2_3Ray5point
FNDA:621,_RNvMNtCsiZ5B0Zwt1yr_8geometry3rayNtB2_3Ray17distance_to_point
FNDA:257,_RNvMNtCsiZ5B0Zwt1yr_8geometry3rayNtB2_3Ray16closest_point_to
FNDA:514,_RNvMNtCsiZ5B0Zwt1yr_8geometry3rayNtB2_3Ray12closest_t_to
FNF:9
FNH:8
DA:11,2033
DA:12,2033
DA:13,2033
DA:14,2033
DA:15,2033
DA:16,2033
DA:19,1561
DA:20,1561
DA:21,1561
DA:24,621
DA:25,621
DA:26,621
DA:27,621
DA:30,257
DA:31,257
DA:32,257
DA:33,257
DA:35,514
DA:36,514
DA:37,514
DA:40,0
DA:41,0
DA:42,0
DA:43,0
DA:44,0
DA:45,0
DA:46,0
DA:47,0
DA:48,0
DA:49,0
DA:50,0
DA:52,0
DA:55,0
DA:56,0
DA:57,0
DA:58,0
DA:59,0
DA:60,0
DA:62,0
DA:84,514
DA:112,257
DA:113,257
DA:114,257
DA:115,257
DA:116,257
DA:117,257
DA:118,257
DA:119,257
DA:120,257
DA:121,257
DA:122,257
DA:123,257
DA:124,257
DA:125,257
DA:126,257
DA:127,257
DA:128,257
DA:129,257
DA:130,257
BRF:0
BRH:0
LF:59
LH:40
end_of_record
SF:D:\rust\iris-engine\geometry\src\root_finding.rs
FN:135,_RNCNvNtNtCsiZ5B0Zwt1yr_8geometry12root_finding5tests12__test_linear0B7_
FN:145,_RNCNvNtNtCsiZ5B0Zwt1yr_8geometry12root_finding5tests15__test_quadratic0B7_
FN:157,_RNCNvNtNtCsiZ5B0Zwt1yr_8geometry12root_finding5tests11__test_cubic0B7_
FN:169,_RNCNvNtNtCsiZ5B0Zwt1yr_8geometry12root_finding5tests13__test_quartic0B7_
FN:212,_RNCNvNtNtCsiZ5B0Zwt1yr_8geometry12root_finding5tests22__test_newton_quadratic0B7_
FN:216,_RNCNvNtNtCsiZ5B0Zwt1yr_8geometry12root_finding5tests22__test_newton_quadratics_0B7_
FN:222,_RNCNvNtNtCsiZ5B0Zwt1yr_8geometry12root_finding5tests18__test_newton_cubic0B7_
FN:227,_RNCNvNtNtCsiZ5B0Zwt1yr_8geometry12root_finding5tests18__test_newton_cubics_0B7_
FN:236,_RNCNvNtNtCsiZ5B0Zwt1yr_8geometry12root_finding5tests20__test_newton_quartic0B7_
FN:242,_RNCNvNtNtCsiZ5B0Zwt1yr_8geometry12root_finding5tests20__test_newton_quartics_0B7_
FN:250,_RINvNtNtCsiZ5B0Zwt1yr_8geometry12root_finding5tests18test_newton_methodNCNvB2_18__test_newton_cubic0NCB19_s_0EB6_
FN:250,_RINvNtNtCsiZ5B0Zwt1yr_8geometry12root_finding5tests18test_newton_methodNCNvB2_20__test_newton_quartic0NCB19_s_0EB6_
FN:250,_RINvNtNtCsiZ5B0Zwt1yr_8geometry12root_finding5tests18test_newton_methodNCNvB2_22__test_newton_quadratic0NCB19_s_0EB6_
FN:286,_RNCNvNtNtCsiZ5B0Zwt1yr_8geometry12root_finding5testss_22test_newton_method_log0B7_
FN:287,_RNCNvNtNtCsiZ5B0Zwt1yr_8geometry12root_finding5testss_22test_newton_method_logs_0B7_
FN:293,_RNCNvNtNtCsiZ5B0Zwt1yr_8geometry12root_finding5testss_25test_bisection_method_log0B7_
FN:132,_RNvNtNtCsiZ5B0Zwt1yr_8geometry12root_finding5tests12__test_linear
FN:142,_RNvNtNtCsiZ5B0Zwt1yr_8geometry12root_finding5tests15__test_quadratic
FN:155,_RNvNtNtCsiZ5B0Zwt1yr_8geometry12root_finding5tests11__test_cubic
FN:167,_RNvNtNtCsiZ5B0Zwt1yr_8geometry12root_finding5tests13__test_quartic
FN:210,_RNvNtNtCsiZ5B0Zwt1yr_8geometry12root_finding5tests22__test_newton_quadratic
FN:220,_RNvNtNtCsiZ5B0Zwt1yr_8geometry12root_finding5tests18__test_newton_cubic
FN:234,_RNvNtNtCsiZ5B0Zwt1yr_8geometry12root_finding5tests20__test_newton_quartic
FN:285,_RNvNtNtCsiZ5B0Zwt1yr_8geometry12root_finding5testss_22test_newton_method_log
FN:292,_RNvNtNtCsiZ5B0Zwt1yr_8geometry12root_finding5testss_25test_bisection_method_log
FN:9,_RINvNtCsiZ5B0Zwt1yr_8geometry12root_finding12roots_to_vecdEB4_
FN:9,_RINvNtCsiZ5B0Zwt1yr_8geometry12root_finding12roots_to_vecfEB4_
FN:21,_RINvNtCsiZ5B0Zwt1yr_8geometry12root_finding12solve_lineardEB4_
FN:28,_RINvNtCsiZ5B0Zwt1yr_8geometry12root_finding15solve_quadraticdEB4_
FN:28,_RINvNtCsiZ5B0Zwt1yr_8geometry12root_finding15solve_quadraticfEB4_
FN:35,_RINvNtCsiZ5B0Zwt1yr_8geometry12root_finding11solve_cubicdEB4_
FN:42,_RINvNtCsiZ5B0Zwt1yr_8geometry12root_finding13solve_quarticdEB4_
FN:47,_RINvNtCsiZ5B0Zwt1yr_8geometry12root_finding13newton_methodNCNvNtB2_5testss_22test_newton_method_log0NCBW_s_0EB4_
FN:47,_RINvNtCsiZ5B0Zwt1yr_8geometry12root_finding13newton_methodRNCNvNtB2_5tests18__test_newton_cubic0RNCBX_s_0EB4_
FN:47,_RINvNtCsiZ5B0Zwt1yr_8geometry12root_finding13newton_methodRNCNvNtB2_5tests20__test_newton_quartic0RNCBX_s_0EB4_
FN:47,_RINvNtCsiZ5B0Zwt1yr_8geometry12root_finding13newton_methodRNCNvNtB2_5tests22__test_newton_quadratic0RNCBX_s_0EB4_
FN:64,_RINvNtCsiZ5B0Zwt1yr_8geometry12root_finding12brent_methodNCNvNtB2_5testss_25test_bisection_method_log0EB4_
FNDA:272,_RNCNvNtNtCsiZ5B0Zwt1yr_8geometry12root_finding5tests12__test_linear0B7_
FNDA:336,_RNCNvNtNtCsiZ5B0Zwt1yr_8geometry12root_finding5tests15__test_quadratic0B7_
FNDA:368,_RNCNvNtNtCsiZ5B0Zwt1yr_8geometry12root_finding5tests11__test_cubic0B7_
FNDA:450,_RNCNvNtNtCsiZ5B0Zwt1yr_8geometry12root_finding5tests13__test_quartic0B7_
FNDA:33638,_RNCNvNtNtCsiZ5B0Zwt1yr_8geometry12root_finding5tests22__test_newton_quadratic0B7_
FNDA:364,_RNCNvNtNtCsiZ5B0Zwt1yr_8geometry12root_finding5tests22__test_newton_quadratics_0B7_
FNDA:41266,_RNCNvNtNtCsiZ5B0Zwt1yr_8geometry12root_finding5tests18__test_newton_cubic0B7_
FNDA:454,_RNCNvNtNtCsiZ5B0Zwt1yr_8geometry12root_finding5tests18__test_newton_cubics_0B7_
FNDA:43029,_RNCNvNtNtCsiZ5B0Zwt1yr_8geometry12root_finding5tests20__test_newton_quartic0B7_
FNDA:485,_RNCNvNtNtCsiZ5B0Zwt1yr_8geometry12root_finding5tests20__test_newton_quartics_0B7_
FNDA:272,_RINvNtNtCsiZ5B0Zwt1yr_8geometry12root_finding5tests18test_newton_methodNCNvB2_18__test_newton_cubic0NCB19_s_0EB6_
FNDA:272,_RINvNtNtCsiZ5B0Zwt1yr_8geometry12root_finding5tests18test_newton_methodNCNvB2_20__test_newton_quartic0NCB19_s_0EB6_
FNDA:272,_RINvNtNtCsiZ5B0Zwt1yr_8geometry12root_finding5tests18test_newton_methodNCNvB2_22__test_newton_quadratic0NCB19_s_0EB6_
FNDA:3,_RNCNvNtNtCsiZ5B0Zwt1yr_8geometry12root_finding5testss_22test_newton_method_log0B7_
FNDA:2,_RNCNvNtNtCsiZ5B0Zwt1yr_8geometry12root_finding5testss_22test_newton_method_logs_0B7_
FNDA:7,_RNCNvNtNtCsiZ5B0Zwt1yr_8geometry12root_finding5testss_25test_bisection_method_log0B7_
FNDA:272,_RNvNtNtCsiZ5B0Zwt1yr_8geometry12root_finding5tests12__test_linear
FNDA:272,_RNvNtNtCsiZ5B0Zwt1yr_8geometry12root_finding5tests15__test_quadratic
FNDA:272,_RNvNtNtCsiZ5B0Zwt1yr_8geometry12root_finding5tests11__test_cubic
FNDA:272,_RNvNtNtCsiZ5B0Zwt1yr_8geometry12root_finding5tests13__test_quartic
FNDA:272,_RNvNtNtCsiZ5B0Zwt1yr_8geometry12root_finding5tests22__test_newton_quadratic
FNDA:272,_RNvNtNtCsiZ5B0Zwt1yr_8geometry12root_finding5tests18__test_newton_cubic
FNDA:272,_RNvNtNtCsiZ5B0Zwt1yr_8geometry12root_finding5tests20__test_newton_quartic
FNDA:1,_RNvNtNtCsiZ5B0Zwt1yr_8geometry12root_finding5testss_22test_newton_method_log
FNDA:1,_RNvNtNtCsiZ5B0Zwt1yr_8geometry12root_finding5testss_25test_bisection_method_log
FNDA:1904,_RINvNtCsiZ5B0Zwt1yr_8geometry12root_finding12roots_to_vecdEB4_
FNDA:272,_RINvNtCsiZ5B0Zwt1yr_8geometry12root_finding12roots_to_vecfEB4_
FNDA:272,_RINvNtCsiZ5B0Zwt1yr_8geometry12root_finding12solve_lineardEB4_
FNDA:544,_RINvNtCsiZ5B0Zwt1yr_8geometry12root_finding15solve_quadraticdEB4_
FNDA:272,_RINvNtCsiZ5B0Zwt1yr_8geometry12root_finding15solve_quadraticfEB4_
FNDA:544,_RINvNtCsiZ5B0Zwt1yr_8geometry12root_finding11solve_cubicdEB4_
FNDA:544,_RINvNtCsiZ5B0Zwt1yr_8geometry12root_finding13solve_quarticdEB4_
FNDA:1,_RINvNtCsiZ5B0Zwt1yr_8geometry12root_finding13newton_methodNCNvNtB2_5testss_22test_newton_method_log0NCBW_s_0EB4_
FNDA:410,_RINvNtCsiZ5B0Zwt1yr_8geometry12root_finding13newton_methodRNCNvNtB2_5tests18__test_newton_cubic0RNCBX_s_0EB4_
FNDA:426,_RINvNtCsiZ5B0Zwt1yr_8geometry12root_finding13newton_methodRNCNvNtB2_5tests20__test_newton_quartic0RNCBX_s_0EB4_
FNDA:332,_RINvNtCsiZ5B0Zwt1yr_8geometry12root_finding13newton_methodRNCNvNtB2_5tests22__test_newton_quadratic0RNCBX_s_0EB4_
FNDA:1,_RINvNtCsiZ5B0Zwt1yr_8geometry12root_finding12brent_methodNCNvNtB2_5testss_25test_bisection_method_log0EB4_
FNF:30
FNH:30
DA:9,2176
DA:10,2176
DA:11,606
DA:12,699
DA:13,733
DA:14,117
DA:15,21
DA:17,2176
DA:21,272
DA:22,272
DA:23,272
DA:24,272
DA:28,816
DA:29,816
DA:30,816
DA:31,816
DA:35,544
DA:36,544
DA:37,544
DA:38,544
DA:42,544
DA:43,544
DA:44,544
DA:45,544
DA:47,1169
DA:48,1169
DA:49,1169
DA:50,1169
DA:51,1169
DA:52,1169
DA:53,1169
DA:54,1169
DA:55,1169
DA:56,1169
DA:57,1169
DA:58,1169
DA:59,1169
DA:60,1169
DA:61,1169
DA:62,1169
DA:63,1169
DA:64,1
DA:65,1
DA:66,1
DA:67,1
DA:68,1
DA:69,1
DA:70,1
DA:71,1
DA:72,1
DA:73,1
DA:74,1
DA:75,1
DA:76,1
DA:77,1
DA:78,1
DA:79,1
DA:80,1
DA:132,272
DA:133,272
DA:134,272
DA:135,272
DA:137,544
DA:138,272
DA:140,272
DA:142,272
DA:143,272
DA:144,272
DA:145,336
DA:146,336
DA:147,336
DA:148,336
DA:149,608
DA:150,336
DA:152,272
DA:155,272
DA:156,272
DA:157,368
DA:158,368
DA:159,368
DA:160,368
DA:161,368
DA:162,640
DA:163,368
DA:165,272
DA:167,272
DA:168,272
DA:169,450
DA:170,450
DA:171,450
DA:172,450
DA:173,450
DA:174,450
DA:175,722
DA:176,450
DA:178,272
DA:210,272
DA:211,272
DA:212,33638
DA:213,33638
DA:214,33638
DA:215,33638
DA:216,364
DA:217,272
DA:218,272
DA:220,272
DA:221,272
DA:222,41266
DA:223,41266
DA:224,41266
DA:225,41266
DA:226,41266
DA:227,454
DA:228,454
DA:229,454
DA:230,454
DA:231,272
DA:232,272
DA:234,272
DA:235,272
DA:236,43029
DA:237,43029
DA:238,43029
DA:239,43029
DA:240,43029
DA:241,43029
DA:242,485
DA:243,485
DA:244,485
DA:245,485
DA:246,485
DA:247,272
DA:248,272
DA:250,816
DA:251,816
DA:252,816
DA:253,816
DA:254,816
DA:255,816
DA:256,816
DA:257,1984
DA:258,1168
DA:259,1168
DA:260,58367
DA:261,57828
DA:262,57828
DA:263,629
DA:264,57199
DA:266,1168
DA:268,1168
DA:269,1168
DA:270,58173
DA:271,57634
DA:272,57634
DA:273,629
DA:274,57005
DA:276,1168
DA:277,1168
DA:278,1168
DA:279,1168
DA:280,1168
DA:282,816
DA:285,1
DA:286,3
DA:287,2
DA:288,1
DA:289,1
DA:290,1
DA:292,1
DA:293,7
DA:294,1
DA:295,1
DA:296,1
BRF:0
BRH:0
LF:186
LH:186
end_of_record
SF:D:\rust\iris-engine\geometry\src\shapes.rs
FN:13,_RNvMNtCsiZ5B0Zwt1yr_8geometry6shapesNtB2_8Triangle3new
FN:17,_RNvMNtCsiZ5B0Zwt1yr_8geometry6shapesNtB2_8Triangle6normal
FN:21,_RNvMNtCsiZ5B0Zwt1yr_8geometry6shapesNtB2_8Triangle18is_inside_triangle
FN:44,_RNvMs_NtCsiZ5B0Zwt1yr_8geometry6shapesNtB4_6Cuboid3new
FN:48,_RNvMs_NtCsiZ5B0Zwt1yr_8geometry6shapesNtB4_6Cuboid19is_point_on_surface
FN:57,_RNvMs_NtCsiZ5B0Zwt1yr_8geometry6shapesNtB4_6Cuboid15is_point_inside
FN:71,_RNvMs0_NtCsiZ5B0Zwt1yr_8geometry6shapesNtB5_6Sphere3new
FN:76,_RNvMs0_NtCsiZ5B0Zwt1yr_8geometry6shapesNtB5_6Sphere6normal
FN:89,_RNvMs1_NtCsiZ5B0Zwt1yr_8geometry6shapesNtB5_9Ellipsoid3new
FN:97,_RNvMs1_NtCsiZ5B0Zwt1yr_8geometry6shapesNtB5_9Ellipsoid6normal
FN:115,_RNvMs2_NtCsiZ5B0Zwt1yr_8geometry6shapesNtB5_8Cylinder3new
FN:124,_RNvMs2_NtCsiZ5B0Zwt1yr_8geometry6shapesNtB5_8Cylinder6normal
FN:147,_RNvMs3_NtCsiZ5B0Zwt1yr_8geometry6shapesNtB5_5Torus3new
FN:155,_RNvMs3_NtCsiZ5B0Zwt1yr_8geometry6shapesNtB5_5Torus6normal
FNDA:271,_RNvMNtCsiZ5B0Zwt1yr_8geometry6shapesNtB2_8Triangle3new
FNDA:307,_RNvMNtCsiZ5B0Zwt1yr_8geometry6shapesNtB2_8Triangle6normal
FNDA:159,_RNvMNtCsiZ5B0Zwt1yr_8geometry6shapesNtB2_8Triangle18is_inside_triangle
FNDA:271,_RNvMs_NtCsiZ5B0Zwt1yr_8geometry6shapesNtB4_6Cuboid3new
FNDA:202,_RNvMs_NtCsiZ5B0Zwt1yr_8geometry6shapesNtB4_6Cuboid19is_point_on_surface
FNDA:450,_RNvMs_NtCsiZ5B0Zwt1yr_8geometry6shapesNtB4_6Cuboid15is_point_inside
FNDA:271,_RNvMs0_NtCsiZ5B0Zwt1yr_8geometry6shapesNtB5_6Sphere3new
FNDA:0,_RNvMs0_NtCsiZ5B0Zwt1yr_8geometry6shapesNtB5_6Sphere6normal
FNDA:0,_RNvMs1_NtCsiZ5B0Zwt1yr_8geometry6shapesNtB5_9Ellipsoid3new
FNDA:0,_RNvMs1_NtCsiZ5B0Zwt1yr_8geometry6shapesNtB5_9Ellipsoid6normal
FNDA:0,_RNvMs2_NtCsiZ5B0Zwt1yr_8geometry6shapesNtB5_8Cylinder3new
FNDA:0,_RNvMs2_NtCsiZ5B0Zwt1yr_8geometry6shapesNtB5_8Cylinder6normal
FNDA:0,_RNvMs3_NtCsiZ5B0Zwt1yr_8geometry6shapesNtB5_5Torus3new
FNDA:0,_RNvMs3_NtCsiZ5B0Zwt1yr_8geometry6shapesNtB5_5Torus6normal
FNF:14
FNH:7
DA:13,271
DA:14,271
DA:15,271
DA:17,307
DA:18,307
DA:19,307
DA:21,159
DA:22,159
DA:23,159
DA:24,159
DA:25,159
DA:26,159
DA:27,159
DA:28,159
DA:29,159
DA:30,159
DA:31,159
DA:32,159
DA:33,159
DA:34,159
DA:44,271
DA:45,271
DA:46,271
DA:48,202
DA:49,202
DA:50,128
DA:51,92
DA:52,60
DA:53,40
DA:54,17
DA:55,202
DA:57,450
DA:58,450
DA:59,226
DA:60,124
DA:61,450
DA:71,271
DA:72,271
DA:73,271
DA:76,0
DA:77,0
DA:78,0
DA:89,0
DA:90,0
DA:91,0
DA:92,0
DA:93,0
DA:94,0
DA:97,0
DA:98,0
DA:99,0
DA:100,0
DA:101,0
DA:102,0
DA:103,0
DA:115,0
DA:116,0
DA:117,0
DA:118,0
DA:119,0
DA:120,0
DA:121,0
DA:124,0
DA:125,0
DA:126,0
DA:127,0
DA:128,0
DA:129,0
DA:130,0
DA:131,0
DA:133,0
DA:136,0
DA:147,0
DA:148,0
DA:149,0
DA:150,0
DA:151,0
DA:152,0
DA:155,0
DA:156,0
DA:157,0
DA:158,0
DA:159,0
DA:160,0
DA:161,0
DA:162,0
BRF:0
BRH:0
LF:86
LH:39
end_of_record