SF:D:\rust\iris-engine\geometry\src\frustum.rs
FN:20,_RNvXNtCsiZ5B0Zwt1yr_8geometry7frustumNtB2_7FrustumNtNtCsdN0rXTyFgib_6approx11abs_diff_eq9AbsDiffEq15default_epsilon
FN:24,_RNvXNtCsiZ5B0Zwt1yr_8geometry7frustumNtB2_7FrustumNtNtCsdN0rXTyFgib_6approx11abs_diff_eq9AbsDiffEq11abs_diff_eq
FN:35,_RNvXs_NtCsiZ5B0Zwt1yr_8geometry7frustumNtB4_7FrustumNtNtCsdN0rXTyFgib_6approx11relative_eq10RelativeEq20default_max_relative
FN:39,_RNvXs_NtCsiZ5B0Zwt1yr_8geometry7frustumNtB4_7FrustumNtNtCsdN0rXTyFgib_6approx11relative_eq10RelativeEq11relative_eq
FN:170,_RNvMs1_NtCsiZ5B0Zwt1yr_8geometry7frustumNtB5_18PerspectiveFrustum26matrix_infinite_reverse_lh
FN:174,_RNvMs1_NtCsiZ5B0Zwt1yr_8geometry7frustumNtB5_18PerspectiveFrustum26matrix_infinite_reverse_rh
FN:178,_RNvMs1_NtCsiZ5B0Zwt1yr_8geometry7frustumNtB5_18PerspectiveFrustum26matrix_infinite_reverse_gl
FN:498,_RNvNtNtCsiZ5B0Zwt1yr_8geometry7frustum5tests42__test_perspective_infinite_reverse_frustum
FN:56,_RNvMs0_NtCsiZ5B0Zwt1yr_8geometry7frustumNtB5_7Frustum3new
FN:75,_RNvMs0_NtCsiZ5B0Zwt1yr_8geometry7frustumNtB5_7Frustum14from_matrix_gl
FN:97,_RNvMs0_NtCsiZ5B0Zwt1yr_8geometry7frustumNtB5_7Frustum11from_matrix
FN:130,_RNvMs1_NtCsiZ5B0Zwt1yr_8geometry7frustumNtB5_18PerspectiveFrustum3new
FN:140,_RNvMs1_NtCsiZ5B0Zwt1yr_8geometry7frustumNtB5_18PerspectiveFrustum9matrix_lh
FN:144,_RNvMs1_NtCsiZ5B0Zwt1yr_8geometry7frustumNtB5_18PerspectiveFrustum9matrix_rh
FN:148,_RNvMs1_NtCsiZ5B0Zwt1yr_8geometry7frustumNtB5_18PerspectiveFrustum9matrix_gl
FN:152,_RNvMs1_NtCsiZ5B0Zwt1yr_8geometry7frustumNtB5_18PerspectiveFrustum18matrix_infinite_lh
FN:156,_RNvMs1_NtCsiZ5B0Zwt1yr_8geometry7frustumNtB5_18PerspectiveFrustum18matrix_infinite_rh
FN:160,_RNvMs1_NtCsiZ5B0Zwt1yr_8geometry7frustumNtB5_18PerspectiveFrustum18matrix_infinite_gl
FN:188,_RNvMs1_NtCsiZ5B0Zwt1yr_8geometry7frustumNtB5_18PerspectiveFrustum14focal_distance
FN:192,_RNvMs1_NtCsiZ5B0Zwt1yr_8geometry7frustumNtB5_18PerspectiveFrustum7frustum
FN:227,_RNvNtCsiZ5B0Zwt1yr_8geometry7frustum22clip_projection_matrix
FN:263,_RNvMs2_NtCsiZ5B0Zwt1yr_8geometry7frustumNtB5_19OrthographicFrustum3new
FN:273,_RNvMs2_NtCsiZ5B0Zwt1yr_8geometry7frustumNtB5_19OrthographicFrustum9matrix_lh
FN:287,_RNvMs2_NtCsiZ5B0Zwt1yr_8geometry7frustumNtB5_19OrthographicFrustum9matrix_rh
FN:301,_RNvMs2_NtCsiZ5B0Zwt1yr_8geometry7frustumNtB5_19OrthographicFrustum9matrix_gl
FN:316,_RNvMs2_NtCsiZ5B0Zwt1yr_8geometry7frustumNtB5_19OrthographicFrustum7frustum
FN:359,_RNvNtNtCsiZ5B0Zwt1yr_8geometry7frustum5tests24projection_type_strategy
FN:409,_RNvNtNtCsiZ5B0Zwt1yr_8geometry7frustum5tests26__test_orthographic_frustum
FN:440,_RNvNtNtCsiZ5B0Zwt1yr_8geometry7frustum5tests25__test_perspective_frustum
FN:470,_RNvNtNtCsiZ5B0Zwt1yr_8geometry7frustum5tests34__test_perspective_infinite_frustum
FN:527,_RNvNtNtCsiZ5B0Zwt1yr_8geometry7frustum5testss_24test_near_plane_clipping
FNDA:0,_RNvXNtCsiZ5B0Zwt1yr_8geometry7frustumNtB2_7FrustumNtNtCsdN0rXTyFgib_6approx11abs_diff_eq9AbsDiffEq15default_epsilon
FNDA:0,_RNvXNtCsiZ5B0Zwt1yr_8geometry7frustumNtB2_7FrustumNtNtCsdN0rXTyFgib_6approx11abs_diff_eq9AbsDiffEq11abs_diff_eq
FNDA:0,_RNvXs_NtCsiZ5B0Zwt1yr_8geometry7frustumNtB4_7FrustumNtNtCsdN0rXTyFgib_6approx11relative_eq10RelativeEq20default_max_relative
FNDA:0,_RNvXs_NtCsiZ5B0Zwt1yr_8geometry7frustumNtB4_7FrustumNtNtCsdN0rXTyFgib_6approx11relative_eq10RelativeEq11relative_eq
FNDA:0,_RNvMs1_NtCsiZ5B0Zwt1yr_8geometry7frustumNtB5_18PerspectiveFrustum26matrix_infinite_reverse_lh
FNDA:0,_RNvMs1_NtCsiZ5B0Zwt1yr_8geometry7frustumNtB5_18PerspectiveFrustum26matrix_infinite_reverse_rh
FNDA:0,_RNvMs1_NtCsiZ5B0Zwt1yr_8geometry7frustumNtB5_18PerspectiveFrustum26matrix_infinite_reverse_gl
FNDA:0,_RNvNtNtCsiZ5B0Zwt1yr_8geometry7frustum5tests42__test_perspective_infinite_reverse_frustum
FNDA:258,_RNvMs0_NtCsiZ5B0Zwt1yr_8geometry7frustumNtB5_7Frustum3new
FNDA:333,_RNvMs0_NtCsiZ5B0Zwt1yr_8geometry7frustumNtB5_7Frustum14from_matrix_gl
FNDA:702,_RNvMs0_NtCsiZ5B0Zwt1yr_8geometry7frustumNtB5_7Frustum11from_matrix
FNDA:777,_RNvMs1_NtCsiZ5B0Zwt1yr_8geometry7frustumNtB5_18PerspectiveFrustum3new
FNDA:96,_RNvMs1_NtCsiZ5B0Zwt1yr_8geometry7frustumNtB5_18PerspectiveFrustum9matrix_lh
FNDA:74,_RNvMs1_NtCsiZ5B0Zwt1yr_8geometry7frustumNtB5_18PerspectiveFrustum9matrix_rh
FNDA:88,_RNvMs1_NtCsiZ5B0Zwt1yr_8geometry7frustumNtB5_18PerspectiveFrustum9matrix_gl
FNDA:170,_RNvMs1_NtCsiZ5B0Zwt1yr_8geometry7frustumNtB5_18PerspectiveFrustum18matrix_infinite_lh
FNDA:182,_RNvMs1_NtCsiZ5B0Zwt1yr_8geometry7frustumNtB5_18PerspectiveFrustum18matrix_infinite_rh
FNDA:167,_RNvMs1_NtCsiZ5B0Zwt1yr_8geometry7frustumNtB5_18PerspectiveFrustum18matrix_infinite_gl
FNDA:776,_RNvMs1_NtCsiZ5B0Zwt1yr_8geometry7frustumNtB5_18PerspectiveFrustum14focal_distance
FNDA:776,_RNvMs1_NtCsiZ5B0Zwt1yr_8geometry7frustumNtB5_18PerspectiveFrustum7frustum
FNDA:1,_RNvNtCsiZ5B0Zwt1yr_8geometry7frustum22clip_projection_matrix
FNDA:258,_RNvMs2_NtCsiZ5B0Zwt1yr_8geometry7frustumNtB5_19OrthographicFrustum3new
FNDA:81,_RNvMs2_NtCsiZ5B0Zwt1yr_8geometry7frustumNtB5_19OrthographicFrustum9matrix_lh
FNDA:98,_RNvMs2_NtCsiZ5B0Zwt1yr_8geometry7frustumNtB5_19OrthographicFrustum9matrix_rh
FNDA:79,_RNvMs2_NtCsiZ5B0Zwt1yr_8geometry7frustumNtB5_19OrthographicFrustum9matrix_gl
FNDA:258,_RNvMs2_NtCsiZ5B0Zwt1yr_8geometry7frustumNtB5_19OrthographicFrustum7frustum
FNDA:4,_RNvNtNtCsiZ5B0Zwt1yr_8geometry7frustum5tests24projection_type_strategy
FNDA:258,_RNvNtNtCsiZ5B0Zwt1yr_8geometry7frustum5tests26__test_orthographic_frustum
FNDA:258,_RNvNtNtCsiZ5B0Zwt1yr_8geometry7frustum5tests25__test_perspective_frustum
FNDA:518,_RNvNtNtCsiZ5B0Zwt1yr_8geometry7frustum5tests34__test_perspective_infinite_frustum
FNDA:1,_RNvNtNtCsiZ5B0Zwt1yr_8geometry7frustum5testss_24test_near_plane_clipping
FNF:31
FNH:23
DA:20,0
DA:21,0
DA:22,0
DA:24,0
DA:25,0
DA:26,0
DA:27,0
DA:28,0
DA:29,0
DA:30,0
DA:31,0
DA:35,0
DA:36,0
DA:37,0
DA:39,0
DA:40,0
DA:41,0
DA:42,0
DA:43,0
DA:44,0
DA:45,0
DA:46,0
DA:47,0
DA:48,0
DA:49,0
DA:50,0
DA:51,0
DA:56,258
DA:57,258
DA:58,258
DA:59,258
DA:60,258
DA:61,258
DA:62,258
DA:63,258
DA:64,258
DA:65,258
DA:66,258
DA:67,258
DA:68,258
DA:69,258
DA:70,258
DA:71,258
DA:72,258
DA:75,333
DA:76,333
DA:77,333
DA:78,333
DA:79,333
DA:80,333
DA:81,333
DA:82,333
DA:83,333
DA:84,333
DA:85,333
DA:86,333
DA:87,333
DA:88,333
DA:89,333
DA:90,333
DA:91,333
DA:92,333
DA:93,333
DA:94,333
DA:95,333
DA:97,702
DA:98,702
DA:99,702
DA:100,702
DA:101,702
DA:102,702
DA:103,702
DA:104,702
DA:105,702
DA:106,702
DA:107,702
DA:108,702
DA:109,702
DA:110,702
DA:111,702
DA:112,702
DA:113,702
DA:114,702
DA:115,702
DA:116,702
DA:117,702
DA:130,777
DA:131,777
DA:132,777
DA:133,777
DA:134,777
DA:135,777
DA:136,777
DA:137,777
DA:140,96
DA:141,96
DA:142,96
DA:144,74
DA:145,74
DA:146,74
DA:148,88
DA:149,88
DA:150,88
DA:152,170
DA:153,170
DA:154,170
DA:156,182
DA:157,182
DA:158,182
DA:160,167
DA:161,167
DA:162,167
DA:163,167
DA:164,167
DA:165,167
DA:166,167
DA:167,167
DA:168,167
DA:170,0
DA:171,0
DA:172,0
DA:174,0
DA:175,0
DA:176,0
DA:178,0
DA:179,0
DA:180,0
DA:181,0
DA:182,0
DA:183,0
DA:184,0
DA:185,0
DA:186,0
DA:188,776
DA:189,776
DA:190,776
DA:192,776
DA:193,776
DA:194,776
DA:195,776
DA:196,776
DA:197,776
DA:198,776
DA:199,776
DA:200,776
DA:201,776
DA:202,776
DA:203,776
DA:204,776
DA:205,776
DA:206,776
DA:207,776
DA:208,776
DA:209,776
DA:210,776
DA:211,776
DA:212,776
DA:213,776
DA:214,776
DA:215,776
DA:216,776
DA:217,776
DA:218,776
DA:219,776
DA:220,776
DA:221,776
DA:222,776
DA:223,776
DA:227,1
DA:228,1
DA:229,1
DA:230,1
DA:231,1
DA:232,1
DA:233,1
DA:234,1
DA:235,1
DA:236,1
DA:237,1
DA:238,1
DA:239,1
DA:240,1
DA:241,1
DA:242,1
DA:243,1
DA:244,1
DA:245,1
DA:246,1
DA:247,1
DA:248,1
DA:249,1
DA:250,1
DA:251,1
DA:263,258
DA:264,258
DA:265,258
DA:266,258
DA:267,258
DA:268,258
DA:269,258
DA:270,258
DA:273,81
DA:274,81
DA:275,81
DA:276,81
DA:277,81
DA:278,81
DA:279,81
DA:280,81
DA:281,81
DA:282,81
DA:283,81
DA:284,81
DA:285,81
DA:287,98
DA:288,98
DA:289,98
DA:290,98
DA:291,98
DA:292,98
DA:293,98
DA:294,98
DA:295,98
DA:296,98
DA:297,98
DA:298,98
DA:299,98
DA:301,79
DA:302,79
DA:303,79
DA:304,79
DA:305,79
DA:306,79
DA:307,79
DA:308,79
DA:309,79
DA:310,79
DA:311,79
DA:312,79
DA:313,79
DA:316,258
DA:317,258
DA:318,258
DA:319,258
DA:320,258
DA:321,258
DA:322,258
DA:323,258
DA:324,258
DA:325,258
DA:326,258
DA:328,258
DA:329,258
DA:330,258
DA:331,258
DA:332,258
DA:333,258
DA:334,258
DA:335,258
DA:336,258
DA:337,258
DA:359,4
DA:360,4
DA:361,4
DA:362,4
DA:363,4
DA:364,4
DA:365,4
DA:409,258
DA:410,258
DA:411,258
DA:412,258
DA:413,258
DA:414,258
DA:415,258
DA:416,258
DA:417,258
DA:418,81
DA:419,98
DA:420,79
DA:423,258
DA:424,258
DA:425,258
DA:426,258
DA:427,258
DA:428,258
DA:429,258
DA:430,258
DA:431,258
DA:432,258
DA:433,258
DA:434,258
DA:435,258
DA:436,258
DA:437,258
DA:438,258
DA:439,258
DA:440,258
DA:441,258
DA:442,258
DA:443,258
DA:444,258
DA:445,258
DA:446,258
DA:447,258
DA:448,258
DA:449,96
DA:450,74
DA:451,88
DA:453,258
DA:454,258
DA:455,258
DA:456,258
DA:457,258
DA:458,258
DA:459,258
DA:460,258
DA:461,258
DA:462,258
DA:463,258
DA:464,258
DA:465,258
DA:466,258
DA:467,258
DA:468,258
DA:470,518
DA:471,518
DA:472,518
DA:473,518
DA:474,518
DA:475,518
DA:476,518
DA:477,518
DA:478,170
DA:479,182
DA:480,166
DA:482,518
DA:483,518
DA:484,518
DA:485,518
DA:486,518
DA:487,518
DA:488,518
DA:489,518
DA:490,518
DA:491,518
DA:492,518
DA:493,518
DA:494,518
DA:495,518
DA:496,518
DA:498,0
DA:499,0
DA:500,0
DA:501,0
DA:502,0
DA:503,0
DA:504,0
DA:505,0
DA:506,0
DA:507,0
DA:508,0
DA:510,0
DA:511,0
DA:512,0
DA:513,0
DA:514,0
DA:515,0
DA:516,0
DA:517,0
DA:518,0
DA:519,0
DA:520,0
DA:521,0
DA:522,0
DA:523,0
DA:524,0
DA:527,1
DA:528,1
DA:529,1
DA:530,1
DA:531,1
DA:532,1
DA:533,1
DA:534,1
DA:535,1
DA:536,1
DA:537,1
DA:538,1
DA:539,1
DA:540,1
BRF:0
BRH:0
LF:391
LH:323
end_of_record
SF:D:\rust\iris-engine\geometry\src\intersections.rs
FN:97,_RNvMNtCsiZ5B0Zwt1yr_8geometry13intersectionsNtNtB4_4line3Ray19intersect_ellipsoid
FN:124,_RNCNvMNtCsiZ5B0Zwt1yr_8geometry13intersectionsNtNtB6_4line3Ray19intersect_ellipsoid0B6_
FN:133,_RNvMNtCsiZ5B0Zwt1yr_8geometry13intersectionsNtNtB4_4line3Ray18intersect_cylinder
FN:153,_RNCNvMNtCsiZ5B0Zwt1yr_8geometry13intersectionsNtNtB6_4line3Ray18intersect_cylinder0B6_
FN:165,_RNvMNtCsiZ5B0Zwt1yr_8geometry13intersectionsNtNtB4_4line3Ray15intersect_torus
FN:199,_RNCNvMNtCsiZ5B0Zwt1yr_8geometry13intersectionsNtNtB6_4line3Ray15intersect_torus0B6_
FN:229,_RNCNvNtNtCsiZ5B0Zwt1yr_8geometry13intersections5tests10any_normals_0B7_
FN:13,_RNvMNtCsiZ5B0Zwt1yr_8geometry13intersectionsNtNtB4_4line3Ray15intersect_plane
FN:33,_RNvMNtCsiZ5B0Zwt1yr_8geometry13intersectionsNtNtB4_4line3Ray18intersect_triangle
FN:47,_RNvMNtCsiZ5B0Zwt1yr_8geometry13intersectionsNtNtB4_4line3Ray16intersect_cuboid
FN:81,_RNvMNtCsiZ5B0Zwt1yr_8geometry13intersectionsNtNtB4_4line3Ray16intersect_sphere
FN:294,_RNvNtNtCsiZ5B0Zwt1yr_8geometry13intersections5tests21__test_intersect_plane
FN:303,_RNvNtNtCsiZ5B0Zwt1yr_8geometry13intersections5tests24__test_intersect_triangle
FN:314,_RNvNtNtCsiZ5B0Zwt1yr_8geometry13intersections5tests22__test_intersect_cuboid
FN:321,_RNvNtNtCsiZ5B0Zwt1yr_8geometry13intersections5tests22__test_intersect_sphere
FNDA:0,_RNvMNtCsiZ5B0Zwt1yr_8geometry13intersectionsNtNtB4_4line3Ray19intersect_ellipsoid
FNDA:0,_RNCNvMNtCsiZ5B0Zwt1yr_8geometry13intersectionsNtNtB6_4line3Ray19intersect_ellipsoid0B6_
FNDA:0,_RNvMNtCsiZ5B0Zwt1yr_8geometry13intersectionsNtNtB4_4line3Ray18intersect_cylinder
FNDA:0,_RNCNvMNtCsiZ5B0Zwt1yr_8geometry13intersectionsNtNtB6_4line3Ray18intersect_cylinder0B6_
FNDA:0,_RNvMNtCsiZ5B0Zwt1yr_8geometry13intersectionsNtNtB4_4line3Ray15intersect_torus
FNDA:0,_RNCNvMNtCsiZ5B0Zwt1yr_8geometry13intersectionsNtNtB6_4line3Ray15intersect_torus0B6_
FNDA:1320,_RNCNvNtNtCsiZ5B0Zwt1yr_8geometry13intersections5tests10any_normals_0B7_
FNDA:1223,_RNvMNtCsiZ5B0Zwt1yr_8geometry13intersectionsNtNtB4_4line3Ray15intersect_plane
FNDA:275,_RNvMNtCsiZ5B0Zwt1yr_8geometry13intersectionsNtNtB4_4line3Ray18intersect_triangle
FNDA:264,_RNvMNtCsiZ5B0Zwt1yr_8geometry13intersectionsNtNtB4_4line3Ray16intersect_cuboid
FNDA:278,_RNvMNtCsiZ5B0Zwt1yr_8geometry13intersectionsNtNtB4_4line3Ray16intersect_sphere
FNDA:264,_RNvNtNtCsiZ5B0Zwt1yr_8geometry13intersections5tests21__test_intersect_plane
FNDA:264,_RNvNtNtCsiZ5B0Zwt1yr_8geometry13intersections5tests24__test_intersect_triangle
FNDA:264,_RNvNtNtCsiZ5B0Zwt1yr_8geometry13intersections5tests22__test_intersect_cuboid
FNDA:264,_RNvNtNtCsiZ5B0Zwt1yr_8geometry13intersections5tests22__test_intersect_sphere
FNF:15
FNH:9
DA:13,1223
DA:14,1223
DA:15,1223
DA:16,1223
DA:17,1223
DA:19,1
DA:21,1222
DA:22,1222
DA:23,1222
DA:24,1222
DA:25,476
DA:26,476
DA:28,746
DA:31,1223
DA:33,275
DA:34,275
DA:35,275
DA:37,275
DA:39,129
DA:40,11
DA:41,118
DA:42,146
DA:43,264
DA:44,275
DA:47,264
DA:48,264
DA:49,264
DA:50,264
DA:51,264
DA:52,264
DA:53,264
DA:54,264
DA:55,264
DA:56,120
DA:57,144
DA:58,144
DA:59,144
DA:60,264
DA:61,134
DA:62,134
DA:63,130
DA:64,130
DA:65,264
DA:66,135
DA:67,135
DA:68,129
DA:69,129
DA:70,614
DA:71,548
DA:72,211
DA:73,198
DA:74,13
DA:75,337
DA:78,66
DA:79,264
DA:81,278
DA:82,278
DA:83,278
DA:84,278
DA:85,278
DA:86,278
DA:87,278
DA:88,278
DA:89,278
DA:90,86
DA:91,72
DA:92,14
DA:93,14
DA:94,278
DA:97,0
DA:98,0
DA:99,0
DA:100,0
DA:101,0
DA:102,0
DA:103,0
DA:104,0
DA:105,0
DA:106,0
DA:107,0
DA:108,0
DA:109,0
DA:110,0
DA:111,0
DA:112,0
DA:113,0
DA:114,0
DA:115,0
DA:116,0
DA:117,0
DA:118,0
DA:119,0
DA:120,0
DA:121,0
DA:122,0
DA:123,0
DA:124,0
DA:125,0
DA:127,0
DA:128,0
DA:133,0
DA:134,0
DA:135,0
DA:136,0
DA:137,0
DA:138,0
DA:139,0
DA:140,0
DA:141,0
DA:142,0
DA:143,0
DA:144,0
DA:145,0
DA:146,0
DA:147,0
DA:148,0
DA:149,0
DA:150,0
DA:151,0
DA:152,0
DA:153,0
DA:154,0
DA:155,0
DA:156,0
DA:157,0
DA:158,0
DA:159,0
DA:160,0
DA:165,0
DA:166,0
DA:167,0
DA:168,0
DA:169,0
DA:170,0
DA:171,0
DA:172,0
DA:173,0
DA:174,0
DA:175,0
DA:176,0
DA:177,0
DA:178,0
DA:179,0
DA:180,0
DA:181,0
DA:182,0
DA:183,0
DA:184,0
DA:185,0
DA:186,0
DA:187,0
DA:188,0
DA:189,0
DA:190,0
DA:191,0
DA:192,0
DA:193,0
DA:194,0
DA:195,0
DA:196,0
DA:197,0
DA:198,0
DA:199,0
DA:200,0
DA:201,0
DA:202,0
DA:229,1320
DA:294,264
DA:295,264
DA:296,136
DA:297,136
DA:298,136
DA:299,136
DA:300,136
DA:301,128
DA:302,264
DA:303,264
DA:304,264
DA:305,11
DA:306,11
DA:307,11
DA:308,11
DA:309,11
DA:310,11
DA:311,11
DA:312,253
DA:313,264
DA:314,264
DA:315,264
DA:316,198
DA:317,198
DA:318,198
DA:319,66
DA:320,264
DA:321,264
DA:322,264
DA:323,14
DA:324,14
DA:326,14
DA:327,14
DA:328,14
DA:329,250
DA:330,264
BRF:0
BRH:0
LF:206
LH:106
end_of_record
SF:D:\rust\iris-engine\geometry\src\lib.rs
FN:18,_RNvCsiZ5B0Zwt1yr_8geometry7refract
FN:12,_RNvCsiZ5B0Zwt1yr_8geometry7reflect
FN:61,_RNvNtCsiZ5B0Zwt1yr_8geometry5tests13__test_reflect
FNDA:0,_RNvCsiZ5B0Zwt1yr_8geometry7refract
FNDA:257,_RNvCsiZ5B0Zwt1yr_8geometry7reflect
FNDA:257,_RNvNtCsiZ5B0Zwt1yr_8geometry5tests13__test_reflect
FNF:3
FNH:2
DA:12,257
DA:13,257
DA:14,257
DA:18,0
DA:19,0
DA:20,0
DA:21,0
DA:22,0
DA:23,0
DA:61,257
DA:62,257
DA:63,257
DA:64,257
DA:65,257
DA:66,257
BRF:0
BRH:0
LF:15
LH:9
end_of_record
SF:D:\rust\iris-engine\geometry\src\line.rs
FN:84,_RNCNvNtNtCsiZ5B0Zwt1yr_8geometry4line5tests10any_normals_0B7_
FN:111,_RNvNtNtCsiZ5B0Zwt1yr_8geometry4line5tests19__test_closest_point
FN:120,_RNvNtNtCsiZ5B0Zwt1yr_8geometry4line5tests23__test_distance_to_point
FN:40,_RNvMNtCsiZ5B0Zwt1yr_8geometry4lineNtB2_3Ray16distance_to_line
FN:11,_RNvMNtCsiZ5B0Zwt1yr_8geometry4lineNtB2_3Ray3new
FN:19,_RNvMNtCsiZ5B0Zwt1yr_8geometry4lineNtB2_3Ray5point
FN:24,_RNvMNtCsiZ5B0Zwt1yr_8geometry4lineNtB2_3Ray17distance_to_point
FN:30,_RNvMNtCsiZ5B0Zwt1yr_8geometry4lineNtB2_3Ray16closest_point_to
FN:35,_RNvMNtCsiZ5B0Zwt1yr_8geometry4lineNtB2_3Ray12closest_t_to
FNDA:522,_RNCNvNtNtCsiZ5B0Zwt1yr_8geometry4line5tests10any_normals_0B7_
FNDA:261,_RNvNtNtCsiZ5B0Zwt1yr_8geometry4line5tests19__test_closest_point
FNDA:261,_RNvNtNtCsiZ5B0Zwt1yr_8geometry4line5tests23__test_distance_to_point
FNDA:0,_RNvMNtCsiZ5B0Zwt1yr_8geometry4lineNtB2_3Ray16distance_to_line
FNDA:2011,_RNvMNtCsiZ5B0Zwt1yr_8geometry4lineNtB2_3Ray3new
FNDA:1534,_RNvMNtCsiZ5B0Zwt1yr_8geometry4lineNtB2_3Ray5point
FNDA:620,_RNvMNtCsiZ5B0Zwt1yr_8geometry4lineNtB2_3Ray17distance_to_point
FNDA:261,_RNvMNtCsiZ5B0Zwt1yr_8geometry4lineNtB2_3Ray16closest_point_to
FNDA:522,_RNvMNtCsiZ5B0Zwt1yr_8geometry4lineNtB2_3Ray12closest_t_to
FNF:9
FNH:8
DA:11,2011
DA:12,2011
DA:13,2011
DA:14,2011
DA:15,2011
DA:16,2011
DA:19,1534
DA:20,1534
DA:21,1534
DA:24,620
DA:25,620
DA:26,620
DA:27,620
DA:30,261
DA:31,261
DA:32,261
DA:33,261
DA:35,522
DA:36,522
DA:37,522
DA:40,0
DA:41,0
DA:42,0
DA:43,0
DA:44,0
DA:45,0
DA:46,0
DA:47,0
DA:48,0
DA:49,0
DA:50,0
DA:52,0
DA:55,0
DA:56,0
DA:57,0
DA:58,0
DA:59,0
DA:60,0
DA:62,0
DA:84,522
DA:111,261
DA:112,261
DA:113,261
DA:114,261
DA:115,261
DA:116,261
DA:117,261
DA:118,261
DA:119,261
DA:120,261
DA:121,261
DA:122,261
DA:123,261
DA:124,261
DA:125,261
DA:126,261
DA:127,261
DA:128,261
DA:129,261
BRF:0
BRH:0
LF:59
LH:40
end_of_record
SF:D:\rust\iris-engine\geometry\src\plane.rs
FN:19,_RNvXNtCsiZ5B0Zwt1yr_8geometry5planeNtB2_5PlaneNtNtCsdN0rXTyFgib_6approx11abs_diff_eq9AbsDiffEq11abs_diff_eq
FN:75,_RNvMs0_NtCsiZ5B0Zwt1yr_8geometry5planeNtB5_5Plane11is_on_plane
FN:127,_RNCNvNtNtCsiZ5B0Zwt1yr_8geometry5plane5tests10any_normals_0B7_
FN:160,_RNvNtNtCsiZ5B0Zwt1yr_8geometry5plane5tests23__test_distance_to_point
FN:166,_RNvNtNtCsiZ5B0Zwt1yr_8geometry5plane5tests28__test_intersect_three_planes
FN:173,_RNvNtNtCsiZ5B0Zwt1yr_8geometry5plane5tests26__test_intersect_two_planes
FN:15,_RNvXNtCsiZ5B0Zwt1yr_8geometry5planeNtB2_5PlaneNtNtCsdN0rXTyFgib_6approx11abs_diff_eq9AbsDiffEq15default_epsilon
FN:26,_RNvXs_NtCsiZ5B0Zwt1yr_8geometry5planeNtB4_5PlaneNtNtCsdN0rXTyFgib_6approx11relative_eq10RelativeEq20default_max_relative
FN:30,_RNvXs_NtCsiZ5B0Zwt1yr_8geometry5planeNtB4_5PlaneNtNtCsdN0rXTyFgib_6approx11relative_eq10RelativeEq11relative_eq
FN:46,_RNvMs0_NtCsiZ5B0Zwt1yr_8geometry5planeNtB5_5Plane3new
FN:54,_RNvMs0_NtCsiZ5B0Zwt1yr_8geometry5planeNtB5_5Plane9from_vec4
FN:65,_RNvMs0_NtCsiZ5B0Zwt1yr_8geometry5planeNtB5_5Plane11homogeneous
FN:69,_RNvMs0_NtCsiZ5B0Zwt1yr_8geometry5planeNtB5_5Plane24signed_distance_to_point
FN:80,_RNvMs0_NtCsiZ5B0Zwt1yr_8geometry5planeNtB5_5Plane24intersection_with_planes
FN:93,_RNvMs0_NtCsiZ5B0Zwt1yr_8geometry5planeNtB5_5Plane23intersection_with_plane
FN:100,_RNCNvMs0_NtCsiZ5B0Zwt1yr_8geometry5planeNtB7_5Plane23intersection_with_plane0B9_
FNDA:0,_RNvXNtCsiZ5B0Zwt1yr_8geometry5planeNtB2_5PlaneNtNtCsdN0rXTyFgib_6approx11abs_diff_eq9AbsDiffEq11abs_diff_eq
FNDA:0,_RNvMs0_NtCsiZ5B0Zwt1yr_8geometry5planeNtB5_5Plane11is_on_plane
FNDA:1360,_RNCNvNtNtCsiZ5B0Zwt1yr_8geometry5plane5tests10any_normals_0B7_
FNDA:272,_RNvNtNtCsiZ5B0Zwt1yr_8geometry5plane5tests23__test_distance_to_point
FNDA:272,_RNvNtNtCsiZ5B0Zwt1yr_8geometry5plane5tests28__test_intersect_three_planes
FNDA:272,_RNvNtNtCsiZ5B0Zwt1yr_8geometry5plane5tests26__test_intersect_two_planes
FNDA:5687,_RNvXNtCsiZ5B0Zwt1yr_8geometry5planeNtB2_5PlaneNtNtCsdN0rXTyFgib_6approx11abs_diff_eq9AbsDiffEq15default_epsilon
FNDA:5687,_RNvXs_NtCsiZ5B0Zwt1yr_8geometry5planeNtB4_5PlaneNtNtCsdN0rXTyFgib_6approx11relative_eq10RelativeEq20default_max_relative
FNDA:5687,_RNvXs_NtCsiZ5B0Zwt1yr_8geometry5planeNtB4_5PlaneNtNtCsdN0rXTyFgib_6approx11relative_eq10RelativeEq11relative_eq
FNDA:9970,_RNvMs0_NtCsiZ5B0Zwt1yr_8geometry5planeNtB5_5Plane3new
FNDA:6211,_RNvMs0_NtCsiZ5B0Zwt1yr_8geometry5planeNtB5_5Plane9from_vec4
FNDA:3532,_RNvMs0_NtCsiZ5B0Zwt1yr_8geometry5planeNtB5_5Plane11homogeneous
FNDA:2308,_RNvMs0_NtCsiZ5B0Zwt1yr_8geometry5planeNtB5_5Plane24signed_distance_to_point
FNDA:544,_RNvMs0_NtCsiZ5B0Zwt1yr_8geometry5planeNtB5_5Plane24intersection_with_planes
FNDA:272,_RNvMs0_NtCsiZ5B0Zwt1yr_8geometry5planeNtB5_5Plane23intersection_with_plane
FNDA:272,_RNCNvMs0_NtCsiZ5B0Zwt1yr_8geometry5planeNtB7_5Plane23intersection_with_plane0B9_
FNF:16
FNH:14
DA:15,5687
DA:16,5687
DA:17,5687
DA:19,0
DA:20,0
DA:21,0
DA:22,0
DA:26,5687
DA:27,5687
DA:28,5687
DA:30,5687
DA:31,5687
DA:32,5687
DA:33,5687
DA:34,5687
DA:35,5687
DA:36,5687
DA:37,5687
DA:38,5687
DA:39,5687
DA:40,5687
DA:41,5687
DA:46,9970
DA:47,9970
DA:48,9970
DA:49,9970
DA:50,9970
DA:51,9970
DA:52,9970
DA:54,6211
DA:55,6211
DA:56,6211
DA:57,6211
DA:58,6211
DA:59,6211
DA:60,6211
DA:61,6211
DA:62,6211
DA:65,3532
DA:66,3532
DA:67,3532
DA:69,2308
DA:70,2308
DA:71,2308
DA:72,2308
DA:73,2308
DA:75,0
DA:76,0
DA:77,0
DA:80,544
DA:81,544
DA:82,544
DA:83,544
DA:84,544
DA:85,544
DA:86,5
DA:88,539
DA:89,539
DA:91,544
DA:93,272
DA:94,272
DA:95,272
DA:96,272
DA:97,272
DA:98,272
DA:99,272
DA:100,272
DA:101,272
DA:127,1360
DA:160,272
DA:161,272
DA:162,272
DA:163,272
DA:164,272
DA:166,272
DA:167,272
DA:168,267
DA:169,267
DA:170,267
DA:171,5
DA:172,272
DA:173,272
DA:174,272
DA:175,272
DA:176,272
DA:177,272
DA:178,272
DA:179,272
DA:180,0
DA:181,272
BRF:0
BRH:0
LF:91
LH:83
end_of_record
SF:D:\rust\iris-engine\geometry\src\root_finding.rs
FN:116,_RNCNvNtNtCsiZ5B0Zwt1yr_8geometry12root_finding5tests12__test_linear0B7_
FN:126,_RNCNvNtNtCsiZ5B0Zwt1yr_8geometry12root_finding5tests15__test_quadratic0B7_
FN:138,_RNCNvNtNtCsiZ5B0Zwt1yr_8geometry12root_finding5tests11__test_cubic0B7_
FN:150,_RNCNvNtNtCsiZ5B0Zwt1yr_8geometry12root_finding5tests13__test_quartic0B7_
FN:162,_RNCNvNtNtCsiZ5B0Zwt1yr_8geometry12root_finding5testss_18test_newton_method0B7_
FN:163,_RNCNvNtNtCsiZ5B0Zwt1yr_8geometry12root_finding5testss_18test_newton_methods_0B7_
FN:169,_RNCNvNtNtCsiZ5B0Zwt1yr_8geometry12root_finding5testss_34test_newton_method_with_derivative0B7_
FN:113,_RNvNtNtCsiZ5B0Zwt1yr_8geometry12root_finding5tests12__test_linear
FN:123,_RNvNtNtCsiZ5B0Zwt1yr_8geometry12root_finding5tests15__test_quadratic
FN:136,_RNvNtNtCsiZ5B0Zwt1yr_8geometry12root_finding5tests11__test_cubic
FN:148,_RNvNtNtCsiZ5B0Zwt1yr_8geometry12root_finding5tests13__test_quartic
FN:161,_RNvNtNtCsiZ5B0Zwt1yr_8geometry12root_finding5testss_18test_newton_method
FN:168,_RNvNtNtCsiZ5B0Zwt1yr_8geometry12root_finding5testss_34test_newton_method_with_derivative
FN:5,_RINvNtCsiZ5B0Zwt1yr_8geometry12root_finding12roots_to_vecdEB4_
FN:5,_RINvNtCsiZ5B0Zwt1yr_8geometry12root_finding12roots_to_vecfEB4_
FN:17,_RINvNtCsiZ5B0Zwt1yr_8geometry12root_finding12solve_lineardEB4_
FN:24,_RINvNtCsiZ5B0Zwt1yr_8geometry12root_finding15solve_quadraticdEB4_
FN:24,_RINvNtCsiZ5B0Zwt1yr_8geometry12root_finding15solve_quadraticfEB4_
FN:31,_RINvNtCsiZ5B0Zwt1yr_8geometry12root_finding11solve_cubicdEB4_
FN:38,_RINvNtCsiZ5B0Zwt1yr_8geometry12root_finding13solve_quarticdEB4_
FN:43,_RINvNtCsiZ5B0Zwt1yr_8geometry12root_finding29newton_method_with_derivativeNCNvNtB2_5testss_18test_newton_method0NCB1c_s_0EB4_
FN:55,_RINvNtCsiZ5B0Zwt1yr_8geometry12root_finding13newton_methodNCNvNtB2_5testss_34test_newton_method_with_derivative0EB4_
FNDA:263,_RNCNvNtNtCsiZ5B0Zwt1yr_8geometry12root_finding5tests12__test_linear0B7_
FNDA:322,_RNCNvNtNtCsiZ5B0Zwt1yr_8geometry12root_finding5tests15__test_quadratic0B7_
FNDA:391,_RNCNvNtNtCsiZ5B0Zwt1yr_8geometry12root_finding5tests11__test_cubic0B7_
FNDA:408,_RNCNvNtNtCsiZ5B0Zwt1yr_8geometry12root_finding5tests13__test_quartic0B7_
FNDA:21,_RNCNvNtNtCsiZ5B0Zwt1yr_8geometry12root_finding5testss_18test_newton_method0B7_
FNDA:20,_RNCNvNtNtCsiZ5B0Zwt1yr_8geometry12root_finding5testss_18test_newton_methods_0B7_
FNDA:61,_RNCNvNtNtCsiZ5B0Zwt1yr_8geometry12root_finding5testss_34test_newton_method_with_derivative0B7_
FNDA:263,_RNvNtNtCsiZ5B0Zwt1yr_8geometry12root_finding5tests12__test_linear
FNDA:263,_RNvNtNtCsiZ5B0Zwt1yr_8geometry12root_finding5tests15__test_quadratic
FNDA:263,_RNvNtNtCsiZ5B0Zwt1yr_8geometry12root_finding5tests11__test_cubic
FNDA:263,_RNvNtNtCsiZ5B0Zwt1yr_8geometry12root_finding5tests13__test_quartic
FNDA:1,_RNvNtNtCsiZ5B0Zwt1yr_8geometry12root_finding5testss_18test_newton_method
FNDA:1,_RNvNtNtCsiZ5B0Zwt1yr_8geometry12root_finding5testss_34test_newton_method_with_derivative
FNDA:1052,_RINvNtCsiZ5B0Zwt1yr_8geometry12root_finding12roots_to_vecdEB4_
FNDA:278,_RINvNtCsiZ5B0Zwt1yr_8geometry12root_finding12roots_to_vecfEB4_
FNDA:263,_RINvNtCsiZ5B0Zwt1yr_8geometry12root_finding12solve_lineardEB4_
FNDA:263,_RINvNtCsiZ5B0Zwt1yr_8geometry12root_finding15solve_quadraticdEB4_
FNDA:278,_RINvNtCsiZ5B0Zwt1yr_8geometry12root_finding15solve_quadraticfEB4_
FNDA:263,_RINvNtCsiZ5B0Zwt1yr_8geometry12root_finding11solve_cubicdEB4_
FNDA:263,_RINvNtCsiZ5B0Zwt1yr_8geometry12root_finding13solve_quarticdEB4_
FNDA:1,_RINvNtCsiZ5B0Zwt1yr_8geometry12root_finding29newton_method_with_derivativeNCNvNtB2_5testss_18test_newton_method0NCB1c_s_0EB4_
FNDA:1,_RINvNtCsiZ5B0Zwt1yr_8geometry12root_finding13newton_methodNCNvNtB2_5testss_34test_newton_method_with_derivative0EB4_
FNF:20
FNH:20
DA:5,1330
DA:6,1330
DA:7,362
DA:8,462
DA:9,433
DA:10,64
DA:11,9
DA:13,1330
DA:17,263
DA:18,263
DA:19,263
DA:20,263
DA:24,541
DA:25,541
DA:26,541
DA:27,541
DA:31,263
DA:32,263
DA:33,263
DA:34,263
DA:38,263
DA:39,263
DA:40,263
DA:41,263
DA:43,1
DA:44,1
DA:45,1
DA:46,1
DA:47,1
DA:48,1
DA:49,1
DA:50,20
DA:51,20
DA:52,20
DA:53,1
DA:54,1
DA:55,1
DA:56,1
DA:57,1
DA:58,20
DA:59,20
DA:60,20
DA:61,20
DA:62,1
DA:63,1
DA:113,263
DA:114,263
DA:115,263
DA:116,263
DA:118,526
DA:119,263
DA:121,263
DA:123,263
DA:124,263
DA:125,263
DA:126,322
DA:127,322
DA:128,322
DA:129,322
DA:130,585
DA:131,322
DA:133,263
DA:136,263
DA:137,263
DA:138,391
DA:139,391
DA:140,391
DA:141,391
DA:142,391
DA:143,654
DA:144,391
DA:146,263
DA:148,263
DA:149,263
DA:150,408
DA:151,408
DA:152,408
DA:153,408
DA:154,408
DA:155,408
DA:156,671
DA:157,408
DA:159,263
DA:161,1
DA:162,21
DA:163,20
DA:164,1
DA:165,1
DA:166,1
DA:168,1
DA:169,61
DA:170,1
DA:171,1
DA:172,1
BRF:0
BRH:0
LF:101
LH:101
end_of_record
SF:D:\rust\iris-engine\geometry\src\shapes.rs
FN:76,_RNvMs0_NtCsiZ5B0Zwt1yr_8geometry6shapesNtB5_6Sphere6normal
FN:89,_RNvMs1_NtCsiZ5B0Zwt1yr_8geometry6shapesNtB5_9Ellipsoid3new
FN:97,_RNvMs1_NtCsiZ5B0Zwt1yr_8geometry6shapesNtB5_9Ellipsoid6normal
FN:115,_RNvMs2_NtCsiZ5B0Zwt1yr_8geometry6shapesNtB5_8Cylinder3new
FN:124,_RNvMs2_NtCsiZ5B0Zwt1yr_8geometry6shapesNtB5_8Cylinder6normal
FN:147,_RNvMs3_NtCsiZ5B0Zwt1yr_8geometry6shapesNtB5_5Torus3new
FN:155,_RNvMs3_NtCsiZ5B0Zwt1yr_8geometry6shapesNtB5_5Torus6normal
FN:13,_RNvMNtCsiZ5B0Zwt1yr_8geometry6shapesNtB2_8Triangle3new
FN:17,_RNvMNtCsiZ5B0Zwt1yr_8geometry6shapesNtB2_8Triangle6normal
FN:21,_RNvMNtCsiZ5B0Zwt1yr_8geometry6shapesNtB2_8Triangle18is_inside_triangle
FN:44,_RNvMs_NtCsiZ5B0Zwt1yr_8geometry6shapesNtB4_6Cuboid3new
FN:48,_RNvMs_NtCsiZ5B0Zwt1yr_8geometry6shapesNtB4_6Cuboid19is_point_on_surface
FN:57,_RNvMs_NtCsiZ5B0Zwt1yr_8geometry6shapesNtB4_6Cuboid15is_point_inside
FN:71,_RNvMs0_NtCsiZ5B0Zwt1yr_8geometry6shapesNtB5_6Sphere3new
FNDA:0,_RNvMs0_NtCsiZ5B0Zwt1yr_8geometry6shapesNtB5_6Sphere6normal
FNDA:0,_RNvMs1_NtCsiZ5B0Zwt1yr_8geometry6shapesNtB5_9Ellipsoid3new
FNDA:0,_RNvMs1_NtCsiZ5B0Zwt1yr_8geometry6shapesNtB5_9Ellipsoid6normal
FNDA:0,_RNvMs2_NtCsiZ5B0Zwt1yr_8geometry6shapesNtB5_8Cylinder3new
FNDA:0,_RNvMs2_NtCsiZ5B0Zwt1yr_8geometry6shapesNtB5_8Cylinder6normal
FNDA:0,_RNvMs3_NtCsiZ5B0Zwt1yr_8geometry6shapesNtB5_5Torus3new
FNDA:0,_RNvMs3_NtCsiZ5B0Zwt1yr_8geometry6shapesNtB5_5Torus6normal
FNDA:264,_RNvMNtCsiZ5B0Zwt1yr_8geometry6shapesNtB2_8Triangle3new
FNDA:286,_RNvMNtCsiZ5B0Zwt1yr_8geometry6shapesNtB2_8Triangle6normal
FNDA:140,_RNvMNtCsiZ5B0Zwt1yr_8geometry6shapesNtB2_8Triangle18is_inside_triangle
FNDA:264,_RNvMs_NtCsiZ5B0Zwt1yr_8geometry6shapesNtB4_6Cuboid3new
FNDA:198,_RNvMs_NtCsiZ5B0Zwt1yr_8geometry6shapesNtB4_6Cuboid19is_point_on_surface
FNDA:409,_RNvMs_NtCsiZ5B0Zwt1yr_8geometry6shapesNtB4_6Cuboid15is_point_inside
FNDA:264,_RNvMs0_NtCsiZ5B0Zwt1yr_8geometry6shapesNtB5_6Sphere3new
FNF:14
FNH:7
DA:13,264
DA:14,264
DA:15,264
DA:17,286
DA:18,286
DA:19,286
DA:21,140
DA:22,140
DA:23,140
DA:24,140
DA:25,140
DA:26,140
DA:27,140
DA:28,140
DA:29,140
DA:30,140
DA:31,140
DA:32,140
DA:33,140
DA:34,140
DA:44,264
DA:45,264
DA:46,264
DA:48,198
DA:49,198
DA:50,142
DA:51,105
DA:52,67
DA:53,47
DA:54,17
DA:55,198
DA:57,409
DA:58,409
DA:59,195
DA:60,81
DA:61,409
DA:71,264
DA:72,264
DA:73,264
DA:76,0
DA:77,0
DA:78,0
DA:89,0
DA:90,0
DA:91,0
DA:92,0
DA:93,0
DA:94,0
DA:97,0
DA:98,0
DA:99,0
DA:100,0
DA:101,0
DA:102,0
DA:103,0
DA:115,0
DA:116,0
DA:117,0
DA:118,0
DA:119,0
DA:120,0
DA:121,0
DA:124,0
DA:125,0
DA:126,0
DA:127,0
DA:128,0
DA:129,0
DA:130,0
DA:131,0
DA:133,0
DA:136,0
DA:147,0
DA:148,0
DA:149,0
DA:150,0
DA:151,0
DA:152,0
DA:155,0
DA:156,0
DA:157,0
DA:158,0
DA:159,0
DA:160,0
DA:161,0
DA:162,0
BRF:0
BRH:0
LF:86
LH:39
end_of_record