TN:
SF:D:\rust\iris-engine\geometry\src\frustum.rs
FNF:0
DA:18,0
DA:37,216172782113783809
DA:38,216172782113783809
DA:39,216172782113783809
DA:40,216172782113783809
DA:41,216172782113783809
DA:42,216172782113783809
DA:43,216172782113783809
DA:44,216172782113783809
DA:45,216172782113783809
DA:46,216172782113783809
DA:47,216172782113783809
DA:59,792633534417207297
DA:60,792633534417207297
DA:61,792633534417207297
DA:62,792633534417207297
DA:63,792633534417207297
DA:64,792633534417207297
DA:65,792633534417207297
DA:66,792633534417207297
DA:67,792633534417207297
DA:68,792633534417207297
DA:69,792633534417207297
DA:92,792633534417207298
DA:102,6269010681299730434
DA:103,6269010681299730434
DA:106,6052837899185946624
DA:107,6052837899185946624
DA:110,6413125869375586304
DA:111,6413125869375586304
DA:114,5836665117072162816
DA:115,5836665117072162816
DA:118,6701356245527298048
DA:119,6701356245527298048
DA:122,6413125869375586304
DA:123,6413125869375586304
DA:125,6413125869375586304
DA:126,6413125869375586304
DA:127,6413125869375586304
DA:128,6413125869375586304
DA:132,0
DA:133,0
DA:136,0
DA:137,0
DA:140,0
DA:141,0
DA:144,0
DA:145,0
DA:146,0
DA:147,0
DA:151,720575940379279360
DA:152,720575940379279360
DA:157,72057594037927938
DA:158,72057594037927938
DA:159,72057594037927938
DA:161,72057594037927938
DA:164,72057594037927938
DA:165,72057594037927938
DA:170,72057594037927938
DA:171,72057594037927938
DA:173,72057594037927938
DA:174,72057594037927938
DA:176,72057594037927938
DA:177,72057594037927938
DA:178,72057594037927938
DA:179,72057594037927938
DA:180,72057594037927938
DA:193,216172782113783808
DA:203,6196953087261802497
DA:204,6196953087261802497
DA:205,6196953087261802497
DA:208,6196953087261802497
DA:209,6196953087261802497
DA:210,6196953087261802497
DA:211,6196953087261802497
DA:212,6196953087261802497
DA:213,6196953087261802497
DA:217,6557241057451442176
DA:218,6557241057451442176
DA:219,6557241057451442176
DA:222,6557241057451442176
DA:223,6557241057451442176
DA:224,6557241057451442176
DA:225,6557241057451442176
DA:226,6557241057451442176
DA:227,6557241057451442176
DA:231,5908722711110090752
DA:232,5908722711110090752
DA:233,5908722711110090752
DA:236,5908722711110090752
DA:237,5908722711110090752
DA:238,5908722711110090752
DA:239,5908722711110090752
DA:240,5908722711110090752
DA:241,5908722711110090752
LF:95
LH:84
end_of_record
TN:
SF:D:\rust\iris-engine\geometry\src\intersections.rs
FNF:0
DA:13,0
DA:14,0
DA:15,0
DA:16,0
DA:17,0
DA:19,0
DA:21,0
DA:22,0
DA:23,0
DA:24,0
DA:25,0
DA:26,0
DA:28,0
DA:33,0
DA:34,0
DA:35,0
DA:37,0
DA:39,0
DA:40,0
DA:41,0
DA:42,0
DA:44,0
DA:45,0
DA:47,0
DA:48,0
DA:49,0
DA:50,0
DA:53,0
DA:57,0
DA:58,0
DA:59,0
DA:60,0
DA:62,0
DA:63,0
DA:64,0
DA:65,0
DA:66,0
DA:68,0
DA:69,0
DA:73,0
DA:74,0
DA:75,0
DA:77,0
DA:78,0
DA:80,0
DA:81,0
DA:84,0
DA:85,0
DA:87,0
DA:88,0
DA:92,0
DA:93,0
DA:94,0
DA:96,0
DA:97,0
DA:100,0
DA:101,0
DA:104,0
DA:105,0
DA:107,0
DA:108,0
DA:110,0
DA:111,0
DA:113,0
DA:117,0
DA:118,0
DA:119,0
DA:120,0
DA:121,0
DA:122,0
DA:123,0
DA:124,0
DA:125,0
DA:127,0
DA:128,0
DA:130,0
DA:134,0
DA:135,0
DA:136,0
DA:137,0
DA:138,0
DA:139,0
DA:140,0
DA:142,0
DA:143,0
DA:144,0
DA:145,0
DA:146,0
DA:147,0
DA:149,0
DA:150,0
DA:151,0
DA:152,0
DA:154,0
DA:155,0
DA:156,0
DA:158,0
DA:159,0
DA:160,0
DA:161,0
DA:163,0
DA:164,0
DA:166,0
DA:172,0
DA:173,0
DA:174,0
DA:175,0
DA:176,0
DA:177,0
DA:178,0
DA:179,0
DA:181,0
DA:182,0
DA:183,0
DA:184,0
DA:186,0
DA:187,0
DA:188,0
DA:189,0
DA:190,0
DA:191,0
DA:192,0
DA:194,0
DA:195,0
DA:197,0
DA:198,0
DA:199,0
DA:201,0
DA:207,0
DA:208,0
DA:209,0
DA:210,0
DA:211,0
DA:212,0
DA:214,0
DA:215,0
DA:216,0
DA:218,0
DA:220,0
DA:221,0
DA:222,0
DA:223,0
DA:224,0
DA:225,0
DA:226,0
DA:227,0
DA:229,0
DA:230,0
DA:231,0
DA:232,0
DA:233,0
DA:234,0
DA:235,0
DA:236,0
DA:237,0
DA:238,0
DA:239,0
DA:240,0
DA:242,0
DA:243,0
DA:244,0
DA:246,0
DA:247,0
DA:248,0
DA:250,0
DA:251,0
DA:252,0
DA:254,0
DA:255,0
DA:256,0
DA:257,0
DA:258,0
DA:260,0
DA:263,0
DA:265,0
LF:175
LH:0
end_of_record
TN:
SF:D:\rust\iris-engine\geometry\src\lib.rs
FNF:0
DA:12,0
DA:13,0
DA:18,0
DA:19,0
DA:20,0
DA:21,0
DA:22,0
LF:7
LH:0
end_of_record
TN:
SF:D:\rust\iris-engine\geometry\src\line.rs
FNF:0
DA:11,0
DA:15,0
DA:16,0
DA:20,0
DA:21,0
DA:22,0
DA:23,0
DA:24,0
DA:28,0
DA:29,0
DA:30,0
DA:31,0
DA:35,0
DA:36,0
DA:37,0
DA:38,0
DA:39,0
DA:41,0
DA:42,0
DA:44,0
DA:45,0
DA:47,0
DA:50,0
DA:51,0
DA:52,0
DA:53,0
DA:55,0
LF:27
LH:0
end_of_record
TN:
SF:D:\rust\iris-engine\geometry\src\plane.rs
FNF:0
DA:47,5188146770730811403
DA:48,5188146770730811403
DA:50,5188146770730811403
DA:55,6124895493223874577
DA:56,6124895493223874577
DA:57,6124895493223874577
DA:58,6124895493223874577
DA:61,6124895493223874577
DA:66,72057594037927954
DA:67,72057594037927954
DA:70,0
DA:71,0
DA:72,0
DA:73,0
DA:77,0
DA:78,0
DA:79,0
DA:80,0
DA:81,0
DA:83,0
DA:85,0
DA:86,0
DA:87,0
DA:88,0
DA:89,0
DA:93,0
DA:95,0
DA:96,0
DA:97,0
DA:98,0
DA:99,0
DA:101,0
DA:102,0
DA:106,0
DA:107,0
DA:109,0
DA:112,0
DA:113,0
LF:38
LH:10
end_of_record
TN:
SF:D:\rust\iris-engine\geometry\src\root_finding.rs
FNF:0
DA:14,0
DA:15,0
DA:16,0
DA:17,0
DA:18,0
DA:19,0
DA:21,0
DA:22,0
DA:23,0
DA:24,0
DA:27,0
DA:28,0
DA:29,0
DA:42,0
DA:44,0
DA:45,0
DA:46,0
DA:48,0
DA:49,0
DA:50,0
DA:52,0
DA:53,0
DA:54,0
DA:55,0
DA:56,0
DA:57,0
DA:58,0
DA:59,0
DA:60,0
DA:62,0
DA:63,0
DA:64,0
DA:65,0
DA:66,0
DA:67,0
DA:68,0
DA:69,0
DA:70,0
DA:72,0
DA:73,0
DA:74,0
DA:75,0
DA:76,0
DA:78,0
DA:94,0
DA:96,0
DA:97,0
DA:98,0
DA:99,0
DA:101,0
DA:102,0
DA:103,0
DA:104,0
DA:106,0
DA:107,0
DA:108,0
DA:109,0
DA:110,0
DA:112,0
DA:113,0
DA:114,0
DA:115,0
DA:117,0
DA:118,0
DA:119,0
DA:121,0
DA:122,0
DA:123,0
DA:125,0
DA:126,0
DA:127,0
DA:130,0
DA:131,0
DA:132,0
DA:134,0
DA:135,0
DA:136,0
DA:139,0
DA:140,0
DA:141,0
DA:143,0
DA:144,0
DA:145,0
DA:147,0
DA:148,0
DA:149,0
DA:152,0
DA:153,0
DA:155,0
DA:156,0
DA:157,0
DA:160,0
DA:161,0
DA:166,72057594037927936
DA:172,72057594037927936
DA:173,1513209474796486656
DA:174,1441151880758558720
DA:176,72057594037927936
DA:178,72057594037927936
DA:180,72057594037927936
DA:181,1513209474796486656
DA:182,1441151880758558720
DA:183,1441151880758558720
DA:185,72057594037927936
LF:104
LH:11
end_of_record
TN:
SF:D:\rust\iris-engine\geometry\src\shapes.rs
FNF:0
DA:12,0
DA:16,0
DA:17,0
DA:29,0
DA:41,0
DA:46,0
DA:47,0
DA:59,0
DA:67,0
DA:69,0
DA:70,0
DA:71,0
DA:85,0
DA:94,0
DA:96,0
DA:97,0
DA:98,0
DA:99,0
DA:100,0
DA:101,0
DA:103,0
DA:117,0
DA:125,0
DA:126,0
DA:128,0
DA:129,0
DA:130,0
LF:27
LH:0
end_of_record
