SF:D:\rust\iris-engine\geometry\src\frustum.rs
FN:18,_RNvMNtCsiZ5B0Zwt1yr_8geometry7frustumNtB2_7Frustum3new
FN:37,_RNvMNtCsiZ5B0Zwt1yr_8geometry7frustumNtB2_7Frustum14from_matrix_gl
FN:62,_RNvMNtCsiZ5B0Zwt1yr_8geometry7frustumNtB2_7Frustum11from_matrix
FN:98,_RNvMs_NtCsiZ5B0Zwt1yr_8geometry7frustumNtB4_18PerspectiveFrustum3new
FN:108,_RNvMs_NtCsiZ5B0Zwt1yr_8geometry7frustumNtB4_18PerspectiveFrustum9matrix_lh
FN:112,_RNvMs_NtCsiZ5B0Zwt1yr_8geometry7frustumNtB4_18PerspectiveFrustum9matrix_rh
FN:116,_RNvMs_NtCsiZ5B0Zwt1yr_8geometry7frustumNtB4_18PerspectiveFrustum9matrix_gl
FN:120,_RNvMs_NtCsiZ5B0Zwt1yr_8geometry7frustumNtB4_18PerspectiveFrustum18matrix_infinite_lh
FN:124,_RNvMs_NtCsiZ5B0Zwt1yr_8geometry7frustumNtB4_18PerspectiveFrustum18matrix_infinite_rh
FN:128,_RNvMs_NtCsiZ5B0Zwt1yr_8geometry7frustumNtB4_18PerspectiveFrustum18matrix_infinite_gl
FN:138,_RNvMs_NtCsiZ5B0Zwt1yr_8geometry7frustumNtB4_18PerspectiveFrustum26matrix_infinite_reverse_lh
FN:142,_RNvMs_NtCsiZ5B0Zwt1yr_8geometry7frustumNtB4_18PerspectiveFrustum26matrix_infinite_reverse_rh
FN:146,_RNvMs_NtCsiZ5B0Zwt1yr_8geometry7frustumNtB4_18PerspectiveFrustum26matrix_infinite_reverse_gl
FN:156,_RNvMs_NtCsiZ5B0Zwt1yr_8geometry7frustumNtB4_18PerspectiveFrustum14focal_distance
FN:161,_RNvMs_NtCsiZ5B0Zwt1yr_8geometry7frustumNtB4_18PerspectiveFrustum7frustum
FN:197,_RNvNtCsiZ5B0Zwt1yr_8geometry7frustum22clip_projection_matrix
FN:233,_RNvMs0_NtCsiZ5B0Zwt1yr_8geometry7frustumNtB5_19OrthographicFrustum3new
FN:243,_RNvMs0_NtCsiZ5B0Zwt1yr_8geometry7frustumNtB5_19OrthographicFrustum9matrix_lh
FN:257,_RNvMs0_NtCsiZ5B0Zwt1yr_8geometry7frustumNtB5_19OrthographicFrustum9matrix_rh
FN:271,_RNvMs0_NtCsiZ5B0Zwt1yr_8geometry7frustumNtB5_19OrthographicFrustum9matrix_gl
FN:286,_RNvMs0_NtCsiZ5B0Zwt1yr_8geometry7frustumNtB5_19OrthographicFrustum7frustum
FN:329,_RNvNtNtCsiZ5B0Zwt1yr_8geometry7frustum5tests24projection_type_strategy
FN:379,_RNvNtNtCsiZ5B0Zwt1yr_8geometry7frustum5tests26__test_orthographic_frustum
FN:410,_RNvNtNtCsiZ5B0Zwt1yr_8geometry7frustum5tests25__test_perspective_frustum
FN:440,_RNvNtNtCsiZ5B0Zwt1yr_8geometry7frustum5tests34__test_perspective_infinite_frustum
FN:468,_RNvNtNtCsiZ5B0Zwt1yr_8geometry7frustum5tests42__test_perspective_infinite_reverse_frustum
FN:503,_RNvNtNtCsiZ5B0Zwt1yr_8geometry7frustum5testss_24test_near_plane_clipping
FNDA:258,_RNvMNtCsiZ5B0Zwt1yr_8geometry7frustumNtB2_7Frustum3new
FNDA:344,_RNvMNtCsiZ5B0Zwt1yr_8geometry7frustumNtB2_7Frustum14from_matrix_gl
FNDA:691,_RNvMNtCsiZ5B0Zwt1yr_8geometry7frustumNtB2_7Frustum11from_matrix
FNDA:777,_RNvMs_NtCsiZ5B0Zwt1yr_8geometry7frustumNtB4_18PerspectiveFrustum3new
FNDA:80,_RNvMs_NtCsiZ5B0Zwt1yr_8geometry7frustumNtB4_18PerspectiveFrustum9matrix_lh
FNDA:92,_RNvMs_NtCsiZ5B0Zwt1yr_8geometry7frustumNtB4_18PerspectiveFrustum9matrix_rh
FNDA:86,_RNvMs_NtCsiZ5B0Zwt1yr_8geometry7frustumNtB4_18PerspectiveFrustum9matrix_gl
FNDA:93,_RNvMs_NtCsiZ5B0Zwt1yr_8geometry7frustumNtB4_18PerspectiveFrustum18matrix_infinite_lh
FNDA:73,_RNvMs_NtCsiZ5B0Zwt1yr_8geometry7frustumNtB4_18PerspectiveFrustum18matrix_infinite_rh
FNDA:94,_RNvMs_NtCsiZ5B0Zwt1yr_8geometry7frustumNtB4_18PerspectiveFrustum18matrix_infinite_gl
FNDA:81,_RNvMs_NtCsiZ5B0Zwt1yr_8geometry7frustumNtB4_18PerspectiveFrustum26matrix_infinite_reverse_lh
FNDA:102,_RNvMs_NtCsiZ5B0Zwt1yr_8geometry7frustumNtB4_18PerspectiveFrustum26matrix_infinite_reverse_rh
FNDA:76,_RNvMs_NtCsiZ5B0Zwt1yr_8geometry7frustumNtB4_18PerspectiveFrustum26matrix_infinite_reverse_gl
FNDA:776,_RNvMs_NtCsiZ5B0Zwt1yr_8geometry7frustumNtB4_18PerspectiveFrustum14focal_distance
FNDA:776,_RNvMs_NtCsiZ5B0Zwt1yr_8geometry7frustumNtB4_18PerspectiveFrustum7frustum
FNDA:1,_RNvNtCsiZ5B0Zwt1yr_8geometry7frustum22clip_projection_matrix
FNDA:258,_RNvMs0_NtCsiZ5B0Zwt1yr_8geometry7frustumNtB5_19OrthographicFrustum3new
FNDA:85,_RNvMs0_NtCsiZ5B0Zwt1yr_8geometry7frustumNtB5_19OrthographicFrustum9matrix_lh
FNDA:84,_RNvMs0_NtCsiZ5B0Zwt1yr_8geometry7frustumNtB5_19OrthographicFrustum9matrix_rh
FNDA:89,_RNvMs0_NtCsiZ5B0Zwt1yr_8geometry7frustumNtB5_19OrthographicFrustum9matrix_gl
FNDA:258,_RNvMs0_NtCsiZ5B0Zwt1yr_8geometry7frustumNtB5_19OrthographicFrustum7frustum
FNDA:4,_RNvNtNtCsiZ5B0Zwt1yr_8geometry7frustum5tests24projection_type_strategy
FNDA:258,_RNvNtNtCsiZ5B0Zwt1yr_8geometry7frustum5tests26__test_orthographic_frustum
FNDA:258,_RNvNtNtCsiZ5B0Zwt1yr_8geometry7frustum5tests25__test_perspective_frustum
FNDA:259,_RNvNtNtCsiZ5B0Zwt1yr_8geometry7frustum5tests34__test_perspective_infinite_frustum
FNDA:259,_RNvNtNtCsiZ5B0Zwt1yr_8geometry7frustum5tests42__test_perspective_infinite_reverse_frustum
FNDA:1,_RNvNtNtCsiZ5B0Zwt1yr_8geometry7frustum5testss_24test_near_plane_clipping
FNF:27
FNH:27
DA:18,258
DA:19,258
DA:20,258
DA:21,258
DA:22,258
DA:23,258
DA:24,258
DA:25,258
DA:26,258
DA:27,258
DA:28,258
DA:29,258
DA:30,258
DA:31,258
DA:32,258
DA:33,258
DA:34,258
DA:37,344
DA:38,344
DA:39,344
DA:40,344
DA:41,344
DA:42,76
DA:43,268
DA:44,344
DA:45,344
DA:46,344
DA:47,344
DA:48,344
DA:49,344
DA:50,344
DA:51,344
DA:52,344
DA:53,344
DA:54,344
DA:55,344
DA:56,344
DA:57,344
DA:58,344
DA:59,344
DA:60,344
DA:62,691
DA:63,691
DA:64,691
DA:65,691
DA:66,691
DA:67,183
DA:68,508
DA:69,691
DA:70,691
DA:71,691
DA:72,691
DA:73,691
DA:74,691
DA:75,691
DA:76,691
DA:77,691
DA:78,691
DA:79,691
DA:80,691
DA:81,691
DA:82,691
DA:83,691
DA:84,691
DA:85,691
DA:98,777
DA:99,777
DA:100,777
DA:101,777
DA:102,777
DA:103,777
DA:104,777
DA:105,777
DA:108,80
DA:109,80
DA:110,80
DA:112,92
DA:113,92
DA:114,92
DA:116,86
DA:117,86
DA:118,86
DA:120,93
DA:121,93
DA:122,93
DA:124,73
DA:125,73
DA:126,73
DA:128,94
DA:129,94
DA:130,94
DA:131,94
DA:132,94
DA:133,94
DA:134,94
DA:135,94
DA:136,94
DA:138,81
DA:139,81
DA:140,81
DA:142,102
DA:143,102
DA:144,102
DA:146,76
DA:147,76
DA:148,76
DA:149,76
DA:150,76
DA:151,76
DA:152,76
DA:153,76
DA:154,76
DA:156,776
DA:157,776
DA:158,776
DA:161,776
DA:162,776
DA:163,776
DA:164,776
DA:165,776
DA:166,776
DA:167,776
DA:168,776
DA:169,776
DA:170,776
DA:171,776
DA:172,776
DA:173,776
DA:174,776
DA:175,776
DA:176,776
DA:177,776
DA:178,776
DA:179,776
DA:180,776
DA:181,776
DA:182,776
DA:183,776
DA:184,776
DA:185,776
DA:186,776
DA:187,776
DA:188,776
DA:189,776
DA:190,776
DA:191,776
DA:192,776
DA:193,776
DA:197,1
DA:198,1
DA:199,1
DA:200,1
DA:201,1
DA:202,1
DA:203,1
DA:204,1
DA:205,1
DA:206,1
DA:207,1
DA:208,1
DA:209,1
DA:210,1
DA:211,1
DA:212,1
DA:213,1
DA:214,1
DA:215,1
DA:216,1
DA:217,1
DA:218,1
DA:219,1
DA:220,1
DA:221,1
DA:233,258
DA:234,258
DA:235,258
DA:236,258
DA:237,258
DA:238,258
DA:239,258
DA:240,258
DA:243,85
DA:244,85
DA:245,85
DA:246,85
DA:247,85
DA:248,85
DA:249,85
DA:250,85
DA:251,85
DA:252,85
DA:253,85
DA:254,85
DA:255,85
DA:257,84
DA:258,84
DA:259,84
DA:260,84
DA:261,84
DA:262,84
DA:263,84
DA:264,84
DA:265,84
DA:266,84
DA:267,84
DA:268,84
DA:269,84
DA:271,89
DA:272,89
DA:273,89
DA:274,89
DA:275,89
DA:276,89
DA:277,89
DA:278,89
DA:279,89
DA:280,89
DA:281,89
DA:282,89
DA:283,89
DA:286,258
DA:287,258
DA:288,258
DA:289,258
DA:290,258
DA:291,258
DA:292,258
DA:293,258
DA:294,258
DA:295,258
DA:296,258
DA:298,258
DA:299,258
DA:300,258
DA:301,258
DA:302,258
DA:303,258
DA:304,258
DA:305,258
DA:306,258
DA:307,258
DA:329,4
DA:330,4
DA:331,4
DA:332,4
DA:333,4
DA:334,4
DA:335,4
DA:379,258
DA:380,258
DA:381,258
DA:382,258
DA:383,258
DA:384,258
DA:385,258
DA:386,258
DA:387,258
DA:388,85
DA:389,84
DA:390,89
DA:393,258
DA:394,258
DA:395,258
DA:396,258
DA:397,258
DA:398,258
DA:399,258
DA:400,258
DA:401,258
DA:402,258
DA:403,258
DA:404,258
DA:405,258
DA:406,258
DA:407,258
DA:408,258
DA:409,258
DA:410,258
DA:411,258
DA:412,258
DA:413,258
DA:414,258
DA:415,258
DA:416,258
DA:417,258
DA:418,258
DA:419,80
DA:420,92
DA:421,86
DA:423,258
DA:424,258
DA:425,258
DA:426,258
DA:427,258
DA:428,258
DA:429,258
DA:430,258
DA:431,258
DA:432,258
DA:433,258
DA:434,258
DA:435,258
DA:436,258
DA:437,258
DA:438,258
DA:440,259
DA:441,259
DA:442,259
DA:443,259
DA:444,259
DA:445,259
DA:446,259
DA:447,259
DA:448,93
DA:449,73
DA:450,93
DA:452,259
DA:453,259
DA:454,259
DA:455,259
DA:456,259
DA:457,259
DA:458,259
DA:459,259
DA:460,259
DA:461,259
DA:462,259
DA:463,259
DA:464,259
DA:465,259
DA:466,259
DA:468,259
DA:469,259
DA:470,259
DA:471,259
DA:472,259
DA:473,259
DA:474,259
DA:475,259
DA:477,81
DA:480,102
DA:483,76
DA:486,259
DA:487,259
DA:488,259
DA:489,259
DA:490,259
DA:491,259
DA:492,259
DA:493,259
DA:494,259
DA:495,259
DA:496,259
DA:497,259
DA:498,259
DA:499,259
DA:500,259
DA:503,1
DA:504,1
DA:505,1
DA:506,1
DA:507,1
DA:508,1
DA:509,1
DA:510,1
DA:511,1
DA:512,1
DA:513,1
DA:514,1
DA:515,1
DA:516,1
BRF:0
BRH:0
LF:371
LH:371
end_of_record
SF:D:\rust\iris-engine\geometry\src\intersections.rs
FN:190,_RNCNvNtNtCsiZ5B0Zwt1yr_8geometry13intersections5tests10any_normals_0B7_
FN:125,_RNCNvMNtCsiZ5B0Zwt1yr_8geometry13intersectionsNtNtB6_3ray3Ray19intersect_ellipsoid0B6_
FN:154,_RNCNvMNtCsiZ5B0Zwt1yr_8geometry13intersectionsNtNtB6_3ray3Ray18intersect_cylinder0B6_
FN:269,_RNvNtNtCsiZ5B0Zwt1yr_8geometry13intersections5tests21__test_intersect_plane
FN:278,_RNvNtNtCsiZ5B0Zwt1yr_8geometry13intersections5tests24__test_intersect_triangle
FN:289,_RNvNtNtCsiZ5B0Zwt1yr_8geometry13intersections5tests22__test_intersect_cuboid
FN:296,_RNvNtNtCsiZ5B0Zwt1yr_8geometry13intersections5tests22__test_intersect_sphere
FN:307,_RNvNtNtCsiZ5B0Zwt1yr_8geometry13intersections5tests23__test_intersect_ellipse
FN:314,_RNvNtNtCsiZ5B0Zwt1yr_8geometry13intersections5tests24__test_intersect_cylinder
FN:13,_RNvMNtCsiZ5B0Zwt1yr_8geometry13intersectionsNtNtB4_3ray3Ray15intersect_plane
FN:33,_RNvMNtCsiZ5B0Zwt1yr_8geometry13intersectionsNtNtB4_3ray3Ray18intersect_triangle
FN:47,_RNvMNtCsiZ5B0Zwt1yr_8geometry13intersectionsNtNtB4_3ray3Ray16intersect_cuboid
FN:81,_RNvMNtCsiZ5B0Zwt1yr_8geometry13intersectionsNtNtB4_3ray3Ray16intersect_sphere
FN:97,_RNvMNtCsiZ5B0Zwt1yr_8geometry13intersectionsNtNtB4_3ray3Ray19intersect_ellipsoid
FN:134,_RNvMNtCsiZ5B0Zwt1yr_8geometry13intersectionsNtNtB4_3ray3Ray18intersect_cylinder
FNDA:1939,_RNCNvNtNtCsiZ5B0Zwt1yr_8geometry13intersections5tests10any_normals_0B7_
FNDA:12,_RNCNvMNtCsiZ5B0Zwt1yr_8geometry13intersectionsNtNtB6_3ray3Ray19intersect_ellipsoid0B6_
FNDA:118,_RNCNvMNtCsiZ5B0Zwt1yr_8geometry13intersectionsNtNtB6_3ray3Ray18intersect_cylinder0B6_
FNDA:277,_RNvNtNtCsiZ5B0Zwt1yr_8geometry13intersections5tests21__test_intersect_plane
FNDA:277,_RNvNtNtCsiZ5B0Zwt1yr_8geometry13intersections5tests24__test_intersect_triangle
FNDA:277,_RNvNtNtCsiZ5B0Zwt1yr_8geometry13intersections5tests22__test_intersect_cuboid
FNDA:277,_RNvNtNtCsiZ5B0Zwt1yr_8geometry13intersections5tests22__test_intersect_sphere
FNDA:277,_RNvNtNtCsiZ5B0Zwt1yr_8geometry13intersections5tests23__test_intersect_ellipse
FNDA:277,_RNvNtNtCsiZ5B0Zwt1yr_8geometry13intersections5tests24__test_intersect_cylinder
FNDA:1231,_RNvMNtCsiZ5B0Zwt1yr_8geometry13intersectionsNtNtB4_3ray3Ray15intersect_plane
FNDA:290,_RNvMNtCsiZ5B0Zwt1yr_8geometry13intersectionsNtNtB4_3ray3Ray18intersect_triangle
FNDA:277,_RNvMNtCsiZ5B0Zwt1yr_8geometry13intersectionsNtNtB4_3ray3Ray16intersect_cuboid
FNDA:281,_RNvMNtCsiZ5B0Zwt1yr_8geometry13intersectionsNtNtB4_3ray3Ray16intersect_sphere
FNDA:277,_RNvMNtCsiZ5B0Zwt1yr_8geometry13intersectionsNtNtB4_3ray3Ray19intersect_ellipsoid
FNDA:277,_RNvMNtCsiZ5B0Zwt1yr_8geometry13intersectionsNtNtB4_3ray3Ray18intersect_cylinder
FNF:15
FNH:15
DA:13,1231
DA:14,1231
DA:15,1231
DA:16,1231
DA:17,1231
DA:19,11
DA:21,1220
DA:22,1220
DA:23,1220
DA:24,1220
DA:25,528
DA:26,528
DA:28,692
DA:31,1231
DA:33,290
DA:34,290
DA:35,290
DA:37,290
DA:39,135
DA:40,13
DA:41,122
DA:42,155
DA:43,277
DA:44,290
DA:47,277
DA:48,277
DA:49,277
DA:50,277
DA:51,277
DA:52,277
DA:53,277
DA:54,277
DA:55,277
DA:56,127
DA:57,150
DA:58,150
DA:59,150
DA:60,277
DA:61,139
DA:62,139
DA:63,138
DA:64,138
DA:65,277
DA:66,135
DA:67,142
DA:68,142
DA:69,142
DA:70,554
DA:71,512
DA:72,241
DA:73,235
DA:74,6
DA:75,271
DA:78,42
DA:79,277
DA:81,281
DA:82,281
DA:83,281
DA:84,281
DA:85,281
DA:86,281
DA:87,281
DA:88,281
DA:89,281
DA:90,15
DA:91,11
DA:92,4
DA:93,4
DA:94,281
DA:97,277
DA:98,277
DA:99,277
DA:100,277
DA:101,277
DA:102,277
DA:103,277
DA:104,277
DA:105,277
DA:106,277
DA:107,277
DA:108,277
DA:109,277
DA:110,277
DA:111,277
DA:112,277
DA:113,277
DA:114,277
DA:115,277
DA:116,277
DA:117,277
DA:118,277
DA:119,277
DA:120,277
DA:121,277
DA:122,277
DA:123,277
DA:124,277
DA:125,277
DA:126,277
DA:128,5
DA:129,277
DA:134,277
DA:135,277
DA:136,277
DA:137,277
DA:138,277
DA:139,277
DA:140,277
DA:141,277
DA:142,277
DA:143,277
DA:144,277
DA:145,277
DA:146,277
DA:147,277
DA:148,277
DA:149,277
DA:150,277
DA:151,277
DA:152,277
DA:153,277
DA:154,277
DA:155,277
DA:156,34
DA:157,34
DA:158,28
DA:159,6
DA:160,6
DA:161,277
DA:190,1939
DA:269,277
DA:270,277
DA:271,152
DA:272,152
DA:273,152
DA:274,152
DA:275,152
DA:276,125
DA:277,277
DA:278,277
DA:279,277
DA:280,13
DA:281,13
DA:282,13
DA:283,13
DA:284,13
DA:285,13
DA:286,13
DA:287,264
DA:288,277
DA:289,277
DA:290,277
DA:291,235
DA:292,235
DA:293,235
DA:294,42
DA:295,277
DA:296,277
DA:297,277
DA:298,4
DA:300,4
DA:302,4
DA:303,4
DA:304,4
DA:305,273
DA:306,277
DA:307,277
DA:308,277
DA:309,5
DA:311,5
DA:312,272
DA:313,277
DA:314,277
DA:315,277
DA:316,6
DA:318,6
DA:319,6
DA:320,271
DA:321,277
BRF:0
BRH:0
LF:181
LH:181
end_of_record
SF:D:\rust\iris-engine\geometry\src\lib.rs
FN:18,_RNvCsiZ5B0Zwt1yr_8geometry7refract
FN:12,_RNvCsiZ5B0Zwt1yr_8geometry7reflect
FN:61,_RNvNtCsiZ5B0Zwt1yr_8geometry5tests13__test_reflect
FNDA:0,_RNvCsiZ5B0Zwt1yr_8geometry7refract
FNDA:259,_RNvCsiZ5B0Zwt1yr_8geometry7reflect
FNDA:259,_RNvNtCsiZ5B0Zwt1yr_8geometry5tests13__test_reflect
FNF:3
FNH:2
DA:12,259
DA:13,259
DA:14,259
DA:18,0
DA:19,0
DA:20,0
DA:21,0
DA:22,0
DA:23,0
DA:24,0
DA:61,259
DA:62,259
DA:63,259
DA:64,259
DA:65,259
DA:66,259
BRF:0
BRH:0
LF:16
LH:9
end_of_record
SF:D:\rust\iris-engine\geometry\src\plane.rs
FN:19,_RNvXNtCsiZ5B0Zwt1yr_8geometry5planeNtB2_5PlaneNtNtCsdN0rXTyFgib_6approx11abs_diff_eq9AbsDiffEq11abs_diff_eq
FN:125,_RNCNvNtNtCsiZ5B0Zwt1yr_8geometry5plane5tests10any_normals_0B7_
FN:157,_RNvNtNtCsiZ5B0Zwt1yr_8geometry5plane5tests23__test_distance_to_point
FN:163,_RNvNtNtCsiZ5B0Zwt1yr_8geometry5plane5tests28__test_intersect_three_planes
FN:170,_RNvNtNtCsiZ5B0Zwt1yr_8geometry5plane5tests26__test_intersect_two_planes
FN:15,_RNvXNtCsiZ5B0Zwt1yr_8geometry5planeNtB2_5PlaneNtNtCsdN0rXTyFgib_6approx11abs_diff_eq9AbsDiffEq15default_epsilon
FN:26,_RNvXs_NtCsiZ5B0Zwt1yr_8geometry5planeNtB4_5PlaneNtNtCsdN0rXTyFgib_6approx11relative_eq10RelativeEq20default_max_relative
FN:30,_RNvXs_NtCsiZ5B0Zwt1yr_8geometry5planeNtB4_5PlaneNtNtCsdN0rXTyFgib_6approx11relative_eq10RelativeEq11relative_eq
FN:46,_RNvMs0_NtCsiZ5B0Zwt1yr_8geometry5planeNtB5_5Plane3new
FN:54,_RNvMs0_NtCsiZ5B0Zwt1yr_8geometry5planeNtB5_5Plane9from_vec4
FN:65,_RNvMs0_NtCsiZ5B0Zwt1yr_8geometry5planeNtB5_5Plane11homogeneous
FN:69,_RNvMs0_NtCsiZ5B0Zwt1yr_8geometry5planeNtB5_5Plane24signed_distance_to_point
FN:75,_RNvMs0_NtCsiZ5B0Zwt1yr_8geometry5planeNtB5_5Plane11is_on_plane
FN:80,_RNvMs0_NtCsiZ5B0Zwt1yr_8geometry5planeNtB5_5Plane24intersection_with_planes
FN:93,_RNvMs0_NtCsiZ5B0Zwt1yr_8geometry5planeNtB5_5Plane23intersection_with_plane
FN:100,_RNCNvMs0_NtCsiZ5B0Zwt1yr_8geometry5planeNtB7_5Plane23intersection_with_plane0B9_
FNDA:0,_RNvXNtCsiZ5B0Zwt1yr_8geometry5planeNtB2_5PlaneNtNtCsdN0rXTyFgib_6approx11abs_diff_eq9AbsDiffEq11abs_diff_eq
FNDA:1638,_RNCNvNtNtCsiZ5B0Zwt1yr_8geometry5plane5tests10any_normals_0B7_
FNDA:273,_RNvNtNtCsiZ5B0Zwt1yr_8geometry5plane5tests23__test_distance_to_point
FNDA:273,_RNvNtNtCsiZ5B0Zwt1yr_8geometry5plane5tests28__test_intersect_three_planes
FNDA:273,_RNvNtNtCsiZ5B0Zwt1yr_8geometry5plane5tests26__test_intersect_two_planes
FNDA:5687,_RNvXNtCsiZ5B0Zwt1yr_8geometry5planeNtB2_5PlaneNtNtCsdN0rXTyFgib_6approx11abs_diff_eq9AbsDiffEq15default_epsilon
FNDA:5687,_RNvXs_NtCsiZ5B0Zwt1yr_8geometry5planeNtB4_5PlaneNtNtCsdN0rXTyFgib_6approx11relative_eq10RelativeEq20default_max_relative
FNDA:5687,_RNvXs_NtCsiZ5B0Zwt1yr_8geometry5planeNtB4_5PlaneNtNtCsdN0rXTyFgib_6approx11relative_eq10RelativeEq11relative_eq
FNDA:10084,_RNvMs0_NtCsiZ5B0Zwt1yr_8geometry5planeNtB5_5Plane3new
FNDA:6211,_RNvMs0_NtCsiZ5B0Zwt1yr_8geometry5planeNtB5_5Plane9from_vec4
FNDA:3842,_RNvMs0_NtCsiZ5B0Zwt1yr_8geometry5planeNtB5_5Plane11homogeneous
FNDA:2610,_RNvMs0_NtCsiZ5B0Zwt1yr_8geometry5planeNtB5_5Plane24signed_distance_to_point
FNDA:273,_RNvMs0_NtCsiZ5B0Zwt1yr_8geometry5planeNtB5_5Plane11is_on_plane
FNDA:546,_RNvMs0_NtCsiZ5B0Zwt1yr_8geometry5planeNtB5_5Plane24intersection_with_planes
FNDA:273,_RNvMs0_NtCsiZ5B0Zwt1yr_8geometry5planeNtB5_5Plane23intersection_with_plane
FNDA:273,_RNCNvMs0_NtCsiZ5B0Zwt1yr_8geometry5planeNtB7_5Plane23intersection_with_plane0B9_
FNF:16
FNH:15
DA:15,5687
DA:16,5687
DA:17,5687
DA:19,0
DA:20,0
DA:21,0
DA:22,0
DA:26,5687
DA:27,5687
DA:28,5687
DA:30,5687
DA:31,5687
DA:32,5687
DA:33,5687
DA:34,5687
DA:35,5687
DA:36,5687
DA:37,5687
DA:38,5687
DA:39,5687
DA:40,5687
DA:41,5687
DA:46,10084
DA:47,10084
DA:48,10084
DA:49,10084
DA:50,10084
DA:51,10084
DA:52,10084
DA:54,6211
DA:55,6211
DA:56,6211
DA:57,6211
DA:58,6211
DA:59,6211
DA:60,6211
DA:61,6211
DA:62,6211
DA:65,3842
DA:66,3842
DA:67,3842
DA:69,2610
DA:70,2610
DA:71,2610
DA:72,2610
DA:73,2610
DA:75,273
DA:76,273
DA:77,273
DA:80,546
DA:81,546
DA:82,546
DA:83,546
DA:84,546
DA:85,546
DA:86,4
DA:88,542
DA:89,542
DA:91,546
DA:93,273
DA:94,273
DA:95,273
DA:96,273
DA:97,273
DA:98,273
DA:99,273
DA:100,273
DA:101,273
DA:125,1638
DA:157,273
DA:158,273
DA:159,273
DA:160,273
DA:161,273
DA:163,273
DA:164,273
DA:165,269
DA:166,269
DA:167,269
DA:168,4
DA:169,273
DA:170,273
DA:171,273
DA:172,273
DA:173,273
DA:174,273
DA:175,273
DA:176,273
DA:177,0
DA:178,273
BRF:0
BRH:0
LF:91
LH:86
end_of_record
SF:D:\rust\iris-engine\geometry\src\ray.rs
FN:124,_RNvNtNtCsiZ5B0Zwt1yr_8geometry3ray5tests19__test_closest_point
FN:136,_RNvNtNtCsiZ5B0Zwt1yr_8geometry3ray5tests23__test_distance_to_point
FN:146,_RNvNtNtCsiZ5B0Zwt1yr_8geometry3ray5tests20__test_closest_points
FN:92,_RNCNvNtNtCsiZ5B0Zwt1yr_8geometry3ray5tests10any_normals_0B7_
FN:12,_RNvMNtCsiZ5B0Zwt1yr_8geometry3rayNtB2_3Ray3new
FN:20,_RNvMNtCsiZ5B0Zwt1yr_8geometry3rayNtB2_3Ray5point
FN:25,_RNvMNtCsiZ5B0Zwt1yr_8geometry3rayNtB2_3Ray17distance_to_point
FN:32,_RNvMNtCsiZ5B0Zwt1yr_8geometry3rayNtB2_3Ray16closest_point_to
FN:37,_RNvMNtCsiZ5B0Zwt1yr_8geometry3rayNtB2_3Ray12closest_t_to
FN:42,_RNvMNtCsiZ5B0Zwt1yr_8geometry3rayNtB2_3Ray16distance_to_line
FN:49,_RNvMNtCsiZ5B0Zwt1yr_8geometry3rayNtB2_3Ray10closest_ts
FNDA:262,_RNvNtNtCsiZ5B0Zwt1yr_8geometry3ray5tests19__test_closest_point
FNDA:262,_RNvNtNtCsiZ5B0Zwt1yr_8geometry3ray5tests23__test_distance_to_point
FNDA:262,_RNvNtNtCsiZ5B0Zwt1yr_8geometry3ray5tests20__test_closest_points
FNDA:1048,_RNCNvNtNtCsiZ5B0Zwt1yr_8geometry3ray5tests10any_normals_0B7_
FNDA:3152,_RNvMNtCsiZ5B0Zwt1yr_8geometry3rayNtB2_3Ray3new
FNDA:2143,_RNvMNtCsiZ5B0Zwt1yr_8geometry3rayNtB2_3Ray5point
FNDA:1463,_RNvMNtCsiZ5B0Zwt1yr_8geometry3rayNtB2_3Ray17distance_to_point
FNDA:262,_RNvMNtCsiZ5B0Zwt1yr_8geometry3rayNtB2_3Ray16closest_point_to
FNDA:554,_RNvMNtCsiZ5B0Zwt1yr_8geometry3rayNtB2_3Ray12closest_t_to
FNDA:262,_RNvMNtCsiZ5B0Zwt1yr_8geometry3rayNtB2_3Ray16distance_to_line
FNDA:524,_RNvMNtCsiZ5B0Zwt1yr_8geometry3rayNtB2_3Ray10closest_ts
FNF:11
FNH:11
DA:12,3152
DA:13,3152
DA:14,3152
DA:15,3152
DA:16,3152
DA:17,3152
DA:20,2143
DA:21,2143
DA:22,2143
DA:25,1463
DA:26,1463
DA:27,1463
DA:28,1463
DA:29,1463
DA:32,262
DA:33,262
DA:34,262
DA:35,262
DA:37,554
DA:38,554
DA:39,554
DA:42,262
DA:43,262
DA:44,262
DA:45,262
DA:46,262
DA:47,262
DA:49,524
DA:50,524
DA:51,524
DA:52,524
DA:53,524
DA:54,524
DA:55,524
DA:56,524
DA:57,524
DA:58,524
DA:59,524
DA:61,30
DA:64,494
DA:65,494
DA:66,494
DA:68,524
DA:92,1048
DA:124,262
DA:125,262
DA:126,262
DA:127,262
DA:128,262
DA:129,262
DA:130,262
DA:131,262
DA:132,262
DA:133,262
DA:134,262
DA:135,262
DA:136,262
DA:137,262
DA:138,262
DA:139,262
DA:140,262
DA:141,262
DA:142,262
DA:143,262
DA:144,262
DA:145,262
DA:146,262
DA:147,262
DA:148,262
DA:149,262
DA:150,262
DA:151,262
DA:152,262
DA:153,262
DA:154,262
DA:155,262
DA:156,262
DA:157,262
DA:158,262
DA:159,262
DA:160,262
DA:161,262
DA:162,262
DA:163,262
BRF:0
BRH:0
LF:84
LH:84
end_of_record
SF:D:\rust\iris-engine\geometry\src\root_finding.rs
FN:134,_RNCNvNtNtCsiZ5B0Zwt1yr_8geometry12root_finding5tests12__test_linear0B7_
FN:144,_RNCNvNtNtCsiZ5B0Zwt1yr_8geometry12root_finding5tests15__test_quadratic0B7_
FN:156,_RNCNvNtNtCsiZ5B0Zwt1yr_8geometry12root_finding5tests11__test_cubic0B7_
FN:168,_RNCNvNtNtCsiZ5B0Zwt1yr_8geometry12root_finding5tests13__test_quartic0B7_
FN:202,_RNCNvNtNtCsiZ5B0Zwt1yr_8geometry12root_finding5tests22__test_newton_quadratic0B7_
FN:206,_RNCNvNtNtCsiZ5B0Zwt1yr_8geometry12root_finding5tests22__test_newton_quadratics_0B7_
FN:212,_RNCNvNtNtCsiZ5B0Zwt1yr_8geometry12root_finding5tests18__test_newton_cubic0B7_
FN:217,_RNCNvNtNtCsiZ5B0Zwt1yr_8geometry12root_finding5tests18__test_newton_cubics_0B7_
FN:224,_RINvNtNtCsiZ5B0Zwt1yr_8geometry12root_finding5tests18test_newton_methodNCNvB2_18__test_newton_cubic0NCB19_s_0EB6_
FN:224,_RINvNtNtCsiZ5B0Zwt1yr_8geometry12root_finding5tests18test_newton_methodNCNvB2_22__test_newton_quadratic0NCB19_s_0EB6_
FN:240,_RNCNvNtNtCsiZ5B0Zwt1yr_8geometry12root_finding5testss_22test_newton_method_log0B7_
FN:241,_RNCNvNtNtCsiZ5B0Zwt1yr_8geometry12root_finding5testss_22test_newton_method_logs_0B7_
FN:247,_RNCNvNtNtCsiZ5B0Zwt1yr_8geometry12root_finding5testss_25test_bisection_method_log0B7_
FN:131,_RNvNtNtCsiZ5B0Zwt1yr_8geometry12root_finding5tests12__test_linear
FN:141,_RNvNtNtCsiZ5B0Zwt1yr_8geometry12root_finding5tests15__test_quadratic
FN:154,_RNvNtNtCsiZ5B0Zwt1yr_8geometry12root_finding5tests11__test_cubic
FN:166,_RNvNtNtCsiZ5B0Zwt1yr_8geometry12root_finding5tests13__test_quartic
FN:200,_RNvNtNtCsiZ5B0Zwt1yr_8geometry12root_finding5tests22__test_newton_quadratic
FN:210,_RNvNtNtCsiZ5B0Zwt1yr_8geometry12root_finding5tests18__test_newton_cubic
FN:239,_RNvNtNtCsiZ5B0Zwt1yr_8geometry12root_finding5testss_22test_newton_method_log
FN:246,_RNvNtNtCsiZ5B0Zwt1yr_8geometry12root_finding5testss_25test_bisection_method_log
FN:8,_RINvNtCsiZ5B0Zwt1yr_8geometry12root_finding12roots_to_vecdEB4_
FN:8,_RINvNtCsiZ5B0Zwt1yr_8geometry12root_finding12roots_to_vecfEB4_
FN:20,_RINvNtCsiZ5B0Zwt1yr_8geometry12root_finding12solve_lineardEB4_
FN:27,_RINvNtCsiZ5B0Zwt1yr_8geometry12root_finding15solve_quadraticdEB4_
FN:27,_RINvNtCsiZ5B0Zwt1yr_8geometry12root_finding15solve_quadraticfEB4_
FN:34,_RINvNtCsiZ5B0Zwt1yr_8geometry12root_finding11solve_cubicdEB4_
FN:41,_RINvNtCsiZ5B0Zwt1yr_8geometry12root_finding13solve_quarticdEB4_
FN:46,_RINvNtCsiZ5B0Zwt1yr_8geometry12root_finding13newton_methodNCNvNtB2_5testss_22test_newton_method_log0NCBW_s_0EB4_
FN:46,_RINvNtCsiZ5B0Zwt1yr_8geometry12root_finding13newton_methodRNCNvNtB2_5tests18__test_newton_cubic0RNCBX_s_0EB4_
FN:46,_RINvNtCsiZ5B0Zwt1yr_8geometry12root_finding13newton_methodRNCNvNtB2_5tests22__test_newton_quadratic0RNCBX_s_0EB4_
FN:63,_RINvNtCsiZ5B0Zwt1yr_8geometry12root_finding12brent_methodNCNvNtB2_5testss_25test_bisection_method_log0EB4_
FNDA:277,_RNCNvNtNtCsiZ5B0Zwt1yr_8geometry12root_finding5tests12__test_linear0B7_
FNDA:372,_RNCNvNtNtCsiZ5B0Zwt1yr_8geometry12root_finding5tests15__test_quadratic0B7_
FNDA:401,_RNCNvNtNtCsiZ5B0Zwt1yr_8geometry12root_finding5tests11__test_cubic0B7_
FNDA:426,_RNCNvNtNtCsiZ5B0Zwt1yr_8geometry12root_finding5tests13__test_quartic0B7_
FNDA:1035,_RNCNvNtNtCsiZ5B0Zwt1yr_8geometry12root_finding5tests22__test_newton_quadratic0B7_
FNDA:693,_RNCNvNtNtCsiZ5B0Zwt1yr_8geometry12root_finding5tests22__test_newton_quadratics_0B7_
FNDA:1310,_RNCNvNtNtCsiZ5B0Zwt1yr_8geometry12root_finding5tests18__test_newton_cubic0B7_
FNDA:907,_RNCNvNtNtCsiZ5B0Zwt1yr_8geometry12root_finding5tests18__test_newton_cubics_0B7_
FNDA:277,_RINvNtNtCsiZ5B0Zwt1yr_8geometry12root_finding5tests18test_newton_methodNCNvB2_18__test_newton_cubic0NCB19_s_0EB6_
FNDA:277,_RINvNtNtCsiZ5B0Zwt1yr_8geometry12root_finding5tests18test_newton_methodNCNvB2_22__test_newton_quadratic0NCB19_s_0EB6_
FNDA:3,_RNCNvNtNtCsiZ5B0Zwt1yr_8geometry12root_finding5testss_22test_newton_method_log0B7_
FNDA:2,_RNCNvNtNtCsiZ5B0Zwt1yr_8geometry12root_finding5testss_22test_newton_method_logs_0B7_
FNDA:7,_RNCNvNtNtCsiZ5B0Zwt1yr_8geometry12root_finding5testss_25test_bisection_method_log0B7_
FNDA:277,_RNvNtNtCsiZ5B0Zwt1yr_8geometry12root_finding5tests12__test_linear
FNDA:277,_RNvNtNtCsiZ5B0Zwt1yr_8geometry12root_finding5tests15__test_quadratic
FNDA:277,_RNvNtNtCsiZ5B0Zwt1yr_8geometry12root_finding5tests11__test_cubic
FNDA:277,_RNvNtNtCsiZ5B0Zwt1yr_8geometry12root_finding5tests13__test_quartic
FNDA:277,_RNvNtNtCsiZ5B0Zwt1yr_8geometry12root_finding5tests22__test_newton_quadratic
FNDA:277,_RNvNtNtCsiZ5B0Zwt1yr_8geometry12root_finding5tests18__test_newton_cubic
FNDA:1,_RNvNtNtCsiZ5B0Zwt1yr_8geometry12root_finding5testss_22test_newton_method_log
FNDA:1,_RNvNtNtCsiZ5B0Zwt1yr_8geometry12root_finding5testss_25test_bisection_method_log
FNDA:1662,_RINvNtCsiZ5B0Zwt1yr_8geometry12root_finding12roots_to_vecdEB4_
FNDA:835,_RINvNtCsiZ5B0Zwt1yr_8geometry12root_finding12roots_to_vecfEB4_
FNDA:277,_RINvNtCsiZ5B0Zwt1yr_8geometry12root_finding12solve_lineardEB4_
FNDA:554,_RINvNtCsiZ5B0Zwt1yr_8geometry12root_finding15solve_quadraticdEB4_
FNDA:835,_RINvNtCsiZ5B0Zwt1yr_8geometry12root_finding15solve_quadraticfEB4_
FNDA:554,_RINvNtCsiZ5B0Zwt1yr_8geometry12root_finding11solve_cubicdEB4_
FNDA:277,_RINvNtCsiZ5B0Zwt1yr_8geometry12root_finding13solve_quarticdEB4_
FNDA:1,_RINvNtCsiZ5B0Zwt1yr_8geometry12root_finding13newton_methodNCNvNtB2_5testss_22test_newton_method_log0NCBW_s_0EB4_
FNDA:403,_RINvNtCsiZ5B0Zwt1yr_8geometry12root_finding13newton_methodRNCNvNtB2_5tests18__test_newton_cubic0RNCBX_s_0EB4_
FNDA:342,_RINvNtCsiZ5B0Zwt1yr_8geometry12root_finding13newton_methodRNCNvNtB2_5tests22__test_newton_quadratic0RNCBX_s_0EB4_
FNDA:1,_RINvNtCsiZ5B0Zwt1yr_8geometry12root_finding12brent_methodNCNvNtB2_5testss_25test_bisection_method_log0EB4_
FNF:27
FNH:27
DA:8,2497
DA:9,2497
DA:10,1028
DA:11,706
DA:12,626
DA:13,125
DA:14,12
DA:16,2497
DA:20,277
DA:21,277
DA:22,277
DA:23,277
DA:27,1389
DA:28,1389
DA:29,1389
DA:30,1389
DA:34,554
DA:35,554
DA:36,554
DA:37,554
DA:41,277
DA:42,277
DA:43,277
DA:44,277
DA:46,746
DA:47,746
DA:48,746
DA:49,746
DA:50,746
DA:51,746
DA:52,746
DA:53,746
DA:54,746
DA:55,746
DA:56,746
DA:57,746
DA:58,746
DA:59,746
DA:60,746
DA:61,746
DA:62,746
DA:63,1
DA:64,1
DA:65,1
DA:66,1
DA:67,1
DA:68,1
DA:69,1
DA:70,1
DA:71,1
DA:72,1
DA:73,1
DA:74,1
DA:75,1
DA:76,1
DA:77,1
DA:78,1
DA:79,1
DA:131,277
DA:132,277
DA:133,277
DA:134,277
DA:136,554
DA:137,277
DA:139,277
DA:141,277
DA:142,277
DA:143,277
DA:144,372
DA:145,372
DA:146,372
DA:147,372
DA:148,649
DA:149,372
DA:151,277
DA:154,277
DA:155,277
DA:156,401
DA:157,401
DA:158,401
DA:159,401
DA:160,401
DA:161,678
DA:162,401
DA:164,277
DA:166,277
DA:167,277
DA:168,426
DA:169,426
DA:170,426
DA:171,426
DA:172,426
DA:173,426
DA:174,703
DA:175,426
DA:177,277
DA:200,277
DA:201,277
DA:202,1035
DA:203,1035
DA:204,1035
DA:205,1035
DA:206,693
DA:207,277
DA:208,277
DA:210,277
DA:211,277
DA:212,1310
DA:213,1310
DA:214,1310
DA:215,1310
DA:216,1310
DA:217,907
DA:218,907
DA:219,907
DA:220,907
DA:221,277
DA:222,277
DA:224,554
DA:225,554
DA:226,554
DA:227,554
DA:228,554
DA:229,554
DA:230,554
DA:231,1299
DA:232,745
DA:233,745
DA:234,745
DA:236,554
DA:239,1
DA:240,3
DA:241,2
DA:242,1
DA:243,1
DA:244,1
DA:246,1
DA:247,7
DA:248,1
DA:249,1
DA:250,1
BRF:0
BRH:0
LF:152
LH:152
end_of_record
SF:D:\rust\iris-engine\geometry\src\shapes.rs
FN:76,_RNvMs0_NtCsiZ5B0Zwt1yr_8geometry6shapesNtB5_6Sphere6normal
FN:81,_RNvMs0_NtCsiZ5B0Zwt1yr_8geometry6shapesNtB5_6Sphere8equation
FN:85,_RNvMs0_NtCsiZ5B0Zwt1yr_8geometry6shapesNtB5_6Sphere8gradient
FN:105,_RNvMs1_NtCsiZ5B0Zwt1yr_8geometry6shapesNtB5_9Ellipsoid8gradient
FN:110,_RNvMs1_NtCsiZ5B0Zwt1yr_8geometry6shapesNtB5_9Ellipsoid6normal
FN:139,_RNvMs2_NtCsiZ5B0Zwt1yr_8geometry6shapesNtB5_8Cylinder8gradient
FN:153,_RNvMs2_NtCsiZ5B0Zwt1yr_8geometry6shapesNtB5_8Cylinder6normal
FN:13,_RNvMNtCsiZ5B0Zwt1yr_8geometry6shapesNtB2_8Triangle3new
FN:17,_RNvMNtCsiZ5B0Zwt1yr_8geometry6shapesNtB2_8Triangle6normal
FN:21,_RNvMNtCsiZ5B0Zwt1yr_8geometry6shapesNtB2_8Triangle18is_inside_triangle
FN:44,_RNvMs_NtCsiZ5B0Zwt1yr_8geometry6shapesNtB4_6Cuboid3new
FN:48,_RNvMs_NtCsiZ5B0Zwt1yr_8geometry6shapesNtB4_6Cuboid19is_point_on_surface
FN:57,_RNvMs_NtCsiZ5B0Zwt1yr_8geometry6shapesNtB4_6Cuboid15is_point_inside
FN:71,_RNvMs0_NtCsiZ5B0Zwt1yr_8geometry6shapesNtB5_6Sphere3new
FN:97,_RNvMs1_NtCsiZ5B0Zwt1yr_8geometry6shapesNtB5_9Ellipsoid3new
FN:101,_RNvMs1_NtCsiZ5B0Zwt1yr_8geometry6shapesNtB5_9Ellipsoid8equation
FN:125,_RNvMs2_NtCsiZ5B0Zwt1yr_8geometry6shapesNtB5_8Cylinder3new
FN:133,_RNvMs2_NtCsiZ5B0Zwt1yr_8geometry6shapesNtB5_8Cylinder8equation
FNDA:0,_RNvMs0_NtCsiZ5B0Zwt1yr_8geometry6shapesNtB5_6Sphere6normal
FNDA:0,_RNvMs0_NtCsiZ5B0Zwt1yr_8geometry6shapesNtB5_6Sphere8equation
FNDA:0,_RNvMs0_NtCsiZ5B0Zwt1yr_8geometry6shapesNtB5_6Sphere8gradient
FNDA:0,_RNvMs1_NtCsiZ5B0Zwt1yr_8geometry6shapesNtB5_9Ellipsoid8gradient
FNDA:0,_RNvMs1_NtCsiZ5B0Zwt1yr_8geometry6shapesNtB5_9Ellipsoid6normal
FNDA:0,_RNvMs2_NtCsiZ5B0Zwt1yr_8geometry6shapesNtB5_8Cylinder8gradient
FNDA:0,_RNvMs2_NtCsiZ5B0Zwt1yr_8geometry6shapesNtB5_8Cylinder6normal
FNDA:277,_RNvMNtCsiZ5B0Zwt1yr_8geometry6shapesNtB2_8Triangle3new
FNDA:303,_RNvMNtCsiZ5B0Zwt1yr_8geometry6shapesNtB2_8Triangle6normal
FNDA:148,_RNvMNtCsiZ5B0Zwt1yr_8geometry6shapesNtB2_8Triangle18is_inside_triangle
FNDA:277,_RNvMs_NtCsiZ5B0Zwt1yr_8geometry6shapesNtB4_6Cuboid3new
FNDA:235,_RNvMs_NtCsiZ5B0Zwt1yr_8geometry6shapesNtB4_6Cuboid19is_point_on_surface
FNDA:476,_RNvMs_NtCsiZ5B0Zwt1yr_8geometry6shapesNtB4_6Cuboid15is_point_inside
FNDA:277,_RNvMs0_NtCsiZ5B0Zwt1yr_8geometry6shapesNtB5_6Sphere3new
FNDA:277,_RNvMs1_NtCsiZ5B0Zwt1yr_8geometry6shapesNtB5_9Ellipsoid3new
FNDA:5,_RNvMs1_NtCsiZ5B0Zwt1yr_8geometry6shapesNtB5_9Ellipsoid8equation
FNDA:277,_RNvMs2_NtCsiZ5B0Zwt1yr_8geometry6shapesNtB5_8Cylinder3new
FNDA:6,_RNvMs2_NtCsiZ5B0Zwt1yr_8geometry6shapesNtB5_8Cylinder8equation
FNF:18
FNH:11
DA:13,277
DA:14,277
DA:15,277
DA:17,303
DA:18,303
DA:19,303
DA:21,148
DA:22,148
DA:23,148
DA:24,148
DA:25,148
DA:26,148
DA:27,148
DA:28,148
DA:29,148
DA:30,148
DA:31,148
DA:32,148
DA:33,148
DA:34,148
DA:44,277
DA:45,277
DA:46,277
DA:48,235
DA:49,235
DA:50,179
DA:51,106
DA:52,76
DA:53,45
DA:54,22
DA:55,235
DA:57,476
DA:58,476
DA:59,206
DA:60,92
DA:61,476
DA:71,277
DA:72,277
DA:73,277
DA:76,0
DA:77,0
DA:78,0
DA:79,0
DA:81,0
DA:82,0
DA:83,0
DA:85,0
DA:86,0
DA:87,0
DA:97,277
DA:98,277
DA:99,277
DA:101,5
DA:102,5
DA:103,5
DA:105,0
DA:106,0
DA:107,0
DA:110,0
DA:111,0
DA:112,0
DA:113,0
DA:125,277
DA:126,277
DA:127,277
DA:128,277
DA:129,277
DA:130,277
DA:131,277
DA:133,6
DA:134,6
DA:135,6
DA:136,6
DA:137,6
DA:139,0
DA:140,0
DA:141,0
DA:142,0
DA:143,0
DA:144,0
DA:145,0
DA:146,0
DA:148,0
DA:150,0
DA:153,0
DA:154,0
DA:155,0
DA:156,0
BRF:0
BRH:0
LF:88
LH:57
end_of_record