SF:D:\rust\iris-engine\src\geometry\intersections.rs
FN:261,_RNvNtNtNtCs3Tc0WW6daC2_11iris_engine8geometry13intersections5tests24__sphere_intersect_sphere
FN:269,_RNvNtNtNtCs3Tc0WW6daC2_11iris_engine8geometry13intersections5tests20__ray_intersect_plane
FN:278,_RNvNtNtNtCs3Tc0WW6daC2_11iris_engine8geometry13intersections5tests19__intersect_triangle
FN:289,_RNvNtNtNtCs3Tc0WW6daC2_11iris_engine8geometry13intersections5tests17__intersect_cuboid
FN:295,_RNvNtNtNtCs3Tc0WW6daC2_11iris_engine8geometry13intersections5tests17__intersect_sphere
FN:306,_RNvNtNtNtCs3Tc0WW6daC2_11iris_engine8geometry13intersections5tests18__intersect_ellipse
FN:311,_RNvNtNtNtCs3Tc0WW6daC2_11iris_engine8geometry13intersections5tests19__intersect_cylinder
FN:12,_RNvNtNtCs3Tc0WW6daC2_11iris_engine8geometry13intersections19ray_intersect_plane
FN:27,_RNvNtNtCs3Tc0WW6daC2_11iris_engine8geometry13intersections22ray_intersect_triangle
FN:41,_RNvNtNtCs3Tc0WW6daC2_11iris_engine8geometry13intersections20ray_intersect_cuboid
FN:75,_RNvNtNtCs3Tc0WW6daC2_11iris_engine8geometry13intersections20ray_intersect_sphere
FN:91,_RNvNtNtCs3Tc0WW6daC2_11iris_engine8geometry13intersections23ray_intersect_ellipsoid
FN:126,_RNvNtNtCs3Tc0WW6daC2_11iris_engine8geometry13intersections22ray_intersect_cylinder
FN:155,_RNvNtNtCs3Tc0WW6daC2_11iris_engine8geometry13intersections23sphere_intersect_sphere
FN:23,_RNCNvNtNtCs3Tc0WW6daC2_11iris_engine8geometry13intersections19ray_intersect_plane0B7_
FN:119,_RNCNvNtNtCs3Tc0WW6daC2_11iris_engine8geometry13intersections23ray_intersect_ellipsoid0B7_
FN:146,_RNCNvNtNtCs3Tc0WW6daC2_11iris_engine8geometry13intersections22ray_intersect_cylinder0B7_
FNDA:258,_RNvNtNtNtCs3Tc0WW6daC2_11iris_engine8geometry13intersections5tests24__sphere_intersect_sphere
FNDA:258,_RNvNtNtNtCs3Tc0WW6daC2_11iris_engine8geometry13intersections5tests20__ray_intersect_plane
FNDA:258,_RNvNtNtNtCs3Tc0WW6daC2_11iris_engine8geometry13intersections5tests19__intersect_triangle
FNDA:258,_RNvNtNtNtCs3Tc0WW6daC2_11iris_engine8geometry13intersections5tests17__intersect_cuboid
FNDA:258,_RNvNtNtNtCs3Tc0WW6daC2_11iris_engine8geometry13intersections5tests17__intersect_sphere
FNDA:258,_RNvNtNtNtCs3Tc0WW6daC2_11iris_engine8geometry13intersections5tests18__intersect_ellipse
FNDA:258,_RNvNtNtNtCs3Tc0WW6daC2_11iris_engine8geometry13intersections5tests19__intersect_cylinder
FNDA:1166,_RNvNtNtCs3Tc0WW6daC2_11iris_engine8geometry13intersections19ray_intersect_plane
FNDA:266,_RNvNtNtCs3Tc0WW6daC2_11iris_engine8geometry13intersections22ray_intersect_triangle
FNDA:258,_RNvNtNtCs3Tc0WW6daC2_11iris_engine8geometry13intersections20ray_intersect_cuboid
FNDA:273,_RNvNtNtCs3Tc0WW6daC2_11iris_engine8geometry13intersections20ray_intersect_sphere
FNDA:258,_RNvNtNtCs3Tc0WW6daC2_11iris_engine8geometry13intersections23ray_intersect_ellipsoid
FNDA:258,_RNvNtNtCs3Tc0WW6daC2_11iris_engine8geometry13intersections22ray_intersect_cylinder
FNDA:258,_RNvNtNtCs3Tc0WW6daC2_11iris_engine8geometry13intersections23sphere_intersect_sphere
FNDA:449,_RNCNvNtNtCs3Tc0WW6daC2_11iris_engine8geometry13intersections19ray_intersect_plane0B7_
FNDA:168,_RNCNvNtNtCs3Tc0WW6daC2_11iris_engine8geometry13intersections23ray_intersect_ellipsoid0B7_
FNDA:302,_RNCNvNtNtCs3Tc0WW6daC2_11iris_engine8geometry13intersections22ray_intersect_cylinder0B7_
FNF:17
FNH:17
DA:12,1166
DA:13,1166
DA:14,1166
DA:15,1166
DA:16,1166
DA:18,10
DA:20,1156
DA:21,1156
DA:22,1156
DA:23,1156
DA:25,1166
DA:27,266
DA:28,266
DA:29,266
DA:31,266
DA:33,131
DA:34,8
DA:35,123
DA:36,135
DA:37,258
DA:38,266
DA:41,258
DA:42,258
DA:43,258
DA:44,258
DA:45,258
DA:46,258
DA:47,258
DA:48,258
DA:49,258
DA:50,145
DA:51,145
DA:52,113
DA:53,113
DA:54,258
DA:55,138
DA:56,138
DA:57,120
DA:58,120
DA:59,258
DA:60,124
DA:61,134
DA:62,134
DA:63,134
DA:64,588
DA:65,520
DA:66,196
DA:67,190
DA:68,6
DA:69,324
DA:72,68
DA:73,258
DA:75,273
DA:76,273
DA:77,273
DA:78,273
DA:79,273
DA:80,273
DA:81,273
DA:82,273
DA:83,273
DA:84,83
DA:85,68
DA:86,15
DA:87,15
DA:88,273
DA:91,258
DA:92,258
DA:93,258
DA:94,258
DA:95,258
DA:96,258
DA:97,258
DA:98,258
DA:99,258
DA:100,258
DA:101,258
DA:102,258
DA:103,258
DA:104,258
DA:105,258
DA:106,258
DA:107,258
DA:108,258
DA:109,258
DA:110,258
DA:111,258
DA:112,258
DA:113,258
DA:114,258
DA:115,258
DA:116,258
DA:117,258
DA:118,258
DA:119,258
DA:120,258
DA:122,53
DA:123,258
DA:126,258
DA:127,258
DA:128,258
DA:129,258
DA:130,258
DA:131,258
DA:132,258
DA:133,258
DA:134,258
DA:135,258
DA:136,258
DA:137,258
DA:138,258
DA:139,258
DA:140,258
DA:141,258
DA:142,258
DA:143,258
DA:144,258
DA:145,258
DA:146,302
DA:147,258
DA:148,100
DA:149,100
DA:150,71
DA:151,29
DA:152,29
DA:153,258
DA:155,258
DA:156,258
DA:157,258
DA:158,258
DA:159,258
DA:160,258
DA:261,258
DA:262,258
DA:263,258
DA:264,75
DA:266,183
DA:268,258
DA:269,258
DA:270,258
DA:271,122
DA:272,122
DA:273,122
DA:274,122
DA:275,122
DA:276,136
DA:277,258
DA:278,258
DA:279,258
DA:280,8
DA:281,8
DA:282,8
DA:283,8
DA:284,8
DA:285,8
DA:286,8
DA:287,250
DA:288,258
DA:289,258
DA:290,258
DA:291,190
DA:292,190
DA:293,68
DA:294,258
DA:295,258
DA:296,258
DA:297,15
DA:299,15
DA:301,15
DA:302,15
DA:303,15
DA:304,243
DA:305,258
DA:306,258
DA:307,258
DA:308,53
DA:309,205
DA:310,258
DA:311,258
DA:312,258
DA:313,29
DA:315,29
DA:316,29
DA:317,229
DA:318,258
BRF:0
BRH:0
LF:188
LH:188
end_of_record
SF:D:\rust\iris-engine\src\geometry\plane.rs
FN:13,_RNvMNtNtCs3Tc0WW6daC2_11iris_engine8geometry5planeNtB2_5Plane3new
FN:21,_RNvMNtNtCs3Tc0WW6daC2_11iris_engine8geometry5planeNtB2_5Plane11homogeneous
FN:25,_RNvMNtNtCs3Tc0WW6daC2_11iris_engine8geometry5planeNtB2_5Plane18signed_distance_to
FN:31,_RNvMNtNtCs3Tc0WW6daC2_11iris_engine8geometry5planeNtB2_5Plane16closest_on_plane
FN:36,_RNvMNtNtCs3Tc0WW6daC2_11iris_engine8geometry5planeNtB2_5Plane24intersection_with_planes
FN:49,_RNvMNtNtCs3Tc0WW6daC2_11iris_engine8geometry5planeNtB2_5Plane23intersection_with_plane
FN:59,_RNvMNtNtCs3Tc0WW6daC2_11iris_engine8geometry5planeNtB2_5Plane22clip_projection_matrix
FN:87,_RNvXs_NtNtCs3Tc0WW6daC2_11iris_engine8geometry5planeNtB4_5PlaneINtNtCsgfKerrBUswu_4core7convert4FromNtNtNtNtCs8OLz2mRkHmH_4glam3f324sse24vec44Vec4E4from
FN:107,_RNvXs1_NtNtCs3Tc0WW6daC2_11iris_engine8geometry5planeNtB5_5PlaneNtNtCse1BfwaVebO3_6approx11abs_diff_eq9AbsDiffEq15default_epsilon
FN:118,_RNvXs2_NtNtCs3Tc0WW6daC2_11iris_engine8geometry5planeNtB5_5PlaneNtNtCse1BfwaVebO3_6approx11relative_eq10RelativeEq20default_max_relative
FN:122,_RNvXs2_NtNtCs3Tc0WW6daC2_11iris_engine8geometry5planeNtB5_5PlaneNtNtCse1BfwaVebO3_6approx11relative_eq10RelativeEq11relative_eq
FN:99,_RNvXs0_NtNtCs3Tc0WW6daC2_11iris_engine8geometry5planeNtNtNtNtCs8OLz2mRkHmH_4glam3f324sse24vec44Vec4INtNtCsgfKerrBUswu_4core7convert4FromNtB5_5PlaneE4from
FN:180,_RNvNtNtNtCs3Tc0WW6daC2_11iris_engine8geometry5plane5tests25__plane_center_is_on_plane
FN:184,_RNvNtNtNtCs3Tc0WW6daC2_11iris_engine8geometry5plane5tests17__closest_on_plane
FN:189,_RNvNtNtNtCs3Tc0WW6daC2_11iris_engine8geometry5plane5tests23__intersect_three_planes
FN:196,_RNvNtNtNtCs3Tc0WW6daC2_11iris_engine8geometry5plane5tests21__intersect_two_planes
FN:111,_RNvXs1_NtNtCs3Tc0WW6daC2_11iris_engine8geometry5planeNtB5_5PlaneNtNtCse1BfwaVebO3_6approx11abs_diff_eq9AbsDiffEq11abs_diff_eq
FN:56,_RNCNvMNtNtCs3Tc0WW6daC2_11iris_engine8geometry5planeNtB4_5Plane23intersection_with_plane0B8_
FNDA:9511,_RNvMNtNtCs3Tc0WW6daC2_11iris_engine8geometry5planeNtB2_5Plane3new
FNDA:3867,_RNvMNtNtCs3Tc0WW6daC2_11iris_engine8geometry5planeNtB2_5Plane11homogeneous
FNDA:2700,_RNvMNtNtCs3Tc0WW6daC2_11iris_engine8geometry5planeNtB2_5Plane18signed_distance_to
FNDA:257,_RNvMNtNtCs3Tc0WW6daC2_11iris_engine8geometry5planeNtB2_5Plane16closest_on_plane
FNDA:514,_RNvMNtNtCs3Tc0WW6daC2_11iris_engine8geometry5planeNtB2_5Plane24intersection_with_planes
FNDA:257,_RNvMNtNtCs3Tc0WW6daC2_11iris_engine8geometry5planeNtB2_5Plane23intersection_with_plane
FNDA:1,_RNvMNtNtCs3Tc0WW6daC2_11iris_engine8geometry5planeNtB2_5Plane22clip_projection_matrix
FNDA:5639,_RNvXs_NtNtCs3Tc0WW6daC2_11iris_engine8geometry5planeNtB4_5PlaneINtNtCsgfKerrBUswu_4core7convert4FromNtNtNtNtCs8OLz2mRkHmH_4glam3f324sse24vec44Vec4E4from
FNDA:5633,_RNvXs1_NtNtCs3Tc0WW6daC2_11iris_engine8geometry5planeNtB5_5PlaneNtNtCse1BfwaVebO3_6approx11abs_diff_eq9AbsDiffEq15default_epsilon
FNDA:5633,_RNvXs2_NtNtCs3Tc0WW6daC2_11iris_engine8geometry5planeNtB5_5PlaneNtNtCse1BfwaVebO3_6approx11relative_eq10RelativeEq20default_max_relative
FNDA:5633,_RNvXs2_NtNtCs3Tc0WW6daC2_11iris_engine8geometry5planeNtB5_5PlaneNtNtCse1BfwaVebO3_6approx11relative_eq10RelativeEq11relative_eq
FNDA:3867,_RNvXs0_NtNtCs3Tc0WW6daC2_11iris_engine8geometry5planeNtNtNtNtCs8OLz2mRkHmH_4glam3f324sse24vec44Vec4INtNtCsgfKerrBUswu_4core7convert4FromNtB5_5PlaneE4from
FNDA:257,_RNvNtNtNtCs3Tc0WW6daC2_11iris_engine8geometry5plane5tests25__plane_center_is_on_plane
FNDA:257,_RNvNtNtNtCs3Tc0WW6daC2_11iris_engine8geometry5plane5tests17__closest_on_plane
FNDA:257,_RNvNtNtNtCs3Tc0WW6daC2_11iris_engine8geometry5plane5tests23__intersect_three_planes
FNDA:257,_RNvNtNtNtCs3Tc0WW6daC2_11iris_engine8geometry5plane5tests21__intersect_two_planes
FNDA:0,_RNvXs1_NtNtCs3Tc0WW6daC2_11iris_engine8geometry5planeNtB5_5PlaneNtNtCse1BfwaVebO3_6approx11abs_diff_eq9AbsDiffEq11abs_diff_eq
FNDA:257,_RNCNvMNtNtCs3Tc0WW6daC2_11iris_engine8geometry5planeNtB4_5Plane23intersection_with_plane0B8_
FNF:18
FNH:17
DA:13,9511
DA:14,9511
DA:15,9511
DA:16,9511
DA:17,9511
DA:18,9511
DA:19,9511
DA:21,3867
DA:22,3867
DA:23,3867
DA:25,2700
DA:26,2700
DA:27,2700
DA:28,2700
DA:29,2700
DA:31,257
DA:32,257
DA:33,257
DA:34,257
DA:36,514
DA:37,514
DA:38,514
DA:39,514
DA:40,514
DA:41,514
DA:42,0
DA:44,514
DA:45,514
DA:47,514
DA:49,257
DA:50,257
DA:51,257
DA:52,257
DA:53,257
DA:54,257
DA:55,257
DA:56,257
DA:57,257
DA:59,1
DA:60,1
DA:61,1
DA:62,1
DA:63,1
DA:64,1
DA:65,1
DA:66,1
DA:67,1
DA:68,1
DA:69,1
DA:70,1
DA:71,1
DA:72,1
DA:73,1
DA:74,1
DA:75,1
DA:76,1
DA:77,1
DA:78,1
DA:79,1
DA:80,1
DA:81,1
DA:82,1
DA:83,1
DA:87,5639
DA:88,5639
DA:89,5639
DA:90,5639
DA:91,5639
DA:92,5639
DA:93,5639
DA:94,5639
DA:95,5639
DA:99,3867
DA:100,3867
DA:101,3867
DA:107,5633
DA:108,5633
DA:109,5633
DA:111,0
DA:112,0
DA:113,0
DA:114,0
DA:118,5633
DA:119,5633
DA:120,5633
DA:122,5633
DA:123,5633
DA:124,5633
DA:125,5633
DA:126,5633
DA:127,5633
DA:128,5633
DA:129,5633
DA:130,5633
DA:131,5633
DA:132,5633
DA:133,5633
DA:180,257
DA:181,257
DA:182,257
DA:183,257
DA:184,257
DA:185,257
DA:186,257
DA:187,257
DA:189,257
DA:190,257
DA:191,257
DA:192,257
DA:193,257
DA:194,0
DA:195,257
DA:196,257
DA:197,257
DA:198,257
DA:199,257
DA:200,257
DA:201,257
DA:202,257
DA:203,0
DA:204,257
BRF:0
BRH:0
LF:122
LH:115
end_of_record
SF:D:\rust\iris-engine\src\geometry\ray.rs
FN:72,_RNvMNtNtCs3Tc0WW6daC2_11iris_engine8geometry3rayNtB2_3Ray15intersect_plane
FN:75,_RNvMNtNtCs3Tc0WW6daC2_11iris_engine8geometry3rayNtB2_3Ray18intersect_triangle
FN:78,_RNvMNtNtCs3Tc0WW6daC2_11iris_engine8geometry3rayNtB2_3Ray16intersect_cuboid
FN:81,_RNvMNtNtCs3Tc0WW6daC2_11iris_engine8geometry3rayNtB2_3Ray16intersect_sphere
FN:84,_RNvMNtNtCs3Tc0WW6daC2_11iris_engine8geometry3rayNtB2_3Ray19intersect_ellipsoid
FN:87,_RNvMNtNtCs3Tc0WW6daC2_11iris_engine8geometry3rayNtB2_3Ray18intersect_cylinder
FN:20,_RNvMNtNtCs3Tc0WW6daC2_11iris_engine8geometry3rayNtB2_3Ray3new
FN:27,_RNvMNtNtCs3Tc0WW6daC2_11iris_engine8geometry3rayNtB2_3Ray5point
FN:31,_RNvMNtNtCs3Tc0WW6daC2_11iris_engine8geometry3rayNtB2_3Ray11distance_to
FN:36,_RNvMNtNtCs3Tc0WW6daC2_11iris_engine8geometry3rayNtB2_3Ray13closest_point
FN:41,_RNvMNtNtCs3Tc0WW6daC2_11iris_engine8geometry3rayNtB2_3Ray9closest_t
FN:45,_RNvMNtNtCs3Tc0WW6daC2_11iris_engine8geometry3rayNtB2_3Ray16distance_to_line
FN:52,_RNvMNtNtCs3Tc0WW6daC2_11iris_engine8geometry3rayNtB2_3Ray10closest_ts
FN:130,_RNvNtNtNtCs3Tc0WW6daC2_11iris_engine8geometry3ray5tests14__closest_point
FN:142,_RNvNtNtNtCs3Tc0WW6daC2_11iris_engine8geometry3ray5tests18__distance_to_point
FN:152,_RNvNtNtNtCs3Tc0WW6daC2_11iris_engine8geometry3ray5tests15__closest_points
FNDA:0,_RNvMNtNtCs3Tc0WW6daC2_11iris_engine8geometry3rayNtB2_3Ray15intersect_plane
FNDA:0,_RNvMNtNtCs3Tc0WW6daC2_11iris_engine8geometry3rayNtB2_3Ray18intersect_triangle
FNDA:0,_RNvMNtNtCs3Tc0WW6daC2_11iris_engine8geometry3rayNtB2_3Ray16intersect_cuboid
FNDA:0,_RNvMNtNtCs3Tc0WW6daC2_11iris_engine8geometry3rayNtB2_3Ray16intersect_sphere
FNDA:0,_RNvMNtNtCs3Tc0WW6daC2_11iris_engine8geometry3rayNtB2_3Ray19intersect_ellipsoid
FNDA:0,_RNvMNtNtCs3Tc0WW6daC2_11iris_engine8geometry3rayNtB2_3Ray18intersect_cylinder
FNDA:2974,_RNvMNtNtCs3Tc0WW6daC2_11iris_engine8geometry3rayNtB2_3Ray3new
FNDA:2153,_RNvMNtNtCs3Tc0WW6daC2_11iris_engine8geometry3rayNtB2_3Ray5point
FNDA:1441,_RNvMNtNtCs3Tc0WW6daC2_11iris_engine8geometry3rayNtB2_3Ray11distance_to
FNDA:256,_RNvMNtNtCs3Tc0WW6daC2_11iris_engine8geometry3rayNtB2_3Ray13closest_point
FNDA:540,_RNvMNtNtCs3Tc0WW6daC2_11iris_engine8geometry3rayNtB2_3Ray9closest_t
FNDA:256,_RNvMNtNtCs3Tc0WW6daC2_11iris_engine8geometry3rayNtB2_3Ray16distance_to_line
FNDA:512,_RNvMNtNtCs3Tc0WW6daC2_11iris_engine8geometry3rayNtB2_3Ray10closest_ts
FNDA:256,_RNvNtNtNtCs3Tc0WW6daC2_11iris_engine8geometry3ray5tests14__closest_point
FNDA:256,_RNvNtNtNtCs3Tc0WW6daC2_11iris_engine8geometry3ray5tests18__distance_to_point
FNDA:256,_RNvNtNtNtCs3Tc0WW6daC2_11iris_engine8geometry3ray5tests15__closest_points
FNF:16
FNH:10
DA:20,2974
DA:21,2974
DA:22,2974
DA:23,2974
DA:24,2974
DA:25,2974
DA:27,2153
DA:28,2153
DA:29,2153
DA:31,1441
DA:32,1441
DA:33,1441
DA:34,1441
DA:36,256
DA:37,256
DA:38,256
DA:39,256
DA:41,540
DA:42,540
DA:43,540
DA:45,256
DA:46,256
DA:47,256
DA:48,256
DA:49,256
DA:50,256
DA:52,512
DA:53,512
DA:54,512
DA:55,512
DA:56,512
DA:57,512
DA:58,512
DA:59,512
DA:60,512
DA:61,512
DA:62,512
DA:64,28
DA:67,484
DA:68,484
DA:69,484
DA:71,512
DA:72,0
DA:73,0
DA:74,0
DA:75,0
DA:76,0
DA:77,0
DA:78,0
DA:79,0
DA:80,0
DA:81,0
DA:82,0
DA:83,0
DA:84,0
DA:85,0
DA:86,0
DA:87,0
DA:88,0
DA:89,0
DA:130,256
DA:131,256
DA:132,256
DA:133,256
DA:134,256
DA:135,256
DA:136,256
DA:137,256
DA:138,256
DA:139,256
DA:140,256
DA:141,256
DA:142,256
DA:143,256
DA:144,256
DA:145,256
DA:146,256
DA:147,256
DA:148,256
DA:149,256
DA:150,256
DA:151,256
DA:152,256
DA:153,256
DA:154,256
DA:155,256
DA:156,256
DA:157,256
DA:158,256
DA:159,256
DA:160,256
DA:161,256
BRF:0
BRH:0
LF:92
LH:74
end_of_record
SF:D:\rust\iris-engine\src\geometry\reflection.rs
FN:9,_RNvXNtNtCs3Tc0WW6daC2_11iris_engine8geometry10reflectionNtNtNtCs8OLz2mRkHmH_4glam3f324vec34Vec3NtB2_14Vec3ReflectExt7reflect
FN:18,_RNvXs_NtNtCs3Tc0WW6daC2_11iris_engine8geometry10reflectionNtNtNtCs8OLz2mRkHmH_4glam3f324vec34Vec3NtB4_14Vec3RefractExt7refract
FN:43,_RNvNtNtNtCs3Tc0WW6daC2_11iris_engine8geometry10reflection5tests8__reflect
FNDA:257,_RNvXNtNtCs3Tc0WW6daC2_11iris_engine8geometry10reflectionNtNtNtCs8OLz2mRkHmH_4glam3f324vec34Vec3NtB2_14Vec3ReflectExt7reflect
FNDA:0,_RNvXs_NtNtCs3Tc0WW6daC2_11iris_engine8geometry10reflectionNtNtNtCs8OLz2mRkHmH_4glam3f324vec34Vec3NtB4_14Vec3RefractExt7refract
FNDA:257,_RNvNtNtNtCs3Tc0WW6daC2_11iris_engine8geometry10reflection5tests8__reflect
FNF:3
FNH:2
DA:9,257
DA:10,257
DA:11,257
DA:18,0
DA:19,0
DA:20,0
DA:21,0
DA:22,0
DA:23,0
DA:24,0
DA:43,257
DA:44,257
DA:45,257
DA:46,257
DA:47,257
DA:48,257
BRF:0
BRH:0
LF:16
LH:9
end_of_record
SF:D:\rust\iris-engine\src\geometry\root_finding.rs
FN:129,_RNCNvNtNtNtCs3Tc0WW6daC2_11iris_engine8geometry12root_finding5tests7__linear0B9_
FN:139,_RNCNvNtNtNtCs3Tc0WW6daC2_11iris_engine8geometry12root_finding5tests10__quadratic0B9_
FN:151,_RNCNvNtNtNtCs3Tc0WW6daC2_11iris_engine8geometry12root_finding5tests6__cubic0B9_
FN:163,_RNCNvNtNtNtCs3Tc0WW6daC2_11iris_engine8geometry12root_finding5tests8__quartic0B9_
FN:189,_RNCNvNtNtNtCs3Tc0WW6daC2_11iris_engine8geometry12root_finding5tests17__newton_quadratic0B9_
FN:193,_RNCNvNtNtNtCs3Tc0WW6daC2_11iris_engine8geometry12root_finding5tests17__newton_quadratics_0B9_
FN:197,_RINvNtNtNtCs3Tc0WW6daC2_11iris_engine8geometry12root_finding5tests14__newton_methodNCNvB2_17__newton_quadratic0NCB1l_s_0EB8_
FN:213,_RNCNvNtNtNtCs3Tc0WW6daC2_11iris_engine8geometry12root_finding5testss_18__newton_method_log0B9_
FN:214,_RNCNvNtNtNtCs3Tc0WW6daC2_11iris_engine8geometry12root_finding5testss_18__newton_method_logs_0B9_
FN:220,_RNCNvNtNtNtCs3Tc0WW6daC2_11iris_engine8geometry12root_finding5testss_21__bisection_method_log0B9_
FN:8,_RINvNtNtCs3Tc0WW6daC2_11iris_engine8geometry12root_finding12roots_to_vecdEB6_
FN:8,_RINvNtNtCs3Tc0WW6daC2_11iris_engine8geometry12root_finding12roots_to_vecfEB6_
FN:19,_RINvNtNtCs3Tc0WW6daC2_11iris_engine8geometry12root_finding12solve_lineardEB6_
FN:25,_RINvNtNtCs3Tc0WW6daC2_11iris_engine8geometry12root_finding15solve_quadraticdEB6_
FN:25,_RINvNtNtCs3Tc0WW6daC2_11iris_engine8geometry12root_finding15solve_quadraticfEB6_
FN:31,_RINvNtNtCs3Tc0WW6daC2_11iris_engine8geometry12root_finding11solve_cubicdEB6_
FN:37,_RINvNtNtCs3Tc0WW6daC2_11iris_engine8geometry12root_finding13solve_quarticdEB6_
FN:42,_RINvNtNtCs3Tc0WW6daC2_11iris_engine8geometry12root_finding13newton_methodNCNvNtB2_5testss_18__newton_method_log0NCB1b_s_0EB6_
FN:42,_RINvNtNtCs3Tc0WW6daC2_11iris_engine8geometry12root_finding13newton_methodRNCNvNtB2_5tests17__newton_quadratic0RNCB1c_s_0EB6_
FN:59,_RINvNtNtCs3Tc0WW6daC2_11iris_engine8geometry12root_finding12brent_methodNCNvNtB2_5testss_21__bisection_method_log0EB6_
FN:126,_RNvNtNtNtCs3Tc0WW6daC2_11iris_engine8geometry12root_finding5tests7__linear
FN:136,_RNvNtNtNtCs3Tc0WW6daC2_11iris_engine8geometry12root_finding5tests10__quadratic
FN:149,_RNvNtNtNtCs3Tc0WW6daC2_11iris_engine8geometry12root_finding5tests6__cubic
FN:161,_RNvNtNtNtCs3Tc0WW6daC2_11iris_engine8geometry12root_finding5tests8__quartic
FN:187,_RNvNtNtNtCs3Tc0WW6daC2_11iris_engine8geometry12root_finding5tests17__newton_quadratic
FN:212,_RNvNtNtNtCs3Tc0WW6daC2_11iris_engine8geometry12root_finding5testss_18__newton_method_log
FN:219,_RNvNtNtNtCs3Tc0WW6daC2_11iris_engine8geometry12root_finding5testss_21__bisection_method_log
FNDA:257,_RNCNvNtNtNtCs3Tc0WW6daC2_11iris_engine8geometry12root_finding5tests7__linear0B9_
FNDA:332,_RNCNvNtNtNtCs3Tc0WW6daC2_11iris_engine8geometry12root_finding5tests10__quadratic0B9_
FNDA:375,_RNCNvNtNtNtCs3Tc0WW6daC2_11iris_engine8geometry12root_finding5tests6__cubic0B9_
FNDA:404,_RNCNvNtNtNtCs3Tc0WW6daC2_11iris_engine8geometry12root_finding5tests8__quartic0B9_
FNDA:911,_RNCNvNtNtNtCs3Tc0WW6daC2_11iris_engine8geometry12root_finding5tests17__newton_quadratic0B9_
FNDA:611,_RNCNvNtNtNtCs3Tc0WW6daC2_11iris_engine8geometry12root_finding5tests17__newton_quadratics_0B9_
FNDA:257,_RINvNtNtNtCs3Tc0WW6daC2_11iris_engine8geometry12root_finding5tests14__newton_methodNCNvB2_17__newton_quadratic0NCB1l_s_0EB8_
FNDA:3,_RNCNvNtNtNtCs3Tc0WW6daC2_11iris_engine8geometry12root_finding5testss_18__newton_method_log0B9_
FNDA:2,_RNCNvNtNtNtCs3Tc0WW6daC2_11iris_engine8geometry12root_finding5testss_18__newton_method_logs_0B9_
FNDA:7,_RNCNvNtNtNtCs3Tc0WW6daC2_11iris_engine8geometry12root_finding5testss_21__bisection_method_log0B9_
FNDA:1285,_RINvNtNtCs3Tc0WW6daC2_11iris_engine8geometry12root_finding12roots_to_vecdEB6_
FNDA:789,_RINvNtNtCs3Tc0WW6daC2_11iris_engine8geometry12root_finding12roots_to_vecfEB6_
FNDA:257,_RINvNtNtCs3Tc0WW6daC2_11iris_engine8geometry12root_finding12solve_lineardEB6_
FNDA:514,_RINvNtNtCs3Tc0WW6daC2_11iris_engine8geometry12root_finding15solve_quadraticdEB6_
FNDA:789,_RINvNtNtCs3Tc0WW6daC2_11iris_engine8geometry12root_finding15solve_quadraticfEB6_
FNDA:257,_RINvNtNtCs3Tc0WW6daC2_11iris_engine8geometry12root_finding11solve_cubicdEB6_
FNDA:257,_RINvNtNtCs3Tc0WW6daC2_11iris_engine8geometry12root_finding13solve_quarticdEB6_
FNDA:1,_RINvNtNtCs3Tc0WW6daC2_11iris_engine8geometry12root_finding13newton_methodNCNvNtB2_5testss_18__newton_method_log0NCB1b_s_0EB6_
FNDA:300,_RINvNtNtCs3Tc0WW6daC2_11iris_engine8geometry12root_finding13newton_methodRNCNvNtB2_5tests17__newton_quadratic0RNCB1c_s_0EB6_
FNDA:1,_RINvNtNtCs3Tc0WW6daC2_11iris_engine8geometry12root_finding12brent_methodNCNvNtB2_5testss_21__bisection_method_log0EB6_
FNDA:257,_RNvNtNtNtCs3Tc0WW6daC2_11iris_engine8geometry12root_finding5tests7__linear
FNDA:257,_RNvNtNtNtCs3Tc0WW6daC2_11iris_engine8geometry12root_finding5tests10__quadratic
FNDA:257,_RNvNtNtNtCs3Tc0WW6daC2_11iris_engine8geometry12root_finding5tests6__cubic
FNDA:257,_RNvNtNtNtCs3Tc0WW6daC2_11iris_engine8geometry12root_finding5tests8__quartic
FNDA:257,_RNvNtNtNtCs3Tc0WW6daC2_11iris_engine8geometry12root_finding5tests17__newton_quadratic
FNDA:1,_RNvNtNtNtCs3Tc0WW6daC2_11iris_engine8geometry12root_finding5testss_18__newton_method_log
FNDA:1,_RNvNtNtNtCs3Tc0WW6daC2_11iris_engine8geometry12root_finding5testss_21__bisection_method_log
FNF:24
FNH:24
DA:8,2074
DA:9,2074
DA:10,731
DA:11,455
DA:12,822
DA:13,59
DA:14,7
DA:16,2074
DA:19,257
DA:20,257
DA:21,257
DA:22,257
DA:25,1303
DA:26,1303
DA:27,1303
DA:28,1303
DA:31,257
DA:32,257
DA:33,257
DA:34,257
DA:37,257
DA:38,257
DA:39,257
DA:40,257
DA:42,301
DA:43,301
DA:44,301
DA:45,301
DA:46,301
DA:47,301
DA:48,301
DA:49,301
DA:50,301
DA:51,301
DA:52,301
DA:53,301
DA:54,301
DA:55,301
DA:56,301
DA:57,301
DA:58,301
DA:59,1
DA:60,1
DA:61,1
DA:62,1
DA:63,1
DA:64,1
DA:65,1
DA:66,1
DA:67,1
DA:68,1
DA:69,1
DA:70,1
DA:71,1
DA:72,1
DA:73,1
DA:74,1
DA:126,257
DA:127,257
DA:128,257
DA:129,257
DA:131,514
DA:132,257
DA:134,257
DA:136,257
DA:137,257
DA:138,257
DA:139,332
DA:140,332
DA:141,332
DA:142,332
DA:143,589
DA:144,332
DA:146,257
DA:149,257
DA:150,257
DA:151,375
DA:152,375
DA:153,375
DA:154,375
DA:155,375
DA:156,632
DA:157,375
DA:159,257
DA:161,257
DA:162,257
DA:163,404
DA:164,404
DA:165,404
DA:166,404
DA:167,404
DA:168,404
DA:169,661
DA:170,404
DA:172,257
DA:187,257
DA:188,257
DA:189,911
DA:190,911
DA:191,911
DA:192,911
DA:193,611
DA:194,257
DA:195,257
DA:197,257
DA:198,257
DA:199,257
DA:200,257
DA:201,257
DA:202,257
DA:203,257
DA:204,557
DA:205,300
DA:206,300
DA:207,300
DA:209,257
DA:212,1
DA:213,3
DA:214,2
DA:215,1
DA:216,1
DA:217,1
DA:219,1
DA:220,7
DA:221,1
DA:222,1
DA:223,1
BRF:0
BRH:0
LF:136
LH:136
end_of_record
SF:D:\rust\iris-engine\src\geometry\shapes\cuboid.rs
FN:11,_RNvMNtNtNtCs3Tc0WW6daC2_11iris_engine8geometry6shapes6cuboidNtB2_6Cuboid3new
FN:15,_RNvMNtNtNtCs3Tc0WW6daC2_11iris_engine8geometry6shapes6cuboidNtB2_6Cuboid8contains
FN:23,_RNvXs_NtNtNtCs3Tc0WW6daC2_11iris_engine8geometry6shapes6cuboidNtB4_6CuboidNtNtNtBa_8renderer4mesh8Meshable4mesh
FN:63,_RNCNvXs_NtNtNtCs3Tc0WW6daC2_11iris_engine8geometry6shapes6cuboidNtB6_6CuboidNtNtNtBc_8renderer4mesh8Meshable4mesh0Bc_
FNDA:258,_RNvMNtNtNtCs3Tc0WW6daC2_11iris_engine8geometry6shapes6cuboidNtB2_6Cuboid3new
FNDA:386,_RNvMNtNtNtCs3Tc0WW6daC2_11iris_engine8geometry6shapes6cuboidNtB2_6Cuboid8contains
FNDA:0,_RNvXs_NtNtNtCs3Tc0WW6daC2_11iris_engine8geometry6shapes6cuboidNtB4_6CuboidNtNtNtBa_8renderer4mesh8Meshable4mesh
FNDA:0,_RNCNvXs_NtNtNtCs3Tc0WW6daC2_11iris_engine8geometry6shapes6cuboidNtB6_6CuboidNtNtNtBc_8renderer4mesh8Meshable4mesh0Bc_
FNF:4
FNH:2
DA:11,258
DA:12,258
DA:13,258
DA:15,386
DA:16,386
DA:17,152
DA:18,56
DA:19,386
DA:23,0
DA:24,0
DA:25,0
DA:26,0
DA:27,0
DA:28,0
DA:29,0
DA:30,0
DA:31,0
DA:32,0
DA:33,0
DA:34,0
DA:35,0
DA:36,0
DA:37,0
DA:38,0
DA:39,0
DA:40,0
DA:41,0
DA:42,0
DA:43,0
DA:44,0
DA:45,0
DA:46,0
DA:47,0
DA:48,0
DA:49,0
DA:50,0
DA:51,0
DA:52,0
DA:53,0
DA:54,0
DA:55,0
DA:56,0
DA:57,0
DA:58,0
DA:59,0
DA:60,0
DA:61,0
DA:62,0
DA:63,0
DA:64,0
DA:65,0
DA:66,0
DA:67,0
DA:68,0
DA:69,0
DA:70,0
DA:71,0
DA:72,0
DA:73,0
DA:74,0
DA:75,0
DA:76,0
DA:77,0
DA:78,0
DA:79,0
DA:80,0
BRF:0
BRH:0
LF:68
LH:8
end_of_record
SF:D:\rust\iris-engine\src\geometry\shapes\cylinder.rs
FN:27,_RNvMNtNtNtCs3Tc0WW6daC2_11iris_engine8geometry6shapes8cylinderNtB2_8Cylinder8gradient
FN:42,_RNvMNtNtNtCs3Tc0WW6daC2_11iris_engine8geometry6shapes8cylinderNtB2_8Cylinder6normal
FN:12,_RNvMNtNtNtCs3Tc0WW6daC2_11iris_engine8geometry6shapes8cylinderNtB2_8Cylinder3new
FN:21,_RNvMNtNtNtCs3Tc0WW6daC2_11iris_engine8geometry6shapes8cylinderNtB2_8Cylinder8equation
FNDA:0,_RNvMNtNtNtCs3Tc0WW6daC2_11iris_engine8geometry6shapes8cylinderNtB2_8Cylinder8gradient
FNDA:0,_RNvMNtNtNtCs3Tc0WW6daC2_11iris_engine8geometry6shapes8cylinderNtB2_8Cylinder6normal
FNDA:258,_RNvMNtNtNtCs3Tc0WW6daC2_11iris_engine8geometry6shapes8cylinderNtB2_8Cylinder3new
FNDA:29,_RNvMNtNtNtCs3Tc0WW6daC2_11iris_engine8geometry6shapes8cylinderNtB2_8Cylinder8equation
FNF:4
FNH:2
DA:12,258
DA:13,258
DA:14,258
DA:15,258
DA:16,258
DA:17,258
DA:18,258
DA:21,29
DA:22,29
DA:23,29
DA:24,29
DA:25,29
DA:27,0
DA:28,0
DA:29,0
DA:30,0
DA:31,0
DA:32,0
DA:33,0
DA:34,0
DA:36,0
DA:38,0
DA:42,0
DA:43,0
DA:44,0
DA:45,0
BRF:0
BRH:0
LF:26
LH:12
end_of_record
SF:D:\rust\iris-engine\src\geometry\shapes\ellipsoid.rs
FN:14,_RNvMNtNtNtCs3Tc0WW6daC2_11iris_engine8geometry6shapes9ellipsoidNtB2_9Ellipsoid8equation
FN:18,_RNvMNtNtNtCs3Tc0WW6daC2_11iris_engine8geometry6shapes9ellipsoidNtB2_9Ellipsoid8gradient
FN:24,_RNvMNtNtNtCs3Tc0WW6daC2_11iris_engine8geometry6shapes9ellipsoidNtB2_9Ellipsoid6normal
FN:10,_RNvMNtNtNtCs3Tc0WW6daC2_11iris_engine8geometry6shapes9ellipsoidNtB2_9Ellipsoid3new
FNDA:0,_RNvMNtNtNtCs3Tc0WW6daC2_11iris_engine8geometry6shapes9ellipsoidNtB2_9Ellipsoid8equation
FNDA:0,_RNvMNtNtNtCs3Tc0WW6daC2_11iris_engine8geometry6shapes9ellipsoidNtB2_9Ellipsoid8gradient
FNDA:0,_RNvMNtNtNtCs3Tc0WW6daC2_11iris_engine8geometry6shapes9ellipsoidNtB2_9Ellipsoid6normal
FNDA:258,_RNvMNtNtNtCs3Tc0WW6daC2_11iris_engine8geometry6shapes9ellipsoidNtB2_9Ellipsoid3new
FNF:4
FNH:1
DA:10,258
DA:11,258
DA:12,258
DA:14,0
DA:15,0
DA:16,0
DA:18,0
DA:19,0
DA:20,0
DA:24,0
DA:25,0
DA:26,0
DA:27,0
BRF:0
BRH:0
LF:13
LH:3
end_of_record
SF:D:\rust\iris-engine\src\geometry\shapes\sphere.rs
FN:166,_RNvNtNtNtNtCs3Tc0WW6daC2_11iris_engine8geometry6shapes6sphere5tests9__contains
FN:170,_RNvNtNtNtNtCs3Tc0WW6daC2_11iris_engine8geometry6shapes6sphere5tests13__not_contains
FN:174,_RNvNtNtNtNtCs3Tc0WW6daC2_11iris_engine8geometry6shapes6sphere5tests18__closest_on_sphere
FN:20,_RNvMNtNtNtCs3Tc0WW6daC2_11iris_engine8geometry6shapes6sphereNtB2_6Sphere3newB8_
FN:24,_RNvMNtNtNtCs3Tc0WW6daC2_11iris_engine8geometry6shapes6sphereNtB2_6Sphere8containsB8_
FN:28,_RNvMNtNtNtCs3Tc0WW6daC2_11iris_engine8geometry6shapes6sphereNtB2_6Sphere17closest_on_sphereB8_
FN:33,_RNvMNtNtNtCs3Tc0WW6daC2_11iris_engine8geometry6shapes6sphereNtB2_6Sphere3ico
FN:34,_RNCNvMNtNtNtCs3Tc0WW6daC2_11iris_engine8geometry6shapes6sphereNtB4_6Sphere3ico0Ba_
FN:49,_RNCNvMNtNtNtCs3Tc0WW6daC2_11iris_engine8geometry6shapes6sphereNtB4_6Sphere3icos_0Ba_
FN:72,_RNvMNtNtNtCs3Tc0WW6daC2_11iris_engine8geometry6shapes6sphereNtB2_6Sphere2uv
FN:133,_RNvXs_NtNtNtCs3Tc0WW6daC2_11iris_engine8geometry6shapes6sphereNtB4_6SphereNtNtNtBa_8renderer4mesh8Meshable4mesh
FNDA:258,_RNvNtNtNtNtCs3Tc0WW6daC2_11iris_engine8geometry6shapes6sphere5tests9__contains
FNDA:258,_RNvNtNtNtNtCs3Tc0WW6daC2_11iris_engine8geometry6shapes6sphere5tests13__not_contains
FNDA:258,_RNvNtNtNtNtCs3Tc0WW6daC2_11iris_engine8geometry6shapes6sphere5tests18__closest_on_sphere
FNDA:1548,_RNvMNtNtNtCs3Tc0WW6daC2_11iris_engine8geometry6shapes6sphereNtB2_6Sphere3newB8_
FNDA:516,_RNvMNtNtNtCs3Tc0WW6daC2_11iris_engine8geometry6shapes6sphereNtB2_6Sphere8containsB8_
FNDA:258,_RNvMNtNtNtCs3Tc0WW6daC2_11iris_engine8geometry6shapes6sphereNtB2_6Sphere17closest_on_sphereB8_
FNDA:0,_RNvMNtNtNtCs3Tc0WW6daC2_11iris_engine8geometry6shapes6sphereNtB2_6Sphere3ico
FNDA:0,_RNCNvMNtNtNtCs3Tc0WW6daC2_11iris_engine8geometry6shapes6sphereNtB4_6Sphere3ico0Ba_
FNDA:0,_RNCNvMNtNtNtCs3Tc0WW6daC2_11iris_engine8geometry6shapes6sphereNtB4_6Sphere3icos_0Ba_
FNDA:0,_RNvMNtNtNtCs3Tc0WW6daC2_11iris_engine8geometry6shapes6sphereNtB2_6Sphere2uv
FNDA:0,_RNvXs_NtNtNtCs3Tc0WW6daC2_11iris_engine8geometry6shapes6sphereNtB4_6SphereNtNtNtBa_8renderer4mesh8Meshable4mesh
FNF:11
FNH:6
DA:20,1548
DA:21,1548
DA:22,1548
DA:24,516
DA:25,516
DA:26,516
DA:28,258
DA:29,258
DA:30,258
DA:31,258
DA:33,0
DA:34,0
DA:35,0
DA:36,0
DA:37,0
DA:38,0
DA:39,0
DA:40,0
DA:41,0
DA:42,0
DA:43,0
DA:44,0
DA:45,0
DA:46,0
DA:47,0
DA:48,0
DA:49,0
DA:50,0
DA:51,0
DA:52,0
DA:53,0
DA:54,0
DA:55,0
DA:56,0
DA:57,0
DA:58,0
DA:59,0
DA:60,0
DA:61,0
DA:62,0
DA:64,0
DA:65,0
DA:66,0
DA:68,0
DA:69,0
DA:70,0
DA:72,0
DA:73,0
DA:74,0
DA:75,0
DA:76,0
DA:77,0
DA:78,0
DA:79,0
DA:80,0
DA:81,0
DA:82,0
DA:83,0
DA:84,0
DA:85,0
DA:87,0
DA:88,0
DA:89,0
DA:90,0
DA:92,0
DA:93,0
DA:94,0
DA:95,0
DA:96,0
DA:97,0
DA:98,0
DA:99,0
DA:100,0
DA:101,0
DA:102,0
DA:110,0
DA:111,0
DA:112,0
DA:113,0
DA:114,0
DA:115,0
DA:116,0
DA:117,0
DA:118,0
DA:119,0
DA:120,0
DA:121,0
DA:122,0
DA:123,0
DA:124,0
DA:125,0
DA:129,0
DA:130,0
DA:133,0
DA:134,0
DA:135,0
DA:166,258
DA:167,258
DA:168,258
DA:169,258
DA:170,258
DA:171,258
DA:172,258
DA:173,258
DA:174,258
DA:175,258
DA:176,258
DA:177,258
BRF:0
BRH:0
LF:112
LH:22
end_of_record
SF:D:\rust\iris-engine\src\geometry\shapes\triangle.rs
FN:37,_RNvXs_NtNtNtCs3Tc0WW6daC2_11iris_engine8geometry6shapes8triangleNtB4_8TriangleNtNtNtBa_8renderer4mesh8Meshable4mesh
FN:13,_RNvMNtNtNtCs3Tc0WW6daC2_11iris_engine8geometry6shapes8triangleNtB2_8Triangle3new
FN:17,_RNvMNtNtNtCs3Tc0WW6daC2_11iris_engine8geometry6shapes8triangleNtB2_8Triangle6normal
FN:21,_RNvMNtNtNtCs3Tc0WW6daC2_11iris_engine8geometry6shapes8triangleNtB2_8Triangle18is_inside_triangle
FNDA:0,_RNvXs_NtNtNtCs3Tc0WW6daC2_11iris_engine8geometry6shapes8triangleNtB4_8TriangleNtNtNtBa_8renderer4mesh8Meshable4mesh
FNDA:258,_RNvMNtNtNtCs3Tc0WW6daC2_11iris_engine8geometry6shapes8triangleNtB2_8Triangle3new
FNDA:274,_RNvMNtNtNtCs3Tc0WW6daC2_11iris_engine8geometry6shapes8triangleNtB2_8Triangle6normal
FNDA:139,_RNvMNtNtNtCs3Tc0WW6daC2_11iris_engine8geometry6shapes8triangleNtB2_8Triangle18is_inside_triangle
FNF:4
FNH:3
DA:13,258
DA:14,258
DA:15,258
DA:17,274
DA:18,274
DA:19,274
DA:21,139
DA:22,139
DA:23,139
DA:24,139
DA:25,139
DA:26,139
DA:27,139
DA:28,139
DA:29,139
DA:30,139
DA:31,139
DA:32,139
DA:33,139
DA:34,139
DA:37,0
DA:38,0
DA:39,0
DA:40,0
DA:41,0
DA:42,0
DA:43,0
DA:44,0
DA:45,0
DA:46,0
DA:47,0
DA:48,0
DA:49,0
DA:50,0
DA:51,0
DA:52,0
DA:53,0
DA:54,0
DA:55,0
DA:56,0
DA:57,0
DA:58,0
DA:59,0
DA:60,0
DA:61,0
BRF:0
BRH:0
LF:45
LH:20
end_of_record
SF:D:\rust\iris-engine\src\lib.rs
FN:19,_RNvXINICs3Tc0WW6daC2_11iris_engine0pEpINtB5_11GpuSendablepE6to_gpuB5_
FNDA:0,_RNvXINICs3Tc0WW6daC2_11iris_engine0pEpINtB5_11GpuSendablepE6to_gpuB5_
FNF:1
FNH:0
DA:19,0
DA:20,0
DA:21,0
BRF:0
BRH:0
LF:3
LH:0
end_of_record
SF:D:\rust\iris-engine\src\renderer\app.rs
FN:17,_RNvYpNtNtNtCs3Tc0WW6daC2_11iris_engine8renderer3app3App17optional_featuresB9_
FN:21,_RNvYpNtNtNtCs3Tc0WW6daC2_11iris_engine8renderer3app3App17required_featuresB9_
FN:25,_RNvYpNtNtNtCs3Tc0WW6daC2_11iris_engine8renderer3app3App31required_downlevel_capabilitiesB9_
FN:32,_RNvYpNtNtNtCs3Tc0WW6daC2_11iris_engine8renderer3app3App15required_limitsB9_
FN:38,_RNvYpNtNtNtCs3Tc0WW6daC2_11iris_engine8renderer3app3App3guiB9_
FN:39,_RNvYpNtNtNtCs3Tc0WW6daC2_11iris_engine8renderer3app3App12gui_registerB9_
FN:40,_RNvYpNtNtNtCs3Tc0WW6daC2_11iris_engine8renderer3app3App6resizeB9_
FN:41,_RNvYpNtNtNtCs3Tc0WW6daC2_11iris_engine8renderer3app3App5inputB9_
FN:42,_RNvYpNtNtNtCs3Tc0WW6daC2_11iris_engine8renderer3app3App6renderB9_
FN:53,_RNvMNtNtCs3Tc0WW6daC2_11iris_engine8renderer3appNtB2_12FrameCounter3new
FN:60,_RNvMNtNtCs3Tc0WW6daC2_11iris_engine8renderer3appNtB2_12FrameCounter6update
FN:86,_RNvMs_NtNtCs3Tc0WW6daC2_11iris_engine8renderer3appINtB4_10AppHandlerpE3newB8_
FN:124,_RNvMs0_NtNtCs3Tc0WW6daC2_11iris_engine8renderer3appINtB5_10AppHandlerpE5eventB9_
FN:188,_RNCNvMs0_NtNtCs3Tc0WW6daC2_11iris_engine8renderer3appINtB7_10AppHandlerpE5event0Bb_
FN:208,_RINvNtNtCs3Tc0WW6daC2_11iris_engine8renderer3app5startpEB6_
FN:208,_RNCINvNtNtCs3Tc0WW6daC2_11iris_engine8renderer3app5startpE0B8_
FN:216,_RNCNCINvNtNtCs3Tc0WW6daC2_11iris_engine8renderer3app5startpE00Ba_
FN:221,_RINvNtNtCs3Tc0WW6daC2_11iris_engine8renderer3app3runpEB6_
FNDA:0,_RNvYpNtNtNtCs3Tc0WW6daC2_11iris_engine8renderer3app3App17optional_featuresB9_
FNDA:0,_RNvYpNtNtNtCs3Tc0WW6daC2_11iris_engine8renderer3app3App17required_featuresB9_
FNDA:0,_RNvYpNtNtNtCs3Tc0WW6daC2_11iris_engine8renderer3app3App31required_downlevel_capabilitiesB9_
FNDA:0,_RNvYpNtNtNtCs3Tc0WW6daC2_11iris_engine8renderer3app3App15required_limitsB9_
FNDA:0,_RNvYpNtNtNtCs3Tc0WW6daC2_11iris_engine8renderer3app3App3guiB9_
FNDA:0,_RNvYpNtNtNtCs3Tc0WW6daC2_11iris_engine8renderer3app3App12gui_registerB9_
FNDA:0,_RNvYpNtNtNtCs3Tc0WW6daC2_11iris_engine8renderer3app3App6resizeB9_
FNDA:0,_RNvYpNtNtNtCs3Tc0WW6daC2_11iris_engine8renderer3app3App5inputB9_
FNDA:0,_RNvYpNtNtNtCs3Tc0WW6daC2_11iris_engine8renderer3app3App6renderB9_
FNDA:0,_RNvMNtNtCs3Tc0WW6daC2_11iris_engine8renderer3appNtB2_12FrameCounter3new
FNDA:0,_RNvMNtNtCs3Tc0WW6daC2_11iris_engine8renderer3appNtB2_12FrameCounter6update
FNDA:0,_RNvMs_NtNtCs3Tc0WW6daC2_11iris_engine8renderer3appINtB4_10AppHandlerpE3newB8_
FNDA:0,_RNvMs0_NtNtCs3Tc0WW6daC2_11iris_engine8renderer3appINtB5_10AppHandlerpE5eventB9_
FNDA:0,_RNCNvMs0_NtNtCs3Tc0WW6daC2_11iris_engine8renderer3appINtB7_10AppHandlerpE5event0Bb_
FNDA:0,_RINvNtNtCs3Tc0WW6daC2_11iris_engine8renderer3app5startpEB6_
FNDA:0,_RNCINvNtNtCs3Tc0WW6daC2_11iris_engine8renderer3app5startpE0B8_
FNDA:0,_RNCNCINvNtNtCs3Tc0WW6daC2_11iris_engine8renderer3app5startpE00Ba_
FNDA:0,_RINvNtNtCs3Tc0WW6daC2_11iris_engine8renderer3app3runpEB6_
FNF:18
FNH:0
DA:17,0
DA:18,0
DA:19,0
DA:21,0
DA:22,0
DA:23,0
DA:25,0
DA:26,0
DA:27,0
DA:28,0
DA:29,0
DA:30,0
DA:32,0
DA:33,0
DA:34,0
DA:38,0
DA:39,0
DA:40,0
DA:41,0
DA:42,0
DA:53,0
DA:54,0
DA:55,0
DA:56,0
DA:57,0
DA:58,0
DA:60,0
DA:61,0
DA:62,0
DA:63,0
DA:64,0
DA:65,0
DA:66,0
DA:67,0
DA:68,0
DA:70,0
DA:71,0
DA:72,0
DA:73,0
DA:86,0
DA:87,0
DA:88,0
DA:89,0
DA:90,0
DA:91,0
DA:92,0
DA:93,0
DA:94,0
DA:95,0
DA:96,0
DA:97,0
DA:124,0
DA:125,0
DA:126,0
DA:127,0
DA:128,0
DA:129,0
DA:130,0
DA:131,0
DA:132,0
DA:133,0
DA:134,0
DA:135,0
DA:136,0
DA:137,0
DA:138,0
DA:139,0
DA:140,0
DA:141,0
DA:142,0
DA:143,0
DA:144,0
DA:153,0
DA:154,0
DA:155,0
DA:157,0
DA:158,0
DA:159,0
DA:160,0
DA:161,0
DA:162,0
DA:163,0
DA:164,0
DA:165,0
DA:166,0
DA:167,0
DA:168,0
DA:169,0
DA:170,0
DA:171,0
DA:172,0
DA:173,0
DA:174,0
DA:175,0
DA:176,0
DA:177,0
DA:178,0
DA:179,0
DA:180,0
DA:181,0
DA:182,0
DA:183,0
DA:184,0
DA:185,0
DA:186,0
DA:187,0
DA:188,0
DA:189,0
DA:190,0
DA:191,0
DA:192,0
DA:193,0
DA:194,0
DA:196,0
DA:197,0
DA:198,0
DA:202,0
DA:203,0
DA:205,0
DA:208,0
DA:209,0
DA:210,0
DA:211,0
DA:212,0
DA:213,0
DA:214,0
DA:215,0
DA:216,0
DA:217,0
DA:218,0
DA:219,0
DA:221,0
DA:222,0
DA:223,0
BRF:0
BRH:0
LF:138
LH:0
end_of_record
SF:D:\rust\iris-engine\src\renderer\bind_group.rs
FN:17,_RNvMNtNtCs3Tc0WW6daC2_11iris_engine8renderer10bind_groupNtB2_16BindGroupBuilder3new
FN:24,_RNvMNtNtCs3Tc0WW6daC2_11iris_engine8renderer10bind_groupNtB2_16BindGroupBuilder7uniform
FN:48,_RNvMNtNtCs3Tc0WW6daC2_11iris_engine8renderer10bind_groupNtB2_16BindGroupBuilder14storage_buffer
FN:72,_RNvMNtNtCs3Tc0WW6daC2_11iris_engine8renderer10bind_groupNtB2_16BindGroupBuilder7texture
FN:107,_RNvMNtNtCs3Tc0WW6daC2_11iris_engine8renderer10bind_groupNtB2_16BindGroupBuilder5build
FN:126,_RNvXs_NtNtCs3Tc0WW6daC2_11iris_engine8renderer10bind_groupNtB4_16BindGroupBuilderNtNtCsgfKerrBUswu_4core7default7Default7default
FNDA:0,_RNvMNtNtCs3Tc0WW6daC2_11iris_engine8renderer10bind_groupNtB2_16BindGroupBuilder3new
FNDA:0,_RNvMNtNtCs3Tc0WW6daC2_11iris_engine8renderer10bind_groupNtB2_16BindGroupBuilder7uniform
FNDA:0,_RNvMNtNtCs3Tc0WW6daC2_11iris_engine8renderer10bind_groupNtB2_16BindGroupBuilder14storage_buffer
FNDA:0,_RNvMNtNtCs3Tc0WW6daC2_11iris_engine8renderer10bind_groupNtB2_16BindGroupBuilder7texture
FNDA:0,_RNvMNtNtCs3Tc0WW6daC2_11iris_engine8renderer10bind_groupNtB2_16BindGroupBuilder5build
FNDA:0,_RNvXs_NtNtCs3Tc0WW6daC2_11iris_engine8renderer10bind_groupNtB4_16BindGroupBuilderNtNtCsgfKerrBUswu_4core7default7Default7default
FNF:6
FNH:0
DA:17,0
DA:18,0
DA:19,0
DA:20,0
DA:21,0
DA:22,0
DA:23,0
DA:24,0
DA:25,0
DA:26,0
DA:27,0
DA:28,0
DA:29,0
DA:30,0
DA:31,0
DA:32,0
DA:33,0
DA:34,0
DA:35,0
DA:36,0
DA:37,0
DA:38,0
DA:39,0
DA:40,0
DA:41,0
DA:42,0
DA:43,0
DA:44,0
DA:45,0
DA:46,0
DA:48,0
DA:49,0
DA:50,0
DA:51,0
DA:52,0
DA:53,0
DA:54,0
DA:55,0
DA:56,0
DA:57,0
DA:58,0
DA:59,0
DA:60,0
DA:61,0
DA:62,0
DA:63,0
DA:64,0
DA:65,0
DA:66,0
DA:67,0
DA:68,0
DA:69,0
DA:70,0
DA:72,0
DA:73,0
DA:74,0
DA:75,0
DA:76,0
DA:77,0
DA:78,0
DA:79,0
DA:80,0
DA:81,0
DA:82,0
DA:83,0
DA:84,0
DA:85,0
DA:86,0
DA:87,0
DA:88,0
DA:89,0
DA:90,0
DA:91,0
DA:92,0
DA:93,0
DA:94,0
DA:95,0
DA:96,0
DA:97,0
DA:98,0
DA:99,0
DA:100,0
DA:101,0
DA:102,0
DA:103,0
DA:104,0
DA:105,0
DA:107,0
DA:108,0
DA:109,0
DA:110,0
DA:111,0
DA:112,0
DA:113,0
DA:114,0
DA:115,0
DA:116,0
DA:117,0
DA:118,0
DA:119,0
DA:120,0
DA:121,0
DA:122,0
DA:126,0
DA:127,0
DA:128,0
BRF:0
BRH:0
LF:106
LH:0
end_of_record
SF:D:\rust\iris-engine\src\renderer\buffer.rs
FN:20,_RNvMNtNtCs3Tc0WW6daC2_11iris_engine8renderer6bufferINtB2_12VertexBufferpE3newB6_
FN:36,_RNvMs_NtNtCs3Tc0WW6daC2_11iris_engine8renderer6bufferNtB4_11IndexBuffer3new
FN:54,_RINvMs0_NtNtCs3Tc0WW6daC2_11iris_engine8renderer6bufferINtB6_13UniformBufferpE3newpEBa_
FN:67,_RINvMs0_NtNtCs3Tc0WW6daC2_11iris_engine8renderer6bufferINtB6_13UniformBufferpE6updatepEBa_
FN:82,_RINvMs1_NtNtCs3Tc0WW6daC2_11iris_engine8renderer6bufferINtB6_18UniformBufferArraypE3newpEBa_
FN:98,_RINvMs1_NtNtCs3Tc0WW6daC2_11iris_engine8renderer6bufferINtB6_18UniformBufferArraypE6updatepEBa_
FN:106,_RINvMs1_NtNtCs3Tc0WW6daC2_11iris_engine8renderer6bufferINtB6_18UniformBufferArraypE9update_atpEBa_
FN:129,_RINvMs2_NtNtCs3Tc0WW6daC2_11iris_engine8renderer6bufferINtB6_13StorageBufferpE3newpEBa_
FN:142,_RINvMs2_NtNtCs3Tc0WW6daC2_11iris_engine8renderer6bufferINtB6_13StorageBufferpE6updatepEBa_
FN:158,_RINvMs3_NtNtCs3Tc0WW6daC2_11iris_engine8renderer6bufferINtB6_18StorageBufferArraypE3newpEBa_
FN:176,_RINvMs3_NtNtCs3Tc0WW6daC2_11iris_engine8renderer6bufferINtB6_18StorageBufferArraypE6updatepEBa_
FN:188,_RINvMs3_NtNtCs3Tc0WW6daC2_11iris_engine8renderer6bufferINtB6_18StorageBufferArraypE9update_atpEBa_
FN:209,_RNvMs4_NtNtCs3Tc0WW6daC2_11iris_engine8renderer6bufferNtB5_6Buffer3new
FNDA:0,_RNvMNtNtCs3Tc0WW6daC2_11iris_engine8renderer6bufferINtB2_12VertexBufferpE3newB6_
FNDA:0,_RNvMs_NtNtCs3Tc0WW6daC2_11iris_engine8renderer6bufferNtB4_11IndexBuffer3new
FNDA:0,_RINvMs0_NtNtCs3Tc0WW6daC2_11iris_engine8renderer6bufferINtB6_13UniformBufferpE3newpEBa_
FNDA:0,_RINvMs0_NtNtCs3Tc0WW6daC2_11iris_engine8renderer6bufferINtB6_13UniformBufferpE6updatepEBa_
FNDA:0,_RINvMs1_NtNtCs3Tc0WW6daC2_11iris_engine8renderer6bufferINtB6_18UniformBufferArraypE3newpEBa_
FNDA:0,_RINvMs1_NtNtCs3Tc0WW6daC2_11iris_engine8renderer6bufferINtB6_18UniformBufferArraypE6updatepEBa_
FNDA:0,_RINvMs1_NtNtCs3Tc0WW6daC2_11iris_engine8renderer6bufferINtB6_18UniformBufferArraypE9update_atpEBa_
FNDA:0,_RINvMs2_NtNtCs3Tc0WW6daC2_11iris_engine8renderer6bufferINtB6_13StorageBufferpE3newpEBa_
FNDA:0,_RINvMs2_NtNtCs3Tc0WW6daC2_11iris_engine8renderer6bufferINtB6_13StorageBufferpE6updatepEBa_
FNDA:0,_RINvMs3_NtNtCs3Tc0WW6daC2_11iris_engine8renderer6bufferINtB6_18StorageBufferArraypE3newpEBa_
FNDA:0,_RINvMs3_NtNtCs3Tc0WW6daC2_11iris_engine8renderer6bufferINtB6_18StorageBufferArraypE6updatepEBa_
FNDA:0,_RINvMs3_NtNtCs3Tc0WW6daC2_11iris_engine8renderer6bufferINtB6_18StorageBufferArraypE9update_atpEBa_
FNDA:0,_RNvMs4_NtNtCs3Tc0WW6daC2_11iris_engine8renderer6bufferNtB5_6Buffer3new
FNF:13
FNH:0
DA:20,0
DA:21,0
DA:22,0
DA:23,0
DA:24,0
DA:25,0
DA:26,0
DA:27,0
DA:36,0
DA:37,0
DA:38,0
DA:39,0
DA:40,0
DA:41,0
DA:42,0
DA:43,0
DA:44,0
DA:54,0
DA:55,0
DA:56,0
DA:57,0
DA:58,0
DA:59,0
DA:60,0
DA:61,0
DA:62,0
DA:63,0
DA:64,0
DA:65,0
DA:67,0
DA:68,0
DA:69,0
DA:70,0
DA:71,0
DA:72,0
DA:73,0
DA:82,0
DA:83,0
DA:84,0
DA:85,0
DA:86,0
DA:87,0
DA:88,0
DA:89,0
DA:90,0
DA:91,0
DA:92,0
DA:93,0
DA:94,0
DA:95,0
DA:96,0
DA:97,0
DA:98,0
DA:99,0
DA:100,0
DA:101,0
DA:102,0
DA:103,0
DA:104,0
DA:105,0
DA:106,0
DA:107,0
DA:108,0
DA:109,0
DA:110,0
DA:111,0
DA:113,0
DA:114,0
DA:115,0
DA:116,0
DA:117,0
DA:118,0
DA:119,0
DA:129,0
DA:130,0
DA:131,0
DA:132,0
DA:133,0
DA:134,0
DA:135,0
DA:136,0
DA:137,0
DA:138,0
DA:139,0
DA:140,0
DA:142,0
DA:143,0
DA:144,0
DA:145,0
DA:146,0
DA:147,0
DA:148,0
DA:158,0
DA:159,0
DA:160,0
DA:161,0
DA:162,0
DA:163,0
DA:164,0
DA:165,0
DA:166,0
DA:167,0
DA:168,0
DA:169,0
DA:170,0
DA:171,0
DA:172,0
DA:173,0
DA:174,0
DA:175,0
DA:176,0
DA:177,0
DA:178,0
DA:179,0
DA:180,0
DA:181,0
DA:182,0
DA:183,0
DA:184,0
DA:185,0
DA:186,0
DA:187,0
DA:188,0
DA:189,0
DA:190,0
DA:191,0
DA:192,0
DA:193,0
DA:195,0
DA:196,0
DA:197,0
DA:198,0
DA:199,0
DA:200,0
DA:201,0
DA:209,0
DA:210,0
DA:211,0
DA:212,0
DA:213,0
DA:214,0
DA:215,0
DA:216,0
DA:217,0
BRF:0
BRH:0
LF:144
LH:0
end_of_record
SF:D:\rust\iris-engine\src\renderer\camera.rs
FN:27,_RNCNvNtNtCs3Tc0WW6daC2_11iris_engine8renderer6camera1__0B7_
FN:25,_RNCNvNtNtCs3Tc0WW6daC2_11iris_engine8renderer6cameras_1__0B7_
FN:25,_RNCNvNtNtCs3Tc0WW6daC2_11iris_engine8renderer6cameras0_1__0B7_
FN:25,_RNCNvNtNtCs3Tc0WW6daC2_11iris_engine8renderer6cameras1_1__0B7_
FN:25,_RNCNvNtNtCs3Tc0WW6daC2_11iris_engine8renderer6cameras2_1__0B7_
FN:25,_RNCNvNtNtCs3Tc0WW6daC2_11iris_engine8renderer6cameras3_1__0B7_
FN:25,_RNCNvNtNtCs3Tc0WW6daC2_11iris_engine8renderer6cameras4_1__0B7_
FN:25,_RNCNvNtNtCs3Tc0WW6daC2_11iris_engine8renderer6cameras5_1__0B7_
FN:25,_RNCNvNtNtCs3Tc0WW6daC2_11iris_engine8renderer6cameras6_1__0B7_
FN:25,_RNCNvNtNtCs3Tc0WW6daC2_11iris_engine8renderer6cameras7_1__0B7_
FN:25,_RNCNvNtNtCs3Tc0WW6daC2_11iris_engine8renderer6cameras8_1__0B7_
FN:25,_RNvNCNvNtNtCs3Tc0WW6daC2_11iris_engine8renderer6cameras_1__05check
FN:25,_RINvNvNCNvNtNtCs3Tc0WW6daC2_11iris_engine8renderer6cameras_1__05check11assert_implpEBc_
FN:25,_RNvNCNvNtNtCs3Tc0WW6daC2_11iris_engine8renderer6cameras0_1__05check
FN:25,_RINvNvNCNvNtNtCs3Tc0WW6daC2_11iris_engine8renderer6cameras0_1__05check11assert_implpEBc_
FN:25,_RNvNCNvNtNtCs3Tc0WW6daC2_11iris_engine8renderer6cameras1_1__05check
FN:25,_RINvNvNCNvNtNtCs3Tc0WW6daC2_11iris_engine8renderer6cameras1_1__05check11assert_implpEBc_
FN:25,_RNvNCNvNtNtCs3Tc0WW6daC2_11iris_engine8renderer6cameras2_1__05check
FN:25,_RINvNvNCNvNtNtCs3Tc0WW6daC2_11iris_engine8renderer6cameras2_1__05check11assert_implpEBc_
FN:25,_RNvNCNvNtNtCs3Tc0WW6daC2_11iris_engine8renderer6cameras3_1__05check
FN:25,_RINvNvNCNvNtNtCs3Tc0WW6daC2_11iris_engine8renderer6cameras3_1__05check11assert_implpEBc_
FN:25,_RNvNCNvNtNtCs3Tc0WW6daC2_11iris_engine8renderer6cameras4_1__05check
FN:25,_RINvNvNCNvNtNtCs3Tc0WW6daC2_11iris_engine8renderer6cameras4_1__05check11assert_implpEBc_
FN:25,_RNvNCNvNtNtCs3Tc0WW6daC2_11iris_engine8renderer6cameras5_1__05check
FN:25,_RINvNvNCNvNtNtCs3Tc0WW6daC2_11iris_engine8renderer6cameras5_1__05check11assert_implpEBc_
FN:25,_RNvNCNvNtNtCs3Tc0WW6daC2_11iris_engine8renderer6cameras6_1__05check
FN:25,_RINvNvNCNvNtNtCs3Tc0WW6daC2_11iris_engine8renderer6cameras6_1__05check11assert_implpEBc_
FN:25,_RNvNCNvNtNtCs3Tc0WW6daC2_11iris_engine8renderer6cameras7_1__05check
FN:25,_RINvNvNCNvNtNtCs3Tc0WW6daC2_11iris_engine8renderer6cameras7_1__05check11assert_implpEBc_
FN:25,_RNvNCNvNtNtCs3Tc0WW6daC2_11iris_engine8renderer6cameras8_1__05check
FN:25,_RINvNvNCNvNtNtCs3Tc0WW6daC2_11iris_engine8renderer6cameras8_1__05check11assert_implpEBc_
FN:36,_RNvXNtNtCs3Tc0WW6daC2_11iris_engine8renderer6cameraNtB2_11OrbitCameraINtB6_11GpuSendableNtB2_9GpuCameraE6to_gpu
FN:49,_RNvMs_NtNtCs3Tc0WW6daC2_11iris_engine8renderer6cameraNtB4_11OrbitCamera3new
FN:58,_RNvMs_NtNtCs3Tc0WW6daC2_11iris_engine8renderer6cameraNtB4_11OrbitCamera8position
FN:64,_RNvMs_NtNtCs3Tc0WW6daC2_11iris_engine8renderer6cameraNtB4_11OrbitCamera4view
FN:67,_RNvMs_NtNtCs3Tc0WW6daC2_11iris_engine8renderer6cameraNtB4_11OrbitCamera16set_aspect_ratio
FN:71,_RNvMs_NtNtCs3Tc0WW6daC2_11iris_engine8renderer6cameraNtB4_11OrbitCamera5input
FN:113,_RNvMs_NtNtCs3Tc0WW6daC2_11iris_engine8renderer6cameraNtB4_11OrbitCamera7frustum
FN:127,_RNvXs0_NtNtCs3Tc0WW6daC2_11iris_engine8renderer6cameraNtB5_17PerspectiveCameraNtNtCsgfKerrBUswu_4core7default7Default7default
FN:138,_RNvMs1_NtNtCs3Tc0WW6daC2_11iris_engine8renderer6cameraNtB5_17PerspectiveCamera3new
FN:147,_RNvMs1_NtNtCs3Tc0WW6daC2_11iris_engine8renderer6cameraNtB5_17PerspectiveCamera9matrix_lh
FN:151,_RNvMs1_NtNtCs3Tc0WW6daC2_11iris_engine8renderer6cameraNtB5_17PerspectiveCamera9matrix_rh
FN:155,_RNvMs1_NtNtCs3Tc0WW6daC2_11iris_engine8renderer6cameraNtB5_17PerspectiveCamera9matrix_gl
FN:159,_RNvMs1_NtNtCs3Tc0WW6daC2_11iris_engine8renderer6cameraNtB5_17PerspectiveCamera18matrix_infinite_lh
FN:163,_RNvMs1_NtNtCs3Tc0WW6daC2_11iris_engine8renderer6cameraNtB5_17PerspectiveCamera18matrix_infinite_rh
FN:167,_RNvMs1_NtNtCs3Tc0WW6daC2_11iris_engine8renderer6cameraNtB5_17PerspectiveCamera18matrix_infinite_gl
FN:177,_RNvMs1_NtNtCs3Tc0WW6daC2_11iris_engine8renderer6cameraNtB5_17PerspectiveCamera26matrix_infinite_reverse_lh
FN:181,_RNvMs1_NtNtCs3Tc0WW6daC2_11iris_engine8renderer6cameraNtB5_17PerspectiveCamera26matrix_infinite_reverse_rh
FN:185,_RNvMs1_NtNtCs3Tc0WW6daC2_11iris_engine8renderer6cameraNtB5_17PerspectiveCamera26matrix_infinite_reverse_gl
FN:195,_RNvMs1_NtNtCs3Tc0WW6daC2_11iris_engine8renderer6cameraNtB5_17PerspectiveCamera14focal_distance
FN:199,_RNvMs1_NtNtCs3Tc0WW6daC2_11iris_engine8renderer6cameraNtB5_17PerspectiveCamera7frustum
FN:246,_RNvMs2_NtNtCs3Tc0WW6daC2_11iris_engine8renderer6cameraNtB5_18OrthographicCamera3new
FN:255,_RNvMs2_NtNtCs3Tc0WW6daC2_11iris_engine8renderer6cameraNtB5_18OrthographicCamera9matrix_lh
FN:269,_RNvMs2_NtNtCs3Tc0WW6daC2_11iris_engine8renderer6cameraNtB5_18OrthographicCamera9matrix_rh
FN:283,_RNvMs2_NtNtCs3Tc0WW6daC2_11iris_engine8renderer6cameraNtB5_18OrthographicCamera9matrix_gl
FN:297,_RNvMs2_NtNtCs3Tc0WW6daC2_11iris_engine8renderer6cameraNtB5_18OrthographicCamera7frustum
FNDA:0,_RNCNvNtNtCs3Tc0WW6daC2_11iris_engine8renderer6camera1__0B7_
FNDA:0,_RNCNvNtNtCs3Tc0WW6daC2_11iris_engine8renderer6cameras_1__0B7_
FNDA:0,_RNCNvNtNtCs3Tc0WW6daC2_11iris_engine8renderer6cameras0_1__0B7_
FNDA:0,_RNCNvNtNtCs3Tc0WW6daC2_11iris_engine8renderer6cameras1_1__0B7_
FNDA:0,_RNCNvNtNtCs3Tc0WW6daC2_11iris_engine8renderer6cameras2_1__0B7_
FNDA:0,_RNCNvNtNtCs3Tc0WW6daC2_11iris_engine8renderer6cameras3_1__0B7_
FNDA:0,_RNCNvNtNtCs3Tc0WW6daC2_11iris_engine8renderer6cameras4_1__0B7_
FNDA:0,_RNCNvNtNtCs3Tc0WW6daC2_11iris_engine8renderer6cameras5_1__0B7_
FNDA:0,_RNCNvNtNtCs3Tc0WW6daC2_11iris_engine8renderer6cameras6_1__0B7_
FNDA:0,_RNCNvNtNtCs3Tc0WW6daC2_11iris_engine8renderer6cameras7_1__0B7_
FNDA:0,_RNCNvNtNtCs3Tc0WW6daC2_11iris_engine8renderer6cameras8_1__0B7_
FNDA:0,_RNvNCNvNtNtCs3Tc0WW6daC2_11iris_engine8renderer6cameras_1__05check
FNDA:0,_RINvNvNCNvNtNtCs3Tc0WW6daC2_11iris_engine8renderer6cameras_1__05check11assert_implpEBc_
FNDA:0,_RNvNCNvNtNtCs3Tc0WW6daC2_11iris_engine8renderer6cameras0_1__05check
FNDA:0,_RINvNvNCNvNtNtCs3Tc0WW6daC2_11iris_engine8renderer6cameras0_1__05check11assert_implpEBc_
FNDA:0,_RNvNCNvNtNtCs3Tc0WW6daC2_11iris_engine8renderer6cameras1_1__05check
FNDA:0,_RINvNvNCNvNtNtCs3Tc0WW6daC2_11iris_engine8renderer6cameras1_1__05check11assert_implpEBc_
FNDA:0,_RNvNCNvNtNtCs3Tc0WW6daC2_11iris_engine8renderer6cameras2_1__05check
FNDA:0,_RINvNvNCNvNtNtCs3Tc0WW6daC2_11iris_engine8renderer6cameras2_1__05check11assert_implpEBc_
FNDA:0,_RNvNCNvNtNtCs3Tc0WW6daC2_11iris_engine8renderer6cameras3_1__05check
FNDA:0,_RINvNvNCNvNtNtCs3Tc0WW6daC2_11iris_engine8renderer6cameras3_1__05check11assert_implpEBc_
FNDA:0,_RNvNCNvNtNtCs3Tc0WW6daC2_11iris_engine8renderer6cameras4_1__05check
FNDA:0,_RINvNvNCNvNtNtCs3Tc0WW6daC2_11iris_engine8renderer6cameras4_1__05check11assert_implpEBc_
FNDA:0,_RNvNCNvNtNtCs3Tc0WW6daC2_11iris_engine8renderer6cameras5_1__05check
FNDA:0,_RINvNvNCNvNtNtCs3Tc0WW6daC2_11iris_engine8renderer6cameras5_1__05check11assert_implpEBc_
FNDA:0,_RNvNCNvNtNtCs3Tc0WW6daC2_11iris_engine8renderer6cameras6_1__05check
FNDA:0,_RINvNvNCNvNtNtCs3Tc0WW6daC2_11iris_engine8renderer6cameras6_1__05check11assert_implpEBc_
FNDA:0,_RNvNCNvNtNtCs3Tc0WW6daC2_11iris_engine8renderer6cameras7_1__05check
FNDA:0,_RINvNvNCNvNtNtCs3Tc0WW6daC2_11iris_engine8renderer6cameras7_1__05check11assert_implpEBc_
FNDA:0,_RNvNCNvNtNtCs3Tc0WW6daC2_11iris_engine8renderer6cameras8_1__05check
FNDA:0,_RINvNvNCNvNtNtCs3Tc0WW6daC2_11iris_engine8renderer6cameras8_1__05check11assert_implpEBc_
FNDA:0,_RNvXNtNtCs3Tc0WW6daC2_11iris_engine8renderer6cameraNtB2_11OrbitCameraINtB6_11GpuSendableNtB2_9GpuCameraE6to_gpu
FNDA:0,_RNvMs_NtNtCs3Tc0WW6daC2_11iris_engine8renderer6cameraNtB4_11OrbitCamera3new
FNDA:0,_RNvMs_NtNtCs3Tc0WW6daC2_11iris_engine8renderer6cameraNtB4_11OrbitCamera8position
FNDA:0,_RNvMs_NtNtCs3Tc0WW6daC2_11iris_engine8renderer6cameraNtB4_11OrbitCamera4view
FNDA:0,_RNvMs_NtNtCs3Tc0WW6daC2_11iris_engine8renderer6cameraNtB4_11OrbitCamera16set_aspect_ratio
FNDA:0,_RNvMs_NtNtCs3Tc0WW6daC2_11iris_engine8renderer6cameraNtB4_11OrbitCamera5input
FNDA:0,_RNvMs_NtNtCs3Tc0WW6daC2_11iris_engine8renderer6cameraNtB4_11OrbitCamera7frustum
FNDA:0,_RNvXs0_NtNtCs3Tc0WW6daC2_11iris_engine8renderer6cameraNtB5_17PerspectiveCameraNtNtCsgfKerrBUswu_4core7default7Default7default
FNDA:769,_RNvMs1_NtNtCs3Tc0WW6daC2_11iris_engine8renderer6cameraNtB5_17PerspectiveCamera3new
FNDA:79,_RNvMs1_NtNtCs3Tc0WW6daC2_11iris_engine8renderer6cameraNtB5_17PerspectiveCamera9matrix_lh
FNDA:70,_RNvMs1_NtNtCs3Tc0WW6daC2_11iris_engine8renderer6cameraNtB5_17PerspectiveCamera9matrix_rh
FNDA:107,_RNvMs1_NtNtCs3Tc0WW6daC2_11iris_engine8renderer6cameraNtB5_17PerspectiveCamera9matrix_gl
FNDA:88,_RNvMs1_NtNtCs3Tc0WW6daC2_11iris_engine8renderer6cameraNtB5_17PerspectiveCamera18matrix_infinite_lh
FNDA:88,_RNvMs1_NtNtCs3Tc0WW6daC2_11iris_engine8renderer6cameraNtB5_17PerspectiveCamera18matrix_infinite_rh
FNDA:81,_RNvMs1_NtNtCs3Tc0WW6daC2_11iris_engine8renderer6cameraNtB5_17PerspectiveCamera18matrix_infinite_gl
FNDA:84,_RNvMs1_NtNtCs3Tc0WW6daC2_11iris_engine8renderer6cameraNtB5_17PerspectiveCamera26matrix_infinite_reverse_lh
FNDA:79,_RNvMs1_NtNtCs3Tc0WW6daC2_11iris_engine8renderer6cameraNtB5_17PerspectiveCamera26matrix_infinite_reverse_rh
FNDA:93,_RNvMs1_NtNtCs3Tc0WW6daC2_11iris_engine8renderer6cameraNtB5_17PerspectiveCamera26matrix_infinite_reverse_gl
FNDA:768,_RNvMs1_NtNtCs3Tc0WW6daC2_11iris_engine8renderer6cameraNtB5_17PerspectiveCamera14focal_distance
FNDA:768,_RNvMs1_NtNtCs3Tc0WW6daC2_11iris_engine8renderer6cameraNtB5_17PerspectiveCamera7frustum
FNDA:256,_RNvMs2_NtNtCs3Tc0WW6daC2_11iris_engine8renderer6cameraNtB5_18OrthographicCamera3new
FNDA:93,_RNvMs2_NtNtCs3Tc0WW6daC2_11iris_engine8renderer6cameraNtB5_18OrthographicCamera9matrix_lh
FNDA:82,_RNvMs2_NtNtCs3Tc0WW6daC2_11iris_engine8renderer6cameraNtB5_18OrthographicCamera9matrix_rh
FNDA:81,_RNvMs2_NtNtCs3Tc0WW6daC2_11iris_engine8renderer6cameraNtB5_18OrthographicCamera9matrix_gl
FNDA:256,_RNvMs2_NtNtCs3Tc0WW6daC2_11iris_engine8renderer6cameraNtB5_18OrthographicCamera7frustum
FNF:27
FNH:17
DA:25,0
DA:27,0
DA:36,0
DA:37,0
DA:38,0
DA:39,0
DA:40,0
DA:41,0
DA:42,0
DA:43,0
DA:44,0
DA:45,0
DA:49,0
DA:50,0
DA:51,0
DA:52,0
DA:53,0
DA:54,0
DA:55,0
DA:56,0
DA:58,0
DA:59,0
DA:60,0
DA:61,0
DA:62,0
DA:63,0
DA:64,0
DA:65,0
DA:66,0
DA:67,0
DA:68,0
DA:69,0
DA:71,0
DA:72,0
DA:73,0
DA:74,0
DA:75,0
DA:76,0
DA:77,0
DA:78,0
DA:79,0
DA:80,0
DA:81,0
DA:82,0
DA:83,0
DA:85,0
DA:86,0
DA:87,0
DA:88,0
DA:89,0
DA:92,0
DA:94,0
DA:96,0
DA:97,0
DA:98,0
DA:99,0
DA:100,0
DA:101,0
DA:102,0
DA:103,0
DA:105,0
DA:106,0
DA:108,0
DA:110,0
DA:111,0
DA:113,0
DA:114,0
DA:115,0
DA:116,0
DA:127,0
DA:128,0
DA:129,0
DA:130,0
DA:131,0
DA:132,0
DA:133,0
DA:134,0
DA:138,769
DA:139,769
DA:140,769
DA:141,769
DA:142,769
DA:143,769
DA:144,769
DA:145,769
DA:147,79
DA:148,79
DA:149,79
DA:151,70
DA:152,70
DA:153,70
DA:155,107
DA:156,107
DA:157,107
DA:159,88
DA:160,88
DA:161,88
DA:163,88
DA:164,88
DA:165,88
DA:167,81
DA:168,81
DA:169,81
DA:170,81
DA:171,81
DA:172,81
DA:173,81
DA:174,81
DA:175,81
DA:177,84
DA:178,84
DA:179,84
DA:181,79
DA:182,79
DA:183,79
DA:185,93
DA:186,93
DA:187,93
DA:188,93
DA:189,93
DA:190,93
DA:191,93
DA:192,93
DA:193,93
DA:195,768
DA:196,768
DA:197,768
DA:199,768
DA:200,768
DA:201,768
DA:202,768
DA:203,768
DA:204,768
DA:205,768
DA:206,768
DA:207,768
DA:208,768
DA:209,768
DA:210,768
DA:211,768
DA:212,768
DA:213,768
DA:214,768
DA:215,768
DA:216,768
DA:217,768
DA:218,768
DA:219,512
DA:221,256
DA:222,256
DA:223,256
DA:224,256
DA:226,768
DA:227,768
DA:228,768
DA:229,768
DA:230,768
DA:231,768
DA:232,768
DA:233,768
DA:234,768
DA:246,256
DA:247,256
DA:248,256
DA:249,256
DA:250,256
DA:251,256
DA:252,256
DA:253,256
DA:255,93
DA:256,93
DA:257,93
DA:258,93
DA:259,93
DA:260,93
DA:261,93
DA:262,93
DA:263,93
DA:264,93
DA:265,93
DA:266,93
DA:267,93
DA:269,82
DA:270,82
DA:271,82
DA:272,82
DA:273,82
DA:274,82
DA:275,82
DA:276,82
DA:277,82
DA:278,82
DA:279,82
DA:280,82
DA:281,82
DA:283,81
DA:284,81
DA:285,81
DA:286,81
DA:287,81
DA:288,81
DA:289,81
DA:290,81
DA:291,81
DA:292,81
DA:293,81
DA:294,81
DA:295,81
DA:297,256
DA:298,256
DA:299,256
DA:300,256
DA:301,256
DA:302,256
DA:303,256
DA:304,256
DA:305,256
DA:306,256
DA:307,256
DA:309,256
DA:310,256
DA:311,256
DA:312,256
DA:313,256
DA:314,256
DA:315,256
DA:316,256
DA:317,256
DA:318,256
BRF:0
BRH:0
LF:229
LH:152
end_of_record
SF:D:\rust\iris-engine\src\renderer\color.rs
FN:9,_RNCNvNtNtCs3Tc0WW6daC2_11iris_engine8renderer5color1__0B7_
FN:6,_RNCNvNtNtCs3Tc0WW6daC2_11iris_engine8renderer5colors_1__0B7_
FN:6,_RNCNvNtNtCs3Tc0WW6daC2_11iris_engine8renderer5colors0_1__0B7_
FN:6,_RNCNvNtNtCs3Tc0WW6daC2_11iris_engine8renderer5colors1_1__0B7_
FN:6,_RNCNvNtNtCs3Tc0WW6daC2_11iris_engine8renderer5colors2_1__0B7_
FN:6,_RNCNvNtNtCs3Tc0WW6daC2_11iris_engine8renderer5colors3_1__0B7_
FN:6,_RNCNvNtNtCs3Tc0WW6daC2_11iris_engine8renderer5colors4_1__0B7_
FN:6,_RNvNCNvNtNtCs3Tc0WW6daC2_11iris_engine8renderer5colors_1__05check
FN:6,_RINvNvNCNvNtNtCs3Tc0WW6daC2_11iris_engine8renderer5colors_1__05check11assert_implpEBc_
FN:6,_RNvNCNvNtNtCs3Tc0WW6daC2_11iris_engine8renderer5colors0_1__05check
FN:6,_RINvNvNCNvNtNtCs3Tc0WW6daC2_11iris_engine8renderer5colors0_1__05check11assert_implpEBc_
FN:6,_RNvNCNvNtNtCs3Tc0WW6daC2_11iris_engine8renderer5colors1_1__05check
FN:6,_RINvNvNCNvNtNtCs3Tc0WW6daC2_11iris_engine8renderer5colors1_1__05check11assert_implpEBc_
FN:6,_RNvNCNvNtNtCs3Tc0WW6daC2_11iris_engine8renderer5colors2_1__05check
FN:6,_RINvNvNCNvNtNtCs3Tc0WW6daC2_11iris_engine8renderer5colors2_1__05check11assert_implpEBc_
FN:6,_RNvNCNvNtNtCs3Tc0WW6daC2_11iris_engine8renderer5colors3_1__05check
FN:6,_RINvNvNCNvNtNtCs3Tc0WW6daC2_11iris_engine8renderer5colors3_1__05check11assert_implpEBc_
FN:6,_RNvNCNvNtNtCs3Tc0WW6daC2_11iris_engine8renderer5colors4_1__05check
FN:6,_RINvNvNCNvNtNtCs3Tc0WW6daC2_11iris_engine8renderer5colors4_1__05check11assert_implpEBc_
FN:15,_RNvXNtNtCs3Tc0WW6daC2_11iris_engine8renderer5colorNtB2_5ColorINtNtCsgfKerrBUswu_4core7convert4FromNtCsiwGnNUVrpWa_10wgpu_types5ColorE4from
FN:20,_RNvXs_NtNtCs3Tc0WW6daC2_11iris_engine8renderer5colorNtCsiwGnNUVrpWa_10wgpu_types5ColorINtNtCsgfKerrBUswu_4core7convert4FromNtB4_5ColorE4from
FN:30,_RNvXs0_NtNtCs3Tc0WW6daC2_11iris_engine8renderer5colorNtB5_5ColorINtNtCsgfKerrBUswu_4core7convert4FromAfj3_E4from
FN:35,_RNvXs1_NtNtCs3Tc0WW6daC2_11iris_engine8renderer5colorAfj3_INtNtCsgfKerrBUswu_4core7convert4FromNtB5_5ColorE4from
FN:41,_RNvXs2_NtNtCs3Tc0WW6daC2_11iris_engine8renderer5colorNtB5_5ColorINtNtCsgfKerrBUswu_4core7convert4FromNtNtNtCs8OLz2mRkHmH_4glam3f324vec34Vec3E4from
FN:46,_RNvXs3_NtNtCs3Tc0WW6daC2_11iris_engine8renderer5colorNtNtNtCs8OLz2mRkHmH_4glam3f324vec34Vec3INtNtCsgfKerrBUswu_4core7convert4FromNtB5_5ColorE4from
FN:58,_RNvMs4_NtNtCs3Tc0WW6daC2_11iris_engine8renderer5colorNtB5_5Color3new
FN:66,_RNvXs5_NtNtCs3Tc0WW6daC2_11iris_engine8renderer5colorNtB5_5ColorNtNtNtCsgfKerrBUswu_4core3ops5arith3Mul3mul
FN:75,_RNvXs6_NtNtCs3Tc0WW6daC2_11iris_engine8renderer5colorNtB5_5ColorNtNtNtCsgfKerrBUswu_4core3ops5arith9MulAssign10mul_assign
FN:80,_RNvXs7_NtNtCs3Tc0WW6daC2_11iris_engine8renderer5colorNtB5_5ColorNtNtNtCsgfKerrBUswu_4core3ops5arith9AddAssign10add_assign
FN:87,_RNvXs8_NtNtCs3Tc0WW6daC2_11iris_engine8renderer5colorNtB5_5ColorNtNtNtCsgfKerrBUswu_4core3ops5arith3Add3add
FN:99,_RNvXs9_NtNtCs3Tc0WW6daC2_11iris_engine8renderer5colorNtB5_5ColorINtNtNtCsgfKerrBUswu_4core3ops5arith3MulfE3mul
FN:110,_RNvXsa_NtNtCs3Tc0WW6daC2_11iris_engine8renderer5colorfINtNtNtCsgfKerrBUswu_4core3ops5arith3MulNtB5_5ColorE3mul
FNDA:0,_RNCNvNtNtCs3Tc0WW6daC2_11iris_engine8renderer5color1__0B7_
FNDA:0,_RNCNvNtNtCs3Tc0WW6daC2_11iris_engine8renderer5colors_1__0B7_
FNDA:0,_RNCNvNtNtCs3Tc0WW6daC2_11iris_engine8renderer5colors0_1__0B7_
FNDA:0,_RNCNvNtNtCs3Tc0WW6daC2_11iris_engine8renderer5colors1_1__0B7_
FNDA:0,_RNCNvNtNtCs3Tc0WW6daC2_11iris_engine8renderer5colors2_1__0B7_
FNDA:0,_RNCNvNtNtCs3Tc0WW6daC2_11iris_engine8renderer5colors3_1__0B7_
FNDA:0,_RNCNvNtNtCs3Tc0WW6daC2_11iris_engine8renderer5colors4_1__0B7_
FNDA:0,_RNvNCNvNtNtCs3Tc0WW6daC2_11iris_engine8renderer5colors_1__05check
FNDA:0,_RINvNvNCNvNtNtCs3Tc0WW6daC2_11iris_engine8renderer5colors_1__05check11assert_implpEBc_
FNDA:0,_RNvNCNvNtNtCs3Tc0WW6daC2_11iris_engine8renderer5colors0_1__05check
FNDA:0,_RINvNvNCNvNtNtCs3Tc0WW6daC2_11iris_engine8renderer5colors0_1__05check11assert_implpEBc_
FNDA:0,_RNvNCNvNtNtCs3Tc0WW6daC2_11iris_engine8renderer5colors1_1__05check
FNDA:0,_RINvNvNCNvNtNtCs3Tc0WW6daC2_11iris_engine8renderer5colors1_1__05check11assert_implpEBc_
FNDA:0,_RNvNCNvNtNtCs3Tc0WW6daC2_11iris_engine8renderer5colors2_1__05check
FNDA:0,_RINvNvNCNvNtNtCs3Tc0WW6daC2_11iris_engine8renderer5colors2_1__05check11assert_implpEBc_
FNDA:0,_RNvNCNvNtNtCs3Tc0WW6daC2_11iris_engine8renderer5colors3_1__05check
FNDA:0,_RINvNvNCNvNtNtCs3Tc0WW6daC2_11iris_engine8renderer5colors3_1__05check11assert_implpEBc_
FNDA:0,_RNvNCNvNtNtCs3Tc0WW6daC2_11iris_engine8renderer5colors4_1__05check
FNDA:0,_RINvNvNCNvNtNtCs3Tc0WW6daC2_11iris_engine8renderer5colors4_1__05check11assert_implpEBc_
FNDA:0,_RNvXNtNtCs3Tc0WW6daC2_11iris_engine8renderer5colorNtB2_5ColorINtNtCsgfKerrBUswu_4core7convert4FromNtCsiwGnNUVrpWa_10wgpu_types5ColorE4from
FNDA:0,_RNvXs_NtNtCs3Tc0WW6daC2_11iris_engine8renderer5colorNtCsiwGnNUVrpWa_10wgpu_types5ColorINtNtCsgfKerrBUswu_4core7convert4FromNtB4_5ColorE4from
FNDA:0,_RNvXs0_NtNtCs3Tc0WW6daC2_11iris_engine8renderer5colorNtB5_5ColorINtNtCsgfKerrBUswu_4core7convert4FromAfj3_E4from
FNDA:0,_RNvXs1_NtNtCs3Tc0WW6daC2_11iris_engine8renderer5colorAfj3_INtNtCsgfKerrBUswu_4core7convert4FromNtB5_5ColorE4from
FNDA:0,_RNvXs2_NtNtCs3Tc0WW6daC2_11iris_engine8renderer5colorNtB5_5ColorINtNtCsgfKerrBUswu_4core7convert4FromNtNtNtCs8OLz2mRkHmH_4glam3f324vec34Vec3E4from
FNDA:0,_RNvXs3_NtNtCs3Tc0WW6daC2_11iris_engine8renderer5colorNtNtNtCs8OLz2mRkHmH_4glam3f324vec34Vec3INtNtCsgfKerrBUswu_4core7convert4FromNtB5_5ColorE4from
FNDA:0,_RNvMs4_NtNtCs3Tc0WW6daC2_11iris_engine8renderer5colorNtB5_5Color3new
FNDA:0,_RNvXs5_NtNtCs3Tc0WW6daC2_11iris_engine8renderer5colorNtB5_5ColorNtNtNtCsgfKerrBUswu_4core3ops5arith3Mul3mul
FNDA:0,_RNvXs6_NtNtCs3Tc0WW6daC2_11iris_engine8renderer5colorNtB5_5ColorNtNtNtCsgfKerrBUswu_4core3ops5arith9MulAssign10mul_assign
FNDA:0,_RNvXs7_NtNtCs3Tc0WW6daC2_11iris_engine8renderer5colorNtB5_5ColorNtNtNtCsgfKerrBUswu_4core3ops5arith9AddAssign10add_assign
FNDA:0,_RNvXs8_NtNtCs3Tc0WW6daC2_11iris_engine8renderer5colorNtB5_5ColorNtNtNtCsgfKerrBUswu_4core3ops5arith3Add3add
FNDA:0,_RNvXs9_NtNtCs3Tc0WW6daC2_11iris_engine8renderer5colorNtB5_5ColorINtNtNtCsgfKerrBUswu_4core3ops5arith3MulfE3mul
FNDA:0,_RNvXsa_NtNtCs3Tc0WW6daC2_11iris_engine8renderer5colorfINtNtNtCsgfKerrBUswu_4core3ops5arith3MulNtB5_5ColorE3mul
FNF:15
FNH:0
DA:6,0
DA:9,0
DA:15,0
DA:16,0
DA:17,0
DA:20,0
DA:21,0
DA:22,0
DA:23,0
DA:24,0
DA:25,0
DA:26,0
DA:27,0
DA:30,0
DA:31,0
DA:32,0
DA:35,0
DA:36,0
DA:37,0
DA:41,0
DA:42,0
DA:43,0
DA:46,0
DA:47,0
DA:48,0
DA:58,0
DA:59,0
DA:60,0
DA:66,0
DA:67,0
DA:68,0
DA:69,0
DA:70,0
DA:71,0
DA:72,0
DA:75,0
DA:76,0
DA:77,0
DA:80,0
DA:81,0
DA:82,0
DA:87,0
DA:88,0
DA:89,0
DA:90,0
DA:91,0
DA:92,0
DA:93,0
DA:99,0
DA:100,0
DA:101,0
DA:102,0
DA:103,0
DA:104,0
DA:105,0
DA:110,0
DA:111,0
DA:112,0
BRF:0
BRH:0
LF:58
LH:0
end_of_record
SF:D:\rust\iris-engine\src\renderer\compute.rs
FN:1,_RNvNtNtCs3Tc0WW6daC2_11iris_engine8renderer7compute16generate_mipmaps
FN:133,_RNvMNtNtCs3Tc0WW6daC2_11iris_engine8renderer7computeNtB2_22ComputePipelineBuilder3new
FN:140,_RNvMNtNtCs3Tc0WW6daC2_11iris_engine8renderer7computeNtB2_22ComputePipelineBuilder14add_bind_group
FN:145,_RNvMNtNtCs3Tc0WW6daC2_11iris_engine8renderer7computeNtB2_22ComputePipelineBuilder5build
FNDA:0,_RNvNtNtCs3Tc0WW6daC2_11iris_engine8renderer7compute16generate_mipmaps
FNDA:0,_RNvMNtNtCs3Tc0WW6daC2_11iris_engine8renderer7computeNtB2_22ComputePipelineBuilder3new
FNDA:0,_RNvMNtNtCs3Tc0WW6daC2_11iris_engine8renderer7computeNtB2_22ComputePipelineBuilder14add_bind_group
FNDA:0,_RNvMNtNtCs3Tc0WW6daC2_11iris_engine8renderer7computeNtB2_22ComputePipelineBuilder5build
FNF:4
FNH:0
DA:1,0
DA:2,0
DA:3,0
DA:4,0
DA:5,0
DA:6,0
DA:7,0
DA:8,0
DA:9,0
DA:10,0
DA:11,0
DA:12,0
DA:13,0
DA:14,0
DA:15,0
DA:16,0
DA:17,0
DA:18,0
DA:19,0
DA:20,0
DA:21,0
DA:22,0
DA:23,0
DA:24,0
DA:25,0
DA:26,0
DA:27,0
DA:28,0
DA:29,0
DA:32,0
DA:33,0
DA:34,0
DA:35,0
DA:36,0
DA:37,0
DA:38,0
DA:39,0
DA:40,0
DA:41,0
DA:42,0
DA:43,0
DA:44,0
DA:45,0
DA:46,0
DA:47,0
DA:48,0
DA:49,0
DA:50,0
DA:51,0
DA:52,0
DA:53,0
DA:54,0
DA:55,0
DA:56,0
DA:57,0
DA:58,0
DA:59,0
DA:60,0
DA:61,0
DA:62,0
DA:63,0
DA:64,0
DA:65,0
DA:66,0
DA:67,0
DA:68,0
DA:69,0
DA:70,0
DA:71,0
DA:72,0
DA:73,0
DA:74,0
DA:75,0
DA:77,0
DA:78,0
DA:79,0
DA:80,0
DA:81,0
DA:82,0
DA:83,0
DA:84,0
DA:85,0
DA:86,0
DA:87,0
DA:88,0
DA:89,0
DA:91,0
DA:92,0
DA:93,0
DA:94,0
DA:95,0
DA:96,0
DA:97,0
DA:98,0
DA:99,0
DA:100,0
DA:101,0
DA:102,0
DA:103,0
DA:104,0
DA:106,0
DA:107,0
DA:108,0
DA:109,0
DA:110,0
DA:111,0
DA:112,0
DA:113,0
DA:114,0
DA:115,0
DA:116,0
DA:117,0
DA:118,0
DA:119,0
DA:120,0
DA:121,0
DA:122,0
DA:123,0
DA:124,0
DA:133,0
DA:134,0
DA:135,0
DA:136,0
DA:137,0
DA:138,0
DA:140,0
DA:141,0
DA:142,0
DA:143,0
DA:145,0
DA:146,0
DA:147,0
DA:148,0
DA:149,0
DA:150,0
DA:151,0
DA:152,0
DA:153,0
DA:154,0
DA:155,0
DA:156,0
DA:157,0
DA:158,0
DA:159,0
BRF:0
BRH:0
LF:144
LH:0
end_of_record
SF:D:\rust\iris-engine\src\renderer\egui_renderer.rs
FN:10,_RNvMNtNtCs3Tc0WW6daC2_11iris_engine8renderer13egui_rendererNtB2_12EguiRenderer7context
FN:14,_RNvMNtNtCs3Tc0WW6daC2_11iris_engine8renderer13egui_rendererNtB2_12EguiRenderer16register_texture
FN:15,_RNCNvMNtNtCs3Tc0WW6daC2_11iris_engine8renderer13egui_rendererNtB4_12EguiRenderer16register_texture0B8_
FN:21,_RNvMNtNtCs3Tc0WW6daC2_11iris_engine8renderer13egui_rendererNtB2_12EguiRenderer3new
FN:50,_RNvMNtNtCs3Tc0WW6daC2_11iris_engine8renderer13egui_rendererNtB2_12EguiRenderer12handle_input
FN:57,_RNvMNtNtCs3Tc0WW6daC2_11iris_engine8renderer13egui_rendererNtB2_12EguiRenderer20set_pixels_per_point
FN:62,_RINvMNtNtCs3Tc0WW6daC2_11iris_engine8renderer13egui_rendererNtB3_12EguiRenderer4drawpEB7_
FN:75,_RNCINvMNtNtCs3Tc0WW6daC2_11iris_engine8renderer13egui_rendererNtB5_12EguiRenderer4drawpE0B9_
FNDA:0,_RNvMNtNtCs3Tc0WW6daC2_11iris_engine8renderer13egui_rendererNtB2_12EguiRenderer7context
FNDA:0,_RNvMNtNtCs3Tc0WW6daC2_11iris_engine8renderer13egui_rendererNtB2_12EguiRenderer16register_texture
FNDA:0,_RNCNvMNtNtCs3Tc0WW6daC2_11iris_engine8renderer13egui_rendererNtB4_12EguiRenderer16register_texture0B8_
FNDA:0,_RNvMNtNtCs3Tc0WW6daC2_11iris_engine8renderer13egui_rendererNtB2_12EguiRenderer3new
FNDA:0,_RNvMNtNtCs3Tc0WW6daC2_11iris_engine8renderer13egui_rendererNtB2_12EguiRenderer12handle_input
FNDA:0,_RNvMNtNtCs3Tc0WW6daC2_11iris_engine8renderer13egui_rendererNtB2_12EguiRenderer20set_pixels_per_point
FNDA:0,_RINvMNtNtCs3Tc0WW6daC2_11iris_engine8renderer13egui_rendererNtB3_12EguiRenderer4drawpEB7_
FNDA:0,_RNCINvMNtNtCs3Tc0WW6daC2_11iris_engine8renderer13egui_rendererNtB5_12EguiRenderer4drawpE0B9_
FNF:8
FNH:0
DA:10,0
DA:11,0
DA:12,0
DA:14,0
DA:15,0
DA:16,0
DA:17,0
DA:18,0
DA:19,0
DA:21,0
DA:22,0
DA:23,0
DA:24,0
DA:25,0
DA:26,0
DA:27,0
DA:28,0
DA:29,0
DA:30,0
DA:31,0
DA:32,0
DA:33,0
DA:34,0
DA:35,0
DA:36,0
DA:37,0
DA:38,0
DA:39,0
DA:40,0
DA:41,0
DA:42,0
DA:43,0
DA:44,0
DA:45,0
DA:46,0
DA:47,0
DA:48,0
DA:50,0
DA:51,0
DA:52,0
DA:53,0
DA:54,0
DA:55,0
DA:56,0
DA:57,0
DA:58,0
DA:59,0
DA:62,0
DA:63,0
DA:64,0
DA:65,0
DA:66,0
DA:67,0
DA:68,0
DA:69,0
DA:70,0
DA:71,0
DA:72,0
DA:73,0
DA:74,0
DA:75,0
DA:76,0
DA:77,0
DA:78,0
DA:79,0
DA:80,0
DA:81,0
DA:82,0
DA:83,0
DA:84,0
DA:85,0
DA:86,0
DA:87,0
DA:88,0
DA:89,0
DA:90,0
DA:91,0
DA:92,0
DA:93,0
DA:94,0
DA:95,0
DA:96,0
DA:97,0
DA:98,0
DA:99,0
DA:100,0
DA:101,0
DA:102,0
DA:103,0
DA:104,0
DA:105,0
DA:106,0
DA:107,0
DA:108,0
DA:109,0
DA:110,0
BRF:0
BRH:0
LF:100
LH:0
end_of_record
SF:D:\rust\iris-engine\src\renderer\gui.rs
FN:12,_RNvNtNtCs3Tc0WW6daC2_11iris_engine8renderer3gui14transform_edit
FN:14,_RNCNvNtNtCs3Tc0WW6daC2_11iris_engine8renderer3gui14transform_edit0B7_
FN:24,_RNCNCNvNtNtCs3Tc0WW6daC2_11iris_engine8renderer3gui14transform_edit00B9_
FN:28,_RNCNCNvNtNtCs3Tc0WW6daC2_11iris_engine8renderer3gui14transform_edit0s_0B9_
FN:32,_RNCNCNvNtNtCs3Tc0WW6daC2_11iris_engine8renderer3gui14transform_edit0s0_0B9_
FN:55,_RNvNtNtCs3Tc0WW6daC2_11iris_engine8renderer3gui12texture_edit
FN:56,_RNCNvNtNtCs3Tc0WW6daC2_11iris_engine8renderer3gui12texture_edit0B7_
FN:67,_RNvNtNtCs3Tc0WW6daC2_11iris_engine8renderer3gui15change_material
FN:74,_RNCNvNtNtCs3Tc0WW6daC2_11iris_engine8renderer3gui15change_material0B7_
FN:90,_RNvNtNtCs3Tc0WW6daC2_11iris_engine8renderer3gui10lights_gui
FN:93,_RNCNvNtNtCs3Tc0WW6daC2_11iris_engine8renderer3gui10lights_gui0B7_
FN:105,_RNCNCNvNtNtCs3Tc0WW6daC2_11iris_engine8renderer3gui10lights_gui00B9_
FN:124,_RNvNtNtCs3Tc0WW6daC2_11iris_engine8renderer3gui16drag_angle_clamp
FN:142,_RINvNtNtCs3Tc0WW6daC2_11iris_engine8renderer3gui10color_editpEB6_
FN:149,_RNCINvNtNtCs3Tc0WW6daC2_11iris_engine8renderer3gui10color_editpE0B8_
FN:162,_RNvNtNtCs3Tc0WW6daC2_11iris_engine8renderer3gui9vec3_edit
FN:174,_RNvNtNtCs3Tc0WW6daC2_11iris_engine8renderer3gui11array3_edit
FN:187,_RNvNtNtCs3Tc0WW6daC2_11iris_engine8renderer3gui10float_edit
FN:188,_RNCNvNtNtCs3Tc0WW6daC2_11iris_engine8renderer3gui10float_edit0B7_
FN:192,_RNvNtNtCs3Tc0WW6daC2_11iris_engine8renderer3gui14direction_edit
FN:194,_RNCNvNtNtCs3Tc0WW6daC2_11iris_engine8renderer3gui14direction_edit0B7_
FN:208,_RNvNtNtCs3Tc0WW6daC2_11iris_engine8renderer3gui18cartesian_to_polar
FN:217,_RNvNtNtCs3Tc0WW6daC2_11iris_engine8renderer3gui18polar_to_cartesian
FNDA:0,_RNvNtNtCs3Tc0WW6daC2_11iris_engine8renderer3gui14transform_edit
FNDA:0,_RNCNvNtNtCs3Tc0WW6daC2_11iris_engine8renderer3gui14transform_edit0B7_
FNDA:0,_RNCNCNvNtNtCs3Tc0WW6daC2_11iris_engine8renderer3gui14transform_edit00B9_
FNDA:0,_RNCNCNvNtNtCs3Tc0WW6daC2_11iris_engine8renderer3gui14transform_edit0s_0B9_
FNDA:0,_RNCNCNvNtNtCs3Tc0WW6daC2_11iris_engine8renderer3gui14transform_edit0s0_0B9_
FNDA:0,_RNvNtNtCs3Tc0WW6daC2_11iris_engine8renderer3gui12texture_edit
FNDA:0,_RNCNvNtNtCs3Tc0WW6daC2_11iris_engine8renderer3gui12texture_edit0B7_
FNDA:0,_RNvNtNtCs3Tc0WW6daC2_11iris_engine8renderer3gui15change_material
FNDA:0,_RNCNvNtNtCs3Tc0WW6daC2_11iris_engine8renderer3gui15change_material0B7_
FNDA:0,_RNvNtNtCs3Tc0WW6daC2_11iris_engine8renderer3gui10lights_gui
FNDA:0,_RNCNvNtNtCs3Tc0WW6daC2_11iris_engine8renderer3gui10lights_gui0B7_
FNDA:0,_RNCNCNvNtNtCs3Tc0WW6daC2_11iris_engine8renderer3gui10lights_gui00B9_
FNDA:0,_RNvNtNtCs3Tc0WW6daC2_11iris_engine8renderer3gui16drag_angle_clamp
FNDA:0,_RINvNtNtCs3Tc0WW6daC2_11iris_engine8renderer3gui10color_editpEB6_
FNDA:0,_RNCINvNtNtCs3Tc0WW6daC2_11iris_engine8renderer3gui10color_editpE0B8_
FNDA:0,_RNvNtNtCs3Tc0WW6daC2_11iris_engine8renderer3gui9vec3_edit
FNDA:0,_RNvNtNtCs3Tc0WW6daC2_11iris_engine8renderer3gui11array3_edit
FNDA:0,_RNvNtNtCs3Tc0WW6daC2_11iris_engine8renderer3gui10float_edit
FNDA:0,_RNCNvNtNtCs3Tc0WW6daC2_11iris_engine8renderer3gui10float_edit0B7_
FNDA:0,_RNvNtNtCs3Tc0WW6daC2_11iris_engine8renderer3gui14direction_edit
FNDA:0,_RNCNvNtNtCs3Tc0WW6daC2_11iris_engine8renderer3gui14direction_edit0B7_
FNDA:0,_RNvNtNtCs3Tc0WW6daC2_11iris_engine8renderer3gui18cartesian_to_polar
FNDA:0,_RNvNtNtCs3Tc0WW6daC2_11iris_engine8renderer3gui18polar_to_cartesian
FNF:23
FNH:0
DA:12,0
DA:13,0
DA:14,0
DA:15,0
DA:16,0
DA:17,0
DA:18,0
DA:19,0
DA:20,0
DA:22,0
DA:23,0
DA:24,0
DA:25,0
DA:26,0
DA:27,0
DA:28,0
DA:29,0
DA:30,0
DA:31,0
DA:32,0
DA:33,0
DA:34,0
DA:35,0
DA:36,0
DA:37,0
DA:38,0
DA:39,0
DA:40,0
DA:42,0
DA:43,0
DA:44,0
DA:45,0
DA:46,0
DA:47,0
DA:48,0
DA:49,0
DA:50,0
DA:51,0
DA:52,0
DA:53,0
DA:55,0
DA:56,0
DA:57,0
DA:58,0
DA:59,0
DA:60,0
DA:61,0
DA:62,0
DA:63,0
DA:64,0
DA:65,0
DA:67,0
DA:68,0
DA:69,0
DA:70,0
DA:71,0
DA:72,0
DA:73,0
DA:74,0
DA:75,0
DA:76,0
DA:77,0
DA:78,0
DA:79,0
DA:80,0
DA:81,0
DA:82,0
DA:83,0
DA:84,0
DA:85,0
DA:86,0
DA:87,0
DA:88,0
DA:89,0
DA:90,0
DA:91,0
DA:92,0
DA:93,0
DA:94,0
DA:95,0
DA:96,0
DA:97,0
DA:98,0
DA:99,0
DA:101,0
DA:102,0
DA:103,0
DA:104,0
DA:105,0
DA:106,0
DA:107,0
DA:108,0
DA:109,0
DA:110,0
DA:111,0
DA:112,0
DA:113,0
DA:114,0
DA:115,0
DA:116,0
DA:117,0
DA:118,0
DA:119,0
DA:120,0
DA:121,0
DA:124,0
DA:125,0
DA:126,0
DA:127,0
DA:128,0
DA:129,0
DA:130,0
DA:131,0
DA:132,0
DA:133,0
DA:134,0
DA:135,0
DA:136,0
DA:137,0
DA:139,0
DA:140,0
DA:142,0
DA:143,0
DA:144,0
DA:145,0
DA:146,0
DA:147,0
DA:148,0
DA:149,0
DA:150,0
DA:151,0
DA:152,0
DA:153,0
DA:154,0
DA:155,0
DA:156,0
DA:157,0
DA:158,0
DA:159,0
DA:160,0
DA:162,0
DA:163,0
DA:164,0
DA:165,0
DA:166,0
DA:167,0
DA:168,0
DA:169,0
DA:170,0
DA:171,0
DA:172,0
DA:174,0
DA:175,0
DA:176,0
DA:177,0
DA:178,0
DA:179,0
DA:180,0
DA:181,0
DA:182,0
DA:183,0
DA:184,0
DA:185,0
DA:187,0
DA:188,0
DA:189,0
DA:190,0
DA:192,0
DA:193,0
DA:194,0
DA:195,0
DA:196,0
DA:197,0
DA:198,0
DA:199,0
DA:200,0
DA:201,0
DA:202,0
DA:203,0
DA:204,0
DA:205,0
DA:206,0
DA:208,0
DA:209,0
DA:210,0
DA:211,0
DA:212,0
DA:213,0
DA:214,0
DA:215,0
DA:217,0
DA:218,0
DA:219,0
DA:220,0
DA:221,0
DA:222,0
DA:223,0
DA:224,0
DA:225,0
BRF:0
BRH:0
LF:220
LH:0
end_of_record
SF:D:\rust\iris-engine\src\renderer\light.rs
FN:15,_RNCNvNtNtCs3Tc0WW6daC2_11iris_engine8renderer5light1__0B7_
FN:13,_RNCNvNtNtCs3Tc0WW6daC2_11iris_engine8renderer5lights_1__0B7_
FN:13,_RNCNvNtNtCs3Tc0WW6daC2_11iris_engine8renderer5lights0_1__0B7_
FN:13,_RNCNvNtNtCs3Tc0WW6daC2_11iris_engine8renderer5lights1_1__0B7_
FN:13,_RNCNvNtNtCs3Tc0WW6daC2_11iris_engine8renderer5lights2_1__0B7_
FN:13,_RNCNvNtNtCs3Tc0WW6daC2_11iris_engine8renderer5lights3_1__0B7_
FN:13,_RNCNvNtNtCs3Tc0WW6daC2_11iris_engine8renderer5lights4_1__0B7_
FN:13,_RNvNCNvNtNtCs3Tc0WW6daC2_11iris_engine8renderer5lights_1__05check
FN:13,_RINvNvNCNvNtNtCs3Tc0WW6daC2_11iris_engine8renderer5lights_1__05check11assert_implpEBc_
FN:13,_RNvNCNvNtNtCs3Tc0WW6daC2_11iris_engine8renderer5lights0_1__05check
FN:13,_RINvNvNCNvNtNtCs3Tc0WW6daC2_11iris_engine8renderer5lights0_1__05check11assert_implpEBc_
FN:13,_RNvNCNvNtNtCs3Tc0WW6daC2_11iris_engine8renderer5lights1_1__05check
FN:13,_RINvNvNCNvNtNtCs3Tc0WW6daC2_11iris_engine8renderer5lights1_1__05check11assert_implpEBc_
FN:13,_RNvNCNvNtNtCs3Tc0WW6daC2_11iris_engine8renderer5lights2_1__05check
FN:13,_RINvNvNCNvNtNtCs3Tc0WW6daC2_11iris_engine8renderer5lights2_1__05check11assert_implpEBc_
FN:13,_RNvNCNvNtNtCs3Tc0WW6daC2_11iris_engine8renderer5lights3_1__05check
FN:13,_RINvNvNCNvNtNtCs3Tc0WW6daC2_11iris_engine8renderer5lights3_1__05check11assert_implpEBc_
FN:13,_RNvNCNvNtNtCs3Tc0WW6daC2_11iris_engine8renderer5lights4_1__05check
FN:13,_RINvNvNCNvNtNtCs3Tc0WW6daC2_11iris_engine8renderer5lights4_1__05check11assert_implpEBc_
FN:29,_RNvXNtNtCs3Tc0WW6daC2_11iris_engine8renderer5lightNtB2_5LightINtB6_11GpuSendableNtB2_8GpuLightE6to_gpu
FN:38,_RNvXs_NtNtCs3Tc0WW6daC2_11iris_engine8renderer5lightNtB4_5LightINtNtCsgfKerrBUswu_4core7convert4FromNtB4_16DirectionalLightE4from
FN:43,_RNvXs0_NtNtCs3Tc0WW6daC2_11iris_engine8renderer5lightNtB5_5LightINtNtCsgfKerrBUswu_4core7convert4FromNtB5_10PointLightE4from
FN:48,_RNvXs1_NtNtCs3Tc0WW6daC2_11iris_engine8renderer5lightNtB5_5LightINtNtCsgfKerrBUswu_4core7convert4FromNtB5_9SpotLightE4from
FN:54,_RNvMs2_NtNtCs3Tc0WW6daC2_11iris_engine8renderer5lightNtB5_5Light3gui
FN:80,_RNCNvMs2_NtNtCs3Tc0WW6daC2_11iris_engine8renderer5lightNtB7_5Light3gui0Bb_
FN:98,_RNvXs3_NtNtCs3Tc0WW6daC2_11iris_engine8renderer5lightNtB5_16DirectionalLightNtNtCsgfKerrBUswu_4core7default7Default7default
FN:107,_RNvMs4_NtNtCs3Tc0WW6daC2_11iris_engine8renderer5lightNtB5_16DirectionalLight3new
FN:116,_RNvXs5_NtNtCs3Tc0WW6daC2_11iris_engine8renderer5lightNtB5_16DirectionalLightINtB9_11GpuSendableNtB5_8GpuLightE6to_gpu
FN:133,_RNvXs6_NtNtCs3Tc0WW6daC2_11iris_engine8renderer5lightNtB5_10PointLightNtNtCsgfKerrBUswu_4core7default7Default7default
FN:144,_RNvMs7_NtNtCs3Tc0WW6daC2_11iris_engine8renderer5lightNtB5_10PointLight3new
FN:155,_RNvXs8_NtNtCs3Tc0WW6daC2_11iris_engine8renderer5lightNtB5_10PointLightINtB9_11GpuSendableNtB5_8GpuLightE6to_gpu
FN:180,_RNvXs9_NtNtCs3Tc0WW6daC2_11iris_engine8renderer5lightNtB5_9SpotLightNtNtCsgfKerrBUswu_4core7default7Default7default
FN:192,_RNvMsa_NtNtCs3Tc0WW6daC2_11iris_engine8renderer5lightNtB5_9SpotLight3new
FN:208,_RNvMsa_NtNtCs3Tc0WW6daC2_11iris_engine8renderer5lightNtB5_9SpotLight22project_texture_matrix
FN:239,_RNvXsb_NtNtCs3Tc0WW6daC2_11iris_engine8renderer5lightNtB5_9SpotLightINtB9_11GpuSendableNtB5_8GpuLightE6to_gpu
FNDA:0,_RNCNvNtNtCs3Tc0WW6daC2_11iris_engine8renderer5light1__0B7_
FNDA:0,_RNCNvNtNtCs3Tc0WW6daC2_11iris_engine8renderer5lights_1__0B7_
FNDA:0,_RNCNvNtNtCs3Tc0WW6daC2_11iris_engine8renderer5lights0_1__0B7_
FNDA:0,_RNCNvNtNtCs3Tc0WW6daC2_11iris_engine8renderer5lights1_1__0B7_
FNDA:0,_RNCNvNtNtCs3Tc0WW6daC2_11iris_engine8renderer5lights2_1__0B7_
FNDA:0,_RNCNvNtNtCs3Tc0WW6daC2_11iris_engine8renderer5lights3_1__0B7_
FNDA:0,_RNCNvNtNtCs3Tc0WW6daC2_11iris_engine8renderer5lights4_1__0B7_
FNDA:0,_RNvNCNvNtNtCs3Tc0WW6daC2_11iris_engine8renderer5lights_1__05check
FNDA:0,_RINvNvNCNvNtNtCs3Tc0WW6daC2_11iris_engine8renderer5lights_1__05check11assert_implpEBc_
FNDA:0,_RNvNCNvNtNtCs3Tc0WW6daC2_11iris_engine8renderer5lights0_1__05check
FNDA:0,_RINvNvNCNvNtNtCs3Tc0WW6daC2_11iris_engine8renderer5lights0_1__05check11assert_implpEBc_
FNDA:0,_RNvNCNvNtNtCs3Tc0WW6daC2_11iris_engine8renderer5lights1_1__05check
FNDA:0,_RINvNvNCNvNtNtCs3Tc0WW6daC2_11iris_engine8renderer5lights1_1__05check11assert_implpEBc_
FNDA:0,_RNvNCNvNtNtCs3Tc0WW6daC2_11iris_engine8renderer5lights2_1__05check
FNDA:0,_RINvNvNCNvNtNtCs3Tc0WW6daC2_11iris_engine8renderer5lights2_1__05check11assert_implpEBc_
FNDA:0,_RNvNCNvNtNtCs3Tc0WW6daC2_11iris_engine8renderer5lights3_1__05check
FNDA:0,_RINvNvNCNvNtNtCs3Tc0WW6daC2_11iris_engine8renderer5lights3_1__05check11assert_implpEBc_
FNDA:0,_RNvNCNvNtNtCs3Tc0WW6daC2_11iris_engine8renderer5lights4_1__05check
FNDA:0,_RINvNvNCNvNtNtCs3Tc0WW6daC2_11iris_engine8renderer5lights4_1__05check11assert_implpEBc_
FNDA:0,_RNvXNtNtCs3Tc0WW6daC2_11iris_engine8renderer5lightNtB2_5LightINtB6_11GpuSendableNtB2_8GpuLightE6to_gpu
FNDA:0,_RNvXs_NtNtCs3Tc0WW6daC2_11iris_engine8renderer5lightNtB4_5LightINtNtCsgfKerrBUswu_4core7convert4FromNtB4_16DirectionalLightE4from
FNDA:0,_RNvXs0_NtNtCs3Tc0WW6daC2_11iris_engine8renderer5lightNtB5_5LightINtNtCsgfKerrBUswu_4core7convert4FromNtB5_10PointLightE4from
FNDA:0,_RNvXs1_NtNtCs3Tc0WW6daC2_11iris_engine8renderer5lightNtB5_5LightINtNtCsgfKerrBUswu_4core7convert4FromNtB5_9SpotLightE4from
FNDA:0,_RNvMs2_NtNtCs3Tc0WW6daC2_11iris_engine8renderer5lightNtB5_5Light3gui
FNDA:0,_RNCNvMs2_NtNtCs3Tc0WW6daC2_11iris_engine8renderer5lightNtB7_5Light3gui0Bb_
FNDA:0,_RNvXs3_NtNtCs3Tc0WW6daC2_11iris_engine8renderer5lightNtB5_16DirectionalLightNtNtCsgfKerrBUswu_4core7default7Default7default
FNDA:0,_RNvMs4_NtNtCs3Tc0WW6daC2_11iris_engine8renderer5lightNtB5_16DirectionalLight3new
FNDA:0,_RNvXs5_NtNtCs3Tc0WW6daC2_11iris_engine8renderer5lightNtB5_16DirectionalLightINtB9_11GpuSendableNtB5_8GpuLightE6to_gpu
FNDA:0,_RNvXs6_NtNtCs3Tc0WW6daC2_11iris_engine8renderer5lightNtB5_10PointLightNtNtCsgfKerrBUswu_4core7default7Default7default
FNDA:0,_RNvMs7_NtNtCs3Tc0WW6daC2_11iris_engine8renderer5lightNtB5_10PointLight3new
FNDA:0,_RNvXs8_NtNtCs3Tc0WW6daC2_11iris_engine8renderer5lightNtB5_10PointLightINtB9_11GpuSendableNtB5_8GpuLightE6to_gpu
FNDA:0,_RNvXs9_NtNtCs3Tc0WW6daC2_11iris_engine8renderer5lightNtB5_9SpotLightNtNtCsgfKerrBUswu_4core7default7Default7default
FNDA:0,_RNvMsa_NtNtCs3Tc0WW6daC2_11iris_engine8renderer5lightNtB5_9SpotLight3new
FNDA:0,_RNvMsa_NtNtCs3Tc0WW6daC2_11iris_engine8renderer5lightNtB5_9SpotLight22project_texture_matrix
FNDA:0,_RNvXsb_NtNtCs3Tc0WW6daC2_11iris_engine8renderer5lightNtB5_9SpotLightINtB9_11GpuSendableNtB5_8GpuLightE6to_gpu
FNF:18
FNH:0
DA:13,0
DA:15,0
DA:29,0
DA:30,0
DA:31,0
DA:32,0
DA:33,0
DA:35,0
DA:38,0
DA:39,0
DA:40,0
DA:43,0
DA:44,0
DA:45,0
DA:48,0
DA:49,0
DA:50,0
DA:54,0
DA:55,0
DA:56,0
DA:57,0
DA:58,0
DA:59,0
DA:60,0
DA:61,0
DA:62,0
DA:63,0
DA:64,0
DA:65,0
DA:66,0
DA:67,0
DA:68,0
DA:69,0
DA:70,0
DA:71,0
DA:72,0
DA:73,0
DA:74,0
DA:75,0
DA:76,0
DA:77,0
DA:78,0
DA:79,0
DA:80,0
DA:81,0
DA:82,0
DA:83,0
DA:84,0
DA:85,0
DA:87,0
DA:88,0
DA:98,0
DA:99,0
DA:100,0
DA:101,0
DA:102,0
DA:103,0
DA:107,0
DA:108,0
DA:109,0
DA:110,0
DA:111,0
DA:112,0
DA:116,0
DA:117,0
DA:118,0
DA:119,0
DA:120,0
DA:121,0
DA:122,0
DA:133,0
DA:134,0
DA:135,0
DA:136,0
DA:137,0
DA:138,0
DA:139,0
DA:140,0
DA:144,0
DA:145,0
DA:146,0
DA:147,0
DA:148,0
DA:149,0
DA:150,0
DA:151,0
DA:155,0
DA:156,0
DA:157,0
DA:158,0
DA:159,0
DA:160,0
DA:161,0
DA:162,0
DA:163,0
DA:164,0
DA:165,0
DA:166,0
DA:167,0
DA:180,0
DA:181,0
DA:182,0
DA:183,0
DA:184,0
DA:185,0
DA:186,0
DA:187,0
DA:188,0
DA:192,0
DA:193,0
DA:194,0
DA:195,0
DA:196,0
DA:197,0
DA:198,0
DA:199,0
DA:200,0
DA:201,0
DA:202,0
DA:203,0
DA:204,0
DA:205,0
DA:206,0
DA:208,0
DA:209,0
DA:210,0
DA:211,0
DA:212,0
DA:213,0
DA:214,0
DA:215,0
DA:216,0
DA:217,0
DA:218,0
DA:219,0
DA:220,0
DA:221,0
DA:222,0
DA:223,0
DA:224,0
DA:225,0
DA:226,0
DA:227,0
DA:228,0
DA:229,0
DA:230,0
DA:231,0
DA:232,0
DA:233,0
DA:234,0
DA:235,0
DA:239,0
DA:240,0
DA:241,0
DA:242,0
DA:243,0
DA:244,0
DA:245,0
BRF:0
BRH:0
LF:160
LH:0
end_of_record
SF:D:\rust\iris-engine\src\renderer\material.rs
FN:20,_RNvYpNtNtNtCs3Tc0WW6daC2_11iris_engine8renderer8material8Material3guiB9_
FN:23,_RNvYpNtNtNtCs3Tc0WW6daC2_11iris_engine8renderer8material8Material12gui_registerB9_
FN:34,_RNvMNtNtCs3Tc0WW6daC2_11iris_engine8renderer8materialNtB2_13UnlitMaterial23default_diffuse_texture
FN:37,_RNvMNtNtCs3Tc0WW6daC2_11iris_engine8renderer8materialNtB2_13UnlitMaterial8from_pbr
FN:46,_RNvMNtNtCs3Tc0WW6daC2_11iris_engine8renderer8materialNtB2_13UnlitMaterial8from_lit
FN:55,_RNvMNtNtCs3Tc0WW6daC2_11iris_engine8renderer8materialNtB2_13UnlitMaterial18rebuild_bind_group
FN:64,_RNvXs_NtNtCs3Tc0WW6daC2_11iris_engine8renderer8materialNtB4_13UnlitMaterialNtB4_8Material10bind_group
FN:68,_RNvXs_NtNtCs3Tc0WW6daC2_11iris_engine8renderer8materialNtB4_13UnlitMaterialNtB4_8Material6shader
FN:71,_RNvXs_NtNtCs3Tc0WW6daC2_11iris_engine8renderer8materialNtB4_13UnlitMaterialNtB4_8Material3gui
FN:88,_RNvXs_NtNtCs3Tc0WW6daC2_11iris_engine8renderer8materialNtB4_13UnlitMaterialNtB4_8Material12gui_register
FN:100,_RNvMs0_NtNtCs3Tc0WW6daC2_11iris_engine8renderer8materialNtB5_20UnlitMaterialBuilder3new
FN:103,_RNvMs0_NtNtCs3Tc0WW6daC2_11iris_engine8renderer8materialNtB5_20UnlitMaterialBuilder15diffuse_texture
FN:109,_RNvMs0_NtNtCs3Tc0WW6daC2_11iris_engine8renderer8materialNtB5_20UnlitMaterialBuilder13diffuse_color
FN:115,_RNvMs0_NtNtCs3Tc0WW6daC2_11iris_engine8renderer8materialNtB5_20UnlitMaterialBuilder5build
FN:121,_RNCNvMs0_NtNtCs3Tc0WW6daC2_11iris_engine8renderer8materialNtB7_20UnlitMaterialBuilder5build0Bb_
FN:149,_RNvMs1_NtNtCs3Tc0WW6daC2_11iris_engine8renderer8materialNtB5_11LitMaterial23default_diffuse_texture
FN:153,_RNvMs1_NtNtCs3Tc0WW6daC2_11iris_engine8renderer8materialNtB5_11LitMaterial22default_normal_texture
FN:159,_RNvMs1_NtNtCs3Tc0WW6daC2_11iris_engine8renderer8materialNtB5_11LitMaterial8from_pbr
FN:172,_RNvMs1_NtNtCs3Tc0WW6daC2_11iris_engine8renderer8materialNtB5_11LitMaterial10from_unlit
FN:185,_RNvMs1_NtNtCs3Tc0WW6daC2_11iris_engine8renderer8materialNtB5_11LitMaterial18rebuild_bind_group
FN:198,_RNvXs2_NtNtCs3Tc0WW6daC2_11iris_engine8renderer8materialNtB5_11LitMaterialNtB5_8Material10bind_group
FN:201,_RNvXs2_NtNtCs3Tc0WW6daC2_11iris_engine8renderer8materialNtB5_11LitMaterialNtB5_8Material6shader
FN:204,_RNvXs2_NtNtCs3Tc0WW6daC2_11iris_engine8renderer8materialNtB5_11LitMaterialNtB5_8Material3gui
FN:246,_RNvXs2_NtNtCs3Tc0WW6daC2_11iris_engine8renderer8materialNtB5_11LitMaterialNtB5_8Material12gui_register
FN:263,_RNvMs3_NtNtCs3Tc0WW6daC2_11iris_engine8renderer8materialNtB5_18LitMaterialBuilder3new
FN:266,_RNvMs3_NtNtCs3Tc0WW6daC2_11iris_engine8renderer8materialNtB5_18LitMaterialBuilder15diffuse_texture
FN:272,_RNvMs3_NtNtCs3Tc0WW6daC2_11iris_engine8renderer8materialNtB5_18LitMaterialBuilder13diffuse_color
[...]
FN:47,_RNvXs_NtNtNtCs3Tc0WW6daC2_11iris_engine10visibility15bounding_volume15bounding_sphereNtB4_14BoundingSphereINtNtNtCsgfKerrBUswu_4core3ops5arith9AddAssignNtNtNtCs8OLz2mRkHmH_4glam3f324vec34Vec3E10add_assign
FN:52,_RNvXs0_NtNtNtCs3Tc0WW6daC2_11iris_engine10visibility15bounding_volume15bounding_sphereNtB5_14BoundingSphereINtNtNtCsgfKerrBUswu_4core3ops5arith9SubAssignNtNtNtCs8OLz2mRkHmH_4glam3f324vec34Vec3E10sub_assign
FN:60,_RNvXs1_NtNtNtCs3Tc0WW6daC2_11iris_engine10visibility15bounding_volume15bounding_sphereNtB5_14BoundingSphereINtNtNtCsgfKerrBUswu_4core3ops5arith3AddNtNtNtCs8OLz2mRkHmH_4glam3f324vec34Vec3E3add
FN:70,_RNvXs2_NtNtNtCs3Tc0WW6daC2_11iris_engine10visibility15bounding_volume15bounding_sphereNtNtNtCs8OLz2mRkHmH_4glam3f324vec34Vec3INtNtNtCsgfKerrBUswu_4core3ops5arith3AddNtB5_14BoundingSphereE3add
FN:81,_RNvXs3_NtNtNtCs3Tc0WW6daC2_11iris_engine10visibility15bounding_volume15bounding_sphereNtB5_14BoundingSphereINtNtNtCsgfKerrBUswu_4core3ops5arith3SubNtNtNtCs8OLz2mRkHmH_4glam3f324vec34Vec3E3sub
FN:92,_RNvXs4_NtNtNtCs3Tc0WW6daC2_11iris_engine10visibility15bounding_volume15bounding_sphereNtB5_14BoundingSphereINtNtNtCsgfKerrBUswu_4core3ops5arith9MulAssignfE10mul_assign
FN:100,_RNvXs5_NtNtNtCs3Tc0WW6daC2_11iris_engine10visibility15bounding_volume15bounding_sphereNtB5_14BoundingSphereINtNtNtCsgfKerrBUswu_4core3ops5arith3MulfE3mul
FN:110,_RNvXs6_NtNtNtCs3Tc0WW6daC2_11iris_engine10visibility15bounding_volume15bounding_spherefINtNtNtCsgfKerrBUswu_4core3ops5arith3MulNtB5_14BoundingSphereE3mul
FNDA:0,_RNvMNtNtNtCs3Tc0WW6daC2_11iris_engine10visibility15bounding_volume15bounding_sphereNtB2_14BoundingSphere11from_points
FNDA:0,_RNvMNtNtNtCs3Tc0WW6daC2_11iris_engine10visibility15bounding_volume15bounding_sphereNtB2_14BoundingSphere8contains
FNDA:0,_RNvNtNtNtCs3Tc0WW6daC2_11iris_engine10visibility15bounding_volume15bounding_sphere16center_of_points
FNDA:0,_RNCNvNtNtNtCs3Tc0WW6daC2_11iris_engine10visibility15bounding_volume15bounding_sphere16center_of_points0B9_
FNDA:0,_RNvXs_NtNtNtCs3Tc0WW6daC2_11iris_engine10visibility15bounding_volume15bounding_sphereNtB4_14BoundingSphereINtNtNtCsgfKerrBUswu_4core3ops5arith9AddAssignNtNtNtCs8OLz2mRkHmH_4glam3f324vec34Vec3E10add_assign
FNDA:0,_RNvXs0_NtNtNtCs3Tc0WW6daC2_11iris_engine10visibility15bounding_volume15bounding_sphereNtB5_14BoundingSphereINtNtNtCsgfKerrBUswu_4core3ops5arith9SubAssignNtNtNtCs8OLz2mRkHmH_4glam3f324vec34Vec3E10sub_assign
FNDA:0,_RNvXs1_NtNtNtCs3Tc0WW6daC2_11iris_engine10visibility15bounding_volume15bounding_sphereNtB5_14BoundingSphereINtNtNtCsgfKerrBUswu_4core3ops5arith3AddNtNtNtCs8OLz2mRkHmH_4glam3f324vec34Vec3E3add
FNDA:0,_RNvXs2_NtNtNtCs3Tc0WW6daC2_11iris_engine10visibility15bounding_volume15bounding_sphereNtNtNtCs8OLz2mRkHmH_4glam3f324vec34Vec3INtNtNtCsgfKerrBUswu_4core3ops5arith3AddNtB5_14BoundingSphereE3add
FNDA:0,_RNvXs3_NtNtNtCs3Tc0WW6daC2_11iris_engine10visibility15bounding_volume15bounding_sphereNtB5_14BoundingSphereINtNtNtCsgfKerrBUswu_4core3ops5arith3SubNtNtNtCs8OLz2mRkHmH_4glam3f324vec34Vec3E3sub
FNDA:0,_RNvXs4_NtNtNtCs3Tc0WW6daC2_11iris_engine10visibility15bounding_volume15bounding_sphereNtB5_14BoundingSphereINtNtNtCsgfKerrBUswu_4core3ops5arith9MulAssignfE10mul_assign
FNDA:0,_RNvXs5_NtNtNtCs3Tc0WW6daC2_11iris_engine10visibility15bounding_volume15bounding_sphereNtB5_14BoundingSphereINtNtNtCsgfKerrBUswu_4core3ops5arith3MulfE3mul
FNDA:0,_RNvXs6_NtNtNtCs3Tc0WW6daC2_11iris_engine10visibility15bounding_volume15bounding_spherefINtNtNtCsgfKerrBUswu_4core3ops5arith3MulNtB5_14BoundingSphereE3mul
FNF:12
FNH:0
DA:12,0
DA:13,0
DA:14,0
DA:16,0
DA:18,0
DA:19,0
DA:20,0
DA:21,0
DA:24,0
DA:25,0
DA:26,0
DA:27,0
DA:28,0
DA:29,0
DA:30,0
DA:31,0
DA:34,0
DA:35,0
DA:36,0
DA:37,0
DA:40,0
DA:41,0
DA:42,0
DA:47,0
DA:48,0
DA:49,0
DA:52,0
DA:53,0
DA:54,0
DA:60,0
DA:61,0
DA:62,0
DA:63,0
DA:64,0
DA:65,0
DA:70,0
DA:71,0
DA:72,0
DA:73,0
DA:74,0
DA:75,0
DA:81,0
DA:82,0
DA:83,0
DA:84,0
DA:85,0
DA:86,0
DA:92,0
DA:93,0
DA:94,0
DA:100,0
DA:101,0
DA:102,0
DA:103,0
DA:104,0
DA:105,0
DA:110,0
DA:111,0
DA:112,0
DA:113,0
DA:114,0
DA:115,0
BRF:0
BRH:0
LF:63
LH:0
end_of_record
SF:D:\rust\iris-engine\src\visibility\bounding_volume\obb.rs
FN:15,_RNvMNtNtNtCs3Tc0WW6daC2_11iris_engine10visibility15bounding_volume3obbNtB2_3Obb3new
FN:21,_RNvMNtNtNtCs3Tc0WW6daC2_11iris_engine10visibility15bounding_volume3obbNtB2_3Obb6center
FN:25,_RNvMNtNtNtCs3Tc0WW6daC2_11iris_engine10visibility15bounding_volume3obbNtB2_3Obb4size
FN:29,_RNvMNtNtNtCs3Tc0WW6daC2_11iris_engine10visibility15bounding_volume3obbNtB2_3Obb3min
FN:32,_RNvMNtNtNtCs3Tc0WW6daC2_11iris_engine10visibility15bounding_volume3obbNtB2_3Obb3max
FN:36,_RNvMNtNtNtCs3Tc0WW6daC2_11iris_engine10visibility15bounding_volume3obbNtB2_3Obb8contains
FN:41,_RNvMNtNtNtCs3Tc0WW6daC2_11iris_engine10visibility15bounding_volume3obbNtB2_3Obb15transform_point
FN:46,_RNvMNtNtNtCs3Tc0WW6daC2_11iris_engine10visibility15bounding_volume3obbNtB2_3Obb14intersect_aabb
FN:52,_RNvMNtNtNtCs3Tc0WW6daC2_11iris_engine10visibility15bounding_volume3obbNtB2_3Obb13contains_aabb
FN:62,_RNvXs_NtNtNtCs3Tc0WW6daC2_11iris_engine10visibility15bounding_volume3obbNtB4_3ObbINtNtNtCsgfKerrBUswu_4core3ops5arith9AddAssignNtNtNtCs8OLz2mRkHmH_4glam3f324vec34Vec3E10add_assign
FN:67,_RNvXs0_NtNtNtCs3Tc0WW6daC2_11iris_engine10visibility15bounding_volume3obbNtB5_3ObbINtNtNtCsgfKerrBUswu_4core3ops5arith9SubAssignNtNtNtCs8OLz2mRkHmH_4glam3f324vec34Vec3E10sub_assign
FN:75,_RNvXs1_NtNtNtCs3Tc0WW6daC2_11iris_engine10visibility15bounding_volume3obbNtB5_3ObbINtNtNtCsgfKerrBUswu_4core3ops5arith3AddNtNtNtCs8OLz2mRkHmH_4glam3f324vec34Vec3E3add
FN:85,_RNvXs2_NtNtNtCs3Tc0WW6daC2_11iris_engine10visibility15bounding_volume3obbNtNtNtCs8OLz2mRkHmH_4glam3f324vec34Vec3INtNtNtCsgfKerrBUswu_4core3ops5arith3AddNtB5_3ObbE3add
FN:96,_RNvXs3_NtNtNtCs3Tc0WW6daC2_11iris_engine10visibility15bounding_volume3obbNtB5_3ObbINtNtNtCsgfKerrBUswu_4core3ops5arith3SubNtNtNtCs8OLz2mRkHmH_4glam3f324vec34Vec3E3sub
FN:106,_RNvXs4_NtNtNtCs3Tc0WW6daC2_11iris_engine10visibility15bounding_volume3obbNtB5_3ObbINtNtNtCsgfKerrBUswu_4core3ops5arith9MulAssignNtNtNtCs8OLz2mRkHmH_4glam3f324vec34Vec3E10mul_assign
FN:114,_RNvXs5_NtNtNtCs3Tc0WW6daC2_11iris_engine10visibility15bounding_volume3obbNtB5_3ObbINtNtNtCsgfKerrBUswu_4core3ops5arith3MulNtNtNtCs8OLz2mRkHmH_4glam3f324vec34Vec3E3mul
FN:125,_RNvXs6_NtNtNtCs3Tc0WW6daC2_11iris_engine10visibility15bounding_volume3obbNtNtNtCs8OLz2mRkHmH_4glam3f324vec34Vec3INtNtNtCsgfKerrBUswu_4core3ops5arith3MulNtB5_3ObbE3mul
FN:134,_RNvXs7_NtNtNtCs3Tc0WW6daC2_11iris_engine10visibility15bounding_volume3obbNtB5_3ObbINtNtNtCsgfKerrBUswu_4core3ops5arith9MulAssignfE10mul_assign
FN:142,_RNvXs8_NtNtNtCs3Tc0WW6daC2_11iris_engine10visibility15bounding_volume3obbNtB5_3ObbINtNtNtCsgfKerrBUswu_4core3ops5arith3MulfE3mul
FN:152,_RNvXs9_NtNtNtCs3Tc0WW6daC2_11iris_engine10visibility15bounding_volume3obbfINtNtNtCsgfKerrBUswu_4core3ops5arith3MulNtB5_3ObbE3mul
FN:163,_RNvXsa_NtNtNtCs3Tc0WW6daC2_11iris_engine10visibility15bounding_volume3obbNtNtNtNtCs8OLz2mRkHmH_4glam3f324sse24quat4QuatINtNtNtCsgfKerrBUswu_4core3ops5arith3MulNtB5_3ObbE3mul
FN:174,_RNvXsb_NtNtNtCs3Tc0WW6daC2_11iris_engine10visibility15bounding_volume3obbNtNtNtCs8OLz2mRkHmH_4glam3f328affine3a8Affine3AINtNtNtCsgfKerrBUswu_4core3ops5arith3MulNtB5_3ObbE3mul
FN:184,_RNvXsc_NtNtNtCs3Tc0WW6daC2_11iris_engine10visibility15bounding_volume3obbNtB5_3ObbINtNtCsgfKerrBUswu_4core7convert4FromNtNtB7_4aabb4AabbE4from
FNDA:0,_RNvMNtNtNtCs3Tc0WW6daC2_11iris_engine10visibility15bounding_volume3obbNtB2_3Obb3new
FNDA:0,_RNvMNtNtNtCs3Tc0WW6daC2_11iris_engine10visibility15bounding_volume3obbNtB2_3Obb6center
FNDA:0,_RNvMNtNtNtCs3Tc0WW6daC2_11iris_engine10visibility15bounding_volume3obbNtB2_3Obb4size
FNDA:0,_RNvMNtNtNtCs3Tc0WW6daC2_11iris_engine10visibility15bounding_volume3obbNtB2_3Obb3min
FNDA:0,_RNvMNtNtNtCs3Tc0WW6daC2_11iris_engine10visibility15bounding_volume3obbNtB2_3Obb3max
FNDA:0,_RNvMNtNtNtCs3Tc0WW6daC2_11iris_engine10visibility15bounding_volume3obbNtB2_3Obb8contains
FNDA:0,_RNvMNtNtNtCs3Tc0WW6daC2_11iris_engine10visibility15bounding_volume3obbNtB2_3Obb15transform_point
FNDA:0,_RNvMNtNtNtCs3Tc0WW6daC2_11iris_engine10visibility15bounding_volume3obbNtB2_3Obb14intersect_aabb
FNDA:0,_RNvMNtNtNtCs3Tc0WW6daC2_11iris_engine10visibility15bounding_volume3obbNtB2_3Obb13contains_aabb
FNDA:0,_RNvXs_NtNtNtCs3Tc0WW6daC2_11iris_engine10visibility15bounding_volume3obbNtB4_3ObbINtNtNtCsgfKerrBUswu_4core3ops5arith9AddAssignNtNtNtCs8OLz2mRkHmH_4glam3f324vec34Vec3E10add_assign
FNDA:0,_RNvXs0_NtNtNtCs3Tc0WW6daC2_11iris_engine10visibility15bounding_volume3obbNtB5_3ObbINtNtNtCsgfKerrBUswu_4core3ops5arith9SubAssignNtNtNtCs8OLz2mRkHmH_4glam3f324vec34Vec3E10sub_assign
FNDA:0,_RNvXs1_NtNtNtCs3Tc0WW6daC2_11iris_engine10visibility15bounding_volume3obbNtB5_3ObbINtNtNtCsgfKerrBUswu_4core3ops5arith3AddNtNtNtCs8OLz2mRkHmH_4glam3f324vec34Vec3E3add
FNDA:0,_RNvXs2_NtNtNtCs3Tc0WW6daC2_11iris_engine10visibility15bounding_volume3obbNtNtNtCs8OLz2mRkHmH_4glam3f324vec34Vec3INtNtNtCsgfKerrBUswu_4core3ops5arith3AddNtB5_3ObbE3add
FNDA:0,_RNvXs3_NtNtNtCs3Tc0WW6daC2_11iris_engine10visibility15bounding_volume3obbNtB5_3ObbINtNtNtCsgfKerrBUswu_4core3ops5arith3SubNtNtNtCs8OLz2mRkHmH_4glam3f324vec34Vec3E3sub
FNDA:0,_RNvXs4_NtNtNtCs3Tc0WW6daC2_11iris_engine10visibility15bounding_volume3obbNtB5_3ObbINtNtNtCsgfKerrBUswu_4core3ops5arith9MulAssignNtNtNtCs8OLz2mRkHmH_4glam3f324vec34Vec3E10mul_assign
FNDA:0,_RNvXs5_NtNtNtCs3Tc0WW6daC2_11iris_engine10visibility15bounding_volume3obbNtB5_3ObbINtNtNtCsgfKerrBUswu_4core3ops5arith3MulNtNtNtCs8OLz2mRkHmH_4glam3f324vec34Vec3E3mul
FNDA:0,_RNvXs6_NtNtNtCs3Tc0WW6daC2_11iris_engine10visibility15bounding_volume3obbNtNtNtCs8OLz2mRkHmH_4glam3f324vec34Vec3INtNtNtCsgfKerrBUswu_4core3ops5arith3MulNtB5_3ObbE3mul
FNDA:0,_RNvXs7_NtNtNtCs3Tc0WW6daC2_11iris_engine10visibility15bounding_volume3obbNtB5_3ObbINtNtNtCsgfKerrBUswu_4core3ops5arith9MulAssignfE10mul_assign
FNDA:0,_RNvXs8_NtNtNtCs3Tc0WW6daC2_11iris_engine10visibility15bounding_volume3obbNtB5_3ObbINtNtNtCsgfKerrBUswu_4core3ops5arith3MulfE3mul
FNDA:0,_RNvXs9_NtNtNtCs3Tc0WW6daC2_11iris_engine10visibility15bounding_volume3obbfINtNtNtCsgfKerrBUswu_4core3ops5arith3MulNtB5_3ObbE3mul
FNDA:0,_RNvXsa_NtNtNtCs3Tc0WW6daC2_11iris_engine10visibility15bounding_volume3obbNtNtNtNtCs8OLz2mRkHmH_4glam3f324sse24quat4QuatINtNtNtCsgfKerrBUswu_4core3ops5arith3MulNtB5_3ObbE3mul
FNDA:0,_RNvXsb_NtNtNtCs3Tc0WW6daC2_11iris_engine10visibility15bounding_volume3obbNtNtNtCs8OLz2mRkHmH_4glam3f328affine3a8Affine3AINtNtNtCsgfKerrBUswu_4core3ops5arith3MulNtB5_3ObbE3mul
FNDA:0,_RNvXsc_NtNtNtCs3Tc0WW6daC2_11iris_engine10visibility15bounding_volume3obbNtB5_3ObbINtNtCsgfKerrBUswu_4core7convert4FromNtNtB7_4aabb4AabbE4from
FNF:23
FNH:0
DA:15,0
DA:16,0
DA:17,0
DA:18,0
DA:19,0
DA:20,0
DA:21,0
DA:22,0
DA:23,0
DA:25,0
DA:26,0
DA:27,0
DA:29,0
DA:30,0
DA:31,0
DA:32,0
DA:33,0
DA:34,0
DA:36,0
DA:37,0
DA:38,0
DA:39,0
DA:41,0
DA:42,0
DA:43,0
DA:44,0
DA:46,0
DA:47,0
DA:48,0
DA:49,0
DA:50,0
DA:51,0
DA:52,0
DA:53,0
DA:54,0
DA:55,0
DA:56,0
DA:57,0
DA:62,0
DA:63,0
DA:64,0
DA:67,0
DA:68,0
DA:69,0
DA:75,0
DA:76,0
DA:77,0
DA:78,0
DA:79,0
DA:80,0
DA:85,0
DA:86,0
DA:87,0
DA:88,0
DA:89,0
DA:90,0
DA:96,0
DA:97,0
DA:98,0
DA:99,0
DA:100,0
DA:101,0
DA:106,0
DA:107,0
DA:108,0
DA:114,0
DA:115,0
DA:116,0
DA:117,0
DA:118,0
DA:119,0
DA:120,0
DA:125,0
DA:126,0
DA:127,0
DA:128,0
DA:129,0
DA:130,0
DA:134,0
DA:135,0
DA:136,0
DA:142,0
DA:143,0
DA:144,0
DA:145,0
DA:146,0
DA:147,0
DA:152,0
DA:153,0
DA:154,0
DA:155,0
DA:156,0
DA:157,0
DA:163,0
DA:164,0
DA:165,0
DA:166,0
DA:167,0
DA:168,0
DA:174,0
DA:175,0
DA:176,0
DA:177,0
DA:178,0
DA:179,0
DA:180,0
DA:184,0
DA:185,0
DA:186,0
DA:187,0
DA:188,0
DA:189,0
BRF:0
BRH:0
LF:112
LH:0
end_of_record
SF:D:\rust\iris-engine\src\visibility\frustum.rs
FN:38,_RNvMNtNtCs3Tc0WW6daC2_11iris_engine10visibility7frustumNtB2_7Frustum6planes
FN:46,_RNvMNtNtCs3Tc0WW6daC2_11iris_engine10visibility7frustumNtB2_7Frustum25intersect_bounding_sphere
FN:58,_RNvMNtNtCs3Tc0WW6daC2_11iris_engine10visibility7frustumNtB2_7Frustum22intersect_bounding_box
FN:74,_RNvMNtNtCs3Tc0WW6daC2_11iris_engine10visibility7frustumNtB2_7Frustum31intersect_oriented_bounding_box
FN:181,_RNvNtNtNtCs3Tc0WW6daC2_11iris_engine10visibility7frustum5tests24projection_type_strategy
FN:231,_RNvNtNtNtCs3Tc0WW6daC2_11iris_engine10visibility7frustum5tests21__orthographic_frustum
FN:266,_RNvNtNtNtCs3Tc0WW6daC2_11iris_engine10visibility7frustum5tests20__perspective_frustum
FN:300,_RNvNtNtNtCs3Tc0WW6daC2_11iris_engine10visibility7frustum5tests29__perspective_infinite_frustum
FN:337,_RNvNtNtNtCs3Tc0WW6daC2_11iris_engine10visibility7frustum5tests37__perspective_infinite_reverse_frustum
FN:378,_RNvNtNtNtCs3Tc0WW6daC2_11iris_engine10visibility7frustum5testss_19near_plane_clipping
FN:20,_RNvMNtNtCs3Tc0WW6daC2_11iris_engine10visibility7frustumNtB2_7Frustum3new
FN:108,_RNvMs_NtNtCs3Tc0WW6daC2_11iris_engine10visibility7frustumNtB4_14FrustumBuilder3new
FN:114,_RNvMs_NtNtCs3Tc0WW6daC2_11iris_engine10visibility7frustumNtB4_14FrustumBuilder10reversed_z
FN:118,_RNvMs_NtNtCs3Tc0WW6daC2_11iris_engine10visibility7frustumNtB4_14FrustumBuilder6opengl
FN:122,_RNvMs_NtNtCs3Tc0WW6daC2_11iris_engine10visibility7frustumNtB4_14FrustumBuilder8infinite
FN:127,_RNvMs_NtNtCs3Tc0WW6daC2_11iris_engine10visibility7frustumNtB4_14FrustumBuilder5build
FNDA:0,_RNvMNtNtCs3Tc0WW6daC2_11iris_engine10visibility7frustumNtB2_7Frustum6planes
FNDA:0,_RNvMNtNtCs3Tc0WW6daC2_11iris_engine10visibility7frustumNtB2_7Frustum25intersect_bounding_sphere
FNDA:0,_RNvMNtNtCs3Tc0WW6daC2_11iris_engine10visibility7frustumNtB2_7Frustum22intersect_bounding_box
FNDA:0,_RNvMNtNtCs3Tc0WW6daC2_11iris_engine10visibility7frustumNtB2_7Frustum31intersect_oriented_bounding_box
FNDA:4,_RNvNtNtNtCs3Tc0WW6daC2_11iris_engine10visibility7frustum5tests24projection_type_strategy
FNDA:256,_RNvNtNtNtCs3Tc0WW6daC2_11iris_engine10visibility7frustum5tests21__orthographic_frustum
FNDA:256,_RNvNtNtNtCs3Tc0WW6daC2_11iris_engine10visibility7frustum5tests20__perspective_frustum
FNDA:256,_RNvNtNtNtCs3Tc0WW6daC2_11iris_engine10visibility7frustum5tests29__perspective_infinite_frustum
FNDA:256,_RNvNtNtNtCs3Tc0WW6daC2_11iris_engine10visibility7frustum5tests37__perspective_infinite_reverse_frustum
FNDA:1,_RNvNtNtNtCs3Tc0WW6daC2_11iris_engine10visibility7frustum5testss_19near_plane_clipping
FNDA:256,_RNvMNtNtCs3Tc0WW6daC2_11iris_engine10visibility7frustumNtB2_7Frustum3new
FNDA:1025,_RNvMs_NtNtCs3Tc0WW6daC2_11iris_engine10visibility7frustumNtB4_14FrustumBuilder3new
FNDA:256,_RNvMs_NtNtCs3Tc0WW6daC2_11iris_engine10visibility7frustumNtB4_14FrustumBuilder10reversed_z
FNDA:361,_RNvMs_NtNtCs3Tc0WW6daC2_11iris_engine10visibility7frustumNtB4_14FrustumBuilder6opengl
FNDA:512,_RNvMs_NtNtCs3Tc0WW6daC2_11iris_engine10visibility7frustumNtB4_14FrustumBuilder8infinite
FNDA:1025,_RNvMs_NtNtCs3Tc0WW6daC2_11iris_engine10visibility7frustumNtB4_14FrustumBuilder5build
FNF:16
FNH:12
DA:20,256
DA:21,256
DA:22,256
DA:23,256
DA:24,256
DA:25,256
DA:26,256
DA:27,256
DA:28,256
DA:29,256
DA:30,256
DA:31,256
DA:32,256
DA:33,256
DA:34,256
DA:35,256
DA:36,256
DA:38,0
DA:39,0
DA:40,0
DA:41,0
DA:42,0
DA:43,0
DA:44,0
DA:46,0
DA:47,0
DA:48,0
DA:49,0
DA:50,0
DA:51,0
DA:52,0
DA:53,0
DA:54,0
DA:56,0
DA:57,0
DA:58,0
DA:59,0
DA:60,0
DA:62,0
DA:64,0
DA:65,0
DA:66,0
DA:67,0
DA:68,0
DA:69,0
DA:70,0
DA:72,0
DA:73,0
DA:74,0
DA:75,0
DA:76,0
DA:77,0
DA:78,0
DA:79,0
DA:80,0
DA:81,0
DA:82,0
DA:84,0
DA:86,0
DA:87,0
DA:88,0
DA:89,0
DA:90,0
DA:91,0
DA:92,0
DA:93,0
DA:95,0
DA:96,0
DA:108,1025
DA:109,1025
DA:110,1025
DA:111,1025
DA:112,1025
DA:113,1025
DA:114,256
DA:115,256
DA:116,256
DA:117,256
DA:118,361
DA:119,361
DA:120,361
DA:121,361
DA:122,512
DA:123,512
DA:124,512
DA:125,512
DA:127,1025
DA:128,1025
DA:129,1025
DA:130,1025
DA:131,1025
DA:132,361
DA:134,664
DA:136,1025
DA:137,256
DA:138,769
DA:139,1025
DA:140,1025
DA:141,1025
DA:142,1025
DA:143,1025
DA:144,1025
DA:145,1025
DA:146,512
DA:148,513
DA:151,1025
DA:152,1025
DA:153,1025
DA:154,1025
DA:155,1025
DA:156,1025
DA:157,1025
DA:158,1025
DA:159,1025
DA:181,4
DA:182,4
DA:183,4
DA:184,4
DA:185,4
DA:186,4
DA:187,4
DA:231,256
DA:232,256
DA:233,256
DA:234,256
DA:235,256
DA:236,256
DA:237,256
DA:238,256
DA:239,256
DA:240,93
DA:241,82
DA:242,81
DA:245,256
DA:246,256
DA:247,256
DA:248,256
DA:249,256
DA:250,256
DA:251,256
DA:252,256
DA:253,256
DA:254,256
DA:255,256
DA:256,256
DA:257,256
DA:258,256
DA:259,256
DA:260,256
DA:261,256
DA:262,256
DA:263,0
DA:264,0
DA:265,256
DA:266,256
DA:267,256
DA:268,256
DA:269,256
DA:270,256
DA:271,256
DA:272,256
DA:273,256
DA:274,256
DA:275,79
DA:276,70
DA:277,107
DA:279,256
DA:280,256
DA:281,256
DA:282,256
DA:283,256
DA:284,256
DA:285,256
DA:286,256
DA:287,256
DA:288,256
DA:289,256
DA:290,256
DA:291,256
DA:292,256
DA:293,256
DA:294,256
DA:295,256
DA:296,0
DA:297,0
DA:298,256
DA:300,256
DA:301,256
DA:302,256
DA:303,256
DA:304,256
DA:305,256
DA:306,256
DA:307,256
DA:308,88
DA:309,88
DA:310,88
DA:311,88
DA:312,88
DA:313,88
DA:314,80
DA:315,80
DA:316,80
DA:317,80
DA:319,256
DA:320,256
DA:321,256
DA:322,256
DA:323,256
DA:324,256
DA:325,256
DA:326,256
DA:327,256
DA:328,256
DA:329,256
DA:330,256
DA:331,256
DA:332,256
DA:333,256
DA:334,256
DA:335,256
DA:337,256
DA:338,256
DA:339,256
DA:340,256
DA:341,256
DA:342,256
DA:343,256
DA:344,256
DA:345,84
DA:346,84
DA:347,84
DA:348,84
DA:349,79
DA:350,79
DA:351,79
DA:352,79
DA:353,93
DA:354,93
DA:355,93
DA:356,93
DA:357,93
DA:359,256
DA:360,256
DA:361,256
DA:362,256
DA:363,256
DA:364,256
DA:365,256
DA:366,256
DA:367,256
DA:368,256
DA:369,256
DA:370,256
DA:371,256
DA:372,256
DA:373,256
DA:374,256
DA:375,256
DA:378,1
DA:379,1
DA:380,1
DA:381,1
DA:382,1
DA:383,1
DA:384,1
DA:385,1
DA:386,1
DA:387,1
DA:388,0
DA:389,1
BRF:0
BRH:0
LF:271
LH:215
end_of_record
SF:D:\rust\iris-engine\src\visibility\octree.rs
FN:19,_RNvMNtNtCs3Tc0WW6daC2_11iris_engine10visibility6octreeNtB2_6Octree5build
FN:25,_RNvMNtNtCs3Tc0WW6daC2_11iris_engine10visibility6octreeNtB2_6Octree14visible_models
FN:38,_RNvMs_NtNtCs3Tc0WW6daC2_11iris_engine10visibility6octreeNtB4_6Octant11from_models
FN:49,_RNvMs_NtNtCs3Tc0WW6daC2_11iris_engine10visibility6octreeNtB4_6Octant14build_children
FN:81,_RNvMs_NtNtCs3Tc0WW6daC2_11iris_engine10visibility6octreeNtB4_6Octant14visible_models
FN:100,_RINvMs0_NtNtCs3Tc0WW6daC2_11iris_engine10visibility6octreeNtNtNtB8_15bounding_volume4aabb4Aabb14from_obb_arraypEBa_
FN:116,_RNvMs0_NtNtCs3Tc0WW6daC2_11iris_engine10visibility6octreeNtNtNtB7_15bounding_volume4aabb4Aabb5split
FN:121,_RNvNtNtCs3Tc0WW6daC2_11iris_engine10visibility6octree19octant_child_center
FNDA:0,_RNvMNtNtCs3Tc0WW6daC2_11iris_engine10visibility6octreeNtB2_6Octree5build
FNDA:0,_RNvMNtNtCs3Tc0WW6daC2_11iris_engine10visibility6octreeNtB2_6Octree14visible_models
FNDA:0,_RNvMs_NtNtCs3Tc0WW6daC2_11iris_engine10visibility6octreeNtB4_6Octant11from_models
FNDA:0,_RNvMs_NtNtCs3Tc0WW6daC2_11iris_engine10visibility6octreeNtB4_6Octant14build_children
FNDA:0,_RNvMs_NtNtCs3Tc0WW6daC2_11iris_engine10visibility6octreeNtB4_6Octant14visible_models
FNDA:0,_RINvMs0_NtNtCs3Tc0WW6daC2_11iris_engine10visibility6octreeNtNtNtB8_15bounding_volume4aabb4Aabb14from_obb_arraypEBa_
FNDA:0,_RNvMs0_NtNtCs3Tc0WW6daC2_11iris_engine10visibility6octreeNtNtNtB7_15bounding_volume4aabb4Aabb5split
FNDA:0,_RNvNtNtCs3Tc0WW6daC2_11iris_engine10visibility6octree19octant_child_center
FNF:8
FNH:0
DA:19,0
DA:20,0
DA:21,0
DA:22,0
DA:23,0
DA:25,0
DA:26,0
DA:27,0
DA:38,0
DA:39,0
DA:40,0
DA:41,0
DA:42,0
DA:43,0
DA:44,0
DA:45,0
DA:46,0
DA:47,0
DA:49,0
DA:50,0
DA:51,0
DA:52,0
DA:53,0
DA:54,0
DA:55,0
DA:56,0
DA:57,0
DA:58,0
DA:59,0
DA:60,0
DA:61,0
DA:62,0
DA:63,0
DA:64,0
DA:65,0
DA:66,0
DA:67,0
DA:69,0
DA:70,0
DA:71,0
DA:72,0
DA:73,0
DA:74,0
DA:75,0
DA:76,0
DA:77,0
DA:79,0
DA:81,0
DA:82,0
DA:84,0
DA:85,0
DA:86,0
DA:87,0
DA:88,0
DA:89,0
DA:90,0
DA:91,0
DA:92,0
DA:94,0
DA:95,0
DA:100,0
DA:101,0
DA:102,0
DA:103,0
DA:104,0
DA:105,0
DA:106,0
DA:107,0
DA:108,0
DA:109,0
DA:110,0
DA:111,0
DA:112,0
DA:114,0
DA:115,0
DA:116,0
DA:117,0
DA:121,0
DA:122,0
DA:123,0
DA:124,0
DA:125,0
DA:126,0
BRF:0
BRH:0
LF:83
LH:0
end_of_record