SF:D:\rust\iris-engine\geometry\src\frustum.rs
FN:20,_RNvXNtCsiZ5B0Zwt1yr_8geometry7frustumNtB2_7FrustumNtNtCsdN0rXTyFgib_6approx11abs_diff_eq9AbsDiffEq15default_epsilon
FN:24,_RNvXNtCsiZ5B0Zwt1yr_8geometry7frustumNtB2_7FrustumNtNtCsdN0rXTyFgib_6approx11abs_diff_eq9AbsDiffEq11abs_diff_eq
FN:35,_RNvXs_NtCsiZ5B0Zwt1yr_8geometry7frustumNtB4_7FrustumNtNtCsdN0rXTyFgib_6approx11relative_eq10RelativeEq20default_max_relative
FN:39,_RNvXs_NtCsiZ5B0Zwt1yr_8geometry7frustumNtB4_7FrustumNtNtCsdN0rXTyFgib_6approx11relative_eq10RelativeEq11relative_eq
FN:170,_RNvMs1_NtCsiZ5B0Zwt1yr_8geometry7frustumNtB5_18PerspectiveFrustum26matrix_infinite_reverse_lh
FN:174,_RNvMs1_NtCsiZ5B0Zwt1yr_8geometry7frustumNtB5_18PerspectiveFrustum26matrix_infinite_reverse_rh
FN:178,_RNvMs1_NtCsiZ5B0Zwt1yr_8geometry7frustumNtB5_18PerspectiveFrustum26matrix_infinite_reverse_gl
FN:498,_RNvNtNtCsiZ5B0Zwt1yr_8geometry7frustum5tests42__test_perspective_infinite_reverse_frustum
FN:56,_RNvMs0_NtCsiZ5B0Zwt1yr_8geometry7frustumNtB5_7Frustum3new
FN:75,_RNvMs0_NtCsiZ5B0Zwt1yr_8geometry7frustumNtB5_7Frustum14from_matrix_gl
FN:97,_RNvMs0_NtCsiZ5B0Zwt1yr_8geometry7frustumNtB5_7Frustum11from_matrix
FN:130,_RNvMs1_NtCsiZ5B0Zwt1yr_8geometry7frustumNtB5_18PerspectiveFrustum3new
FN:140,_RNvMs1_NtCsiZ5B0Zwt1yr_8geometry7frustumNtB5_18PerspectiveFrustum9matrix_lh
FN:144,_RNvMs1_NtCsiZ5B0Zwt1yr_8geometry7frustumNtB5_18PerspectiveFrustum9matrix_rh
FN:148,_RNvMs1_NtCsiZ5B0Zwt1yr_8geometry7frustumNtB5_18PerspectiveFrustum9matrix_gl
FN:152,_RNvMs1_NtCsiZ5B0Zwt1yr_8geometry7frustumNtB5_18PerspectiveFrustum18matrix_infinite_lh
FN:156,_RNvMs1_NtCsiZ5B0Zwt1yr_8geometry7frustumNtB5_18PerspectiveFrustum18matrix_infinite_rh
FN:160,_RNvMs1_NtCsiZ5B0Zwt1yr_8geometry7frustumNtB5_18PerspectiveFrustum18matrix_infinite_gl
FN:188,_RNvMs1_NtCsiZ5B0Zwt1yr_8geometry7frustumNtB5_18PerspectiveFrustum14focal_distance
FN:192,_RNvMs1_NtCsiZ5B0Zwt1yr_8geometry7frustumNtB5_18PerspectiveFrustum7frustum
FN:227,_RNvNtCsiZ5B0Zwt1yr_8geometry7frustum22clip_projection_matrix
FN:263,_RNvMs2_NtCsiZ5B0Zwt1yr_8geometry7frustumNtB5_19OrthographicFrustum3new
FN:273,_RNvMs2_NtCsiZ5B0Zwt1yr_8geometry7frustumNtB5_19OrthographicFrustum9matrix_lh
FN:287,_RNvMs2_NtCsiZ5B0Zwt1yr_8geometry7frustumNtB5_19OrthographicFrustum9matrix_rh
FN:301,_RNvMs2_NtCsiZ5B0Zwt1yr_8geometry7frustumNtB5_19OrthographicFrustum9matrix_gl
FN:316,_RNvMs2_NtCsiZ5B0Zwt1yr_8geometry7frustumNtB5_19OrthographicFrustum7frustum
FN:359,_RNvNtNtCsiZ5B0Zwt1yr_8geometry7frustum5tests24projection_type_strategy
FN:409,_RNvNtNtCsiZ5B0Zwt1yr_8geometry7frustum5tests26__test_orthographic_frustum
FN:440,_RNvNtNtCsiZ5B0Zwt1yr_8geometry7frustum5tests25__test_perspective_frustum
FN:470,_RNvNtNtCsiZ5B0Zwt1yr_8geometry7frustum5tests34__test_perspective_infinite_frustum
FN:527,_RNvNtNtCsiZ5B0Zwt1yr_8geometry7frustum5testss_24test_near_plane_clipping
FNDA:0,_RNvXNtCsiZ5B0Zwt1yr_8geometry7frustumNtB2_7FrustumNtNtCsdN0rXTyFgib_6approx11abs_diff_eq9AbsDiffEq15default_epsilon
FNDA:0,_RNvXNtCsiZ5B0Zwt1yr_8geometry7frustumNtB2_7FrustumNtNtCsdN0rXTyFgib_6approx11abs_diff_eq9AbsDiffEq11abs_diff_eq
FNDA:0,_RNvXs_NtCsiZ5B0Zwt1yr_8geometry7frustumNtB4_7FrustumNtNtCsdN0rXTyFgib_6approx11relative_eq10RelativeEq20default_max_relative
FNDA:0,_RNvXs_NtCsiZ5B0Zwt1yr_8geometry7frustumNtB4_7FrustumNtNtCsdN0rXTyFgib_6approx11relative_eq10RelativeEq11relative_eq
FNDA:0,_RNvMs1_NtCsiZ5B0Zwt1yr_8geometry7frustumNtB5_18PerspectiveFrustum26matrix_infinite_reverse_lh
FNDA:0,_RNvMs1_NtCsiZ5B0Zwt1yr_8geometry7frustumNtB5_18PerspectiveFrustum26matrix_infinite_reverse_rh
FNDA:0,_RNvMs1_NtCsiZ5B0Zwt1yr_8geometry7frustumNtB5_18PerspectiveFrustum26matrix_infinite_reverse_gl
FNDA:0,_RNvNtNtCsiZ5B0Zwt1yr_8geometry7frustum5tests42__test_perspective_infinite_reverse_frustum
FNDA:258,_RNvMs0_NtCsiZ5B0Zwt1yr_8geometry7frustumNtB5_7Frustum3new
FNDA:339,_RNvMs0_NtCsiZ5B0Zwt1yr_8geometry7frustumNtB5_7Frustum14from_matrix_gl
FNDA:696,_RNvMs0_NtCsiZ5B0Zwt1yr_8geometry7frustumNtB5_7Frustum11from_matrix
FNDA:777,_RNvMs1_NtCsiZ5B0Zwt1yr_8geometry7frustumNtB5_18PerspectiveFrustum3new
FNDA:85,_RNvMs1_NtCsiZ5B0Zwt1yr_8geometry7frustumNtB5_18PerspectiveFrustum9matrix_lh
FNDA:94,_RNvMs1_NtCsiZ5B0Zwt1yr_8geometry7frustumNtB5_18PerspectiveFrustum9matrix_rh
FNDA:79,_RNvMs1_NtCsiZ5B0Zwt1yr_8geometry7frustumNtB5_18PerspectiveFrustum9matrix_gl
FNDA:154,_RNvMs1_NtCsiZ5B0Zwt1yr_8geometry7frustumNtB5_18PerspectiveFrustum18matrix_infinite_lh
FNDA:193,_RNvMs1_NtCsiZ5B0Zwt1yr_8geometry7frustumNtB5_18PerspectiveFrustum18matrix_infinite_rh
FNDA:172,_RNvMs1_NtCsiZ5B0Zwt1yr_8geometry7frustumNtB5_18PerspectiveFrustum18matrix_infinite_gl
FNDA:776,_RNvMs1_NtCsiZ5B0Zwt1yr_8geometry7frustumNtB5_18PerspectiveFrustum14focal_distance
FNDA:776,_RNvMs1_NtCsiZ5B0Zwt1yr_8geometry7frustumNtB5_18PerspectiveFrustum7frustum
FNDA:1,_RNvNtCsiZ5B0Zwt1yr_8geometry7frustum22clip_projection_matrix
FNDA:258,_RNvMs2_NtCsiZ5B0Zwt1yr_8geometry7frustumNtB5_19OrthographicFrustum3new
FNDA:82,_RNvMs2_NtCsiZ5B0Zwt1yr_8geometry7frustumNtB5_19OrthographicFrustum9matrix_lh
FNDA:87,_RNvMs2_NtCsiZ5B0Zwt1yr_8geometry7frustumNtB5_19OrthographicFrustum9matrix_rh
FNDA:89,_RNvMs2_NtCsiZ5B0Zwt1yr_8geometry7frustumNtB5_19OrthographicFrustum9matrix_gl
FNDA:258,_RNvMs2_NtCsiZ5B0Zwt1yr_8geometry7frustumNtB5_19OrthographicFrustum7frustum
FNDA:4,_RNvNtNtCsiZ5B0Zwt1yr_8geometry7frustum5tests24projection_type_strategy
FNDA:258,_RNvNtNtCsiZ5B0Zwt1yr_8geometry7frustum5tests26__test_orthographic_frustum
FNDA:258,_RNvNtNtCsiZ5B0Zwt1yr_8geometry7frustum5tests25__test_perspective_frustum
FNDA:518,_RNvNtNtCsiZ5B0Zwt1yr_8geometry7frustum5tests34__test_perspective_infinite_frustum
FNDA:1,_RNvNtNtCsiZ5B0Zwt1yr_8geometry7frustum5testss_24test_near_plane_clipping
FNF:31
FNH:23
DA:20,0
DA:21,0
DA:22,0
DA:24,0
DA:25,0
DA:26,0
DA:27,0
DA:28,0
DA:29,0
DA:30,0
DA:31,0
DA:35,0
DA:36,0
DA:37,0
DA:39,0
DA:40,0
DA:41,0
DA:42,0
DA:43,0
DA:44,0
DA:45,0
DA:46,0
DA:47,0
DA:48,0
DA:49,0
DA:50,0
DA:51,0
DA:56,258
DA:57,258
DA:58,258
DA:59,258
DA:60,258
DA:61,258
DA:62,258
DA:63,258
DA:64,258
DA:65,258
DA:66,258
DA:67,258
DA:68,258
DA:69,258
DA:70,258
DA:71,258
DA:72,258
DA:75,339
DA:76,339
DA:77,339
DA:78,339
DA:79,339
DA:80,339
DA:81,339
DA:82,339
DA:83,339
DA:84,339
DA:85,339
DA:86,339
DA:87,339
DA:88,339
DA:89,339
DA:90,339
DA:91,339
DA:92,339
DA:93,339
DA:94,339
DA:95,339
DA:97,696
DA:98,696
DA:99,696
DA:100,696
DA:101,696
DA:102,696
DA:103,696
DA:104,696
DA:105,696
DA:106,696
DA:107,696
DA:108,696
DA:109,696
DA:110,696
DA:111,696
DA:112,696
DA:113,696
DA:114,696
DA:115,696
DA:116,696
DA:117,696
DA:130,777
DA:131,777
DA:132,777
DA:133,777
DA:134,777
DA:135,777
DA:136,777
DA:137,777
DA:140,85
DA:141,85
DA:142,85
DA:144,94
DA:145,94
DA:146,94
DA:148,79
DA:149,79
DA:150,79
DA:152,154
DA:153,154
DA:154,154
DA:156,193
DA:157,193
DA:158,193
DA:160,172
DA:161,172
DA:162,172
DA:163,172
DA:164,172
DA:165,172
DA:166,172
DA:167,172
DA:168,172
DA:170,0
DA:171,0
DA:172,0
DA:174,0
DA:175,0
DA:176,0
DA:178,0
DA:179,0
DA:180,0
DA:181,0
DA:182,0
DA:183,0
DA:184,0
DA:185,0
DA:186,0
DA:188,776
DA:189,776
DA:190,776
DA:192,776
DA:193,776
DA:194,776
DA:195,776
DA:196,776
DA:197,776
DA:198,776
DA:199,776
DA:200,776
DA:201,776
DA:202,776
DA:203,776
DA:204,776
DA:205,776
DA:206,776
DA:207,776
DA:208,776
DA:209,776
DA:210,776
DA:211,776
DA:212,776
DA:213,776
DA:214,776
DA:215,776
DA:216,776
DA:217,776
DA:218,776
DA:219,776
DA:220,776
DA:221,776
DA:222,776
DA:223,776
DA:227,1
DA:228,1
DA:229,1
DA:230,1
DA:231,1
DA:232,1
DA:233,1
DA:234,1
DA:235,1
DA:236,1
DA:237,1
DA:238,1
DA:239,1
DA:240,1
DA:241,1
DA:242,1
DA:243,1
DA:244,1
DA:245,1
DA:246,1
DA:247,1
DA:248,1
DA:249,1
DA:250,1
DA:251,1
DA:263,258
DA:264,258
DA:265,258
DA:266,258
DA:267,258
DA:268,258
DA:269,258
DA:270,258
DA:273,82
DA:274,82
DA:275,82
DA:276,82
DA:277,82
DA:278,82
DA:279,82
DA:280,82
DA:281,82
DA:282,82
DA:283,82
DA:284,82
DA:285,82
DA:287,87
DA:288,87
DA:289,87
DA:290,87
DA:291,87
DA:292,87
DA:293,87
DA:294,87
DA:295,87
DA:296,87
DA:297,87
DA:298,87
DA:299,87
DA:301,89
DA:302,89
DA:303,89
DA:304,89
DA:305,89
DA:306,89
DA:307,89
DA:308,89
DA:309,89
DA:310,89
DA:311,89
DA:312,89
DA:313,89
DA:316,258
DA:317,258
DA:318,258
DA:319,258
DA:320,258
DA:321,258
DA:322,258
DA:323,258
DA:324,258
DA:325,258
DA:326,258
DA:328,258
DA:329,258
DA:330,258
DA:331,258
DA:332,258
DA:333,258
DA:334,258
DA:335,258
DA:336,258
DA:337,258
DA:359,4
DA:360,4
DA:361,4
DA:362,4
DA:363,4
DA:364,4
DA:365,4
DA:409,258
DA:410,258
DA:411,258
DA:412,258
DA:413,258
DA:414,258
DA:415,258
DA:416,258
DA:417,258
DA:418,82
DA:419,87
DA:420,89
DA:423,258
DA:424,258
DA:425,258
DA:426,258
DA:427,258
DA:428,258
DA:429,258
DA:430,258
DA:431,258
DA:432,258
DA:433,258
DA:434,258
DA:435,258
DA:436,258
DA:437,258
DA:438,258
DA:439,258
DA:440,258
DA:441,258
DA:442,258
DA:443,258
DA:444,258
DA:445,258
DA:446,258
DA:447,258
DA:448,258
DA:449,85
DA:450,94
DA:451,79
DA:453,258
DA:454,258
DA:455,258
DA:456,258
DA:457,258
DA:458,258
DA:459,258
DA:460,258
DA:461,258
DA:462,258
DA:463,258
DA:464,258
DA:465,258
DA:466,258
DA:467,258
DA:468,258
DA:470,518
DA:471,518
DA:472,518
DA:473,518
DA:474,518
DA:475,518
DA:476,518
DA:477,518
DA:478,154
DA:479,193
DA:480,171
DA:482,518
DA:483,518
DA:484,518
DA:485,518
DA:486,518
DA:487,518
DA:488,518
DA:489,518
DA:490,518
DA:491,518
DA:492,518
DA:493,518
DA:494,518
DA:495,518
DA:496,518
DA:498,0
DA:499,0
DA:500,0
DA:501,0
DA:502,0
DA:503,0
DA:504,0
DA:505,0
DA:506,0
DA:507,0
DA:508,0
DA:510,0
DA:511,0
DA:512,0
DA:513,0
DA:514,0
DA:515,0
DA:516,0
DA:517,0
DA:518,0
DA:519,0
DA:520,0
DA:521,0
DA:522,0
DA:523,0
DA:524,0
DA:527,1
DA:528,1
DA:529,1
DA:530,1
DA:531,1
DA:532,1
DA:533,1
DA:534,1
DA:535,1
DA:536,1
DA:537,1
DA:538,1
DA:539,1
DA:540,1
BRF:0
BRH:0
LF:391
LH:323
end_of_record
SF:D:\rust\iris-engine\geometry\src\intersections.rs
FN:98,_RNvMNtCsiZ5B0Zwt1yr_8geometry13intersectionsNtNtB4_4line4Line19intersect_ellipsoid
FN:125,_RNCNvMNtCsiZ5B0Zwt1yr_8geometry13intersectionsNtNtB6_4line4Line19intersect_ellipsoid0B6_
FN:134,_RNvMNtCsiZ5B0Zwt1yr_8geometry13intersectionsNtNtB4_4line4Line18intersect_cylinder
FN:154,_RNCNvMNtCsiZ5B0Zwt1yr_8geometry13intersectionsNtNtB6_4line4Line18intersect_cylinder0B6_
FN:166,_RNvMNtCsiZ5B0Zwt1yr_8geometry13intersectionsNtNtB4_4line4Line15intersect_torus
FN:200,_RNCNvMNtCsiZ5B0Zwt1yr_8geometry13intersectionsNtNtB6_4line4Line15intersect_torus0B6_
FN:230,_RNCNvNtNtCsiZ5B0Zwt1yr_8geometry13intersections5tests10any_normals_0B7_
FN:13,_RNvMNtCsiZ5B0Zwt1yr_8geometry13intersectionsNtNtB4_4line4Line15intersect_plane
FN:34,_RNvMNtCsiZ5B0Zwt1yr_8geometry13intersectionsNtNtB4_4line4Line18intersect_triangle
FN:48,_RNvMNtCsiZ5B0Zwt1yr_8geometry13intersectionsNtNtB4_4line4Line16intersect_cuboid
FN:82,_RNvMNtCsiZ5B0Zwt1yr_8geometry13intersectionsNtNtB4_4line4Line16intersect_sphere
FN:294,_RNvNtNtCsiZ5B0Zwt1yr_8geometry13intersections5tests21__test_intersect_plane
FN:302,_RNvNtNtCsiZ5B0Zwt1yr_8geometry13intersections5tests24__test_intersect_triangle
FN:310,_RNvNtNtCsiZ5B0Zwt1yr_8geometry13intersections5tests22__test_intersect_cuboid
FN:317,_RNvNtNtCsiZ5B0Zwt1yr_8geometry13intersections5tests22__test_intersect_sphere
FNDA:0,_RNvMNtCsiZ5B0Zwt1yr_8geometry13intersectionsNtNtB4_4line4Line19intersect_ellipsoid
FNDA:0,_RNCNvMNtCsiZ5B0Zwt1yr_8geometry13intersectionsNtNtB6_4line4Line19intersect_ellipsoid0B6_
FNDA:0,_RNvMNtCsiZ5B0Zwt1yr_8geometry13intersectionsNtNtB4_4line4Line18intersect_cylinder
FNDA:0,_RNCNvMNtCsiZ5B0Zwt1yr_8geometry13intersectionsNtNtB6_4line4Line18intersect_cylinder0B6_
FNDA:0,_RNvMNtCsiZ5B0Zwt1yr_8geometry13intersectionsNtNtB4_4line4Line15intersect_torus
FNDA:0,_RNCNvMNtCsiZ5B0Zwt1yr_8geometry13intersectionsNtNtB6_4line4Line15intersect_torus0B6_
FNDA:1320,_RNCNvNtNtCsiZ5B0Zwt1yr_8geometry13intersections5tests10any_normals_0B7_
FNDA:1270,_RNvMNtCsiZ5B0Zwt1yr_8geometry13intersectionsNtNtB4_4line4Line15intersect_plane
FNDA:264,_RNvMNtCsiZ5B0Zwt1yr_8geometry13intersectionsNtNtB4_4line4Line18intersect_triangle
FNDA:264,_RNvMNtCsiZ5B0Zwt1yr_8geometry13intersectionsNtNtB4_4line4Line16intersect_cuboid
FNDA:264,_RNvMNtCsiZ5B0Zwt1yr_8geometry13intersectionsNtNtB4_4line4Line16intersect_sphere
FNDA:264,_RNvNtNtCsiZ5B0Zwt1yr_8geometry13intersections5tests21__test_intersect_plane
FNDA:264,_RNvNtNtCsiZ5B0Zwt1yr_8geometry13intersections5tests24__test_intersect_triangle
FNDA:264,_RNvNtNtCsiZ5B0Zwt1yr_8geometry13intersections5tests22__test_intersect_cuboid
FNDA:264,_RNvNtNtCsiZ5B0Zwt1yr_8geometry13intersections5tests22__test_intersect_sphere
FNF:15
FNH:9
DA:13,1270
DA:14,1270
DA:15,1270
DA:16,1270
DA:17,1270
DA:20,0
DA:22,1270
DA:23,1270
DA:24,1270
DA:25,1270
DA:26,1270
DA:27,1270
DA:29,0
DA:32,1270
DA:34,264
DA:35,264
DA:36,264
DA:38,264
DA:40,264
DA:41,27
DA:42,237
DA:43,0
DA:44,237
DA:45,264
DA:48,264
DA:49,264
DA:50,264
DA:51,264
DA:52,264
DA:53,264
DA:54,264
DA:55,264
DA:56,264
DA:57,118
DA:58,146
DA:59,146
DA:60,146
DA:61,264
DA:62,130
DA:63,134
DA:64,134
DA:65,134
DA:66,264
DA:67,129
DA:68,135
DA:69,135
DA:70,135
DA:71,519
DA:72,478
DA:73,478
DA:74,223
DA:75,255
DA:76,0
DA:79,41
DA:80,264
DA:82,264
DA:83,264
DA:84,264
DA:85,264
DA:86,264
DA:87,264
DA:88,264
DA:89,264
DA:90,264
DA:91,73
DA:92,51
DA:93,22
DA:94,22
DA:95,264
DA:98,0
DA:99,0
DA:100,0
DA:101,0
DA:102,0
DA:103,0
DA:104,0
DA:105,0
DA:106,0
DA:107,0
DA:108,0
DA:109,0
DA:110,0
DA:111,0
DA:112,0
DA:113,0
DA:114,0
DA:115,0
DA:116,0
DA:117,0
DA:118,0
DA:119,0
DA:120,0
DA:121,0
DA:122,0
DA:123,0
DA:124,0
DA:125,0
DA:126,0
DA:128,0
DA:129,0
DA:134,0
DA:135,0
DA:136,0
DA:137,0
DA:138,0
DA:139,0
DA:140,0
DA:141,0
DA:142,0
DA:143,0
DA:144,0
DA:145,0
DA:146,0
DA:147,0
DA:148,0
DA:149,0
DA:150,0
DA:151,0
DA:152,0
DA:153,0
DA:154,0
DA:155,0
DA:156,0
DA:157,0
DA:158,0
DA:159,0
DA:160,0
DA:161,0
DA:166,0
DA:167,0
DA:168,0
DA:169,0
DA:170,0
DA:171,0
DA:172,0
DA:173,0
DA:174,0
DA:175,0
DA:176,0
DA:177,0
DA:178,0
DA:179,0
DA:180,0
DA:181,0
DA:182,0
DA:183,0
DA:184,0
DA:185,0
DA:186,0
DA:187,0
DA:188,0
DA:189,0
DA:190,0
DA:191,0
DA:192,0
DA:193,0
DA:194,0
DA:195,0
DA:196,0
DA:197,0
DA:198,0
DA:199,0
DA:200,0
DA:201,0
DA:202,0
DA:203,0
DA:230,1320
DA:294,264
DA:295,264
DA:296,264
DA:297,264
DA:298,264
DA:299,264
DA:300,0
DA:301,264
DA:302,264
DA:303,264
DA:304,27
DA:305,27
DA:306,27
DA:307,27
DA:308,237
DA:309,264
DA:310,264
DA:311,264
DA:312,223
DA:313,223
DA:314,223
DA:315,41
DA:316,264
DA:317,264
DA:318,264
DA:319,22
DA:320,22
DA:321,242
DA:322,264
BRF:0
BRH:0
LF:199
LH:94
end_of_record
SF:D:\rust\iris-engine\geometry\src\lib.rs
FN:18,_RNvCsiZ5B0Zwt1yr_8geometry7refract
FN:12,_RNvCsiZ5B0Zwt1yr_8geometry7reflect
FN:61,_RNvNtCsiZ5B0Zwt1yr_8geometry5tests13__test_reflect
FNDA:0,_RNvCsiZ5B0Zwt1yr_8geometry7refract
FNDA:257,_RNvCsiZ5B0Zwt1yr_8geometry7reflect
FNDA:257,_RNvNtCsiZ5B0Zwt1yr_8geometry5tests13__test_reflect
FNF:3
FNH:2
DA:12,257
DA:13,257
DA:14,257
DA:18,0
DA:19,0
DA:20,0
DA:21,0
DA:22,0
DA:23,0
DA:61,257
DA:62,257
DA:63,257
DA:64,257
DA:65,257
DA:66,257
BRF:0
BRH:0
LF:15
LH:9
end_of_record
SF:D:\rust\iris-engine\geometry\src\line.rs
FN:93,_RNCNvNtNtCsiZ5B0Zwt1yr_8geometry4line5tests10any_normals_0B7_
FN:120,_RNvNtNtCsiZ5B0Zwt1yr_8geometry4line5tests19__test_closest_point
FN:129,_RNvNtNtCsiZ5B0Zwt1yr_8geometry4line5tests23__test_distance_to_point
FN:20,_RNvMNtCsiZ5B0Zwt1yr_8geometry4lineNtB2_4Line3ray
FN:49,_RNvMNtCsiZ5B0Zwt1yr_8geometry4lineNtB2_4Line16distance_to_line
FN:12,_RNvMNtCsiZ5B0Zwt1yr_8geometry4lineNtB2_4Line3new
FN:28,_RNvMNtCsiZ5B0Zwt1yr_8geometry4lineNtB2_4Line5point
FN:33,_RNvMNtCsiZ5B0Zwt1yr_8geometry4lineNtB2_4Line17distance_to_point
FN:39,_RNvMNtCsiZ5B0Zwt1yr_8geometry4lineNtB2_4Line16closest_point_to
FN:44,_RNvMNtCsiZ5B0Zwt1yr_8geometry4lineNtB2_4Line12closest_t_to
FNDA:522,_RNCNvNtNtCsiZ5B0Zwt1yr_8geometry4line5tests10any_normals_0B7_
FNDA:261,_RNvNtNtCsiZ5B0Zwt1yr_8geometry4line5tests19__test_closest_point
FNDA:261,_RNvNtNtCsiZ5B0Zwt1yr_8geometry4line5tests23__test_distance_to_point
FNDA:0,_RNvMNtCsiZ5B0Zwt1yr_8geometry4lineNtB2_4Line3ray
FNDA:0,_RNvMNtCsiZ5B0Zwt1yr_8geometry4lineNtB2_4Line16distance_to_line
FNDA:1850,_RNvMNtCsiZ5B0Zwt1yr_8geometry4lineNtB2_4Line3new
FNDA:2336,_RNvMNtCsiZ5B0Zwt1yr_8geometry4lineNtB2_4Line5point
FNDA:797,_RNvMNtCsiZ5B0Zwt1yr_8geometry4lineNtB2_4Line17distance_to_point
FNDA:261,_RNvMNtCsiZ5B0Zwt1yr_8geometry4lineNtB2_4Line16closest_point_to
FNDA:522,_RNvMNtCsiZ5B0Zwt1yr_8geometry4lineNtB2_4Line12closest_t_to
FNF:10
FNH:8
DA:12,1850
DA:13,1850
DA:14,1850
DA:15,1850
DA:16,1850
DA:17,1850
DA:18,1850
DA:20,0
DA:21,0
DA:22,0
DA:23,0
DA:24,0
DA:25,0
DA:26,0
DA:28,2336
DA:29,2336
DA:30,2336
DA:33,797
DA:34,797
DA:35,797
DA:36,797
DA:39,261
DA:40,261
DA:41,261
DA:42,261
DA:44,522
DA:45,522
DA:46,522
DA:49,0
DA:50,0
DA:51,0
DA:52,0
DA:53,0
DA:54,0
DA:55,0
DA:56,0
DA:57,0
DA:58,0
DA:59,0
DA:61,0
DA:64,0
DA:65,0
DA:66,0
DA:67,0
DA:68,0
DA:69,0
DA:71,0
DA:93,522
DA:120,261
DA:121,261
DA:122,261
DA:123,261
DA:124,261
DA:125,261
DA:126,261
DA:127,261
DA:128,261
DA:129,261
DA:130,261
DA:131,261
DA:132,261
DA:133,261
DA:134,261
DA:135,261
DA:136,261
DA:137,261
DA:138,261
BRF:0
BRH:0
LF:67
LH:41
end_of_record
SF:D:\rust\iris-engine\geometry\src\plane.rs
FN:19,_RNvXNtCsiZ5B0Zwt1yr_8geometry5planeNtB2_5PlaneNtNtCsdN0rXTyFgib_6approx11abs_diff_eq9AbsDiffEq11abs_diff_eq
FN:75,_RNvMs0_NtCsiZ5B0Zwt1yr_8geometry5planeNtB5_5Plane11is_on_plane
FN:127,_RNCNvNtNtCsiZ5B0Zwt1yr_8geometry5plane5tests10any_normals_0B7_
FN:160,_RNvNtNtCsiZ5B0Zwt1yr_8geometry5plane5tests23__test_distance_to_point
FN:166,_RNvNtNtCsiZ5B0Zwt1yr_8geometry5plane5tests28__test_intersect_three_planes
FN:173,_RNvNtNtCsiZ5B0Zwt1yr_8geometry5plane5tests26__test_intersect_two_planes
FN:15,_RNvXNtCsiZ5B0Zwt1yr_8geometry5planeNtB2_5PlaneNtNtCsdN0rXTyFgib_6approx11abs_diff_eq9AbsDiffEq15default_epsilon
FN:26,_RNvXs_NtCsiZ5B0Zwt1yr_8geometry5planeNtB4_5PlaneNtNtCsdN0rXTyFgib_6approx11relative_eq10RelativeEq20default_max_relative
FN:30,_RNvXs_NtCsiZ5B0Zwt1yr_8geometry5planeNtB4_5PlaneNtNtCsdN0rXTyFgib_6approx11relative_eq10RelativeEq11relative_eq
FN:46,_RNvMs0_NtCsiZ5B0Zwt1yr_8geometry5planeNtB5_5Plane3new
FN:54,_RNvMs0_NtCsiZ5B0Zwt1yr_8geometry5planeNtB5_5Plane9from_vec4
FN:65,_RNvMs0_NtCsiZ5B0Zwt1yr_8geometry5planeNtB5_5Plane11homogeneous
FN:69,_RNvMs0_NtCsiZ5B0Zwt1yr_8geometry5planeNtB5_5Plane24signed_distance_to_point
FN:80,_RNvMs0_NtCsiZ5B0Zwt1yr_8geometry5planeNtB5_5Plane24intersection_with_planes
FN:93,_RNvMs0_NtCsiZ5B0Zwt1yr_8geometry5planeNtB5_5Plane23intersection_with_plane
FN:100,_RNCNvMs0_NtCsiZ5B0Zwt1yr_8geometry5planeNtB7_5Plane23intersection_with_plane0B9_
FNDA:0,_RNvXNtCsiZ5B0Zwt1yr_8geometry5planeNtB2_5PlaneNtNtCsdN0rXTyFgib_6approx11abs_diff_eq9AbsDiffEq11abs_diff_eq
FNDA:0,_RNvMs0_NtCsiZ5B0Zwt1yr_8geometry5planeNtB5_5Plane11is_on_plane
FNDA:1360,_RNCNvNtNtCsiZ5B0Zwt1yr_8geometry5plane5tests10any_normals_0B7_
FNDA:272,_RNvNtNtCsiZ5B0Zwt1yr_8geometry5plane5tests23__test_distance_to_point
FNDA:272,_RNvNtNtCsiZ5B0Zwt1yr_8geometry5plane5tests28__test_intersect_three_planes
FNDA:272,_RNvNtNtCsiZ5B0Zwt1yr_8geometry5plane5tests26__test_intersect_two_planes
FNDA:5687,_RNvXNtCsiZ5B0Zwt1yr_8geometry5planeNtB2_5PlaneNtNtCsdN0rXTyFgib_6approx11abs_diff_eq9AbsDiffEq15default_epsilon
FNDA:5687,_RNvXs_NtCsiZ5B0Zwt1yr_8geometry5planeNtB4_5PlaneNtNtCsdN0rXTyFgib_6approx11relative_eq10RelativeEq20default_max_relative
FNDA:5687,_RNvXs_NtCsiZ5B0Zwt1yr_8geometry5planeNtB4_5PlaneNtNtCsdN0rXTyFgib_6approx11relative_eq10RelativeEq11relative_eq
FNDA:9975,_RNvMs0_NtCsiZ5B0Zwt1yr_8geometry5planeNtB5_5Plane3new
FNDA:6211,_RNvMs0_NtCsiZ5B0Zwt1yr_8geometry5planeNtB5_5Plane9from_vec4
FNDA:3717,_RNvMs0_NtCsiZ5B0Zwt1yr_8geometry5planeNtB5_5Plane11homogeneous
FNDA:2446,_RNvMs0_NtCsiZ5B0Zwt1yr_8geometry5planeNtB5_5Plane24signed_distance_to_point
FNDA:544,_RNvMs0_NtCsiZ5B0Zwt1yr_8geometry5planeNtB5_5Plane24intersection_with_planes
FNDA:272,_RNvMs0_NtCsiZ5B0Zwt1yr_8geometry5planeNtB5_5Plane23intersection_with_plane
FNDA:272,_RNCNvMs0_NtCsiZ5B0Zwt1yr_8geometry5planeNtB7_5Plane23intersection_with_plane0B9_
FNF:16
FNH:14
DA:15,5687
DA:16,5687
DA:17,5687
DA:19,0
DA:20,0
DA:21,0
DA:22,0
DA:26,5687
DA:27,5687
DA:28,5687
DA:30,5687
DA:31,5687
DA:32,5687
DA:33,5687
DA:34,5687
DA:35,5687
DA:36,5687
DA:37,5687
DA:38,5687
DA:39,5687
DA:40,5687
DA:41,5687
DA:46,9975
DA:47,9975
DA:48,9975
DA:49,9975
DA:50,9975
DA:51,9975
DA:52,9975
DA:54,6211
DA:55,6211
DA:56,6211
DA:57,6211
DA:58,6211
DA:59,6211
DA:60,6211
DA:61,6211
DA:62,6211
DA:65,3717
DA:66,3717
DA:67,3717
DA:69,2446
DA:70,2446
DA:71,2446
DA:72,2446
DA:73,2446
DA:75,0
DA:76,0
DA:77,0
DA:80,544
DA:81,544
DA:82,544
DA:83,544
DA:84,544
DA:85,544
DA:86,7
DA:88,537
DA:89,537
DA:91,544
DA:93,272
DA:94,272
DA:95,272
DA:96,272
DA:97,272
DA:98,272
DA:99,272
DA:100,272
DA:101,272
DA:127,1360
DA:160,272
DA:161,272
DA:162,272
DA:163,272
DA:164,272
DA:166,272
DA:167,272
DA:168,265
DA:169,265
DA:170,265
DA:171,7
DA:172,272
DA:173,272
DA:174,272
DA:175,272
DA:176,272
DA:177,272
DA:178,272
DA:179,272
DA:180,0
DA:181,272
BRF:0
BRH:0
LF:91
LH:83
end_of_record
SF:D:\rust\iris-engine\geometry\src\root_finding.rs
FN:116,_RNCNvNtNtCsiZ5B0Zwt1yr_8geometry12root_finding5tests12__test_linear0B7_
FN:126,_RNCNvNtNtCsiZ5B0Zwt1yr_8geometry12root_finding5tests15__test_quadratic0B7_
FN:138,_RNCNvNtNtCsiZ5B0Zwt1yr_8geometry12root_finding5tests11__test_cubic0B7_
FN:150,_RNCNvNtNtCsiZ5B0Zwt1yr_8geometry12root_finding5tests13__test_quartic0B7_
FN:162,_RNCNvNtNtCsiZ5B0Zwt1yr_8geometry12root_finding5testss_18test_newton_method0B7_
FN:163,_RNCNvNtNtCsiZ5B0Zwt1yr_8geometry12root_finding5testss_18test_newton_methods_0B7_
FN:169,_RNCNvNtNtCsiZ5B0Zwt1yr_8geometry12root_finding5testss_34test_newton_method_with_derivative0B7_
FN:113,_RNvNtNtCsiZ5B0Zwt1yr_8geometry12root_finding5tests12__test_linear
FN:123,_RNvNtNtCsiZ5B0Zwt1yr_8geometry12root_finding5tests15__test_quadratic
FN:136,_RNvNtNtCsiZ5B0Zwt1yr_8geometry12root_finding5tests11__test_cubic
FN:148,_RNvNtNtCsiZ5B0Zwt1yr_8geometry12root_finding5tests13__test_quartic
FN:161,_RNvNtNtCsiZ5B0Zwt1yr_8geometry12root_finding5testss_18test_newton_method
FN:168,_RNvNtNtCsiZ5B0Zwt1yr_8geometry12root_finding5testss_34test_newton_method_with_derivative
FN:5,_RINvNtCsiZ5B0Zwt1yr_8geometry12root_finding12roots_to_vecdEB4_
FN:5,_RINvNtCsiZ5B0Zwt1yr_8geometry12root_finding12roots_to_vecfEB4_
FN:17,_RINvNtCsiZ5B0Zwt1yr_8geometry12root_finding12solve_lineardEB4_
FN:24,_RINvNtCsiZ5B0Zwt1yr_8geometry12root_finding15solve_quadraticdEB4_
FN:24,_RINvNtCsiZ5B0Zwt1yr_8geometry12root_finding15solve_quadraticfEB4_
FN:31,_RINvNtCsiZ5B0Zwt1yr_8geometry12root_finding11solve_cubicdEB4_
FN:38,_RINvNtCsiZ5B0Zwt1yr_8geometry12root_finding13solve_quarticdEB4_
FN:43,_RINvNtCsiZ5B0Zwt1yr_8geometry12root_finding29newton_method_with_derivativeNCNvNtB2_5testss_18test_newton_method0NCB1c_s_0EB4_
FN:55,_RINvNtCsiZ5B0Zwt1yr_8geometry12root_finding13newton_methodNCNvNtB2_5testss_34test_newton_method_with_derivative0EB4_
FNDA:263,_RNCNvNtNtCsiZ5B0Zwt1yr_8geometry12root_finding5tests12__test_linear0B7_
FNDA:368,_RNCNvNtNtCsiZ5B0Zwt1yr_8geometry12root_finding5tests15__test_quadratic0B7_
FNDA:365,_RNCNvNtNtCsiZ5B0Zwt1yr_8geometry12root_finding5tests11__test_cubic0B7_
FNDA:404,_RNCNvNtNtCsiZ5B0Zwt1yr_8geometry12root_finding5tests13__test_quartic0B7_
FNDA:21,_RNCNvNtNtCsiZ5B0Zwt1yr_8geometry12root_finding5testss_18test_newton_method0B7_
FNDA:20,_RNCNvNtNtCsiZ5B0Zwt1yr_8geometry12root_finding5testss_18test_newton_methods_0B7_
FNDA:61,_RNCNvNtNtCsiZ5B0Zwt1yr_8geometry12root_finding5testss_34test_newton_method_with_derivative0B7_
FNDA:263,_RNvNtNtCsiZ5B0Zwt1yr_8geometry12root_finding5tests12__test_linear
FNDA:263,_RNvNtNtCsiZ5B0Zwt1yr_8geometry12root_finding5tests15__test_quadratic
FNDA:263,_RNvNtNtCsiZ5B0Zwt1yr_8geometry12root_finding5tests11__test_cubic
FNDA:263,_RNvNtNtCsiZ5B0Zwt1yr_8geometry12root_finding5tests13__test_quartic
FNDA:1,_RNvNtNtCsiZ5B0Zwt1yr_8geometry12root_finding5testss_18test_newton_method
FNDA:1,_RNvNtNtCsiZ5B0Zwt1yr_8geometry12root_finding5testss_34test_newton_method_with_derivative
FNDA:1052,_RINvNtCsiZ5B0Zwt1yr_8geometry12root_finding12roots_to_vecdEB4_
FNDA:264,_RINvNtCsiZ5B0Zwt1yr_8geometry12root_finding12roots_to_vecfEB4_
FNDA:263,_RINvNtCsiZ5B0Zwt1yr_8geometry12root_finding12solve_lineardEB4_
FNDA:263,_RINvNtCsiZ5B0Zwt1yr_8geometry12root_finding15solve_quadraticdEB4_
FNDA:264,_RINvNtCsiZ5B0Zwt1yr_8geometry12root_finding15solve_quadraticfEB4_
FNDA:263,_RINvNtCsiZ5B0Zwt1yr_8geometry12root_finding11solve_cubicdEB4_
FNDA:263,_RINvNtCsiZ5B0Zwt1yr_8geometry12root_finding13solve_quarticdEB4_
FNDA:1,_RINvNtCsiZ5B0Zwt1yr_8geometry12root_finding29newton_method_with_derivativeNCNvNtB2_5testss_18test_newton_method0NCB1c_s_0EB4_
FNDA:1,_RINvNtCsiZ5B0Zwt1yr_8geometry12root_finding13newton_methodNCNvNtB2_5testss_34test_newton_method_with_derivative0EB4_
FNF:20
FNH:20
DA:5,1316
DA:6,1316
DA:7,340
DA:8,475
DA:9,441
DA:10,51
DA:11,9
DA:13,1316
DA:17,263
DA:18,263
DA:19,263
DA:20,263
DA:24,527
DA:25,527
DA:26,527
DA:27,527
DA:31,263
DA:32,263
DA:33,263
DA:34,263
DA:38,263
DA:39,263
DA:40,263
DA:41,263
DA:43,1
DA:44,1
DA:45,1
DA:46,1
DA:47,1
DA:48,1
DA:49,1
DA:50,20
DA:51,20
DA:52,20
DA:53,1
DA:54,1
DA:55,1
DA:56,1
DA:57,1
DA:58,20
DA:59,20
DA:60,20
DA:61,20
DA:62,1
DA:63,1
DA:113,263
DA:114,263
DA:115,263
DA:116,263
DA:118,526
DA:119,263
DA:121,263
DA:123,263
DA:124,263
DA:125,263
DA:126,368
DA:127,368
DA:128,368
DA:129,368
DA:130,631
DA:131,368
DA:133,263
DA:136,263
DA:137,263
DA:138,365
DA:139,365
DA:140,365
DA:141,365
DA:142,365
DA:143,628
DA:144,365
DA:146,263
DA:148,263
DA:149,263
DA:150,404
DA:151,404
DA:152,404
DA:153,404
DA:154,404
DA:155,404
DA:156,667
DA:157,404
DA:159,263
DA:161,1
DA:162,21
DA:163,20
DA:164,1
DA:165,1
DA:166,1
DA:168,1
DA:169,61
DA:170,1
DA:171,1
DA:172,1
BRF:0
BRH:0
LF:101
LH:101
end_of_record
SF:D:\rust\iris-engine\geometry\src\shapes.rs
FN:76,_RNvMs0_NtCsiZ5B0Zwt1yr_8geometry6shapesNtB5_6Sphere6normal
FN:89,_RNvMs1_NtCsiZ5B0Zwt1yr_8geometry6shapesNtB5_9Ellipsoid3new
FN:97,_RNvMs1_NtCsiZ5B0Zwt1yr_8geometry6shapesNtB5_9Ellipsoid6normal
FN:115,_RNvMs2_NtCsiZ5B0Zwt1yr_8geometry6shapesNtB5_8Cylinder3new
FN:124,_RNvMs2_NtCsiZ5B0Zwt1yr_8geometry6shapesNtB5_8Cylinder6normal
FN:147,_RNvMs3_NtCsiZ5B0Zwt1yr_8geometry6shapesNtB5_5Torus3new
FN:155,_RNvMs3_NtCsiZ5B0Zwt1yr_8geometry6shapesNtB5_5Torus6normal
FN:13,_RNvMNtCsiZ5B0Zwt1yr_8geometry6shapesNtB2_8Triangle3new
FN:17,_RNvMNtCsiZ5B0Zwt1yr_8geometry6shapesNtB2_8Triangle6normal
FN:21,_RNvMNtCsiZ5B0Zwt1yr_8geometry6shapesNtB2_8Triangle18is_inside_triangle
FN:44,_RNvMs_NtCsiZ5B0Zwt1yr_8geometry6shapesNtB4_6Cuboid3new
FN:48,_RNvMs_NtCsiZ5B0Zwt1yr_8geometry6shapesNtB4_6Cuboid19is_point_on_surface
FN:57,_RNvMs_NtCsiZ5B0Zwt1yr_8geometry6shapesNtB4_6Cuboid15is_point_inside
FN:71,_RNvMs0_NtCsiZ5B0Zwt1yr_8geometry6shapesNtB5_6Sphere3new
FNDA:0,_RNvMs0_NtCsiZ5B0Zwt1yr_8geometry6shapesNtB5_6Sphere6normal
FNDA:0,_RNvMs1_NtCsiZ5B0Zwt1yr_8geometry6shapesNtB5_9Ellipsoid3new
FNDA:0,_RNvMs1_NtCsiZ5B0Zwt1yr_8geometry6shapesNtB5_9Ellipsoid6normal
FNDA:0,_RNvMs2_NtCsiZ5B0Zwt1yr_8geometry6shapesNtB5_8Cylinder3new
FNDA:0,_RNvMs2_NtCsiZ5B0Zwt1yr_8geometry6shapesNtB5_8Cylinder6normal
FNDA:0,_RNvMs3_NtCsiZ5B0Zwt1yr_8geometry6shapesNtB5_5Torus3new
FNDA:0,_RNvMs3_NtCsiZ5B0Zwt1yr_8geometry6shapesNtB5_5Torus6normal
FNDA:264,_RNvMNtCsiZ5B0Zwt1yr_8geometry6shapesNtB2_8Triangle3new
FNDA:291,_RNvMNtCsiZ5B0Zwt1yr_8geometry6shapesNtB2_8Triangle6normal
FNDA:291,_RNvMNtCsiZ5B0Zwt1yr_8geometry6shapesNtB2_8Triangle18is_inside_triangle
FNDA:264,_RNvMs_NtCsiZ5B0Zwt1yr_8geometry6shapesNtB4_6Cuboid3new
FNDA:223,_RNvMs_NtCsiZ5B0Zwt1yr_8geometry6shapesNtB4_6Cuboid19is_point_on_surface
FNDA:701,_RNvMs_NtCsiZ5B0Zwt1yr_8geometry6shapesNtB4_6Cuboid15is_point_inside
FNDA:264,_RNvMs0_NtCsiZ5B0Zwt1yr_8geometry6shapesNtB5_6Sphere3new
FNF:14
FNH:7
DA:13,264
DA:14,264
DA:15,264
DA:17,291
DA:18,291
DA:19,291
DA:21,291
DA:22,291
DA:23,291
DA:24,291
DA:25,291
DA:26,291
DA:27,291
DA:28,291
DA:29,291
DA:30,291
DA:31,291
DA:32,291
DA:33,291
DA:34,291
DA:44,264
DA:45,264
DA:46,264
DA:48,223
DA:49,223
DA:50,158
DA:51,96
DA:52,59
DA:53,36
DA:54,17
DA:55,223
DA:57,701
DA:58,701
DA:59,503
DA:60,365
DA:61,701
DA:71,264
DA:72,264
DA:73,264
DA:76,0
DA:77,0
DA:78,0
DA:89,0
DA:90,0
DA:91,0
DA:92,0
DA:93,0
DA:94,0
DA:97,0
DA:98,0
DA:99,0
DA:100,0
DA:101,0
DA:102,0
DA:103,0
DA:115,0
DA:116,0
DA:117,0
DA:118,0
DA:119,0
DA:120,0
DA:121,0
DA:124,0
DA:125,0
DA:126,0
DA:127,0
DA:128,0
DA:129,0
DA:130,0
DA:131,0
DA:133,0
DA:136,0
DA:147,0
DA:148,0
DA:149,0
DA:150,0
DA:151,0
DA:152,0
DA:155,0
DA:156,0
DA:157,0
DA:158,0
DA:159,0
DA:160,0
DA:161,0
DA:162,0
BRF:0
BRH:0
LF:86
LH:39
end_of_record