SF:D:\rust\iris-engine\src\geometry\frustum.rs
FN:329,_RNvNtNtNtCsloFpwRjRFhM_11iris_engine8geometry7frustum5tests24projection_type_strategy
FN:379,_RNvNtNtNtCsloFpwRjRFhM_11iris_engine8geometry7frustum5tests26__test_orthographic_frustum
FN:410,_RNvNtNtNtCsloFpwRjRFhM_11iris_engine8geometry7frustum5tests25__test_perspective_frustum
FN:440,_RNvNtNtNtCsloFpwRjRFhM_11iris_engine8geometry7frustum5tests34__test_perspective_infinite_frustum
FN:468,_RNvNtNtNtCsloFpwRjRFhM_11iris_engine8geometry7frustum5tests42__test_perspective_infinite_reverse_frustum
FN:503,_RNvNtNtNtCsloFpwRjRFhM_11iris_engine8geometry7frustum5testss_24test_near_plane_clipping
FN:18,_RNvMNtNtCsloFpwRjRFhM_11iris_engine8geometry7frustumNtB2_7Frustum3new
FN:37,_RNvMNtNtCsloFpwRjRFhM_11iris_engine8geometry7frustumNtB2_7Frustum14from_matrix_gl
FN:62,_RNvMNtNtCsloFpwRjRFhM_11iris_engine8geometry7frustumNtB2_7Frustum11from_matrix
FN:98,_RNvMs_NtNtCsloFpwRjRFhM_11iris_engine8geometry7frustumNtB4_18PerspectiveFrustum3new
FN:108,_RNvMs_NtNtCsloFpwRjRFhM_11iris_engine8geometry7frustumNtB4_18PerspectiveFrustum9matrix_lh
FN:112,_RNvMs_NtNtCsloFpwRjRFhM_11iris_engine8geometry7frustumNtB4_18PerspectiveFrustum9matrix_rh
FN:116,_RNvMs_NtNtCsloFpwRjRFhM_11iris_engine8geometry7frustumNtB4_18PerspectiveFrustum9matrix_gl
FN:120,_RNvMs_NtNtCsloFpwRjRFhM_11iris_engine8geometry7frustumNtB4_18PerspectiveFrustum18matrix_infinite_lh
FN:124,_RNvMs_NtNtCsloFpwRjRFhM_11iris_engine8geometry7frustumNtB4_18PerspectiveFrustum18matrix_infinite_rh
FN:128,_RNvMs_NtNtCsloFpwRjRFhM_11iris_engine8geometry7frustumNtB4_18PerspectiveFrustum18matrix_infinite_gl
FN:138,_RNvMs_NtNtCsloFpwRjRFhM_11iris_engine8geometry7frustumNtB4_18PerspectiveFrustum26matrix_infinite_reverse_lh
FN:142,_RNvMs_NtNtCsloFpwRjRFhM_11iris_engine8geometry7frustumNtB4_18PerspectiveFrustum26matrix_infinite_reverse_rh
FN:146,_RNvMs_NtNtCsloFpwRjRFhM_11iris_engine8geometry7frustumNtB4_18PerspectiveFrustum26matrix_infinite_reverse_gl
FN:156,_RNvMs_NtNtCsloFpwRjRFhM_11iris_engine8geometry7frustumNtB4_18PerspectiveFrustum14focal_distance
FN:161,_RNvMs_NtNtCsloFpwRjRFhM_11iris_engine8geometry7frustumNtB4_18PerspectiveFrustum7frustum
FN:197,_RNvNtNtCsloFpwRjRFhM_11iris_engine8geometry7frustum22clip_projection_matrix
FN:233,_RNvMs0_NtNtCsloFpwRjRFhM_11iris_engine8geometry7frustumNtB5_19OrthographicFrustum3new
FN:243,_RNvMs0_NtNtCsloFpwRjRFhM_11iris_engine8geometry7frustumNtB5_19OrthographicFrustum9matrix_lh
FN:257,_RNvMs0_NtNtCsloFpwRjRFhM_11iris_engine8geometry7frustumNtB5_19OrthographicFrustum9matrix_rh
FN:271,_RNvMs0_NtNtCsloFpwRjRFhM_11iris_engine8geometry7frustumNtB5_19OrthographicFrustum9matrix_gl
FN:286,_RNvMs0_NtNtCsloFpwRjRFhM_11iris_engine8geometry7frustumNtB5_19OrthographicFrustum7frustum
FNDA:4,_RNvNtNtNtCsloFpwRjRFhM_11iris_engine8geometry7frustum5tests24projection_type_strategy
FNDA:256,_RNvNtNtNtCsloFpwRjRFhM_11iris_engine8geometry7frustum5tests26__test_orthographic_frustum
FNDA:256,_RNvNtNtNtCsloFpwRjRFhM_11iris_engine8geometry7frustum5tests25__test_perspective_frustum
FNDA:256,_RNvNtNtNtCsloFpwRjRFhM_11iris_engine8geometry7frustum5tests34__test_perspective_infinite_frustum
FNDA:256,_RNvNtNtNtCsloFpwRjRFhM_11iris_engine8geometry7frustum5tests42__test_perspective_infinite_reverse_frustum
FNDA:1,_RNvNtNtNtCsloFpwRjRFhM_11iris_engine8geometry7frustum5testss_24test_near_plane_clipping
FNDA:256,_RNvMNtNtCsloFpwRjRFhM_11iris_engine8geometry7frustumNtB2_7Frustum3new
FNDA:371,_RNvMNtNtCsloFpwRjRFhM_11iris_engine8geometry7frustumNtB2_7Frustum14from_matrix_gl
FNDA:654,_RNvMNtNtCsloFpwRjRFhM_11iris_engine8geometry7frustumNtB2_7Frustum11from_matrix
FNDA:769,_RNvMs_NtNtCsloFpwRjRFhM_11iris_engine8geometry7frustumNtB4_18PerspectiveFrustum3new
FNDA:82,_RNvMs_NtNtCsloFpwRjRFhM_11iris_engine8geometry7frustumNtB4_18PerspectiveFrustum9matrix_lh
FNDA:82,_RNvMs_NtNtCsloFpwRjRFhM_11iris_engine8geometry7frustumNtB4_18PerspectiveFrustum9matrix_rh
FNDA:92,_RNvMs_NtNtCsloFpwRjRFhM_11iris_engine8geometry7frustumNtB4_18PerspectiveFrustum9matrix_gl
FNDA:79,_RNvMs_NtNtCsloFpwRjRFhM_11iris_engine8geometry7frustumNtB4_18PerspectiveFrustum18matrix_infinite_lh
FNDA:79,_RNvMs_NtNtCsloFpwRjRFhM_11iris_engine8geometry7frustumNtB4_18PerspectiveFrustum18matrix_infinite_rh
FNDA:99,_RNvMs_NtNtCsloFpwRjRFhM_11iris_engine8geometry7frustumNtB4_18PerspectiveFrustum18matrix_infinite_gl
FNDA:84,_RNvMs_NtNtCsloFpwRjRFhM_11iris_engine8geometry7frustumNtB4_18PerspectiveFrustum26matrix_infinite_reverse_lh
FNDA:75,_RNvMs_NtNtCsloFpwRjRFhM_11iris_engine8geometry7frustumNtB4_18PerspectiveFrustum26matrix_infinite_reverse_rh
FNDA:97,_RNvMs_NtNtCsloFpwRjRFhM_11iris_engine8geometry7frustumNtB4_18PerspectiveFrustum26matrix_infinite_reverse_gl
FNDA:768,_RNvMs_NtNtCsloFpwRjRFhM_11iris_engine8geometry7frustumNtB4_18PerspectiveFrustum14focal_distance
FNDA:768,_RNvMs_NtNtCsloFpwRjRFhM_11iris_engine8geometry7frustumNtB4_18PerspectiveFrustum7frustum
FNDA:1,_RNvNtNtCsloFpwRjRFhM_11iris_engine8geometry7frustum22clip_projection_matrix
FNDA:256,_RNvMs0_NtNtCsloFpwRjRFhM_11iris_engine8geometry7frustumNtB5_19OrthographicFrustum3new
FNDA:79,_RNvMs0_NtNtCsloFpwRjRFhM_11iris_engine8geometry7frustumNtB5_19OrthographicFrustum9matrix_lh
FNDA:93,_RNvMs0_NtNtCsloFpwRjRFhM_11iris_engine8geometry7frustumNtB5_19OrthographicFrustum9matrix_rh
FNDA:84,_RNvMs0_NtNtCsloFpwRjRFhM_11iris_engine8geometry7frustumNtB5_19OrthographicFrustum9matrix_gl
FNDA:256,_RNvMs0_NtNtCsloFpwRjRFhM_11iris_engine8geometry7frustumNtB5_19OrthographicFrustum7frustum
FNF:27
FNH:27
DA:18,256
DA:19,256
DA:20,256
DA:21,256
DA:22,256
DA:23,256
DA:24,256
DA:25,256
DA:26,256
DA:27,256
DA:28,256
DA:29,256
DA:30,256
DA:31,256
DA:32,256
DA:33,256
DA:34,256
DA:37,371
DA:38,371
DA:39,371
DA:40,371
DA:41,371
DA:42,97
DA:43,274
DA:44,371
DA:45,371
DA:46,371
DA:47,371
DA:48,371
DA:49,371
DA:50,371
DA:51,371
DA:52,371
DA:53,371
DA:54,371
DA:55,371
DA:56,371
DA:57,371
DA:58,371
DA:59,371
DA:60,371
DA:62,654
DA:63,654
DA:64,654
DA:65,654
DA:66,654
DA:67,159
DA:68,495
DA:69,654
DA:70,654
DA:71,654
DA:72,654
DA:73,654
DA:74,654
DA:75,654
DA:76,654
DA:77,654
DA:78,654
DA:79,654
DA:80,654
DA:81,654
DA:82,654
DA:83,654
DA:84,654
DA:85,654
DA:98,769
DA:99,769
DA:100,769
DA:101,769
DA:102,769
DA:103,769
DA:104,769
DA:105,769
DA:108,82
DA:109,82
DA:110,82
DA:112,82
DA:113,82
DA:114,82
DA:116,92
DA:117,92
DA:118,92
DA:120,79
DA:121,79
DA:122,79
DA:124,79
DA:125,79
DA:126,79
DA:128,99
DA:129,99
DA:130,99
DA:131,99
DA:132,99
DA:133,99
DA:134,99
DA:135,99
DA:136,99
DA:138,84
DA:139,84
DA:140,84
DA:142,75
DA:143,75
DA:144,75
DA:146,97
DA:147,97
DA:148,97
DA:149,97
DA:150,97
DA:151,97
DA:152,97
DA:153,97
DA:154,97
DA:156,768
DA:157,768
DA:158,768
DA:161,768
DA:162,768
DA:163,768
DA:164,768
DA:165,768
DA:166,768
DA:167,768
DA:168,768
DA:169,768
DA:170,768
DA:171,768
DA:172,768
DA:173,768
DA:174,768
DA:175,768
DA:176,768
DA:177,768
DA:178,768
DA:179,768
DA:180,768
DA:181,768
DA:182,768
DA:183,768
DA:184,768
DA:185,768
DA:186,768
DA:187,768
DA:188,768
DA:189,768
DA:190,768
DA:191,768
DA:192,768
DA:193,768
DA:197,1
DA:198,1
DA:199,1
DA:200,1
DA:201,1
DA:202,1
DA:203,1
DA:204,1
DA:205,1
DA:206,1
DA:207,1
DA:208,1
DA:209,1
DA:210,1
DA:211,1
DA:212,1
DA:213,1
DA:214,1
DA:215,1
DA:216,1
DA:217,1
DA:218,1
DA:219,1
DA:220,1
DA:221,1
DA:233,256
DA:234,256
DA:235,256
DA:236,256
DA:237,256
DA:238,256
DA:239,256
DA:240,256
DA:243,79
DA:244,79
DA:245,79
DA:246,79
DA:247,79
DA:248,79
DA:249,79
DA:250,79
DA:251,79
DA:252,79
DA:253,79
DA:254,79
DA:255,79
DA:257,93
DA:258,93
DA:259,93
DA:260,93
DA:261,93
DA:262,93
DA:263,93
DA:264,93
DA:265,93
DA:266,93
DA:267,93
DA:268,93
DA:269,93
DA:271,84
DA:272,84
DA:273,84
DA:274,84
DA:275,84
DA:276,84
DA:277,84
DA:278,84
DA:279,84
DA:280,84
DA:281,84
DA:282,84
DA:283,84
DA:286,256
DA:287,256
DA:288,256
DA:289,256
DA:290,256
DA:291,256
DA:292,256
DA:293,256
DA:294,256
DA:295,256
DA:296,256
DA:298,256
DA:299,256
DA:300,256
DA:301,256
DA:302,256
DA:303,256
DA:304,256
DA:305,256
DA:306,256
DA:307,256
DA:329,4
DA:330,4
DA:331,4
DA:332,4
DA:333,4
DA:334,4
DA:335,4
DA:379,256
DA:380,256
DA:381,256
DA:382,256
DA:383,256
DA:384,256
DA:385,256
DA:386,256
DA:387,256
DA:388,79
DA:389,93
DA:390,84
DA:393,256
DA:394,256
DA:395,256
DA:396,256
DA:397,256
DA:398,256
DA:399,256
DA:400,256
DA:401,256
DA:402,256
DA:403,256
DA:404,256
DA:405,256
DA:406,256
DA:407,256
DA:408,256
DA:409,256
DA:410,256
DA:411,256
DA:412,256
DA:413,256
DA:414,256
DA:415,256
DA:416,256
DA:417,256
DA:418,256
DA:419,82
DA:420,82
DA:421,92
DA:423,256
DA:424,256
DA:425,256
DA:426,256
DA:427,256
DA:428,256
DA:429,256
DA:430,256
DA:431,256
DA:432,256
DA:433,256
DA:434,256
DA:435,256
DA:436,256
DA:437,256
DA:438,256
DA:440,256
DA:441,256
DA:442,256
DA:443,256
DA:444,256
DA:445,256
DA:446,256
DA:447,256
DA:448,79
DA:449,79
DA:450,98
DA:452,256
DA:453,256
DA:454,256
DA:455,256
DA:456,256
DA:457,256
DA:458,256
DA:459,256
DA:460,256
DA:461,256
DA:462,256
DA:463,256
DA:464,256
DA:465,256
DA:466,256
DA:468,256
DA:469,256
DA:470,256
DA:471,256
DA:472,256
DA:473,256
DA:474,256
DA:475,256
DA:477,84
DA:480,75
DA:483,97
DA:486,256
DA:487,256
DA:488,256
DA:489,256
DA:490,256
DA:491,256
DA:492,256
DA:493,256
DA:494,256
DA:495,256
DA:496,256
DA:497,256
DA:498,256
DA:499,256
DA:500,256
DA:503,1
DA:504,1
DA:505,1
DA:506,1
DA:507,1
DA:508,1
DA:509,1
DA:510,1
DA:511,1
DA:512,1
DA:513,1
DA:514,1
DA:515,1
DA:516,1
BRF:0
BRH:0
LF:371
LH:371
end_of_record
SF:D:\rust\iris-engine\src\geometry\intersections.rs
FN:124,_RNCNvMNtNtCsloFpwRjRFhM_11iris_engine8geometry13intersectionsNtNtB6_3ray3Ray19intersect_ellipsoid0B8_
FN:153,_RNCNvMNtNtCsloFpwRjRFhM_11iris_engine8geometry13intersectionsNtNtB6_3ray3Ray18intersect_cylinder0B8_
FN:12,_RNvMNtNtCsloFpwRjRFhM_11iris_engine8geometry13intersectionsNtNtB4_3ray3Ray15intersect_plane
FN:32,_RNvMNtNtCsloFpwRjRFhM_11iris_engine8geometry13intersectionsNtNtB4_3ray3Ray18intersect_triangle
FN:46,_RNvMNtNtCsloFpwRjRFhM_11iris_engine8geometry13intersectionsNtNtB4_3ray3Ray16intersect_cuboid
FN:80,_RNvMNtNtCsloFpwRjRFhM_11iris_engine8geometry13intersectionsNtNtB4_3ray3Ray16intersect_sphere
FN:96,_RNvMNtNtCsloFpwRjRFhM_11iris_engine8geometry13intersectionsNtNtB4_3ray3Ray19intersect_ellipsoid
FN:133,_RNvMNtNtCsloFpwRjRFhM_11iris_engine8geometry13intersectionsNtNtB4_3ray3Ray18intersect_cylinder
FN:189,_RNCNvNtNtNtCsloFpwRjRFhM_11iris_engine8geometry13intersections5tests10any_normals_0B9_
FN:268,_RNvNtNtNtCsloFpwRjRFhM_11iris_engine8geometry13intersections5tests21__test_intersect_plane
FN:277,_RNvNtNtNtCsloFpwRjRFhM_11iris_engine8geometry13intersections5tests24__test_intersect_triangle
FN:288,_RNvNtNtNtCsloFpwRjRFhM_11iris_engine8geometry13intersections5tests22__test_intersect_cuboid
FN:295,_RNvNtNtNtCsloFpwRjRFhM_11iris_engine8geometry13intersections5tests22__test_intersect_sphere
FN:306,_RNvNtNtNtCsloFpwRjRFhM_11iris_engine8geometry13intersections5tests23__test_intersect_ellipse
FN:313,_RNvNtNtNtCsloFpwRjRFhM_11iris_engine8geometry13intersections5tests24__test_intersect_cylinder
FNDA:20,_RNCNvMNtNtCsloFpwRjRFhM_11iris_engine8geometry13intersectionsNtNtB6_3ray3Ray19intersect_ellipsoid0B8_
FNDA:102,_RNCNvMNtNtCsloFpwRjRFhM_11iris_engine8geometry13intersectionsNtNtB6_3ray3Ray18intersect_cylinder0B8_
FNDA:1092,_RNvMNtNtCsloFpwRjRFhM_11iris_engine8geometry13intersectionsNtNtB4_3ray3Ray15intersect_plane
FNDA:267,_RNvMNtNtCsloFpwRjRFhM_11iris_engine8geometry13intersectionsNtNtB4_3ray3Ray18intersect_triangle
FNDA:256,_RNvMNtNtCsloFpwRjRFhM_11iris_engine8geometry13intersectionsNtNtB4_3ray3Ray16intersect_cuboid
FNDA:263,_RNvMNtNtCsloFpwRjRFhM_11iris_engine8geometry13intersectionsNtNtB4_3ray3Ray16intersect_sphere
FNDA:256,_RNvMNtNtCsloFpwRjRFhM_11iris_engine8geometry13intersectionsNtNtB4_3ray3Ray19intersect_ellipsoid
FNDA:256,_RNvMNtNtCsloFpwRjRFhM_11iris_engine8geometry13intersectionsNtNtB4_3ray3Ray18intersect_cylinder
FNDA:1792,_RNCNvNtNtNtCsloFpwRjRFhM_11iris_engine8geometry13intersections5tests10any_normals_0B9_
FNDA:256,_RNvNtNtNtCsloFpwRjRFhM_11iris_engine8geometry13intersections5tests21__test_intersect_plane
FNDA:256,_RNvNtNtNtCsloFpwRjRFhM_11iris_engine8geometry13intersections5tests24__test_intersect_triangle
FNDA:256,_RNvNtNtNtCsloFpwRjRFhM_11iris_engine8geometry13intersections5tests22__test_intersect_cuboid
FNDA:256,_RNvNtNtNtCsloFpwRjRFhM_11iris_engine8geometry13intersections5tests22__test_intersect_sphere
FNDA:256,_RNvNtNtNtCsloFpwRjRFhM_11iris_engine8geometry13intersections5tests23__test_intersect_ellipse
FNDA:256,_RNvNtNtNtCsloFpwRjRFhM_11iris_engine8geometry13intersections5tests24__test_intersect_cylinder
FNF:15
FNH:15
DA:12,1092
DA:13,1092
DA:14,1092
DA:15,1092
DA:16,1092
DA:18,13
DA:20,1079
DA:21,1079
DA:22,1079
DA:23,1079
DA:24,469
DA:25,469
DA:27,610
DA:30,1092
DA:32,267
DA:33,267
DA:34,267
DA:36,267
DA:38,137
DA:39,11
DA:40,126
DA:41,130
DA:42,256
DA:43,267
DA:46,256
DA:47,256
DA:48,256
DA:49,256
DA:50,256
DA:51,256
DA:52,256
DA:53,256
DA:54,256
DA:55,125
DA:56,131
DA:57,131
DA:58,131
DA:59,256
DA:60,134
DA:61,134
DA:62,122
DA:63,122
DA:64,256
DA:65,134
DA:66,134
DA:67,122
DA:68,122
DA:69,498
DA:70,458
DA:71,221
DA:72,216
DA:73,5
DA:74,237
DA:77,40
DA:78,256
DA:80,263
DA:81,263
DA:82,263
DA:83,263
DA:84,263
DA:85,263
DA:86,263
DA:87,263
DA:88,263
DA:89,18
DA:90,11
DA:91,7
DA:92,7
DA:93,263
DA:96,256
DA:97,256
DA:98,256
DA:99,256
DA:100,256
DA:101,256
DA:102,256
DA:103,256
DA:104,256
DA:105,256
DA:106,256
DA:107,256
DA:108,256
DA:109,256
DA:110,256
DA:111,256
DA:112,256
DA:113,256
DA:114,256
DA:115,256
DA:116,256
DA:117,256
DA:118,256
DA:119,256
DA:120,256
DA:121,256
DA:122,256
DA:123,256
DA:124,256
DA:125,256
DA:127,4
DA:128,256
DA:133,256
DA:134,256
DA:135,256
DA:136,256
DA:137,256
DA:138,256
DA:139,256
DA:140,256
DA:141,256
DA:142,256
DA:143,256
DA:144,256
DA:145,256
DA:146,256
DA:147,256
DA:148,256
DA:149,256
DA:150,256
DA:151,256
DA:152,256
DA:153,256
DA:154,256
DA:155,12
DA:156,12
DA:157,9
DA:158,3
DA:159,3
DA:160,256
DA:189,1792
DA:268,256
DA:269,256
DA:270,111
DA:271,111
DA:272,111
DA:273,111
DA:274,111
DA:275,145
DA:276,256
DA:277,256
DA:278,256
DA:279,11
DA:280,11
DA:281,11
DA:282,11
DA:283,11
DA:284,11
DA:285,11
DA:286,245
DA:287,256
DA:288,256
DA:289,256
DA:290,216
DA:291,216
DA:292,216
DA:293,40
DA:294,256
DA:295,256
DA:296,256
DA:297,7
DA:299,7
DA:301,7
DA:302,7
DA:303,7
DA:304,249
DA:305,256
DA:306,256
DA:307,256
DA:308,4
DA:310,4
DA:311,252
DA:312,256
DA:313,256
DA:314,256
DA:315,3
DA:317,3
DA:318,3
DA:319,253
DA:320,256
BRF:0
BRH:0
LF:181
LH:181
end_of_record
SF:D:\rust\iris-engine\src\geometry\plane.rs
FN:19,_RNvXNtNtCsloFpwRjRFhM_11iris_engine8geometry5planeNtB2_5PlaneNtNtCscH6OKa5dibd_6approx11abs_diff_eq9AbsDiffEq11abs_diff_eq
FN:15,_RNvXNtNtCsloFpwRjRFhM_11iris_engine8geometry5planeNtB2_5PlaneNtNtCscH6OKa5dibd_6approx11abs_diff_eq9AbsDiffEq15default_epsilon
FN:26,_RNvXs_NtNtCsloFpwRjRFhM_11iris_engine8geometry5planeNtB4_5PlaneNtNtCscH6OKa5dibd_6approx11relative_eq10RelativeEq20default_max_relative
FN:30,_RNvXs_NtNtCsloFpwRjRFhM_11iris_engine8geometry5planeNtB4_5PlaneNtNtCscH6OKa5dibd_6approx11relative_eq10RelativeEq11relative_eq
FN:46,_RNvMs0_NtNtCsloFpwRjRFhM_11iris_engine8geometry5planeNtB5_5Plane3new
FN:54,_RNvMs0_NtNtCsloFpwRjRFhM_11iris_engine8geometry5planeNtB5_5Plane9from_vec4
FN:65,_RNvMs0_NtNtCsloFpwRjRFhM_11iris_engine8geometry5planeNtB5_5Plane11homogeneous
FN:69,_RNvMs0_NtNtCsloFpwRjRFhM_11iris_engine8geometry5planeNtB5_5Plane24signed_distance_to_point
FN:75,_RNvMs0_NtNtCsloFpwRjRFhM_11iris_engine8geometry5planeNtB5_5Plane11is_on_plane
FN:80,_RNvMs0_NtNtCsloFpwRjRFhM_11iris_engine8geometry5planeNtB5_5Plane24intersection_with_planes
FN:93,_RNvMs0_NtNtCsloFpwRjRFhM_11iris_engine8geometry5planeNtB5_5Plane23intersection_with_plane
FN:157,_RNvNtNtNtCsloFpwRjRFhM_11iris_engine8geometry5plane5tests23__test_distance_to_point
FN:163,_RNvNtNtNtCsloFpwRjRFhM_11iris_engine8geometry5plane5tests28__test_intersect_three_planes
FN:170,_RNvNtNtNtCsloFpwRjRFhM_11iris_engine8geometry5plane5tests26__test_intersect_two_planes
FN:100,_RNCNvMs0_NtNtCsloFpwRjRFhM_11iris_engine8geometry5planeNtB7_5Plane23intersection_with_plane0Bb_
FN:125,_RNCNvNtNtNtCsloFpwRjRFhM_11iris_engine8geometry5plane5tests10any_normals_0B9_
FNDA:0,_RNvXNtNtCsloFpwRjRFhM_11iris_engine8geometry5planeNtB2_5PlaneNtNtCscH6OKa5dibd_6approx11abs_diff_eq9AbsDiffEq11abs_diff_eq
FNDA:5633,_RNvXNtNtCsloFpwRjRFhM_11iris_engine8geometry5planeNtB2_5PlaneNtNtCscH6OKa5dibd_6approx11abs_diff_eq9AbsDiffEq15default_epsilon
FNDA:5633,_RNvXs_NtNtCsloFpwRjRFhM_11iris_engine8geometry5planeNtB4_5PlaneNtNtCscH6OKa5dibd_6approx11relative_eq10RelativeEq20default_max_relative
FNDA:5633,_RNvXs_NtNtCsloFpwRjRFhM_11iris_engine8geometry5planeNtB4_5PlaneNtNtCscH6OKa5dibd_6approx11relative_eq10RelativeEq11relative_eq
FNDA:9750,_RNvMs0_NtNtCsloFpwRjRFhM_11iris_engine8geometry5planeNtB5_5Plane3new
FNDA:6151,_RNvMs0_NtNtCsloFpwRjRFhM_11iris_engine8geometry5planeNtB5_5Plane9from_vec4
FNDA:3516,_RNvMs0_NtNtCsloFpwRjRFhM_11iris_engine8geometry5planeNtB5_5Plane11homogeneous
FNDA:2423,_RNvMs0_NtNtCsloFpwRjRFhM_11iris_engine8geometry5planeNtB5_5Plane24signed_distance_to_point
FNDA:256,_RNvMs0_NtNtCsloFpwRjRFhM_11iris_engine8geometry5planeNtB5_5Plane11is_on_plane
FNDA:512,_RNvMs0_NtNtCsloFpwRjRFhM_11iris_engine8geometry5planeNtB5_5Plane24intersection_with_planes
FNDA:256,_RNvMs0_NtNtCsloFpwRjRFhM_11iris_engine8geometry5planeNtB5_5Plane23intersection_with_plane
FNDA:256,_RNvNtNtNtCsloFpwRjRFhM_11iris_engine8geometry5plane5tests23__test_distance_to_point
FNDA:256,_RNvNtNtNtCsloFpwRjRFhM_11iris_engine8geometry5plane5tests28__test_intersect_three_planes
FNDA:256,_RNvNtNtNtCsloFpwRjRFhM_11iris_engine8geometry5plane5tests26__test_intersect_two_planes
FNDA:256,_RNCNvMs0_NtNtCsloFpwRjRFhM_11iris_engine8geometry5planeNtB7_5Plane23intersection_with_plane0Bb_
FNDA:1536,_RNCNvNtNtNtCsloFpwRjRFhM_11iris_engine8geometry5plane5tests10any_normals_0B9_
FNF:16
FNH:15
DA:15,5633
DA:16,5633
DA:17,5633
DA:19,0
DA:20,0
DA:21,0
DA:22,0
DA:26,5633
DA:27,5633
DA:28,5633
DA:30,5633
DA:31,5633
DA:32,5633
DA:33,5633
DA:34,5633
DA:35,5633
DA:36,5633
DA:37,5633
DA:38,5633
DA:39,5633
DA:40,5633
DA:41,5633
DA:46,9750
DA:47,9750
DA:48,9750
DA:49,9750
DA:50,9750
DA:51,9750
DA:52,9750
DA:54,6151
DA:55,6151
DA:56,6151
DA:57,6151
DA:58,6151
DA:59,6151
DA:60,6151
DA:61,6151
DA:62,6151
DA:65,3516
DA:66,3516
DA:67,3516
DA:69,2423
DA:70,2423
DA:71,2423
DA:72,2423
DA:73,2423
DA:75,256
DA:76,256
DA:77,256
DA:80,512
DA:81,512
DA:82,512
DA:83,512
DA:84,512
DA:85,512
DA:86,1
DA:88,511
DA:89,511
DA:91,512
DA:93,256
DA:94,256
DA:95,256
DA:96,256
DA:97,256
DA:98,256
DA:99,256
DA:100,256
DA:101,256
DA:125,1536
DA:157,256
DA:158,256
DA:159,256
DA:160,256
DA:161,256
DA:163,256
DA:164,256
DA:165,255
DA:166,255
DA:167,255
DA:168,1
DA:169,256
DA:170,256
DA:171,256
DA:172,256
DA:173,256
DA:174,256
DA:175,256
DA:176,256
DA:177,0
DA:178,256
BRF:0
BRH:0
LF:91
LH:86
end_of_record
SF:D:\rust\iris-engine\src\geometry\ray.rs
FN:12,_RNvMNtNtCsloFpwRjRFhM_11iris_engine8geometry3rayNtB2_3Ray3new
FN:20,_RNvMNtNtCsloFpwRjRFhM_11iris_engine8geometry3rayNtB2_3Ray5point
FN:25,_RNvMNtNtCsloFpwRjRFhM_11iris_engine8geometry3rayNtB2_3Ray17distance_to_point
FN:32,_RNvMNtNtCsloFpwRjRFhM_11iris_engine8geometry3rayNtB2_3Ray16closest_point_to
FN:37,_RNvMNtNtCsloFpwRjRFhM_11iris_engine8geometry3rayNtB2_3Ray12closest_t_to
FN:42,_RNvMNtNtCsloFpwRjRFhM_11iris_engine8geometry3rayNtB2_3Ray16distance_to_line
FN:49,_RNvMNtNtCsloFpwRjRFhM_11iris_engine8geometry3rayNtB2_3Ray10closest_ts
FN:122,_RNvNtNtNtCsloFpwRjRFhM_11iris_engine8geometry3ray5tests19__test_closest_point
FN:134,_RNvNtNtNtCsloFpwRjRFhM_11iris_engine8geometry3ray5tests23__test_distance_to_point
FN:144,_RNvNtNtNtCsloFpwRjRFhM_11iris_engine8geometry3ray5tests20__test_closest_points
FN:90,_RNCNvNtNtNtCsloFpwRjRFhM_11iris_engine8geometry3ray5tests10any_normals_0B9_
FNDA:2945,_RNvMNtNtCsloFpwRjRFhM_11iris_engine8geometry3rayNtB2_3Ray3new
FNDA:2028,_RNvMNtNtCsloFpwRjRFhM_11iris_engine8geometry3rayNtB2_3Ray5point
FNDA:1376,_RNvMNtNtCsloFpwRjRFhM_11iris_engine8geometry3rayNtB2_3Ray17distance_to_point
FNDA:256,_RNvMNtNtCsloFpwRjRFhM_11iris_engine8geometry3rayNtB2_3Ray16closest_point_to
FNDA:544,_RNvMNtNtCsloFpwRjRFhM_11iris_engine8geometry3rayNtB2_3Ray12closest_t_to
FNDA:256,_RNvMNtNtCsloFpwRjRFhM_11iris_engine8geometry3rayNtB2_3Ray16distance_to_line
FNDA:512,_RNvMNtNtCsloFpwRjRFhM_11iris_engine8geometry3rayNtB2_3Ray10closest_ts
FNDA:256,_RNvNtNtNtCsloFpwRjRFhM_11iris_engine8geometry3ray5tests19__test_closest_point
FNDA:256,_RNvNtNtNtCsloFpwRjRFhM_11iris_engine8geometry3ray5tests23__test_distance_to_point
FNDA:256,_RNvNtNtNtCsloFpwRjRFhM_11iris_engine8geometry3ray5tests20__test_closest_points
FNDA:1024,_RNCNvNtNtNtCsloFpwRjRFhM_11iris_engine8geometry3ray5tests10any_normals_0B9_
FNF:11
FNH:11
DA:12,2945
DA:13,2945
DA:14,2945
DA:15,2945
DA:16,2945
DA:17,2945
DA:20,2028
DA:21,2028
DA:22,2028
DA:25,1376
DA:26,1376
DA:27,1376
DA:28,1376
DA:29,1376
DA:32,256
DA:33,256
DA:34,256
DA:35,256
DA:37,544
DA:38,544
DA:39,544
DA:42,256
DA:43,256
DA:44,256
DA:45,256
DA:46,256
DA:47,256
DA:49,512
DA:50,512
DA:51,512
DA:52,512
DA:53,512
DA:54,512
DA:55,512
DA:56,512
DA:57,512
DA:58,512
DA:59,512
DA:61,32
DA:64,480
DA:65,480
DA:66,480
DA:68,512
DA:90,1024
DA:122,256
DA:123,256
DA:124,256
DA:125,256
DA:126,256
DA:127,256
DA:128,256
DA:129,256
DA:130,256
DA:131,256
DA:132,256
DA:133,256
DA:134,256
DA:135,256
DA:136,256
DA:137,256
DA:138,256
DA:139,256
DA:140,256
DA:141,256
DA:142,256
DA:143,256
DA:144,256
DA:145,256
DA:146,256
DA:147,256
DA:148,256
DA:149,256
DA:150,256
DA:151,256
DA:152,256
DA:153,256
DA:154,256
DA:155,256
DA:156,256
DA:157,256
DA:158,256
DA:159,256
DA:160,256
DA:161,256
BRF:0
BRH:0
LF:84
LH:84
end_of_record
SF:D:\rust\iris-engine\src\geometry\reflection.rs
FN:20,_RNvXs_NtNtCsloFpwRjRFhM_11iris_engine8geometry10reflectionNtNtNtCs1vACU4aD1Qo_4glam3f324vec34Vec3NtB4_14Vec3RefractExt7refract
FN:63,_RNvNtNtNtCsloFpwRjRFhM_11iris_engine8geometry10reflection5tests13__test_reflect
FN:10,_RNvXNtNtCsloFpwRjRFhM_11iris_engine8geometry10reflectionNtNtNtCs1vACU4aD1Qo_4glam3f324vec34Vec3NtB2_14Vec3ReflectExt7reflect
FNDA:0,_RNvXs_NtNtCsloFpwRjRFhM_11iris_engine8geometry10reflectionNtNtNtCs1vACU4aD1Qo_4glam3f324vec34Vec3NtB4_14Vec3RefractExt7refract
FNDA:256,_RNvNtNtNtCsloFpwRjRFhM_11iris_engine8geometry10reflection5tests13__test_reflect
FNDA:256,_RNvXNtNtCsloFpwRjRFhM_11iris_engine8geometry10reflectionNtNtNtCs1vACU4aD1Qo_4glam3f324vec34Vec3NtB2_14Vec3ReflectExt7reflect
FNF:3
FNH:2
DA:10,256
DA:11,256
DA:12,256
DA:20,0
DA:21,0
DA:22,0
DA:23,0
DA:24,0
DA:25,0
DA:26,0
DA:63,256
DA:64,256
DA:65,256
DA:66,256
DA:67,256
DA:68,256
BRF:0
BRH:0
LF:16
LH:9
end_of_record
SF:D:\rust\iris-engine\src\geometry\root_finding.rs
FN:131,_RNvNtNtNtCsloFpwRjRFhM_11iris_engine8geometry12root_finding5tests12__test_linear
FN:141,_RNvNtNtNtCsloFpwRjRFhM_11iris_engine8geometry12root_finding5tests15__test_quadratic
FN:154,_RNvNtNtNtCsloFpwRjRFhM_11iris_engine8geometry12root_finding5tests11__test_cubic
FN:166,_RNvNtNtNtCsloFpwRjRFhM_11iris_engine8geometry12root_finding5tests13__test_quartic
FN:200,_RNvNtNtNtCsloFpwRjRFhM_11iris_engine8geometry12root_finding5tests22__test_newton_quadratic
FN:210,_RNvNtNtNtCsloFpwRjRFhM_11iris_engine8geometry12root_finding5tests18__test_newton_cubic
FN:239,_RNvNtNtNtCsloFpwRjRFhM_11iris_engine8geometry12root_finding5testss_22test_newton_method_log
FN:246,_RNvNtNtNtCsloFpwRjRFhM_11iris_engine8geometry12root_finding5testss_25test_bisection_method_log
FN:134,_RNCNvNtNtNtCsloFpwRjRFhM_11iris_engine8geometry12root_finding5tests12__test_linear0B9_
FN:144,_RNCNvNtNtNtCsloFpwRjRFhM_11iris_engine8geometry12root_finding5tests15__test_quadratic0B9_
FN:156,_RNCNvNtNtNtCsloFpwRjRFhM_11iris_engine8geometry12root_finding5tests11__test_cubic0B9_
FN:168,_RNCNvNtNtNtCsloFpwRjRFhM_11iris_engine8geometry12root_finding5tests13__test_quartic0B9_
FN:202,_RNCNvNtNtNtCsloFpwRjRFhM_11iris_engine8geometry12root_finding5tests22__test_newton_quadratic0B9_
FN:206,_RNCNvNtNtNtCsloFpwRjRFhM_11iris_engine8geometry12root_finding5tests22__test_newton_quadratics_0B9_
FN:212,_RNCNvNtNtNtCsloFpwRjRFhM_11iris_engine8geometry12root_finding5tests18__test_newton_cubic0B9_
FN:217,_RNCNvNtNtNtCsloFpwRjRFhM_11iris_engine8geometry12root_finding5tests18__test_newton_cubics_0B9_
FN:224,_RINvNtNtNtCsloFpwRjRFhM_11iris_engine8geometry12root_finding5tests18test_newton_methodNCNvB2_18__test_newton_cubic0NCB1o_s_0EB8_
FN:224,_RINvNtNtNtCsloFpwRjRFhM_11iris_engine8geometry12root_finding5tests18test_newton_methodNCNvB2_22__test_newton_quadratic0NCB1o_s_0EB8_
FN:240,_RNCNvNtNtNtCsloFpwRjRFhM_11iris_engine8geometry12root_finding5testss_22test_newton_method_log0B9_
FN:241,_RNCNvNtNtNtCsloFpwRjRFhM_11iris_engine8geometry12root_finding5testss_22test_newton_method_logs_0B9_
FN:247,_RNCNvNtNtNtCsloFpwRjRFhM_11iris_engine8geometry12root_finding5testss_25test_bisection_method_log0B9_
FN:8,_RINvNtNtCsloFpwRjRFhM_11iris_engine8geometry12root_finding12roots_to_vecdEB6_
FN:8,_RINvNtNtCsloFpwRjRFhM_11iris_engine8geometry12root_finding12roots_to_vecfEB6_
FN:20,_RINvNtNtCsloFpwRjRFhM_11iris_engine8geometry12root_finding12solve_lineardEB6_
FN:27,_RINvNtNtCsloFpwRjRFhM_11iris_engine8geometry12root_finding15solve_quadraticdEB6_
FN:27,_RINvNtNtCsloFpwRjRFhM_11iris_engine8geometry12root_finding15solve_quadraticfEB6_
FN:34,_RINvNtNtCsloFpwRjRFhM_11iris_engine8geometry12root_finding11solve_cubicdEB6_
FN:41,_RINvNtNtCsloFpwRjRFhM_11iris_engine8geometry12root_finding13solve_quarticdEB6_
FN:46,_RINvNtNtCsloFpwRjRFhM_11iris_engine8geometry12root_finding13newton_methodNCNvNtB2_5testss_22test_newton_method_log0NCB1b_s_0EB6_
FN:46,_RINvNtNtCsloFpwRjRFhM_11iris_engine8geometry12root_finding13newton_methodRNCNvNtB2_5tests18__test_newton_cubic0RNCB1c_s_0EB6_
FN:46,_RINvNtNtCsloFpwRjRFhM_11iris_engine8geometry12root_finding13newton_methodRNCNvNtB2_5tests22__test_newton_quadratic0RNCB1c_s_0EB6_
FN:63,_RINvNtNtCsloFpwRjRFhM_11iris_engine8geometry12root_finding12brent_methodNCNvNtB2_5testss_25test_bisection_method_log0EB6_
FNDA:256,_RNvNtNtNtCsloFpwRjRFhM_11iris_engine8geometry12root_finding5tests12__test_linear
FNDA:256,_RNvNtNtNtCsloFpwRjRFhM_11iris_engine8geometry12root_finding5tests15__test_quadratic
FNDA:256,_RNvNtNtNtCsloFpwRjRFhM_11iris_engine8geometry12root_finding5tests11__test_cubic
FNDA:256,_RNvNtNtNtCsloFpwRjRFhM_11iris_engine8geometry12root_finding5tests13__test_quartic
FNDA:256,_RNvNtNtNtCsloFpwRjRFhM_11iris_engine8geometry12root_finding5tests22__test_newton_quadratic
FNDA:256,_RNvNtNtNtCsloFpwRjRFhM_11iris_engine8geometry12root_finding5tests18__test_newton_cubic
FNDA:1,_RNvNtNtNtCsloFpwRjRFhM_11iris_engine8geometry12root_finding5testss_22test_newton_method_log
FNDA:1,_RNvNtNtNtCsloFpwRjRFhM_11iris_engine8geometry12root_finding5testss_25test_bisection_method_log
FNDA:256,_RNCNvNtNtNtCsloFpwRjRFhM_11iris_engine8geometry12root_finding5tests12__test_linear0B9_
FNDA:332,_RNCNvNtNtNtCsloFpwRjRFhM_11iris_engine8geometry12root_finding5tests15__test_quadratic0B9_
FNDA:350,_RNCNvNtNtNtCsloFpwRjRFhM_11iris_engine8geometry12root_finding5tests11__test_cubic0B9_
FNDA:400,_RNCNvNtNtNtCsloFpwRjRFhM_11iris_engine8geometry12root_finding5tests13__test_quartic0B9_
FNDA:978,_RNCNvNtNtNtCsloFpwRjRFhM_11iris_engine8geometry12root_finding5tests22__test_newton_quadratic0B9_
FNDA:654,_RNCNvNtNtNtCsloFpwRjRFhM_11iris_engine8geometry12root_finding5tests22__test_newton_quadratics_0B9_
FNDA:1214,_RNCNvNtNtNtCsloFpwRjRFhM_11iris_engine8geometry12root_finding5tests18__test_newton_cubic0B9_
FNDA:844,_RNCNvNtNtNtCsloFpwRjRFhM_11iris_engine8geometry12root_finding5tests18__test_newton_cubics_0B9_
FNDA:256,_RINvNtNtNtCsloFpwRjRFhM_11iris_engine8geometry12root_finding5tests18test_newton_methodNCNvB2_18__test_newton_cubic0NCB1o_s_0EB8_
FNDA:256,_RINvNtNtNtCsloFpwRjRFhM_11iris_engine8geometry12root_finding5tests18test_newton_methodNCNvB2_22__test_newton_quadratic0NCB1o_s_0EB8_
FNDA:3,_RNCNvNtNtNtCsloFpwRjRFhM_11iris_engine8geometry12root_finding5testss_22test_newton_method_log0B9_
FNDA:2,_RNCNvNtNtNtCsloFpwRjRFhM_11iris_engine8geometry12root_finding5testss_22test_newton_method_logs_0B9_
FNDA:7,_RNCNvNtNtNtCsloFpwRjRFhM_11iris_engine8geometry12root_finding5testss_25test_bisection_method_log0B9_
FNDA:1536,_RINvNtNtCsloFpwRjRFhM_11iris_engine8geometry12root_finding12roots_to_vecdEB6_
FNDA:775,_RINvNtNtCsloFpwRjRFhM_11iris_engine8geometry12root_finding12roots_to_vecfEB6_
FNDA:256,_RINvNtNtCsloFpwRjRFhM_11iris_engine8geometry12root_finding12solve_lineardEB6_
FNDA:512,_RINvNtNtCsloFpwRjRFhM_11iris_engine8geometry12root_finding15solve_quadraticdEB6_
FNDA:775,_RINvNtNtCsloFpwRjRFhM_11iris_engine8geometry12root_finding15solve_quadraticfEB6_
FNDA:512,_RINvNtNtCsloFpwRjRFhM_11iris_engine8geometry12root_finding11solve_cubicdEB6_
FNDA:256,_RINvNtNtCsloFpwRjRFhM_11iris_engine8geometry12root_finding13solve_quarticdEB6_
FNDA:1,_RINvNtNtCsloFpwRjRFhM_11iris_engine8geometry12root_finding13newton_methodNCNvNtB2_5testss_22test_newton_method_log0NCB1b_s_0EB6_
FNDA:370,_RINvNtNtCsloFpwRjRFhM_11iris_engine8geometry12root_finding13newton_methodRNCNvNtB2_5tests18__test_newton_cubic0RNCB1c_s_0EB6_
FNDA:324,_RINvNtNtCsloFpwRjRFhM_11iris_engine8geometry12root_finding13newton_methodRNCNvNtB2_5tests22__test_newton_quadratic0RNCB1c_s_0EB6_
FNDA:1,_RINvNtNtCsloFpwRjRFhM_11iris_engine8geometry12root_finding12brent_methodNCNvNtB2_5testss_25test_bisection_method_log0EB6_
FNF:27
FNH:27
DA:8,2311
DA:9,2311
DA:10,947
DA:11,664
DA:12,585
DA:13,104
DA:14,11
DA:16,2311
DA:20,256
DA:21,256
DA:22,256
DA:23,256
DA:27,1287
DA:28,1287
DA:29,1287
DA:30,1287
DA:34,512
DA:35,512
DA:36,512
DA:37,512
DA:41,256
DA:42,256
DA:43,256
DA:44,256
DA:46,695
DA:47,695
DA:48,695
DA:49,695
DA:50,695
DA:51,695
DA:52,695
DA:53,695
DA:54,695
DA:55,695
DA:56,695
DA:57,695
DA:58,695
DA:59,695
DA:60,695
DA:61,695
DA:62,695
DA:63,1
DA:64,1
DA:65,1
DA:66,1
DA:67,1
DA:68,1
DA:69,1
DA:70,1
DA:71,1
DA:72,1
DA:73,1
DA:74,1
DA:75,1
DA:76,1
DA:77,1
DA:78,1
DA:79,1
DA:131,256
DA:132,256
DA:133,256
DA:134,256
DA:136,512
DA:137,256
DA:139,256
DA:141,256
DA:142,256
DA:143,256
DA:144,332
DA:145,332
DA:146,332
DA:147,332
DA:148,588
DA:149,332
DA:151,256
DA:154,256
DA:155,256
DA:156,350
DA:157,350
DA:158,350
DA:159,350
DA:160,350
DA:161,606
DA:162,350
DA:164,256
DA:166,256
DA:167,256
DA:168,400
DA:169,400
DA:170,400
DA:171,400
DA:172,400
DA:173,400
DA:174,656
DA:175,400
DA:177,256
DA:200,256
DA:201,256
DA:202,978
DA:203,978
DA:204,978
DA:205,978
DA:206,654
DA:207,256
DA:208,256
DA:210,256
DA:211,256
DA:212,1214
DA:213,1214
DA:214,1214
DA:215,1214
DA:216,1214
DA:217,844
DA:218,844
DA:219,844
DA:220,844
DA:221,256
DA:222,256
DA:224,512
DA:225,512
DA:226,512
DA:227,512
DA:228,512
DA:229,512
DA:230,512
DA:231,1206
DA:232,694
DA:233,694
DA:234,694
DA:236,512
DA:239,1
DA:240,3
DA:241,2
DA:242,1
DA:243,1
DA:244,1
DA:246,1
DA:247,7
DA:248,1
DA:249,1
DA:250,1
BRF:0
BRH:0
LF:152
LH:152
end_of_record
SF:D:\rust\iris-engine\src\geometry\shapes.rs
FN:76,_RNvMs0_NtNtCsloFpwRjRFhM_11iris_engine8geometry6shapesNtB5_6Sphere6normal
FN:81,_RNvMs0_NtNtCsloFpwRjRFhM_11iris_engine8geometry6shapesNtB5_6Sphere8equation
FN:85,_RNvMs0_NtNtCsloFpwRjRFhM_11iris_engine8geometry6shapesNtB5_6Sphere8gradient
FN:105,_RNvMs1_NtNtCsloFpwRjRFhM_11iris_engine8geometry6shapesNtB5_9Ellipsoid8gradient
FN:110,_RNvMs1_NtNtCsloFpwRjRFhM_11iris_engine8geometry6shapesNtB5_9Ellipsoid6normal
FN:139,_RNvMs2_NtNtCsloFpwRjRFhM_11iris_engine8geometry6shapesNtB5_8Cylinder8gradient
FN:153,_RNvMs2_NtNtCsloFpwRjRFhM_11iris_engine8geometry6shapesNtB5_8Cylinder6normal
FN:13,_RNvMNtNtCsloFpwRjRFhM_11iris_engine8geometry6shapesNtB2_8Triangle3new
FN:17,_RNvMNtNtCsloFpwRjRFhM_11iris_engine8geometry6shapesNtB2_8Triangle6normal
FN:21,_RNvMNtNtCsloFpwRjRFhM_11iris_engine8geometry6shapesNtB2_8Triangle18is_inside_triangle
FN:44,_RNvMs_NtNtCsloFpwRjRFhM_11iris_engine8geometry6shapesNtB4_6Cuboid3new
FN:48,_RNvMs_NtNtCsloFpwRjRFhM_11iris_engine8geometry6shapesNtB4_6Cuboid19is_point_on_surface
FN:57,_RNvMs_NtNtCsloFpwRjRFhM_11iris_engine8geometry6shapesNtB4_6Cuboid15is_point_inside
FN:71,_RNvMs0_NtNtCsloFpwRjRFhM_11iris_engine8geometry6shapesNtB5_6Sphere3new
FN:97,_RNvMs1_NtNtCsloFpwRjRFhM_11iris_engine8geometry6shapesNtB5_9Ellipsoid3new
FN:101,_RNvMs1_NtNtCsloFpwRjRFhM_11iris_engine8geometry6shapesNtB5_9Ellipsoid8equation
FN:125,_RNvMs2_NtNtCsloFpwRjRFhM_11iris_engine8geometry6shapesNtB5_8Cylinder3new
FN:133,_RNvMs2_NtNtCsloFpwRjRFhM_11iris_engine8geometry6shapesNtB5_8Cylinder8equation
FNDA:0,_RNvMs0_NtNtCsloFpwRjRFhM_11iris_engine8geometry6shapesNtB5_6Sphere6normal
FNDA:0,_RNvMs0_NtNtCsloFpwRjRFhM_11iris_engine8geometry6shapesNtB5_6Sphere8equation
FNDA:0,_RNvMs0_NtNtCsloFpwRjRFhM_11iris_engine8geometry6shapesNtB5_6Sphere8gradient
FNDA:0,_RNvMs1_NtNtCsloFpwRjRFhM_11iris_engine8geometry6shapesNtB5_9Ellipsoid8gradient
FNDA:0,_RNvMs1_NtNtCsloFpwRjRFhM_11iris_engine8geometry6shapesNtB5_9Ellipsoid6normal
FNDA:0,_RNvMs2_NtNtCsloFpwRjRFhM_11iris_engine8geometry6shapesNtB5_8Cylinder8gradient
FNDA:0,_RNvMs2_NtNtCsloFpwRjRFhM_11iris_engine8geometry6shapesNtB5_8Cylinder6normal
FNDA:256,_RNvMNtNtCsloFpwRjRFhM_11iris_engine8geometry6shapesNtB2_8Triangle3new
FNDA:278,_RNvMNtNtCsloFpwRjRFhM_11iris_engine8geometry6shapesNtB2_8Triangle6normal
FNDA:148,_RNvMNtNtCsloFpwRjRFhM_11iris_engine8geometry6shapesNtB2_8Triangle18is_inside_triangle
FNDA:256,_RNvMs_NtNtCsloFpwRjRFhM_11iris_engine8geometry6shapesNtB4_6Cuboid3new
FNDA:216,_RNvMs_NtNtCsloFpwRjRFhM_11iris_engine8geometry6shapesNtB4_6Cuboid19is_point_on_surface
FNDA:437,_RNvMs_NtNtCsloFpwRjRFhM_11iris_engine8geometry6shapesNtB4_6Cuboid15is_point_inside
FNDA:256,_RNvMs0_NtNtCsloFpwRjRFhM_11iris_engine8geometry6shapesNtB5_6Sphere3new
FNDA:256,_RNvMs1_NtNtCsloFpwRjRFhM_11iris_engine8geometry6shapesNtB5_9Ellipsoid3new
FNDA:4,_RNvMs1_NtNtCsloFpwRjRFhM_11iris_engine8geometry6shapesNtB5_9Ellipsoid8equation
FNDA:256,_RNvMs2_NtNtCsloFpwRjRFhM_11iris_engine8geometry6shapesNtB5_8Cylinder3new
FNDA:3,_RNvMs2_NtNtCsloFpwRjRFhM_11iris_engine8geometry6shapesNtB5_8Cylinder8equation
FNF:18
FNH:11
DA:13,256
DA:14,256
DA:15,256
DA:17,278
DA:18,278
DA:19,278
DA:21,148
DA:22,148
DA:23,148
DA:24,148
DA:25,148
DA:26,148
DA:27,148
DA:28,148
DA:29,148
DA:30,148
DA:31,148
DA:32,148
DA:33,148
DA:34,148
DA:44,256
DA:45,256
DA:46,256
DA:48,216
DA:49,216
DA:50,162
DA:51,95
DA:52,62
DA:53,27
DA:54,12
DA:55,216
DA:57,437
DA:58,437
DA:59,193
DA:60,59
DA:61,437
DA:71,256
DA:72,256
DA:73,256
DA:76,0
DA:77,0
DA:78,0
DA:79,0
DA:81,0
DA:82,0
DA:83,0
DA:85,0
DA:86,0
DA:87,0
DA:97,256
DA:98,256
DA:99,256
DA:101,4
DA:102,4
DA:103,4
DA:105,0
DA:106,0
DA:107,0
DA:110,0
DA:111,0
DA:112,0
DA:113,0
DA:125,256
DA:126,256
DA:127,256
DA:128,256
DA:129,256
DA:130,256
DA:131,256
DA:133,3
DA:134,3
DA:135,3
DA:136,3
DA:137,3
DA:139,0
DA:140,0
DA:141,0
DA:142,0
DA:143,0
DA:144,0
DA:145,0
DA:146,0
DA:148,0
DA:150,0
DA:153,0
DA:154,0
DA:155,0
DA:156,0
BRF:0
BRH:0
LF:88
LH:57
end_of_record
SF:D:\rust\iris-engine\src\renderer\app.rs
FN:18,_RNvYpNtNtNtCsloFpwRjRFhM_11iris_engine8renderer3app3App17optional_featuresB9_
FN:23,_RNvYpNtNtNtCsloFpwRjRFhM_11iris_engine8renderer3app3App17required_featuresB9_
FN:28,_RNvYpNtNtNtCsloFpwRjRFhM_11iris_engine8renderer3app3App31required_downlevel_capabilitiesB9_
FN:36,_RNvYpNtNtNtCsloFpwRjRFhM_11iris_engine8renderer3app3App15required_limitsB9_
FN:69,_RNvMNtNtCsloFpwRjRFhM_11iris_engine8renderer3appNtB2_14SurfaceWrapper3new
FN:81,_RNvMNtNtCsloFpwRjRFhM_11iris_engine8renderer3appNtB2_14SurfaceWrapper6resume
FN:115,_RNvMNtNtCsloFpwRjRFhM_11iris_engine8renderer3appNtB2_14SurfaceWrapper6resize
FN:126,_RNvMNtNtCsloFpwRjRFhM_11iris_engine8renderer3appNtB2_14SurfaceWrapper7acquire
FN:153,_RNvMNtNtCsloFpwRjRFhM_11iris_engine8renderer3appNtB2_14SurfaceWrapper7suspend
FN:159,_RNvMNtNtCsloFpwRjRFhM_11iris_engine8renderer3appNtB2_14SurfaceWrapper3get
FN:163,_RNvMNtNtCsloFpwRjRFhM_11iris_engine8renderer3appNtB2_14SurfaceWrapper6config
FN:177,_RINvMs_NtNtCsloFpwRjRFhM_11iris_engine8renderer3appNtB5_10AppContext10init_asyncpEB9_
FN:177,_RNCINvMs_NtNtCsloFpwRjRFhM_11iris_engine8renderer3appNtB7_10AppContext10init_asyncpE0Bb_
FN:255,_RNvMs0_NtNtCsloFpwRjRFhM_11iris_engine8renderer3appNtB5_12FrameCounter3new
FN:262,_RNvMs0_NtNtCsloFpwRjRFhM_11iris_engine8renderer3appNtB5_12FrameCounter6update
FN:287,_RNvMs1_NtNtCsloFpwRjRFhM_11iris_engine8renderer3appINtB5_10AppHandlerpE3newB9_
FN:298,_RNvXININtNtCsloFpwRjRFhM_11iris_engine8renderer3apps2_0pEINtB5_10AppHandlerpENtNtCs5EV0p7NXmZB_5winit11application18ApplicationHandler7resumedB9_
FN:318,_RNvXININtNtCsloFpwRjRFhM_11iris_engine8renderer3apps2_0pEINtB5_10AppHandlerpENtNtCs5EV0p7NXmZB_5winit11application18ApplicationHandler9suspendedB9_
FN:322,_RNvXININtNtCsloFpwRjRFhM_11iris_engine8renderer3apps2_0pEINtB5_10AppHandlerpENtNtCs5EV0p7NXmZB_5winit11application18ApplicationHandler12window_eventB9_
FN:385,_RINvNtNtCsloFpwRjRFhM_11iris_engine8renderer3app5startpEB6_
FN:385,_RNCINvNtNtCsloFpwRjRFhM_11iris_engine8renderer3app5startpE0B8_
FN:395,_RINvNtNtCsloFpwRjRFhM_11iris_engine8renderer3app3runpEB6_
FNDA:0,_RNvYpNtNtNtCsloFpwRjRFhM_11iris_engine8renderer3app3App17optional_featuresB9_
FNDA:0,_RNvYpNtNtNtCsloFpwRjRFhM_11iris_engine8renderer3app3App17required_featuresB9_
FNDA:0,_RNvYpNtNtNtCsloFpwRjRFhM_11iris_engine8renderer3app3App31required_downlevel_capabilitiesB9_
FNDA:0,_RNvYpNtNtNtCsloFpwRjRFhM_11iris_engine8renderer3app3App15required_limitsB9_
FNDA:0,_RNvMNtNtCsloFpwRjRFhM_11iris_engine8renderer3appNtB2_14SurfaceWrapper3new
FNDA:0,_RNvMNtNtCsloFpwRjRFhM_11iris_engine8renderer3appNtB2_14SurfaceWrapper6resume
FNDA:0,_RNvMNtNtCsloFpwRjRFhM_11iris_engine8renderer3appNtB2_14SurfaceWrapper6resize
FNDA:0,_RNvMNtNtCsloFpwRjRFhM_11iris_engine8renderer3appNtB2_14SurfaceWrapper7acquire
FNDA:0,_RNvMNtNtCsloFpwRjRFhM_11iris_engine8renderer3appNtB2_14SurfaceWrapper7suspend
FNDA:0,_RNvMNtNtCsloFpwRjRFhM_11iris_engine8renderer3appNtB2_14SurfaceWrapper3get
FNDA:0,_RNvMNtNtCsloFpwRjRFhM_11iris_engine8renderer3appNtB2_14SurfaceWrapper6config
FNDA:0,_RINvMs_NtNtCsloFpwRjRFhM_11iris_engine8renderer3appNtB5_10AppContext10init_asyncpEB9_
FNDA:0,_RNCINvMs_NtNtCsloFpwRjRFhM_11iris_engine8renderer3appNtB7_10AppContext10init_asyncpE0Bb_
FNDA:0,_RNvMs0_NtNtCsloFpwRjRFhM_11iris_engine8renderer3appNtB5_12FrameCounter3new
FNDA:0,_RNvMs0_NtNtCsloFpwRjRFhM_11iris_engine8renderer3appNtB5_12FrameCounter6update
FNDA:0,_RNvMs1_NtNtCsloFpwRjRFhM_11iris_engine8renderer3appINtB5_10AppHandlerpE3newB9_
FNDA:0,_RNvXININtNtCsloFpwRjRFhM_11iris_engine8renderer3apps2_0pEINtB5_10AppHandlerpENtNtCs5EV0p7NXmZB_5winit11application18ApplicationHandler7resumedB9_
FNDA:0,_RNvXININtNtCsloFpwRjRFhM_11iris_engine8renderer3apps2_0pEINtB5_10AppHandlerpENtNtCs5EV0p7NXmZB_5winit11application18ApplicationHandler9suspendedB9_
FNDA:0,_RNvXININtNtCsloFpwRjRFhM_11iris_engine8renderer3apps2_0pEINtB5_10AppHandlerpENtNtCs5EV0p7NXmZB_5winit11application18ApplicationHandler12window_eventB9_
FNDA:0,_RINvNtNtCsloFpwRjRFhM_11iris_engine8renderer3app5startpEB6_
FNDA:0,_RNCINvNtNtCsloFpwRjRFhM_11iris_engine8renderer3app5startpE0B8_
FNDA:0,_RINvNtNtCsloFpwRjRFhM_11iris_engine8renderer3app3runpEB6_
FNF:22
FNH:0
DA:18,0
DA:19,0
DA:20,0
DA:23,0
DA:24,0
DA:25,0
DA:28,0
DA:29,0
DA:30,0
DA:31,0
DA:32,0
DA:33,0
DA:36,0
DA:37,0
DA:38,0
DA:69,0
DA:70,0
DA:71,0
DA:72,0
DA:73,0
DA:74,0
DA:81,0
DA:82,0
DA:83,0
DA:84,0
DA:85,0
DA:86,0
DA:87,0
DA:90,0
DA:91,0
DA:92,0
DA:93,0
DA:94,0
DA:95,0
DA:96,0
DA:97,0
DA:98,0
DA:99,0
DA:100,0
DA:101,0
DA:102,0
DA:103,0
DA:104,0
DA:105,0
DA:106,0
DA:107,0
DA:108,0
DA:110,0
DA:111,0
DA:112,0
DA:115,0
DA:116,0
DA:118,0
DA:119,0
DA:120,0
DA:121,0
DA:122,0
DA:123,0
DA:126,0
DA:127,0
DA:128,0
DA:129,0
DA:130,0
DA:132,0
DA:133,0
DA:134,0
DA:142,0
DA:143,0
DA:144,0
DA:145,0
DA:148,0
DA:153,0
DA:154,0
DA:155,0
DA:156,0
DA:157,0
DA:159,0
DA:160,0
DA:161,0
DA:163,0
DA:164,0
DA:165,0
DA:177,0
DA:178,0
DA:180,0
DA:181,0
DA:182,0
DA:183,0
DA:184,0
DA:185,0
DA:186,0
DA:187,0
DA:188,0
DA:189,0
DA:191,0
DA:192,0
DA:193,0
DA:194,0
DA:195,0
DA:196,0
DA:198,0
DA:199,0
DA:200,0
DA:201,0
DA:202,0
DA:203,0
DA:204,0
DA:207,0
DA:208,0
DA:209,0
DA:210,0
DA:211,0
DA:214,0
DA:215,0
DA:216,0
DA:217,0
DA:218,0
DA:219,0
DA:223,0
DA:224,0
DA:225,0
DA:226,0
DA:227,0
DA:228,0
DA:229,0
DA:230,0
DA:231,0
DA:232,0
DA:233,0
DA:234,0
DA:235,0
DA:236,0
DA:237,0
DA:238,0
DA:239,0
DA:240,0
DA:241,0
DA:242,0
DA:243,0
DA:244,0
DA:255,0
DA:256,0
DA:257,0
DA:258,0
DA:259,0
DA:260,0
DA:262,0
DA:263,0
DA:264,0
DA:265,0
DA:266,0
DA:267,0
DA:268,0
DA:269,0
DA:270,0
DA:272,0
DA:273,0
DA:274,0
DA:275,0
DA:287,0
DA:288,0
DA:289,0
DA:290,0
DA:291,0
DA:292,0
DA:293,0
DA:294,0
DA:295,0
DA:298,0
DA:299,0
DA:300,0
DA:301,0
DA:302,0
DA:303,0
DA:304,0
DA:305,0
DA:306,0
DA:307,0
DA:308,0
DA:309,0
DA:310,0
DA:311,0
DA:312,0
DA:313,0
DA:314,0
DA:315,0
DA:316,0
DA:318,0
DA:319,0
DA:320,0
DA:322,0
DA:323,0
DA:324,0
DA:325,0
DA:326,0
DA:327,0
DA:328,0
DA:329,0
DA:330,0
DA:331,0
DA:332,0
DA:333,0
DA:334,0
DA:335,0
DA:336,0
DA:337,0
DA:338,0
DA:339,0
DA:340,0
DA:341,0
DA:350,0
DA:351,0
DA:352,0
DA:359,0
DA:360,0
DA:361,0
DA:362,0
DA:363,0
DA:364,0
DA:365,0
DA:366,0
DA:367,0
DA:368,0
DA:369,0
DA:370,0
DA:371,0
DA:372,0
DA:373,0
DA:374,0
DA:375,0
DA:376,0
DA:377,0
DA:378,0
DA:380,0
DA:382,0
DA:385,0
DA:386,0
DA:387,0
DA:388,0
DA:389,0
DA:390,0
DA:391,0
DA:392,0
DA:393,0
DA:395,0
DA:396,0
DA:397,0
BRF:0
BRH:0
LF:249
LH:0
end_of_record
SF:D:\rust\iris-engine\src\renderer\color.rs
FN:31,_RNCNvXNtNtCsloFpwRjRFhM_11iris_engine8renderer5colorNtB4_5ColorNtNtNtCshIVOxSBrKu7_6encase4core6traits10ShaderType21UNIFORM_COMPAT_ASSERT0B8_
FN:35,_RINvXs_NtNtCsloFpwRjRFhM_11iris_engine8renderer5colorNtB5_5ColorNtNtNtCshIVOxSBrKu7_6encase4core6traits9WriteInto10write_intopEB9_
FN:43,_RINvXs0_NtNtCsloFpwRjRFhM_11iris_engine8renderer5colorNtB6_5ColorNtNtNtCshIVOxSBrKu7_6encase4core6traits8ReadFrom9read_frompEBa_
FN:63,_RINvXs2_NtNtCsloFpwRjRFhM_11iris_engine8renderer5colorNtB6_5ColorNtNtNtCshIVOxSBrKu7_6encase4core6traits10CreateFrom11create_frompEBa_
FN:79,_RNvMs3_NtNtCsloFpwRjRFhM_11iris_engine8renderer5colorNtB5_5Color3new
FN:87,_RNvXs4_NtNtCsloFpwRjRFhM_11iris_engine8renderer5colorNtB5_5ColorNtNtNtCsRCAB2vc60q_4core3ops5arith3Mul3mul
FN:96,_RNvXs5_NtNtCsloFpwRjRFhM_11iris_engine8renderer5colorNtB5_5ColorNtNtNtCsRCAB2vc60q_4core3ops5arith9MulAssign10mul_assign
FN:101,_RNvXs6_NtNtCsloFpwRjRFhM_11iris_engine8renderer5colorNtB5_5ColorNtNtNtCsRCAB2vc60q_4core3ops5arith9AddAssign10add_assign
FN:108,_RNvXs7_NtNtCsloFpwRjRFhM_11iris_engine8renderer5colorNtB5_5ColorNtNtNtCsRCAB2vc60q_4core3ops5arith3Add3add
FN:120,_RNvXs8_NtNtCsloFpwRjRFhM_11iris_engine8renderer5colorNtB5_5ColorINtNtNtCsRCAB2vc60q_4core3ops5arith3MulfE3mul
FN:131,_RNvXs9_NtNtCsloFpwRjRFhM_11iris_engine8renderer5colorfINtNtNtCsRCAB2vc60q_4core3ops5arith3MulNtB5_5ColorE3mul
FNDA:0,_RNCNvXNtNtCsloFpwRjRFhM_11iris_engine8renderer5colorNtB4_5ColorNtNtNtCshIVOxSBrKu7_6encase4core6traits10ShaderType21UNIFORM_COMPAT_ASSERT0B8_
FNDA:0,_RINvXs_NtNtCsloFpwRjRFhM_11iris_engine8renderer5colorNtB5_5ColorNtNtNtCshIVOxSBrKu7_6encase4core6traits9WriteInto10write_intopEB9_
FNDA:0,_RINvXs0_NtNtCsloFpwRjRFhM_11iris_engine8renderer5colorNtB6_5ColorNtNtNtCshIVOxSBrKu7_6encase4core6traits8ReadFrom9read_frompEBa_
FNDA:0,_RINvXs2_NtNtCsloFpwRjRFhM_11iris_engine8renderer5colorNtB6_5ColorNtNtNtCshIVOxSBrKu7_6encase4core6traits10CreateFrom11create_frompEBa_
FNDA:0,_RNvMs3_NtNtCsloFpwRjRFhM_11iris_engine8renderer5colorNtB5_5Color3new
FNDA:0,_RNvXs4_NtNtCsloFpwRjRFhM_11iris_engine8renderer5colorNtB5_5ColorNtNtNtCsRCAB2vc60q_4core3ops5arith3Mul3mul
FNDA:0,_RNvXs5_NtNtCsloFpwRjRFhM_11iris_engine8renderer5colorNtB5_5ColorNtNtNtCsRCAB2vc60q_4core3ops5arith9MulAssign10mul_assign
FNDA:0,_RNvXs6_NtNtCsloFpwRjRFhM_11iris_engine8renderer5colorNtB5_5ColorNtNtNtCsRCAB2vc60q_4core3ops5arith9AddAssign10add_assign
FNDA:0,_RNvXs7_NtNtCsloFpwRjRFhM_11iris_engine8renderer5colorNtB5_5ColorNtNtNtCsRCAB2vc60q_4core3ops5arith3Add3add
FNDA:0,_RNvXs8_NtNtCsloFpwRjRFhM_11iris_engine8renderer5colorNtB5_5ColorINtNtNtCsRCAB2vc60q_4core3ops5arith3MulfE3mul
FNDA:0,_RNvXs9_NtNtCsloFpwRjRFhM_11iris_engine8renderer5colorfINtNtNtCsRCAB2vc60q_4core3ops5arith3MulNtB5_5ColorE3mul
FNF:11
FNH:0
DA:31,0
DA:35,0
DA:36,0
DA:37,0
DA:38,0
DA:39,0
DA:43,0
DA:44,0
DA:45,0
DA:46,0
DA:47,0
DA:48,0
DA:49,0
DA:50,0
DA:52,0
DA:53,0
DA:54,0
DA:55,0
DA:56,0
DA:57,0
DA:63,0
DA:64,0
DA:65,0
DA:66,0
DA:67,0
DA:68,0
DA:69,0
DA:70,0
DA:71,0
DA:72,0
DA:73,0
DA:79,0
DA:80,0
DA:81,0
DA:87,0
DA:88,0
DA:89,0
DA:90,0
DA:91,0
DA:92,0
DA:93,0
DA:96,0
DA:97,0
DA:98,0
DA:101,0
DA:102,0
DA:103,0
DA:108,0
DA:109,0
DA:110,0
DA:111,0
DA:112,0
DA:113,0
DA:114,0
DA:120,0
DA:121,0
DA:122,0
DA:123,0
DA:124,0
DA:125,0
DA:126,0
DA:131,0
DA:132,0
DA:133,0
BRF:0
BRH:0
LF:64
LH:0
end_of_record
SF:D:\rust\iris-engine\src\renderer\light.rs
FN:8,_RNvNCNvNtNtCsloFpwRjRFhM_11iris_engine8renderer5light1__05check
FN:8,_RINvNvNCNvNtNtCsloFpwRjRFhM_11iris_engine8renderer5light1__05check11assert_implpEBc_
FN:9,_RNvNCNvNtNtCsloFpwRjRFhM_11iris_engine8renderer5lights_1__05check
FN:9,_RINvNvNCNvNtNtCsloFpwRjRFhM_11iris_engine8renderer5lights_1__05check11assert_implpEBc_
FN:6,_RNCNvXs4_NtNtCsloFpwRjRFhM_11iris_engine8renderer5lightNtB7_16DirectionalLightNtNtNtCshIVOxSBrKu7_6encase4core6traits10ShaderType21UNIFORM_COMPAT_ASSERT0Bb_
FN:6,_RNvXs4_NtNtCsloFpwRjRFhM_11iris_engine8renderer5lightNtB5_16DirectionalLightNtNtNtCshIVOxSBrKu7_6encase4core6traits10ShaderType4size
FN:6,_RINvXs5_NtNtCsloFpwRjRFhM_11iris_engine8renderer5lightNtB6_16DirectionalLightNtNtNtCshIVOxSBrKu7_6encase4core6traits9WriteInto10write_intopEBa_
FN:6,_RINvXs6_NtNtCsloFpwRjRFhM_11iris_engine8renderer5lightNtB6_16DirectionalLightNtNtNtCshIVOxSBrKu7_6encase4core6traits8ReadFrom9read_frompEBa_
FN:6,_RINvXs7_NtNtCsloFpwRjRFhM_11iris_engine8renderer5lightNtB6_16DirectionalLightNtNtNtCshIVOxSBrKu7_6encase4core6traits10CreateFrom11create_frompEBa_
FN:14,_RNvMNtNtCsloFpwRjRFhM_11iris_engine8renderer5lightNtB2_16DirectionalLight3new
FN:21,_RNvNCNvNtNtCsloFpwRjRFhM_11iris_engine8renderer5lights0_1__05check
FN:21,_RINvNvNCNvNtNtCsloFpwRjRFhM_11iris_engine8renderer5lights0_1__05check11assert_implpEBc_
FN:22,_RNvNCNvNtNtCsloFpwRjRFhM_11iris_engine8renderer5lights1_1__05check
FN:22,_RINvNvNCNvNtNtCsloFpwRjRFhM_11iris_engine8renderer5lights1_1__05check11assert_implpEBc_
FN:23,_RNvNCNvNtNtCsloFpwRjRFhM_11iris_engine8renderer5lights2_1__05check
FN:23,_RINvNvNCNvNtNtCsloFpwRjRFhM_11iris_engine8renderer5lights2_1__05check11assert_implpEBc_
FN:24,_RNvNCNvNtNtCsloFpwRjRFhM_11iris_engine8renderer5lights3_1__05check
FN:24,_RINvNvNCNvNtNtCsloFpwRjRFhM_11iris_engine8renderer5lights3_1__05check11assert_implpEBc_
FN:19,_RNCNvXsc_NtNtCsloFpwRjRFhM_11iris_engine8renderer5lightNtB7_10PointLightNtNtNtCshIVOxSBrKu7_6encase4core6traits10ShaderType21UNIFORM_COMPAT_ASSERT0Bb_
FN:19,_RNvXsc_NtNtCsloFpwRjRFhM_11iris_engine8renderer5lightNtB5_10PointLightNtNtNtCshIVOxSBrKu7_6encase4core6traits10ShaderType4size
FN:19,_RINvXsd_NtNtCsloFpwRjRFhM_11iris_engine8renderer5lightNtB6_10PointLightNtNtNtCshIVOxSBrKu7_6encase4core6traits9WriteInto10write_intopEBa_
FN:19,_RINvXse_NtNtCsloFpwRjRFhM_11iris_engine8renderer5lightNtB6_10PointLightNtNtNtCshIVOxSBrKu7_6encase4core6traits8ReadFrom9read_frompEBa_
FN:19,_RINvXsf_NtNtCsloFpwRjRFhM_11iris_engine8renderer5lightNtB6_10PointLightNtNtNtCshIVOxSBrKu7_6encase4core6traits10CreateFrom11create_frompEBa_
FN:29,_RNvMs_NtNtCsloFpwRjRFhM_11iris_engine8renderer5lightNtB4_10PointLight3new
FN:41,_RNvNCNvNtNtCsloFpwRjRFhM_11iris_engine8renderer5lights4_1__05check
FN:41,_RINvNvNCNvNtNtCsloFpwRjRFhM_11iris_engine8renderer5lights4_1__05check11assert_implpEBc_
FN:42,_RNvNCNvNtNtCsloFpwRjRFhM_11iris_engine8renderer5lights5_1__05check
FN:42,_RINvNvNCNvNtNtCsloFpwRjRFhM_11iris_engine8renderer5lights5_1__05check11assert_implpEBc_
FN:43,_RNvNCNvNtNtCsloFpwRjRFhM_11iris_engine8renderer5lights6_1__05check
FN:43,_RINvNvNCNvNtNtCsloFpwRjRFhM_11iris_engine8renderer5lights6_1__05check11assert_implpEBc_
FN:44,_RNvNCNvNtNtCsloFpwRjRFhM_11iris_engine8renderer5lights7_1__05check
FN:44,_RINvNvNCNvNtNtCsloFpwRjRFhM_11iris_engine8renderer5lights7_1__05check11assert_implpEBc_
FN:45,_RNvNCNvNtNtCsloFpwRjRFhM_11iris_engine8renderer5lights8_1__05check
FN:45,_RINvNvNCNvNtNtCsloFpwRjRFhM_11iris_engine8renderer5lights8_1__05check11assert_implpEBc_
FN:46,_RNvNCNvNtNtCsloFpwRjRFhM_11iris_engine8renderer5lights9_1__05check
FN:46,_RINvNvNCNvNtNtCsloFpwRjRFhM_11iris_engine8renderer5lights9_1__05check11assert_implpEBc_
FN:39,_RNCNvXsk_NtNtCsloFpwRjRFhM_11iris_engine8renderer5lightNtB7_9SpotLightNtNtNtCshIVOxSBrKu7_6encase4core6traits10ShaderType21UNIFORM_COMPAT_ASSERT0Bb_
FN:39,_RNvXsk_NtNtCsloFpwRjRFhM_11iris_engine8renderer5lightNtB5_9SpotLightNtNtNtCshIVOxSBrKu7_6encase4core6traits10ShaderType4size
FN:39,_RINvXsl_NtNtCsloFpwRjRFhM_11iris_engine8renderer5lightNtB6_9SpotLightNtNtNtCshIVOxSBrKu7_6encase4core6traits9WriteInto10write_intopEBa_
FN:39,_RINvXsm_NtNtCsloFpwRjRFhM_11iris_engine8renderer5lightNtB6_9SpotLightNtNtNtCshIVOxSBrKu7_6encase4core6traits8ReadFrom9read_frompEBa_
FN:39,_RINvXsn_NtNtCsloFpwRjRFhM_11iris_engine8renderer5lightNtB6_9SpotLightNtNtNtCshIVOxSBrKu7_6encase4core6traits10CreateFrom11create_frompEBa_
FN:51,_RNvMs0_NtNtCsloFpwRjRFhM_11iris_engine8renderer5lightNtB5_9SpotLight3new
FN:70,_RNvMs0_NtNtCsloFpwRjRFhM_11iris_engine8renderer5lightNtB5_9SpotLight22project_texture_matrix
FN:8,_RNCNvNtNtCsloFpwRjRFhM_11iris_engine8renderer5light1__0B7_
FN:9,_RNCNvNtNtCsloFpwRjRFhM_11iris_engine8renderer5lights_1__0B7_
FN:21,_RNCNvNtNtCsloFpwRjRFhM_11iris_engine8renderer5lights0_1__0B7_
FN:22,_RNCNvNtNtCsloFpwRjRFhM_11iris_engine8renderer5lights1_1__0B7_
FN:23,_RNCNvNtNtCsloFpwRjRFhM_11iris_engine8renderer5lights2_1__0B7_
FN:24,_RNCNvNtNtCsloFpwRjRFhM_11iris_engine8renderer5lights3_1__0B7_
FN:41,_RNCNvNtNtCsloFpwRjRFhM_11iris_engine8renderer5lights4_1__0B7_
FN:42,_RNCNvNtNtCsloFpwRjRFhM_11iris_engine8renderer5lights5_1__0B7_
FN:43,_RNCNvNtNtCsloFpwRjRFhM_11iris_engine8renderer5lights6_1__0B7_
FN:44,_RNCNvNtNtCsloFpwRjRFhM_11iris_engine8renderer5lights7_1__0B7_
FN:45,_RNCNvNtNtCsloFpwRjRFhM_11iris_engine8renderer5lights8_1__0B7_
FN:46,_RNCNvNtNtCsloFpwRjRFhM_11iris_engine8renderer5lights9_1__0B7_
FNDA:0,_RNvNCNvNtNtCsloFpwRjRFhM_11iris_engine8renderer5light1__05check
FNDA:0,_RINvNvNCNvNtNtCsloFpwRjRFhM_11iris_engine8renderer5light1__05check11assert_implpEBc_
FNDA:0,_RNvNCNvNtNtCsloFpwRjRFhM_11iris_engine8renderer5lights_1__05check
FNDA:0,_RINvNvNCNvNtNtCsloFpwRjRFhM_11iris_engine8renderer5lights_1__05check11assert_implpEBc_
FNDA:0,_RNCNvXs4_NtNtCsloFpwRjRFhM_11iris_engine8renderer5lightNtB7_16DirectionalLightNtNtNtCshIVOxSBrKu7_6encase4core6traits10ShaderType21UNIFORM_COMPAT_ASSERT0Bb_
FNDA:0,_RNvXs4_NtNtCsloFpwRjRFhM_11iris_engine8renderer5lightNtB5_16DirectionalLightNtNtNtCshIVOxSBrKu7_6encase4core6traits10ShaderType4size
FNDA:0,_RINvXs5_NtNtCsloFpwRjRFhM_11iris_engine8renderer5lightNtB6_16DirectionalLightNtNtNtCshIVOxSBrKu7_6encase4core6traits9WriteInto10write_intopEBa_
FNDA:0,_RINvXs6_NtNtCsloFpwRjRFhM_11iris_engine8renderer5lightNtB6_16DirectionalLightNtNtNtCshIVOxSBrKu7_6encase4core6traits8ReadFrom9read_frompEBa_
FNDA:0,_RINvXs7_NtNtCsloFpwRjRFhM_11iris_engine8renderer5lightNtB6_16DirectionalLightNtNtNtCshIVOxSBrKu7_6encase4core6traits10CreateFrom11create_frompEBa_
FNDA:0,_RNvMNtNtCsloFpwRjRFhM_11iris_engine8renderer5lightNtB2_16DirectionalLight3new
FNDA:0,_RNvNCNvNtNtCsloFpwRjRFhM_11iris_engine8renderer5lights0_1__05check
FNDA:0,_RINvNvNCNvNtNtCsloFpwRjRFhM_11iris_engine8renderer5lights0_1__05check11assert_implpEBc_
FNDA:0,_RNvNCNvNtNtCsloFpwRjRFhM_11iris_engine8renderer5lights1_1__05check
FNDA:0,_RINvNvNCNvNtNtCsloFpwRjRFhM_11iris_engine8renderer5lights1_1__05check11assert_implpEBc_
FNDA:0,_RNvNCNvNtNtCsloFpwRjRFhM_11iris_engine8renderer5lights2_1__05check
FNDA:0,_RINvNvNCNvNtNtCsloFpwRjRFhM_11iris_engine8renderer5lights2_1__05check11assert_implpEBc_
FNDA:0,_RNvNCNvNtNtCsloFpwRjRFhM_11iris_engine8renderer5lights3_1__05check
FNDA:0,_RINvNvNCNvNtNtCsloFpwRjRFhM_11iris_engine8renderer5lights3_1__05check11assert_implpEBc_
FNDA:0,_RNCNvXsc_NtNtCsloFpwRjRFhM_11iris_engine8renderer5lightNtB7_10PointLightNtNtNtCshIVOxSBrKu7_6encase4core6traits10ShaderType21UNIFORM_COMPAT_ASSERT0Bb_
FNDA:0,_RNvXsc_NtNtCsloFpwRjRFhM_11iris_engine8renderer5lightNtB5_10PointLightNtNtNtCshIVOxSBrKu7_6encase4core6traits10ShaderType4size
FNDA:0,_RINvXsd_NtNtCsloFpwRjRFhM_11iris_engine8renderer5lightNtB6_10PointLightNtNtNtCshIVOxSBrKu7_6encase4core6traits9WriteInto10write_intopEBa_
FNDA:0,_RINvXse_NtNtCsloFpwRjRFhM_11iris_engine8renderer5lightNtB6_10PointLightNtNtNtCshIVOxSBrKu7_6encase4core6traits8ReadFrom9read_frompEBa_
FNDA:0,_RINvXsf_NtNtCsloFpwRjRFhM_11iris_engine8renderer5lightNtB6_10PointLightNtNtNtCshIVOxSBrKu7_6encase4core6traits10CreateFrom11create_frompEBa_
FNDA:0,_RNvMs_NtNtCsloFpwRjRFhM_11iris_engine8renderer5lightNtB4_10PointLight3new
FNDA:0,_RNvNCNvNtNtCsloFpwRjRFhM_11iris_engine8renderer5lights4_1__05check
FNDA:0,_RINvNvNCNvNtNtCsloFpwRjRFhM_11iris_engine8renderer5lights4_1__05check11assert_implpEBc_
FNDA:0,_RNvNCNvNtNtCsloFpwRjRFhM_11iris_engine8renderer5lights5_1__05check
FNDA:0,_RINvNvNCNvNtNtCsloFpwRjRFhM_11iris_engine8renderer5lights5_1__05check11assert_implpEBc_
FNDA:0,_RNvNCNvNtNtCsloFpwRjRFhM_11iris_engine8renderer5lights6_1__05check
FNDA:0,_RINvNvNCNvNtNtCsloFpwRjRFhM_11iris_engine8renderer5lights6_1__05check11assert_implpEBc_
FNDA:0,_RNvNCNvNtNtCsloFpwRjRFhM_11iris_engine8renderer5lights7_1__05check
FNDA:0,_RINvNvNCNvNtNtCsloFpwRjRFhM_11iris_engine8renderer5lights7_1__05check11assert_implpEBc_
FNDA:0,_RNvNCNvNtNtCsloFpwRjRFhM_11iris_engine8renderer5lights8_1__05check
FNDA:0,_RINvNvNCNvNtNtCsloFpwRjRFhM_11iris_engine8renderer5lights8_1__05check11assert_implpEBc_
FNDA:0,_RNvNCNvNtNtCsloFpwRjRFhM_11iris_engine8renderer5lights9_1__05check
FNDA:0,_RINvNvNCNvNtNtCsloFpwRjRFhM_11iris_engine8renderer5lights9_1__05check11assert_implpEBc_
FNDA:0,_RNCNvXsk_NtNtCsloFpwRjRFhM_11iris_engine8renderer5lightNtB7_9SpotLightNtNtNtCshIVOxSBrKu7_6encase4core6traits10ShaderType21UNIFORM_COMPAT_ASSERT0Bb_
FNDA:0,_RNvXsk_NtNtCsloFpwRjRFhM_11iris_engine8renderer5lightNtB5_9SpotLightNtNtNtCshIVOxSBrKu7_6encase4core6traits10ShaderType4size
FNDA:0,_RINvXsl_NtNtCsloFpwRjRFhM_11iris_engine8renderer5lightNtB6_9SpotLightNtNtNtCshIVOxSBrKu7_6encase4core6traits9WriteInto10write_intopEBa_
FNDA:0,_RINvXsm_NtNtCsloFpwRjRFhM_11iris_engine8renderer5lightNtB6_9SpotLightNtNtNtCshIVOxSBrKu7_6encase4core6traits8ReadFrom9read_frompEBa_
FNDA:0,_RINvXsn_NtNtCsloFpwRjRFhM_11iris_engine8renderer5lightNtB6_9SpotLightNtNtNtCshIVOxSBrKu7_6encase4core6traits10CreateFrom11create_frompEBa_
FNDA:0,_RNvMs0_NtNtCsloFpwRjRFhM_11iris_engine8renderer5lightNtB5_9SpotLight3new
FNDA:0,_RNvMs0_NtNtCsloFpwRjRFhM_11iris_engine8renderer5lightNtB5_9SpotLight22project_texture_matrix
FNDA:0,_RNCNvNtNtCsloFpwRjRFhM_11iris_engine8renderer5light1__0B7_
FNDA:0,_RNCNvNtNtCsloFpwRjRFhM_11iris_engine8renderer5lights_1__0B7_
FNDA:0,_RNCNvNtNtCsloFpwRjRFhM_11iris_engine8renderer5lights0_1__0B7_
FNDA:0,_RNCNvNtNtCsloFpwRjRFhM_11iris_engine8renderer5lights1_1__0B7_
FNDA:0,_RNCNvNtNtCsloFpwRjRFhM_11iris_engine8renderer5lights2_1__0B7_
FNDA:0,_RNCNvNtNtCsloFpwRjRFhM_11iris_engine8renderer5lights3_1__0B7_
FNDA:0,_RNCNvNtNtCsloFpwRjRFhM_11iris_engine8renderer5lights4_1__0B7_
FNDA:0,_RNCNvNtNtCsloFpwRjRFhM_11iris_engine8renderer5lights5_1__0B7_
FNDA:0,_RNCNvNtNtCsloFpwRjRFhM_11iris_engine8renderer5lights6_1__0B7_
FNDA:0,_RNCNvNtNtCsloFpwRjRFhM_11iris_engine8renderer5lights7_1__0B7_
FNDA:0,_RNCNvNtNtCsloFpwRjRFhM_11iris_engine8renderer5lights8_1__0B7_
FNDA:0,_RNCNvNtNtCsloFpwRjRFhM_11iris_engine8renderer5lights9_1__0B7_
FNF:19
FNH:0
DA:6,0
DA:8,0
DA:9,0
DA:14,0
DA:15,0
DA:16,0
DA:19,0
DA:21,0
DA:22,0
DA:23,0
DA:24,0
DA:29,0
DA:30,0
DA:31,0
DA:32,0
DA:33,0
DA:34,0
DA:35,0
DA:36,0
DA:39,0
DA:41,0
DA:42,0
DA:43,0
DA:44,0
DA:45,0
DA:46,0
DA:51,0
DA:52,0
DA:53,0
DA:54,0
DA:55,0
DA:56,0
DA:57,0
DA:58,0
DA:59,0
DA:60,0
DA:61,0
DA:62,0
DA:63,0
DA:64,0
DA:65,0
DA:66,0
DA:67,0
DA:70,0
DA:71,0
DA:72,0
DA:73,0
DA:74,0
DA:75,0
DA:76,0
DA:77,0
DA:78,0
DA:79,0
DA:80,0
DA:81,0
DA:82,0
DA:83,0
DA:84,0
DA:85,0
DA:86,0
DA:87,0
DA:88,0
DA:89,0
DA:90,0
DA:91,0
DA:92,0
DA:93,0
DA:94,0
DA:95,0
DA:96,0
DA:97,0
BRF:0
BRH:0
LF:71
LH:0
end_of_record
SF:D:\rust\iris-engine\src\renderer\mesh.rs
FN:9,_RNCNvNtNtCsloFpwRjRFhM_11iris_engine8renderer4mesh1__0B7_
FN:10,_RNCNvNtNtCsloFpwRjRFhM_11iris_engine8renderer4meshs_1__0B7_
FN:11,_RNCNvNtNtCsloFpwRjRFhM_11iris_engine8renderer4meshs0_1__0B7_
FN:9,_RNvNCNvNtNtCsloFpwRjRFhM_11iris_engine8renderer4mesh1__05check
FN:9,_RINvNvNCNvNtNtCsloFpwRjRFhM_11iris_engine8renderer4mesh1__05check11assert_implpEBc_
FN:10,_RNvNCNvNtNtCsloFpwRjRFhM_11iris_engine8renderer4meshs_1__05check
FN:10,_RINvNvNCNvNtNtCsloFpwRjRFhM_11iris_engine8renderer4meshs_1__05check11assert_implpEBc_
FN:11,_RNvNCNvNtNtCsloFpwRjRFhM_11iris_engine8renderer4meshs0_1__05check
FN:11,_RINvNvNCNvNtNtCsloFpwRjRFhM_11iris_engine8renderer4meshs0_1__05check11assert_implpEBc_
FN:7,_RNCNvXs3_NtNtCsloFpwRjRFhM_11iris_engine8renderer4meshNtB7_6VertexNtNtNtCshIVOxSBrKu7_6encase4core6traits10ShaderType21UNIFORM_COMPAT_ASSERT0Bb_
FN:7,_RNvXs3_NtNtCsloFpwRjRFhM_11iris_engine8renderer4meshNtB5_6VertexNtNtNtCshIVOxSBrKu7_6encase4core6traits10ShaderType4size
FN:7,_RINvXs4_NtNtCsloFpwRjRFhM_11iris_engine8renderer4meshNtB6_6VertexNtNtNtCshIVOxSBrKu7_6encase4core6traits9WriteInto10write_intopEBa_
FN:7,_RINvXs5_NtNtCsloFpwRjRFhM_11iris_engine8renderer4meshNtB6_6VertexNtNtNtCshIVOxSBrKu7_6encase4core6traits8ReadFrom9read_frompEBa_
FN:7,_RINvXs6_NtNtCsloFpwRjRFhM_11iris_engine8renderer4meshNtB6_6VertexNtNtNtCshIVOxSBrKu7_6encase4core6traits10CreateFrom11create_frompEBa_
FN:16,_RNvMNtNtCsloFpwRjRFhM_11iris_engine8renderer4meshNtB2_6Vertex3new
FN:40,_RNvMs_NtNtCsloFpwRjRFhM_11iris_engine8renderer4meshNtB4_4Mesh19recalculate_normals
FN:45,_RNCNvMs_NtNtCsloFpwRjRFhM_11iris_engine8renderer4meshNtB6_4Mesh19recalculate_normals0Ba_
FN:46,_RNCNvMs_NtNtCsloFpwRjRFhM_11iris_engine8renderer4meshNtB6_4Mesh19recalculate_normalss_0Ba_
FN:58,_RNvMs_NtNtCsloFpwRjRFhM_11iris_engine8renderer4meshNtB4_4Mesh8vertices
FN:68,_RNCNvMs_NtNtCsloFpwRjRFhM_11iris_engine8renderer4meshNtB6_4Mesh8vertices0Ba_
FN:72,_RNvMs_NtNtCsloFpwRjRFhM_11iris_engine8renderer4meshNtB4_4Mesh7indices
FN:75,_RNCNvMs_NtNtCsloFpwRjRFhM_11iris_engine8renderer4meshNtB6_4Mesh7indices0Ba_
FNDA:0,_RNCNvNtNtCsloFpwRjRFhM_11iris_engine8renderer4mesh1__0B7_
FNDA:0,_RNCNvNtNtCsloFpwRjRFhM_11iris_engine8renderer4meshs_1__0B7_
FNDA:0,_RNCNvNtNtCsloFpwRjRFhM_11iris_engine8renderer4meshs0_1__0B7_
FNDA:0,_RNvNCNvNtNtCsloFpwRjRFhM_11iris_engine8renderer4mesh1__05check
FNDA:0,_RINvNvNCNvNtNtCsloFpwRjRFhM_11iris_engine8renderer4mesh1__05check11assert_implpEBc_
FNDA:0,_RNvNCNvNtNtCsloFpwRjRFhM_11iris_engine8renderer4meshs_1__05check
FNDA:0,_RINvNvNCNvNtNtCsloFpwRjRFhM_11iris_engine8renderer4meshs_1__05check11assert_implpEBc_
FNDA:0,_RNvNCNvNtNtCsloFpwRjRFhM_11iris_engine8renderer4meshs0_1__05check
FNDA:0,_RINvNvNCNvNtNtCsloFpwRjRFhM_11iris_engine8renderer4meshs0_1__05check11assert_implpEBc_
FNDA:0,_RNCNvXs3_NtNtCsloFpwRjRFhM_11iris_engine8renderer4meshNtB7_6VertexNtNtNtCshIVOxSBrKu7_6encase4core6traits10ShaderType21UNIFORM_COMPAT_ASSERT0Bb_
FNDA:0,_RNvXs3_NtNtCsloFpwRjRFhM_11iris_engine8renderer4meshNtB5_6VertexNtNtNtCshIVOxSBrKu7_6encase4core6traits10ShaderType4size
FNDA:0,_RINvXs4_NtNtCsloFpwRjRFhM_11iris_engine8renderer4meshNtB6_6VertexNtNtNtCshIVOxSBrKu7_6encase4core6traits9WriteInto10write_intopEBa_
FNDA:0,_RINvXs5_NtNtCsloFpwRjRFhM_11iris_engine8renderer4meshNtB6_6VertexNtNtNtCshIVOxSBrKu7_6encase4core6traits8ReadFrom9read_frompEBa_
FNDA:0,_RINvXs6_NtNtCsloFpwRjRFhM_11iris_engine8renderer4meshNtB6_6VertexNtNtNtCshIVOxSBrKu7_6encase4core6traits10CreateFrom11create_frompEBa_
FNDA:0,_RNvMNtNtCsloFpwRjRFhM_11iris_engine8renderer4meshNtB2_6Vertex3new
FNDA:0,_RNvMs_NtNtCsloFpwRjRFhM_11iris_engine8renderer4meshNtB4_4Mesh19recalculate_normals
FNDA:0,_RNCNvMs_NtNtCsloFpwRjRFhM_11iris_engine8renderer4meshNtB6_4Mesh19recalculate_normals0Ba_
FNDA:0,_RNCNvMs_NtNtCsloFpwRjRFhM_11iris_engine8renderer4meshNtB6_4Mesh19recalculate_normalss_0Ba_
FNDA:0,_RNvMs_NtNtCsloFpwRjRFhM_11iris_engine8renderer4meshNtB4_4Mesh8vertices
FNDA:0,_RNCNvMs_NtNtCsloFpwRjRFhM_11iris_engine8renderer4meshNtB6_4Mesh8vertices0Ba_
FNDA:0,_RNvMs_NtNtCsloFpwRjRFhM_11iris_engine8renderer4meshNtB4_4Mesh7indices
FNDA:0,_RNCNvMs_NtNtCsloFpwRjRFhM_11iris_engine8renderer4meshNtB6_4Mesh7indices0Ba_
FNF:12
FNH:0
DA:7,0
DA:9,0
DA:10,0
DA:11,0
DA:16,0
DA:17,0
DA:18,0
DA:19,0
DA:20,0
DA:21,0
DA:22,0
DA:40,0
DA:41,0
DA:42,0
DA:43,0
DA:44,0
DA:45,0
DA:46,0
DA:47,0
DA:48,0
DA:49,0
DA:50,0
DA:51,0
DA:52,0
DA:53,0
DA:54,0
DA:55,0
DA:56,0
DA:58,0
DA:59,0
DA:60,0
DA:61,0
DA:62,0
DA:64,0
DA:65,0
DA:66,0
DA:67,0
DA:68,0
DA:69,0
DA:70,0
DA:72,0
DA:73,0
DA:74,0
DA:75,0
DA:76,0
DA:77,0
BRF:0
BRH:0
LF:51
LH:0
end_of_record