SF:D:\rust\iris-engine\src\geometry\frustum.rs
FN:329,_RNvNtNtNtCs3MaxXkBTHIX_11iris_engine8geometry7frustum5tests24projection_type_strategy
FN:379,_RNvNtNtNtCs3MaxXkBTHIX_11iris_engine8geometry7frustum5tests26__test_orthographic_frustum
FN:410,_RNvNtNtNtCs3MaxXkBTHIX_11iris_engine8geometry7frustum5tests25__test_perspective_frustum
FN:440,_RNvNtNtNtCs3MaxXkBTHIX_11iris_engine8geometry7frustum5tests34__test_perspective_infinite_frustum
FN:468,_RNvNtNtNtCs3MaxXkBTHIX_11iris_engine8geometry7frustum5tests42__test_perspective_infinite_reverse_frustum
FN:503,_RNvNtNtNtCs3MaxXkBTHIX_11iris_engine8geometry7frustum5testss_24test_near_plane_clipping
FN:18,_RNvMNtNtCs3MaxXkBTHIX_11iris_engine8geometry7frustumNtB2_7Frustum3new
FN:37,_RNvMNtNtCs3MaxXkBTHIX_11iris_engine8geometry7frustumNtB2_7Frustum14from_matrix_gl
FN:62,_RNvMNtNtCs3MaxXkBTHIX_11iris_engine8geometry7frustumNtB2_7Frustum11from_matrix
FN:98,_RNvMs_NtNtCs3MaxXkBTHIX_11iris_engine8geometry7frustumNtB4_18PerspectiveFrustum3new
FN:108,_RNvMs_NtNtCs3MaxXkBTHIX_11iris_engine8geometry7frustumNtB4_18PerspectiveFrustum9matrix_lh
FN:112,_RNvMs_NtNtCs3MaxXkBTHIX_11iris_engine8geometry7frustumNtB4_18PerspectiveFrustum9matrix_rh
FN:116,_RNvMs_NtNtCs3MaxXkBTHIX_11iris_engine8geometry7frustumNtB4_18PerspectiveFrustum9matrix_gl
FN:120,_RNvMs_NtNtCs3MaxXkBTHIX_11iris_engine8geometry7frustumNtB4_18PerspectiveFrustum18matrix_infinite_lh
FN:124,_RNvMs_NtNtCs3MaxXkBTHIX_11iris_engine8geometry7frustumNtB4_18PerspectiveFrustum18matrix_infinite_rh
FN:128,_RNvMs_NtNtCs3MaxXkBTHIX_11iris_engine8geometry7frustumNtB4_18PerspectiveFrustum18matrix_infinite_gl
FN:138,_RNvMs_NtNtCs3MaxXkBTHIX_11iris_engine8geometry7frustumNtB4_18PerspectiveFrustum26matrix_infinite_reverse_lh
FN:142,_RNvMs_NtNtCs3MaxXkBTHIX_11iris_engine8geometry7frustumNtB4_18PerspectiveFrustum26matrix_infinite_reverse_rh
FN:146,_RNvMs_NtNtCs3MaxXkBTHIX_11iris_engine8geometry7frustumNtB4_18PerspectiveFrustum26matrix_infinite_reverse_gl
FN:156,_RNvMs_NtNtCs3MaxXkBTHIX_11iris_engine8geometry7frustumNtB4_18PerspectiveFrustum14focal_distance
FN:161,_RNvMs_NtNtCs3MaxXkBTHIX_11iris_engine8geometry7frustumNtB4_18PerspectiveFrustum7frustum
FN:197,_RNvNtNtCs3MaxXkBTHIX_11iris_engine8geometry7frustum22clip_projection_matrix
FN:233,_RNvMs0_NtNtCs3MaxXkBTHIX_11iris_engine8geometry7frustumNtB5_19OrthographicFrustum3new
FN:243,_RNvMs0_NtNtCs3MaxXkBTHIX_11iris_engine8geometry7frustumNtB5_19OrthographicFrustum9matrix_lh
FN:257,_RNvMs0_NtNtCs3MaxXkBTHIX_11iris_engine8geometry7frustumNtB5_19OrthographicFrustum9matrix_rh
FN:271,_RNvMs0_NtNtCs3MaxXkBTHIX_11iris_engine8geometry7frustumNtB5_19OrthographicFrustum9matrix_gl
FN:286,_RNvMs0_NtNtCs3MaxXkBTHIX_11iris_engine8geometry7frustumNtB5_19OrthographicFrustum7frustum
FNDA:4,_RNvNtNtNtCs3MaxXkBTHIX_11iris_engine8geometry7frustum5tests24projection_type_strategy
FNDA:256,_RNvNtNtNtCs3MaxXkBTHIX_11iris_engine8geometry7frustum5tests26__test_orthographic_frustum
FNDA:256,_RNvNtNtNtCs3MaxXkBTHIX_11iris_engine8geometry7frustum5tests25__test_perspective_frustum
FNDA:256,_RNvNtNtNtCs3MaxXkBTHIX_11iris_engine8geometry7frustum5tests34__test_perspective_infinite_frustum
FNDA:256,_RNvNtNtNtCs3MaxXkBTHIX_11iris_engine8geometry7frustum5tests42__test_perspective_infinite_reverse_frustum
FNDA:1,_RNvNtNtNtCs3MaxXkBTHIX_11iris_engine8geometry7frustum5testss_24test_near_plane_clipping
FNDA:256,_RNvMNtNtCs3MaxXkBTHIX_11iris_engine8geometry7frustumNtB2_7Frustum3new
FNDA:331,_RNvMNtNtCs3MaxXkBTHIX_11iris_engine8geometry7frustumNtB2_7Frustum14from_matrix_gl
FNDA:694,_RNvMNtNtCs3MaxXkBTHIX_11iris_engine8geometry7frustumNtB2_7Frustum11from_matrix
FNDA:769,_RNvMs_NtNtCs3MaxXkBTHIX_11iris_engine8geometry7frustumNtB4_18PerspectiveFrustum3new
FNDA:94,_RNvMs_NtNtCs3MaxXkBTHIX_11iris_engine8geometry7frustumNtB4_18PerspectiveFrustum9matrix_lh
FNDA:86,_RNvMs_NtNtCs3MaxXkBTHIX_11iris_engine8geometry7frustumNtB4_18PerspectiveFrustum9matrix_rh
FNDA:76,_RNvMs_NtNtCs3MaxXkBTHIX_11iris_engine8geometry7frustumNtB4_18PerspectiveFrustum9matrix_gl
FNDA:83,_RNvMs_NtNtCs3MaxXkBTHIX_11iris_engine8geometry7frustumNtB4_18PerspectiveFrustum18matrix_infinite_lh
FNDA:78,_RNvMs_NtNtCs3MaxXkBTHIX_11iris_engine8geometry7frustumNtB4_18PerspectiveFrustum18matrix_infinite_rh
FNDA:96,_RNvMs_NtNtCs3MaxXkBTHIX_11iris_engine8geometry7frustumNtB4_18PerspectiveFrustum18matrix_infinite_gl
FNDA:90,_RNvMs_NtNtCs3MaxXkBTHIX_11iris_engine8geometry7frustumNtB4_18PerspectiveFrustum26matrix_infinite_reverse_lh
FNDA:85,_RNvMs_NtNtCs3MaxXkBTHIX_11iris_engine8geometry7frustumNtB4_18PerspectiveFrustum26matrix_infinite_reverse_rh
FNDA:81,_RNvMs_NtNtCs3MaxXkBTHIX_11iris_engine8geometry7frustumNtB4_18PerspectiveFrustum26matrix_infinite_reverse_gl
FNDA:768,_RNvMs_NtNtCs3MaxXkBTHIX_11iris_engine8geometry7frustumNtB4_18PerspectiveFrustum14focal_distance
FNDA:768,_RNvMs_NtNtCs3MaxXkBTHIX_11iris_engine8geometry7frustumNtB4_18PerspectiveFrustum7frustum
FNDA:1,_RNvNtNtCs3MaxXkBTHIX_11iris_engine8geometry7frustum22clip_projection_matrix
FNDA:256,_RNvMs0_NtNtCs3MaxXkBTHIX_11iris_engine8geometry7frustumNtB5_19OrthographicFrustum3new
FNDA:90,_RNvMs0_NtNtCs3MaxXkBTHIX_11iris_engine8geometry7frustumNtB5_19OrthographicFrustum9matrix_lh
FNDA:87,_RNvMs0_NtNtCs3MaxXkBTHIX_11iris_engine8geometry7frustumNtB5_19OrthographicFrustum9matrix_rh
FNDA:79,_RNvMs0_NtNtCs3MaxXkBTHIX_11iris_engine8geometry7frustumNtB5_19OrthographicFrustum9matrix_gl
FNDA:256,_RNvMs0_NtNtCs3MaxXkBTHIX_11iris_engine8geometry7frustumNtB5_19OrthographicFrustum7frustum
FNF:27
FNH:27
DA:18,256
DA:19,256
DA:20,256
DA:21,256
DA:22,256
DA:23,256
DA:24,256
DA:25,256
DA:26,256
DA:27,256
DA:28,256
DA:29,256
DA:30,256
DA:31,256
DA:32,256
DA:33,256
DA:34,256
DA:37,331
DA:38,331
DA:39,331
DA:40,331
DA:41,331
DA:42,81
DA:43,250
DA:44,331
DA:45,331
DA:46,331
DA:47,331
DA:48,331
DA:49,331
DA:50,331
DA:51,331
DA:52,331
DA:53,331
DA:54,331
DA:55,331
DA:56,331
DA:57,331
DA:58,331
DA:59,331
DA:60,331
DA:62,694
DA:63,694
DA:64,694
DA:65,694
DA:66,694
DA:67,175
DA:68,519
DA:69,694
DA:70,694
DA:71,694
DA:72,694
DA:73,694
DA:74,694
DA:75,694
DA:76,694
DA:77,694
DA:78,694
DA:79,694
DA:80,694
DA:81,694
DA:82,694
DA:83,694
DA:84,694
DA:85,694
DA:98,769
DA:99,769
DA:100,769
DA:101,769
DA:102,769
DA:103,769
DA:104,769
DA:105,769
DA:108,94
DA:109,94
DA:110,94
DA:112,86
DA:113,86
DA:114,86
DA:116,76
DA:117,76
DA:118,76
DA:120,83
DA:121,83
DA:122,83
DA:124,78
DA:125,78
DA:126,78
DA:128,96
DA:129,96
DA:130,96
DA:131,96
DA:132,96
DA:133,96
DA:134,96
DA:135,96
DA:136,96
DA:138,90
DA:139,90
DA:140,90
DA:142,85
DA:143,85
DA:144,85
DA:146,81
DA:147,81
DA:148,81
DA:149,81
DA:150,81
DA:151,81
DA:152,81
DA:153,81
DA:154,81
DA:156,768
DA:157,768
DA:158,768
DA:161,768
DA:162,768
DA:163,768
DA:164,768
DA:165,768
DA:166,768
DA:167,768
DA:168,768
DA:169,768
DA:170,768
DA:171,768
DA:172,768
DA:173,768
DA:174,768
DA:175,768
DA:176,768
DA:177,768
DA:178,768
DA:179,768
DA:180,768
DA:181,768
DA:182,768
DA:183,768
DA:184,768
DA:185,768
DA:186,768
DA:187,768
DA:188,768
DA:189,768
DA:190,768
DA:191,768
DA:192,768
DA:193,768
DA:197,1
DA:198,1
DA:199,1
DA:200,1
DA:201,1
DA:202,1
DA:203,1
DA:204,1
DA:205,1
DA:206,1
DA:207,1
DA:208,1
DA:209,1
DA:210,1
DA:211,1
DA:212,1
DA:213,1
DA:214,1
DA:215,1
DA:216,1
DA:217,1
DA:218,1
DA:219,1
DA:220,1
DA:221,1
DA:233,256
DA:234,256
DA:235,256
DA:236,256
DA:237,256
DA:238,256
DA:239,256
DA:240,256
DA:243,90
DA:244,90
DA:245,90
DA:246,90
DA:247,90
DA:248,90
DA:249,90
DA:250,90
DA:251,90
DA:252,90
DA:253,90
DA:254,90
DA:255,90
DA:257,87
DA:258,87
DA:259,87
DA:260,87
DA:261,87
DA:262,87
DA:263,87
DA:264,87
DA:265,87
DA:266,87
DA:267,87
DA:268,87
DA:269,87
DA:271,79
DA:272,79
DA:273,79
DA:274,79
DA:275,79
DA:276,79
DA:277,79
DA:278,79
DA:279,79
DA:280,79
DA:281,79
DA:282,79
DA:283,79
DA:286,256
DA:287,256
DA:288,256
DA:289,256
DA:290,256
DA:291,256
DA:292,256
DA:293,256
DA:294,256
DA:295,256
DA:296,256
DA:298,256
DA:299,256
DA:300,256
DA:301,256
DA:302,256
DA:303,256
DA:304,256
DA:305,256
DA:306,256
DA:307,256
DA:329,4
DA:330,4
DA:331,4
DA:332,4
DA:333,4
DA:334,4
DA:335,4
DA:379,256
DA:380,256
DA:381,256
DA:382,256
DA:383,256
DA:384,256
DA:385,256
DA:386,256
DA:387,256
DA:388,90
DA:389,87
DA:390,79
DA:393,256
DA:394,256
DA:395,256
DA:396,256
DA:397,256
DA:398,256
DA:399,256
DA:400,256
DA:401,256
DA:402,256
DA:403,256
DA:404,256
DA:405,256
DA:406,256
DA:407,256
DA:408,256
DA:409,256
DA:410,256
DA:411,256
DA:412,256
DA:413,256
DA:414,256
DA:415,256
DA:416,256
DA:417,256
DA:418,256
DA:419,94
DA:420,86
DA:421,76
DA:423,256
DA:424,256
DA:425,256
DA:426,256
DA:427,256
DA:428,256
DA:429,256
DA:430,256
DA:431,256
DA:432,256
DA:433,256
DA:434,256
DA:435,256
DA:436,256
DA:437,256
DA:438,256
DA:440,256
DA:441,256
DA:442,256
DA:443,256
DA:444,256
DA:445,256
DA:446,256
DA:447,256
DA:448,83
DA:449,78
DA:450,95
DA:452,256
DA:453,256
DA:454,256
DA:455,256
DA:456,256
DA:457,256
DA:458,256
DA:459,256
DA:460,256
DA:461,256
DA:462,256
DA:463,256
DA:464,256
DA:465,256
DA:466,256
DA:468,256
DA:469,256
DA:470,256
DA:471,256
DA:472,256
DA:473,256
DA:474,256
DA:475,256
DA:477,90
DA:480,85
DA:483,81
DA:486,256
DA:487,256
DA:488,256
DA:489,256
DA:490,256
DA:491,256
DA:492,256
DA:493,256
DA:494,256
DA:495,256
DA:496,256
DA:497,256
DA:498,256
DA:499,256
DA:500,256
DA:503,1
DA:504,1
DA:505,1
DA:506,1
DA:507,1
DA:508,1
DA:509,1
DA:510,1
DA:511,1
DA:512,1
DA:513,1
DA:514,1
DA:515,1
DA:516,1
BRF:0
BRH:0
LF:371
LH:371
end_of_record
SF:D:\rust\iris-engine\src\geometry\intersections.rs
FN:12,_RNvMNtNtCs3MaxXkBTHIX_11iris_engine8geometry13intersectionsNtNtB4_3ray3Ray15intersect_plane
FN:32,_RNvMNtNtCs3MaxXkBTHIX_11iris_engine8geometry13intersectionsNtNtB4_3ray3Ray18intersect_triangle
FN:46,_RNvMNtNtCs3MaxXkBTHIX_11iris_engine8geometry13intersectionsNtNtB4_3ray3Ray16intersect_cuboid
FN:80,_RNvMNtNtCs3MaxXkBTHIX_11iris_engine8geometry13intersectionsNtNtB4_3ray3Ray16intersect_sphere
FN:96,_RNvMNtNtCs3MaxXkBTHIX_11iris_engine8geometry13intersectionsNtNtB4_3ray3Ray19intersect_ellipsoid
FN:133,_RNvMNtNtCs3MaxXkBTHIX_11iris_engine8geometry13intersectionsNtNtB4_3ray3Ray18intersect_cylinder
FN:268,_RNvNtNtNtCs3MaxXkBTHIX_11iris_engine8geometry13intersections5tests21__test_intersect_plane
FN:277,_RNvNtNtNtCs3MaxXkBTHIX_11iris_engine8geometry13intersections5tests24__test_intersect_triangle
FN:288,_RNvNtNtNtCs3MaxXkBTHIX_11iris_engine8geometry13intersections5tests22__test_intersect_cuboid
FN:295,_RNvNtNtNtCs3MaxXkBTHIX_11iris_engine8geometry13intersections5tests22__test_intersect_sphere
FN:306,_RNvNtNtNtCs3MaxXkBTHIX_11iris_engine8geometry13intersections5tests23__test_intersect_ellipse
FN:313,_RNvNtNtNtCs3MaxXkBTHIX_11iris_engine8geometry13intersections5tests24__test_intersect_cylinder
FN:124,_RNCNvMNtNtCs3MaxXkBTHIX_11iris_engine8geometry13intersectionsNtNtB6_3ray3Ray19intersect_ellipsoid0B8_
FN:153,_RNCNvMNtNtCs3MaxXkBTHIX_11iris_engine8geometry13intersectionsNtNtB6_3ray3Ray18intersect_cylinder0B8_
FN:189,_RNCNvNtNtNtCs3MaxXkBTHIX_11iris_engine8geometry13intersections5tests10any_normals_0B9_
FNDA:1093,_RNvMNtNtCs3MaxXkBTHIX_11iris_engine8geometry13intersectionsNtNtB4_3ray3Ray15intersect_plane
FNDA:265,_RNvMNtNtCs3MaxXkBTHIX_11iris_engine8geometry13intersectionsNtNtB4_3ray3Ray18intersect_triangle
FNDA:256,_RNvMNtNtCs3MaxXkBTHIX_11iris_engine8geometry13intersectionsNtNtB4_3ray3Ray16intersect_cuboid
FNDA:262,_RNvMNtNtCs3MaxXkBTHIX_11iris_engine8geometry13intersectionsNtNtB4_3ray3Ray16intersect_sphere
FNDA:256,_RNvMNtNtCs3MaxXkBTHIX_11iris_engine8geometry13intersectionsNtNtB4_3ray3Ray19intersect_ellipsoid
FNDA:256,_RNvMNtNtCs3MaxXkBTHIX_11iris_engine8geometry13intersectionsNtNtB4_3ray3Ray18intersect_cylinder
FNDA:256,_RNvNtNtNtCs3MaxXkBTHIX_11iris_engine8geometry13intersections5tests21__test_intersect_plane
FNDA:256,_RNvNtNtNtCs3MaxXkBTHIX_11iris_engine8geometry13intersections5tests24__test_intersect_triangle
FNDA:256,_RNvNtNtNtCs3MaxXkBTHIX_11iris_engine8geometry13intersections5tests22__test_intersect_cuboid
FNDA:256,_RNvNtNtNtCs3MaxXkBTHIX_11iris_engine8geometry13intersections5tests22__test_intersect_sphere
FNDA:256,_RNvNtNtNtCs3MaxXkBTHIX_11iris_engine8geometry13intersections5tests23__test_intersect_ellipse
FNDA:256,_RNvNtNtNtCs3MaxXkBTHIX_11iris_engine8geometry13intersections5tests24__test_intersect_cylinder
FNDA:10,_RNCNvMNtNtCs3MaxXkBTHIX_11iris_engine8geometry13intersectionsNtNtB6_3ray3Ray19intersect_ellipsoid0B8_
FNDA:92,_RNCNvMNtNtCs3MaxXkBTHIX_11iris_engine8geometry13intersectionsNtNtB6_3ray3Ray18intersect_cylinder0B8_
FNDA:1792,_RNCNvNtNtNtCs3MaxXkBTHIX_11iris_engine8geometry13intersections5tests10any_normals_0B9_
FNF:15
FNH:15
DA:12,1093
DA:13,1093
DA:14,1093
DA:15,1093
DA:16,1093
DA:18,8
DA:20,1085
DA:21,1085
DA:22,1085
DA:23,1085
DA:24,469
DA:25,469
DA:27,616
DA:30,1093
DA:32,265
DA:33,265
DA:34,265
DA:36,265
DA:38,126
DA:39,9
DA:40,117
DA:41,139
DA:42,256
DA:43,265
DA:46,256
DA:47,256
DA:48,256
DA:49,256
DA:50,256
DA:51,256
DA:52,256
DA:53,256
DA:54,256
DA:55,131
DA:56,131
DA:57,125
DA:58,125
DA:59,256
DA:60,122
DA:61,134
DA:62,134
DA:63,134
DA:64,256
DA:65,135
DA:66,135
DA:67,121
DA:68,121
DA:69,489
DA:70,459
DA:71,230
DA:72,226
DA:73,4
DA:74,229
DA:77,30
DA:78,256
DA:80,262
DA:81,262
DA:82,262
DA:83,262
DA:84,262
DA:85,262
DA:86,262
DA:87,262
DA:88,262
DA:89,18
DA:90,12
DA:91,6
DA:92,6
DA:93,262
DA:96,256
DA:97,256
DA:98,256
DA:99,256
DA:100,256
DA:101,256
DA:102,256
DA:103,256
DA:104,256
DA:105,256
DA:106,256
DA:107,256
DA:108,256
DA:109,256
DA:110,256
DA:111,256
DA:112,256
DA:113,256
DA:114,256
DA:115,256
DA:116,256
DA:117,256
DA:118,256
DA:119,256
DA:120,256
DA:121,256
DA:122,256
DA:123,256
DA:124,256
DA:125,256
DA:127,3
DA:128,256
DA:133,256
DA:134,256
DA:135,256
DA:136,256
DA:137,256
DA:138,256
DA:139,256
DA:140,256
DA:141,256
DA:142,256
DA:143,256
DA:144,256
DA:145,256
DA:146,256
DA:147,256
DA:148,256
DA:149,256
DA:150,256
DA:151,256
DA:152,256
DA:153,256
DA:154,256
DA:155,22
DA:156,22
DA:157,20
DA:158,2
DA:159,2
DA:160,256
DA:189,1792
DA:268,256
DA:269,256
DA:270,113
DA:271,113
DA:272,113
DA:273,113
DA:274,113
DA:275,143
DA:276,256
DA:277,256
DA:278,256
DA:279,9
DA:280,9
DA:281,9
DA:282,9
DA:283,9
DA:284,9
DA:285,9
DA:286,247
DA:287,256
DA:288,256
DA:289,256
DA:290,226
DA:291,226
DA:292,226
DA:293,30
DA:294,256
DA:295,256
DA:296,256
DA:297,6
DA:299,6
DA:301,6
DA:302,6
DA:303,6
DA:304,250
DA:305,256
DA:306,256
DA:307,256
DA:308,3
DA:310,3
DA:311,253
DA:312,256
DA:313,256
DA:314,256
DA:315,2
DA:317,2
DA:318,2
DA:319,254
DA:320,256
BRF:0
BRH:0
LF:181
LH:181
end_of_record
SF:D:\rust\iris-engine\src\geometry\plane.rs
FN:19,_RNvXNtNtCs3MaxXkBTHIX_11iris_engine8geometry5planeNtB2_5PlaneNtNtCscH6OKa5dibd_6approx11abs_diff_eq9AbsDiffEq11abs_diff_eq
FN:125,_RNCNvNtNtNtCs3MaxXkBTHIX_11iris_engine8geometry5plane5tests10any_normals_0B9_
FN:100,_RNCNvMs0_NtNtCs3MaxXkBTHIX_11iris_engine8geometry5planeNtB7_5Plane23intersection_with_plane0Bb_
FN:157,_RNvNtNtNtCs3MaxXkBTHIX_11iris_engine8geometry5plane5tests23__test_distance_to_point
FN:163,_RNvNtNtNtCs3MaxXkBTHIX_11iris_engine8geometry5plane5tests28__test_intersect_three_planes
FN:170,_RNvNtNtNtCs3MaxXkBTHIX_11iris_engine8geometry5plane5tests26__test_intersect_two_planes
FN:15,_RNvXNtNtCs3MaxXkBTHIX_11iris_engine8geometry5planeNtB2_5PlaneNtNtCscH6OKa5dibd_6approx11abs_diff_eq9AbsDiffEq15default_epsilon
FN:26,_RNvXs_NtNtCs3MaxXkBTHIX_11iris_engine8geometry5planeNtB4_5PlaneNtNtCscH6OKa5dibd_6approx11relative_eq10RelativeEq20default_max_relative
FN:30,_RNvXs_NtNtCs3MaxXkBTHIX_11iris_engine8geometry5planeNtB4_5PlaneNtNtCscH6OKa5dibd_6approx11relative_eq10RelativeEq11relative_eq
FN:46,_RNvMs0_NtNtCs3MaxXkBTHIX_11iris_engine8geometry5planeNtB5_5Plane3new
FN:54,_RNvMs0_NtNtCs3MaxXkBTHIX_11iris_engine8geometry5planeNtB5_5Plane9from_vec4
FN:65,_RNvMs0_NtNtCs3MaxXkBTHIX_11iris_engine8geometry5planeNtB5_5Plane11homogeneous
FN:69,_RNvMs0_NtNtCs3MaxXkBTHIX_11iris_engine8geometry5planeNtB5_5Plane24signed_distance_to_point
FN:75,_RNvMs0_NtNtCs3MaxXkBTHIX_11iris_engine8geometry5planeNtB5_5Plane11is_on_plane
FN:80,_RNvMs0_NtNtCs3MaxXkBTHIX_11iris_engine8geometry5planeNtB5_5Plane24intersection_with_planes
FN:93,_RNvMs0_NtNtCs3MaxXkBTHIX_11iris_engine8geometry5planeNtB5_5Plane23intersection_with_plane
FNDA:0,_RNvXNtNtCs3MaxXkBTHIX_11iris_engine8geometry5planeNtB2_5PlaneNtNtCscH6OKa5dibd_6approx11abs_diff_eq9AbsDiffEq11abs_diff_eq
FNDA:1536,_RNCNvNtNtNtCs3MaxXkBTHIX_11iris_engine8geometry5plane5tests10any_normals_0B9_
FNDA:256,_RNCNvMs0_NtNtCs3MaxXkBTHIX_11iris_engine8geometry5planeNtB7_5Plane23intersection_with_plane0Bb_
FNDA:256,_RNvNtNtNtCs3MaxXkBTHIX_11iris_engine8geometry5plane5tests23__test_distance_to_point
FNDA:256,_RNvNtNtNtCs3MaxXkBTHIX_11iris_engine8geometry5plane5tests28__test_intersect_three_planes
FNDA:256,_RNvNtNtNtCs3MaxXkBTHIX_11iris_engine8geometry5plane5tests26__test_intersect_two_planes
FNDA:5633,_RNvXNtNtCs3MaxXkBTHIX_11iris_engine8geometry5planeNtB2_5PlaneNtNtCscH6OKa5dibd_6approx11abs_diff_eq9AbsDiffEq15default_epsilon
FNDA:5633,_RNvXs_NtNtCs3MaxXkBTHIX_11iris_engine8geometry5planeNtB4_5PlaneNtNtCscH6OKa5dibd_6approx11relative_eq10RelativeEq20default_max_relative
FNDA:5633,_RNvXs_NtNtCs3MaxXkBTHIX_11iris_engine8geometry5planeNtB4_5PlaneNtNtCscH6OKa5dibd_6approx11relative_eq10RelativeEq11relative_eq
FNDA:9746,_RNvMs0_NtNtCs3MaxXkBTHIX_11iris_engine8geometry5planeNtB5_5Plane3new
FNDA:6151,_RNvMs0_NtNtCs3MaxXkBTHIX_11iris_engine8geometry5planeNtB5_5Plane9from_vec4
FNDA:3520,_RNvMs0_NtNtCs3MaxXkBTHIX_11iris_engine8geometry5planeNtB5_5Plane11homogeneous
FNDA:2426,_RNvMs0_NtNtCs3MaxXkBTHIX_11iris_engine8geometry5planeNtB5_5Plane24signed_distance_to_point
FNDA:256,_RNvMs0_NtNtCs3MaxXkBTHIX_11iris_engine8geometry5planeNtB5_5Plane11is_on_plane
FNDA:512,_RNvMs0_NtNtCs3MaxXkBTHIX_11iris_engine8geometry5planeNtB5_5Plane24intersection_with_planes
FNDA:256,_RNvMs0_NtNtCs3MaxXkBTHIX_11iris_engine8geometry5planeNtB5_5Plane23intersection_with_plane
FNF:16
FNH:15
DA:15,5633
DA:16,5633
DA:17,5633
DA:19,0
DA:20,0
DA:21,0
DA:22,0
DA:26,5633
DA:27,5633
DA:28,5633
DA:30,5633
DA:31,5633
DA:32,5633
DA:33,5633
DA:34,5633
DA:35,5633
DA:36,5633
DA:37,5633
DA:38,5633
DA:39,5633
DA:40,5633
DA:41,5633
DA:46,9746
DA:47,9746
DA:48,9746
DA:49,9746
DA:50,9746
DA:51,9746
DA:52,9746
DA:54,6151
DA:55,6151
DA:56,6151
DA:57,6151
DA:58,6151
DA:59,6151
DA:60,6151
DA:61,6151
DA:62,6151
DA:65,3520
DA:66,3520
DA:67,3520
DA:69,2426
DA:70,2426
DA:71,2426
DA:72,2426
DA:73,2426
DA:75,256
DA:76,256
DA:77,256
DA:80,512
DA:81,512
DA:82,512
DA:83,512
DA:84,512
DA:85,512
DA:86,0
DA:88,512
DA:89,512
DA:91,512
DA:93,256
DA:94,256
DA:95,256
DA:96,256
DA:97,256
DA:98,256
DA:99,256
DA:100,256
DA:101,256
DA:125,1536
DA:157,256
DA:158,256
DA:159,256
DA:160,256
DA:161,256
DA:163,256
DA:164,256
DA:165,256
DA:166,256
DA:167,256
DA:168,0
DA:169,256
DA:170,256
DA:171,256
DA:172,256
DA:173,256
DA:174,256
DA:175,256
DA:176,256
DA:177,0
DA:178,256
BRF:0
BRH:0
LF:91
LH:84
end_of_record
SF:D:\rust\iris-engine\src\geometry\ray.rs
FN:12,_RNvMNtNtCs3MaxXkBTHIX_11iris_engine8geometry3rayNtB2_3Ray3new
FN:20,_RNvMNtNtCs3MaxXkBTHIX_11iris_engine8geometry3rayNtB2_3Ray5point
FN:25,_RNvMNtNtCs3MaxXkBTHIX_11iris_engine8geometry3rayNtB2_3Ray17distance_to_point
FN:32,_RNvMNtNtCs3MaxXkBTHIX_11iris_engine8geometry3rayNtB2_3Ray16closest_point_to
FN:37,_RNvMNtNtCs3MaxXkBTHIX_11iris_engine8geometry3rayNtB2_3Ray12closest_t_to
FN:42,_RNvMNtNtCs3MaxXkBTHIX_11iris_engine8geometry3rayNtB2_3Ray16distance_to_line
FN:49,_RNvMNtNtCs3MaxXkBTHIX_11iris_engine8geometry3rayNtB2_3Ray10closest_ts
FN:90,_RNCNvNtNtNtCs3MaxXkBTHIX_11iris_engine8geometry3ray5tests10any_normals_0B9_
FN:122,_RNvNtNtNtCs3MaxXkBTHIX_11iris_engine8geometry3ray5tests19__test_closest_point
FN:134,_RNvNtNtNtCs3MaxXkBTHIX_11iris_engine8geometry3ray5tests23__test_distance_to_point
FN:144,_RNvNtNtNtCs3MaxXkBTHIX_11iris_engine8geometry3ray5tests20__test_closest_points
FNDA:2944,_RNvMNtNtCs3MaxXkBTHIX_11iris_engine8geometry3rayNtB2_3Ray3new
FNDA:2036,_RNvMNtNtCs3MaxXkBTHIX_11iris_engine8geometry3rayNtB2_3Ray5point
FNDA:1383,_RNvMNtNtCs3MaxXkBTHIX_11iris_engine8geometry3rayNtB2_3Ray17distance_to_point
FNDA:256,_RNvMNtNtCs3MaxXkBTHIX_11iris_engine8geometry3rayNtB2_3Ray16closest_point_to
FNDA:538,_RNvMNtNtCs3MaxXkBTHIX_11iris_engine8geometry3rayNtB2_3Ray12closest_t_to
FNDA:256,_RNvMNtNtCs3MaxXkBTHIX_11iris_engine8geometry3rayNtB2_3Ray16distance_to_line
FNDA:512,_RNvMNtNtCs3MaxXkBTHIX_11iris_engine8geometry3rayNtB2_3Ray10closest_ts
FNDA:1024,_RNCNvNtNtNtCs3MaxXkBTHIX_11iris_engine8geometry3ray5tests10any_normals_0B9_
FNDA:256,_RNvNtNtNtCs3MaxXkBTHIX_11iris_engine8geometry3ray5tests19__test_closest_point
FNDA:256,_RNvNtNtNtCs3MaxXkBTHIX_11iris_engine8geometry3ray5tests23__test_distance_to_point
FNDA:256,_RNvNtNtNtCs3MaxXkBTHIX_11iris_engine8geometry3ray5tests20__test_closest_points
FNF:11
FNH:11
DA:12,2944
DA:13,2944
DA:14,2944
DA:15,2944
DA:16,2944
DA:17,2944
DA:20,2036
DA:21,2036
DA:22,2036
DA:25,1383
DA:26,1383
DA:27,1383
DA:28,1383
DA:29,1383
DA:32,256
DA:33,256
DA:34,256
DA:35,256
DA:37,538
DA:38,538
DA:39,538
DA:42,256
DA:43,256
DA:44,256
DA:45,256
DA:46,256
DA:47,256
DA:49,512
DA:50,512
DA:51,512
DA:52,512
DA:53,512
DA:54,512
DA:55,512
DA:56,512
DA:57,512
DA:58,512
DA:59,512
DA:61,26
DA:64,486
DA:65,486
DA:66,486
DA:68,512
DA:90,1024
DA:122,256
DA:123,256
DA:124,256
DA:125,256
DA:126,256
DA:127,256
DA:128,256
DA:129,256
DA:130,256
DA:131,256
DA:132,256
DA:133,256
DA:134,256
DA:135,256
DA:136,256
DA:137,256
DA:138,256
DA:139,256
DA:140,256
DA:141,256
DA:142,256
DA:143,256
DA:144,256
DA:145,256
DA:146,256
DA:147,256
DA:148,256
DA:149,256
DA:150,256
DA:151,256
DA:152,256
DA:153,256
DA:154,256
DA:155,256
DA:156,256
DA:157,256
DA:158,256
DA:159,256
DA:160,256
DA:161,256
BRF:0
BRH:0
LF:84
LH:84
end_of_record
SF:D:\rust\iris-engine\src\geometry\reflection.rs
FN:20,_RNvXs_NtNtCs3MaxXkBTHIX_11iris_engine8geometry10reflectionNtNtNtCs4qBHePiHyk4_4glam3f324vec34Vec3NtB4_14Vec3RefractExt7refract
FN:63,_RNvNtNtNtCs3MaxXkBTHIX_11iris_engine8geometry10reflection5tests13__test_reflect
FN:10,_RNvXNtNtCs3MaxXkBTHIX_11iris_engine8geometry10reflectionNtNtNtCs4qBHePiHyk4_4glam3f324vec34Vec3NtB2_14Vec3ReflectExt7reflect
FNDA:0,_RNvXs_NtNtCs3MaxXkBTHIX_11iris_engine8geometry10reflectionNtNtNtCs4qBHePiHyk4_4glam3f324vec34Vec3NtB4_14Vec3RefractExt7refract
FNDA:256,_RNvNtNtNtCs3MaxXkBTHIX_11iris_engine8geometry10reflection5tests13__test_reflect
FNDA:256,_RNvXNtNtCs3MaxXkBTHIX_11iris_engine8geometry10reflectionNtNtNtCs4qBHePiHyk4_4glam3f324vec34Vec3NtB2_14Vec3ReflectExt7reflect
FNF:3
FNH:2
DA:10,256
DA:11,256
DA:12,256
DA:20,0
DA:21,0
DA:22,0
DA:23,0
DA:24,0
DA:25,0
DA:26,0
DA:63,256
DA:64,256
DA:65,256
DA:66,256
DA:67,256
DA:68,256
BRF:0
BRH:0
LF:16
LH:9
end_of_record
SF:D:\rust\iris-engine\src\geometry\root_finding.rs
FN:131,_RNvNtNtNtCs3MaxXkBTHIX_11iris_engine8geometry12root_finding5tests12__test_linear
FN:141,_RNvNtNtNtCs3MaxXkBTHIX_11iris_engine8geometry12root_finding5tests15__test_quadratic
FN:154,_RNvNtNtNtCs3MaxXkBTHIX_11iris_engine8geometry12root_finding5tests11__test_cubic
FN:166,_RNvNtNtNtCs3MaxXkBTHIX_11iris_engine8geometry12root_finding5tests13__test_quartic
FN:200,_RNvNtNtNtCs3MaxXkBTHIX_11iris_engine8geometry12root_finding5tests22__test_newton_quadratic
FN:210,_RNvNtNtNtCs3MaxXkBTHIX_11iris_engine8geometry12root_finding5tests18__test_newton_cubic
FN:239,_RNvNtNtNtCs3MaxXkBTHIX_11iris_engine8geometry12root_finding5testss_22test_newton_method_log
FN:246,_RNvNtNtNtCs3MaxXkBTHIX_11iris_engine8geometry12root_finding5testss_25test_bisection_method_log
FN:134,_RNCNvNtNtNtCs3MaxXkBTHIX_11iris_engine8geometry12root_finding5tests12__test_linear0B9_
FN:144,_RNCNvNtNtNtCs3MaxXkBTHIX_11iris_engine8geometry12root_finding5tests15__test_quadratic0B9_
FN:156,_RNCNvNtNtNtCs3MaxXkBTHIX_11iris_engine8geometry12root_finding5tests11__test_cubic0B9_
FN:168,_RNCNvNtNtNtCs3MaxXkBTHIX_11iris_engine8geometry12root_finding5tests13__test_quartic0B9_
FN:202,_RNCNvNtNtNtCs3MaxXkBTHIX_11iris_engine8geometry12root_finding5tests22__test_newton_quadratic0B9_
FN:206,_RNCNvNtNtNtCs3MaxXkBTHIX_11iris_engine8geometry12root_finding5tests22__test_newton_quadratics_0B9_
FN:212,_RNCNvNtNtNtCs3MaxXkBTHIX_11iris_engine8geometry12root_finding5tests18__test_newton_cubic0B9_
FN:217,_RNCNvNtNtNtCs3MaxXkBTHIX_11iris_engine8geometry12root_finding5tests18__test_newton_cubics_0B9_
FN:224,_RINvNtNtNtCs3MaxXkBTHIX_11iris_engine8geometry12root_finding5tests18test_newton_methodNCNvB2_18__test_newton_cubic0NCB1o_s_0EB8_
FN:224,_RINvNtNtNtCs3MaxXkBTHIX_11iris_engine8geometry12root_finding5tests18test_newton_methodNCNvB2_22__test_newton_quadratic0NCB1o_s_0EB8_
FN:240,_RNCNvNtNtNtCs3MaxXkBTHIX_11iris_engine8geometry12root_finding5testss_22test_newton_method_log0B9_
FN:241,_RNCNvNtNtNtCs3MaxXkBTHIX_11iris_engine8geometry12root_finding5testss_22test_newton_method_logs_0B9_
FN:247,_RNCNvNtNtNtCs3MaxXkBTHIX_11iris_engine8geometry12root_finding5testss_25test_bisection_method_log0B9_
FN:8,_RINvNtNtCs3MaxXkBTHIX_11iris_engine8geometry12root_finding12roots_to_vecdEB6_
FN:8,_RINvNtNtCs3MaxXkBTHIX_11iris_engine8geometry12root_finding12roots_to_vecfEB6_
FN:20,_RINvNtNtCs3MaxXkBTHIX_11iris_engine8geometry12root_finding12solve_lineardEB6_
FN:27,_RINvNtNtCs3MaxXkBTHIX_11iris_engine8geometry12root_finding15solve_quadraticdEB6_
FN:27,_RINvNtNtCs3MaxXkBTHIX_11iris_engine8geometry12root_finding15solve_quadraticfEB6_
FN:34,_RINvNtNtCs3MaxXkBTHIX_11iris_engine8geometry12root_finding11solve_cubicdEB6_
FN:41,_RINvNtNtCs3MaxXkBTHIX_11iris_engine8geometry12root_finding13solve_quarticdEB6_
FN:46,_RINvNtNtCs3MaxXkBTHIX_11iris_engine8geometry12root_finding13newton_methodNCNvNtB2_5testss_22test_newton_method_log0NCB1b_s_0EB6_
FN:46,_RINvNtNtCs3MaxXkBTHIX_11iris_engine8geometry12root_finding13newton_methodRNCNvNtB2_5tests18__test_newton_cubic0RNCB1c_s_0EB6_
FN:46,_RINvNtNtCs3MaxXkBTHIX_11iris_engine8geometry12root_finding13newton_methodRNCNvNtB2_5tests22__test_newton_quadratic0RNCB1c_s_0EB6_
FN:63,_RINvNtNtCs3MaxXkBTHIX_11iris_engine8geometry12root_finding12brent_methodNCNvNtB2_5testss_25test_bisection_method_log0EB6_
FNDA:256,_RNvNtNtNtCs3MaxXkBTHIX_11iris_engine8geometry12root_finding5tests12__test_linear
FNDA:256,_RNvNtNtNtCs3MaxXkBTHIX_11iris_engine8geometry12root_finding5tests15__test_quadratic
FNDA:256,_RNvNtNtNtCs3MaxXkBTHIX_11iris_engine8geometry12root_finding5tests11__test_cubic
FNDA:256,_RNvNtNtNtCs3MaxXkBTHIX_11iris_engine8geometry12root_finding5tests13__test_quartic
FNDA:256,_RNvNtNtNtCs3MaxXkBTHIX_11iris_engine8geometry12root_finding5tests22__test_newton_quadratic
FNDA:256,_RNvNtNtNtCs3MaxXkBTHIX_11iris_engine8geometry12root_finding5tests18__test_newton_cubic
FNDA:1,_RNvNtNtNtCs3MaxXkBTHIX_11iris_engine8geometry12root_finding5testss_22test_newton_method_log
FNDA:1,_RNvNtNtNtCs3MaxXkBTHIX_11iris_engine8geometry12root_finding5testss_25test_bisection_method_log
FNDA:256,_RNCNvNtNtNtCs3MaxXkBTHIX_11iris_engine8geometry12root_finding5tests12__test_linear0B9_
FNDA:336,_RNCNvNtNtNtCs3MaxXkBTHIX_11iris_engine8geometry12root_finding5tests15__test_quadratic0B9_
FNDA:396,_RNCNvNtNtNtCs3MaxXkBTHIX_11iris_engine8geometry12root_finding5tests11__test_cubic0B9_
FNDA:398,_RNCNvNtNtNtCs3MaxXkBTHIX_11iris_engine8geometry12root_finding5tests13__test_quartic0B9_
FNDA:982,_RNCNvNtNtNtCs3MaxXkBTHIX_11iris_engine8geometry12root_finding5tests22__test_newton_quadratic0B9_
FNDA:658,_RNCNvNtNtNtCs3MaxXkBTHIX_11iris_engine8geometry12root_finding5tests22__test_newton_quadratics_0B9_
FNDA:1161,_RNCNvNtNtNtCs3MaxXkBTHIX_11iris_engine8geometry12root_finding5tests18__test_newton_cubic0B9_
FNDA:799,_RNCNvNtNtNtCs3MaxXkBTHIX_11iris_engine8geometry12root_finding5tests18__test_newton_cubics_0B9_
FNDA:256,_RINvNtNtNtCs3MaxXkBTHIX_11iris_engine8geometry12root_finding5tests18test_newton_methodNCNvB2_18__test_newton_cubic0NCB1o_s_0EB8_
FNDA:256,_RINvNtNtNtCs3MaxXkBTHIX_11iris_engine8geometry12root_finding5tests18test_newton_methodNCNvB2_22__test_newton_quadratic0NCB1o_s_0EB8_
FNDA:3,_RNCNvNtNtNtCs3MaxXkBTHIX_11iris_engine8geometry12root_finding5testss_22test_newton_method_log0B9_
FNDA:2,_RNCNvNtNtNtCs3MaxXkBTHIX_11iris_engine8geometry12root_finding5testss_22test_newton_method_logs_0B9_
FNDA:7,_RNCNvNtNtNtCs3MaxXkBTHIX_11iris_engine8geometry12root_finding5testss_25test_bisection_method_log0B9_
FNDA:1536,_RINvNtNtCs3MaxXkBTHIX_11iris_engine8geometry12root_finding12roots_to_vecdEB6_
FNDA:774,_RINvNtNtCs3MaxXkBTHIX_11iris_engine8geometry12root_finding12roots_to_vecfEB6_
FNDA:256,_RINvNtNtCs3MaxXkBTHIX_11iris_engine8geometry12root_finding12solve_lineardEB6_
FNDA:512,_RINvNtNtCs3MaxXkBTHIX_11iris_engine8geometry12root_finding15solve_quadraticdEB6_
FNDA:774,_RINvNtNtCs3MaxXkBTHIX_11iris_engine8geometry12root_finding15solve_quadraticfEB6_
FNDA:512,_RINvNtNtCs3MaxXkBTHIX_11iris_engine8geometry12root_finding11solve_cubicdEB6_
FNDA:256,_RINvNtNtCs3MaxXkBTHIX_11iris_engine8geometry12root_finding13solve_quarticdEB6_
FNDA:1,_RINvNtNtCs3MaxXkBTHIX_11iris_engine8geometry12root_finding13newton_methodNCNvNtB2_5testss_22test_newton_method_log0NCB1b_s_0EB6_
FNDA:362,_RINvNtNtCs3MaxXkBTHIX_11iris_engine8geometry12root_finding13newton_methodRNCNvNtB2_5tests18__test_newton_cubic0RNCB1c_s_0EB6_
FNDA:324,_RINvNtNtCs3MaxXkBTHIX_11iris_engine8geometry12root_finding13newton_methodRNCNvNtB2_5tests22__test_newton_quadratic0RNCB1c_s_0EB6_
FNDA:1,_RINvNtNtCs3MaxXkBTHIX_11iris_engine8geometry12root_finding12brent_methodNCNvNtB2_5testss_25test_bisection_method_log0EB6_
FNF:27
FNH:27
DA:8,2310
DA:9,2310
DA:10,954
DA:11,645
DA:12,578
DA:13,123
DA:14,10
DA:16,2310
DA:20,256
DA:21,256
DA:22,256
DA:23,256
DA:27,1286
DA:28,1286
DA:29,1286
DA:30,1286
DA:34,512
DA:35,512
DA:36,512
DA:37,512
DA:41,256
DA:42,256
DA:43,256
DA:44,256
DA:46,687
DA:47,687
DA:48,687
DA:49,687
DA:50,687
DA:51,687
DA:52,687
DA:53,687
DA:54,687
DA:55,687
DA:56,687
DA:57,687
DA:58,687
DA:59,687
DA:60,687
DA:61,687
DA:62,687
DA:63,1
DA:64,1
DA:65,1
DA:66,1
DA:67,1
DA:68,1
DA:69,1
DA:70,1
DA:71,1
DA:72,1
DA:73,1
DA:74,1
DA:75,1
DA:76,1
DA:77,1
DA:78,1
DA:79,1
DA:131,256
DA:132,256
DA:133,256
DA:134,256
DA:136,512
DA:137,256
DA:139,256
DA:141,256
DA:142,256
DA:143,256
DA:144,336
DA:145,336
DA:146,336
DA:147,336
DA:148,592
DA:149,336
DA:151,256
DA:154,256
DA:155,256
DA:156,396
DA:157,396
DA:158,396
DA:159,396
DA:160,396
DA:161,652
DA:162,396
DA:164,256
DA:166,256
DA:167,256
DA:168,398
DA:169,398
DA:170,398
DA:171,398
DA:172,398
DA:173,398
DA:174,654
DA:175,398
DA:177,256
DA:200,256
DA:201,256
DA:202,982
DA:203,982
DA:204,982
DA:205,982
DA:206,658
DA:207,256
DA:208,256
DA:210,256
DA:211,256
DA:212,1161
DA:213,1161
DA:214,1161
DA:215,1161
DA:216,1161
DA:217,799
DA:218,799
DA:219,799
DA:220,799
DA:221,256
DA:222,256
DA:224,512
DA:225,512
DA:226,512
DA:227,512
DA:228,512
DA:229,512
DA:230,512
DA:231,1198
DA:232,686
DA:233,686
DA:234,686
DA:236,512
DA:239,1
DA:240,3
DA:241,2
DA:242,1
DA:243,1
DA:244,1
DA:246,1
DA:247,7
DA:248,1
DA:249,1
DA:250,1
BRF:0
BRH:0
LF:152
LH:152
end_of_record
SF:D:\rust\iris-engine\src\geometry\shapes.rs
FN:39,_RNvXs_NtNtCs3MaxXkBTHIX_11iris_engine8geometry6shapesNtB4_8TriangleNtNtNtB8_8renderer4mesh8Meshable4mesh
FN:76,_RNvXs1_NtNtCs3MaxXkBTHIX_11iris_engine8geometry6shapesNtB5_6CuboidNtNtNtB9_8renderer4mesh8Meshable4mesh
FN:113,_RNCNvXs1_NtNtCs3MaxXkBTHIX_11iris_engine8geometry6shapesNtB7_6CuboidNtNtNtBb_8renderer4mesh8Meshable4mesh0Bb_
FN:114,_RNCNvXs1_NtNtCs3MaxXkBTHIX_11iris_engine8geometry6shapesNtB7_6CuboidNtNtNtBb_8renderer4mesh8Meshable4meshs_0Bb_
FN:140,_RNvMs2_NtNtCs3MaxXkBTHIX_11iris_engine8geometry6shapesNtB5_6Sphere6normal
FN:145,_RNvMs2_NtNtCs3MaxXkBTHIX_11iris_engine8geometry6shapesNtB5_6Sphere8equation
FN:149,_RNvMs2_NtNtCs3MaxXkBTHIX_11iris_engine8geometry6shapesNtB5_6Sphere8gradient
FN:169,_RNvMs3_NtNtCs3MaxXkBTHIX_11iris_engine8geometry6shapesNtB5_9Ellipsoid8gradient
FN:174,_RNvMs3_NtNtCs3MaxXkBTHIX_11iris_engine8geometry6shapesNtB5_9Ellipsoid6normal
FN:203,_RNvMs4_NtNtCs3MaxXkBTHIX_11iris_engine8geometry6shapesNtB5_8Cylinder8gradient
FN:217,_RNvMs4_NtNtCs3MaxXkBTHIX_11iris_engine8geometry6shapesNtB5_8Cylinder6normal
FN:15,_RNvMNtNtCs3MaxXkBTHIX_11iris_engine8geometry6shapesNtB2_8Triangle3new
FN:19,_RNvMNtNtCs3MaxXkBTHIX_11iris_engine8geometry6shapesNtB2_8Triangle6normal
FN:23,_RNvMNtNtCs3MaxXkBTHIX_11iris_engine8geometry6shapesNtB2_8Triangle18is_inside_triangle
FN:55,_RNvMs0_NtNtCs3MaxXkBTHIX_11iris_engine8geometry6shapesNtB5_6Cuboid3new
FN:59,_RNvMs0_NtNtCs3MaxXkBTHIX_11iris_engine8geometry6shapesNtB5_6Cuboid19is_point_on_surface
FN:68,_RNvMs0_NtNtCs3MaxXkBTHIX_11iris_engine8geometry6shapesNtB5_6Cuboid15is_point_inside
FN:135,_RNvMs2_NtNtCs3MaxXkBTHIX_11iris_engine8geometry6shapesNtB5_6Sphere3new
FN:161,_RNvMs3_NtNtCs3MaxXkBTHIX_11iris_engine8geometry6shapesNtB5_9Ellipsoid3new
FN:165,_RNvMs3_NtNtCs3MaxXkBTHIX_11iris_engine8geometry6shapesNtB5_9Ellipsoid8equation
FN:189,_RNvMs4_NtNtCs3MaxXkBTHIX_11iris_engine8geometry6shapesNtB5_8Cylinder3new
FN:197,_RNvMs4_NtNtCs3MaxXkBTHIX_11iris_engine8geometry6shapesNtB5_8Cylinder8equation
FNDA:0,_RNvXs_NtNtCs3MaxXkBTHIX_11iris_engine8geometry6shapesNtB4_8TriangleNtNtNtB8_8renderer4mesh8Meshable4mesh
FNDA:0,_RNvXs1_NtNtCs3MaxXkBTHIX_11iris_engine8geometry6shapesNtB5_6CuboidNtNtNtB9_8renderer4mesh8Meshable4mesh
FNDA:0,_RNCNvXs1_NtNtCs3MaxXkBTHIX_11iris_engine8geometry6shapesNtB7_6CuboidNtNtNtBb_8renderer4mesh8Meshable4mesh0Bb_
FNDA:0,_RNCNvXs1_NtNtCs3MaxXkBTHIX_11iris_engine8geometry6shapesNtB7_6CuboidNtNtNtBb_8renderer4mesh8Meshable4meshs_0Bb_
FNDA:0,_RNvMs2_NtNtCs3MaxXkBTHIX_11iris_engine8geometry6shapesNtB5_6Sphere6normal
FNDA:0,_RNvMs2_NtNtCs3MaxXkBTHIX_11iris_engine8geometry6shapesNtB5_6Sphere8equation
FNDA:0,_RNvMs2_NtNtCs3MaxXkBTHIX_11iris_engine8geometry6shapesNtB5_6Sphere8gradient
FNDA:0,_RNvMs3_NtNtCs3MaxXkBTHIX_11iris_engine8geometry6shapesNtB5_9Ellipsoid8gradient
FNDA:0,_RNvMs3_NtNtCs3MaxXkBTHIX_11iris_engine8geometry6shapesNtB5_9Ellipsoid6normal
FNDA:0,_RNvMs4_NtNtCs3MaxXkBTHIX_11iris_engine8geometry6shapesNtB5_8Cylinder8gradient
FNDA:0,_RNvMs4_NtNtCs3MaxXkBTHIX_11iris_engine8geometry6shapesNtB5_8Cylinder6normal
FNDA:256,_RNvMNtNtCs3MaxXkBTHIX_11iris_engine8geometry6shapesNtB2_8Triangle3new
FNDA:274,_RNvMNtNtCs3MaxXkBTHIX_11iris_engine8geometry6shapesNtB2_8Triangle6normal
FNDA:135,_RNvMNtNtCs3MaxXkBTHIX_11iris_engine8geometry6shapesNtB2_8Triangle18is_inside_triangle
FNDA:256,_RNvMs0_NtNtCs3MaxXkBTHIX_11iris_engine8geometry6shapesNtB5_6Cuboid3new
FNDA:226,_RNvMs0_NtNtCs3MaxXkBTHIX_11iris_engine8geometry6shapesNtB5_6Cuboid19is_point_on_surface
FNDA:456,_RNvMs0_NtNtCs3MaxXkBTHIX_11iris_engine8geometry6shapesNtB5_6Cuboid15is_point_inside
FNDA:256,_RNvMs2_NtNtCs3MaxXkBTHIX_11iris_engine8geometry6shapesNtB5_6Sphere3new
FNDA:256,_RNvMs3_NtNtCs3MaxXkBTHIX_11iris_engine8geometry6shapesNtB5_9Ellipsoid3new
FNDA:3,_RNvMs3_NtNtCs3MaxXkBTHIX_11iris_engine8geometry6shapesNtB5_9Ellipsoid8equation
FNDA:256,_RNvMs4_NtNtCs3MaxXkBTHIX_11iris_engine8geometry6shapesNtB5_8Cylinder3new
FNDA:2,_RNvMs4_NtNtCs3MaxXkBTHIX_11iris_engine8geometry6shapesNtB5_8Cylinder8equation
FNF:22
FNH:11
DA:15,256
DA:16,256
DA:17,256
DA:19,274
DA:20,274
DA:21,274
DA:23,135
DA:24,135
DA:25,135
DA:26,135
DA:27,135
DA:28,135
DA:29,135
DA:30,135
DA:31,135
DA:32,135
DA:33,135
DA:34,135
DA:35,135
DA:36,135
DA:39,0
DA:40,0
DA:41,0
DA:42,0
DA:43,0
DA:44,0
DA:45,0
DA:55,256
DA:56,256
DA:57,256
DA:59,226
DA:60,226
DA:61,166
DA:62,105
DA:63,78
DA:64,38
DA:65,21
DA:66,226
DA:68,456
DA:69,456
DA:70,206
DA:71,74
DA:72,456
DA:76,0
DA:77,0
DA:78,0
DA:79,0
DA:80,0
DA:81,0
DA:82,0
DA:83,0
DA:84,0
DA:85,0
DA:86,0
DA:87,0
DA:88,0
DA:89,0
DA:90,0
DA:91,0
DA:92,0
DA:93,0
DA:94,0
DA:95,0
DA:96,0
DA:97,0
DA:98,0
DA:99,0
DA:100,0
DA:101,0
DA:102,0
DA:103,0
DA:104,0
DA:105,0
DA:106,0
DA:107,0
DA:108,0
DA:109,0
DA:110,0
DA:111,0
DA:112,0
DA:113,0
DA:114,0
DA:115,0
DA:116,0
DA:117,0
DA:118,0
DA:119,0
DA:120,0
DA:121,0
DA:122,0
DA:123,0
DA:124,0
DA:125,0
DA:135,256
DA:136,256
DA:137,256
DA:140,0
DA:141,0
DA:142,0
DA:143,0
DA:145,0
DA:146,0
DA:147,0
DA:149,0
DA:150,0
DA:151,0
DA:161,256
DA:162,256
DA:163,256
DA:165,3
DA:166,3
DA:167,3
DA:169,0
DA:170,0
DA:171,0
DA:174,0
DA:175,0
DA:176,0
DA:177,0
DA:189,256
DA:190,256
DA:191,256
DA:192,256
DA:193,256
DA:194,256
DA:195,256
DA:197,2
DA:198,2
DA:199,2
DA:200,2
DA:201,2
DA:203,0
DA:204,0
DA:205,0
DA:206,0
DA:207,0
DA:208,0
DA:209,0
DA:210,0
DA:212,0
DA:214,0
DA:217,0
DA:218,0
DA:219,0
DA:220,0
BRF:0
BRH:0
LF:147
LH:57
end_of_record
SF:D:\rust\iris-engine\src\renderer\app.rs
FN:18,_RNvYpNtNtNtCs3MaxXkBTHIX_11iris_engine8renderer3app3App17optional_featuresB9_
FN:23,_RNvYpNtNtNtCs3MaxXkBTHIX_11iris_engine8renderer3app3App17required_featuresB9_
FN:28,_RNvYpNtNtNtCs3MaxXkBTHIX_11iris_engine8renderer3app3App31required_downlevel_capabilitiesB9_
FN:36,_RNvYpNtNtNtCs3MaxXkBTHIX_11iris_engine8renderer3app3App15required_limitsB9_
FN:69,_RNvMNtNtCs3MaxXkBTHIX_11iris_engine8renderer3appNtB2_14SurfaceWrapper3new
FN:81,_RNvMNtNtCs3MaxXkBTHIX_11iris_engine8renderer3appNtB2_14SurfaceWrapper6resume
FN:115,_RNvMNtNtCs3MaxXkBTHIX_11iris_engine8renderer3appNtB2_14SurfaceWrapper6resize
FN:126,_RNvMNtNtCs3MaxXkBTHIX_11iris_engine8renderer3appNtB2_14SurfaceWrapper7acquire
FN:153,_RNvMNtNtCs3MaxXkBTHIX_11iris_engine8renderer3appNtB2_14SurfaceWrapper7suspend
FN:159,_RNvMNtNtCs3MaxXkBTHIX_11iris_engine8renderer3appNtB2_14SurfaceWrapper3get
FN:163,_RNvMNtNtCs3MaxXkBTHIX_11iris_engine8renderer3appNtB2_14SurfaceWrapper6config
FN:177,_RINvMs_NtNtCs3MaxXkBTHIX_11iris_engine8renderer3appNtB5_10AppContext10init_asyncpEB9_
FN:177,_RNCINvMs_NtNtCs3MaxXkBTHIX_11iris_engine8renderer3appNtB7_10AppContext10init_asyncpE0Bb_
FN:255,_RNvMs0_NtNtCs3MaxXkBTHIX_11iris_engine8renderer3appNtB5_12FrameCounter3new
FN:262,_RNvMs0_NtNtCs3MaxXkBTHIX_11iris_engine8renderer3appNtB5_12FrameCounter6update
FN:287,_RNvMs1_NtNtCs3MaxXkBTHIX_11iris_engine8renderer3appINtB5_10AppHandlerpE3newB9_
FN:298,_RNvXININtNtCs3MaxXkBTHIX_11iris_engine8renderer3apps2_0pEINtB5_10AppHandlerpENtNtCs5EV0p7NXmZB_5winit11application18ApplicationHandler7resumedB9_
FN:318,_RNvXININtNtCs3MaxXkBTHIX_11iris_engine8renderer3apps2_0pEINtB5_10AppHandlerpENtNtCs5EV0p7NXmZB_5winit11application18ApplicationHandler9suspendedB9_
FN:322,_RNvXININtNtCs3MaxXkBTHIX_11iris_engine8renderer3apps2_0pEINtB5_10AppHandlerpENtNtCs5EV0p7NXmZB_5winit11application18ApplicationHandler12window_eventB9_
FN:385,_RINvNtNtCs3MaxXkBTHIX_11iris_engine8renderer3app5startpEB6_
FN:385,_RNCINvNtNtCs3MaxXkBTHIX_11iris_engine8renderer3app5startpE0B8_
FN:395,_RINvNtNtCs3MaxXkBTHIX_11iris_engine8renderer3app3runpEB6_
FNDA:0,_RNvYpNtNtNtCs3MaxXkBTHIX_11iris_engine8renderer3app3App17optional_featuresB9_
FNDA:0,_RNvYpNtNtNtCs3MaxXkBTHIX_11iris_engine8renderer3app3App17required_featuresB9_
FNDA:0,_RNvYpNtNtNtCs3MaxXkBTHIX_11iris_engine8renderer3app3App31required_downlevel_capabilitiesB9_
FNDA:0,_RNvYpNtNtNtCs3MaxXkBTHIX_11iris_engine8renderer3app3App15required_limitsB9_
FNDA:0,_RNvMNtNtCs3MaxXkBTHIX_11iris_engine8renderer3appNtB2_14SurfaceWrapper3new
FNDA:0,_RNvMNtNtCs3MaxXkBTHIX_11iris_engine8renderer3appNtB2_14SurfaceWrapper6resume
FNDA:0,_RNvMNtNtCs3MaxXkBTHIX_11iris_engine8renderer3appNtB2_14SurfaceWrapper6resize
FNDA:0,_RNvMNtNtCs3MaxXkBTHIX_11iris_engine8renderer3appNtB2_14SurfaceWrapper7acquire
FNDA:0,_RNvMNtNtCs3MaxXkBTHIX_11iris_engine8renderer3appNtB2_14SurfaceWrapper7suspend
FNDA:0,_RNvMNtNtCs3MaxXkBTHIX_11iris_engine8renderer3appNtB2_14SurfaceWrapper3get
FNDA:0,_RNvMNtNtCs3MaxXkBTHIX_11iris_engine8renderer3appNtB2_14SurfaceWrapper6config
FNDA:0,_RINvMs_NtNtCs3MaxXkBTHIX_11iris_engine8renderer3appNtB5_10AppContext10init_asyncpEB9_
FNDA:0,_RNCINvMs_NtNtCs3MaxXkBTHIX_11iris_engine8renderer3appNtB7_10AppContext10init_asyncpE0Bb_
FNDA:0,_RNvMs0_NtNtCs3MaxXkBTHIX_11iris_engine8renderer3appNtB5_12FrameCounter3new
FNDA:0,_RNvMs0_NtNtCs3MaxXkBTHIX_11iris_engine8renderer3appNtB5_12FrameCounter6update
FNDA:0,_RNvMs1_NtNtCs3MaxXkBTHIX_11iris_engine8renderer3appINtB5_10AppHandlerpE3newB9_
FNDA:0,_RNvXININtNtCs3MaxXkBTHIX_11iris_engine8renderer3apps2_0pEINtB5_10AppHandlerpENtNtCs5EV0p7NXmZB_5winit11application18ApplicationHandler7resumedB9_
FNDA:0,_RNvXININtNtCs3MaxXkBTHIX_11iris_engine8renderer3apps2_0pEINtB5_10AppHandlerpENtNtCs5EV0p7NXmZB_5winit11application18ApplicationHandler9suspendedB9_
FNDA:0,_RNvXININtNtCs3MaxXkBTHIX_11iris_engine8renderer3apps2_0pEINtB5_10AppHandlerpENtNtCs5EV0p7NXmZB_5winit11application18ApplicationHandler12window_eventB9_
FNDA:0,_RINvNtNtCs3MaxXkBTHIX_11iris_engine8renderer3app5startpEB6_
FNDA:0,_RNCINvNtNtCs3MaxXkBTHIX_11iris_engine8renderer3app5startpE0B8_
FNDA:0,_RINvNtNtCs3MaxXkBTHIX_11iris_engine8renderer3app3runpEB6_
FNF:22
FNH:0
DA:18,0
DA:19,0
DA:20,0
DA:23,0
DA:24,0
DA:25,0
DA:28,0
DA:29,0
DA:30,0
DA:31,0
DA:32,0
DA:33,0
DA:36,0
DA:37,0
DA:38,0
DA:69,0
DA:70,0
DA:71,0
DA:72,0
DA:73,0
DA:74,0
DA:81,0
DA:82,0
DA:83,0
DA:84,0
DA:85,0
DA:86,0
DA:87,0
DA:90,0
DA:91,0
DA:92,0
DA:93,0
DA:94,0
DA:95,0
DA:96,0
DA:97,0
DA:98,0
DA:99,0
DA:100,0
DA:101,0
DA:102,0
DA:103,0
DA:104,0
DA:105,0
DA:106,0
DA:107,0
DA:108,0
DA:110,0
DA:111,0
DA:112,0
DA:115,0
DA:116,0
DA:118,0
DA:119,0
DA:120,0
DA:121,0
DA:122,0
DA:123,0
DA:126,0
DA:127,0
DA:128,0
DA:129,0
DA:130,0
DA:132,0
DA:133,0
DA:134,0
DA:142,0
DA:143,0
DA:144,0
DA:145,0
DA:148,0
DA:153,0
DA:154,0
DA:155,0
DA:156,0
DA:157,0
DA:159,0
DA:160,0
DA:161,0
DA:163,0
DA:164,0
DA:165,0
DA:177,0
DA:178,0
DA:180,0
DA:181,0
DA:182,0
DA:183,0
DA:184,0
DA:185,0
DA:186,0
DA:187,0
DA:188,0
DA:189,0
DA:191,0
DA:192,0
DA:193,0
DA:194,0
DA:195,0
DA:196,0
DA:198,0
DA:199,0
DA:200,0
DA:201,0
DA:202,0
DA:203,0
DA:204,0
DA:207,0
DA:208,0
DA:209,0
DA:210,0
DA:211,0
DA:214,0
DA:215,0
DA:216,0
DA:217,0
DA:218,0
DA:219,0
DA:223,0
DA:224,0
DA:225,0
DA:226,0
DA:227,0
DA:228,0
DA:229,0
DA:230,0
DA:231,0
DA:232,0
DA:233,0
DA:234,0
DA:235,0
DA:236,0
DA:237,0
DA:238,0
DA:239,0
DA:240,0
DA:241,0
DA:242,0
DA:243,0
DA:244,0
DA:255,0
DA:256,0
DA:257,0
DA:258,0
DA:259,0
DA:260,0
DA:262,0
DA:263,0
DA:264,0
DA:265,0
DA:266,0
DA:267,0
DA:268,0
DA:269,0
DA:270,0
DA:272,0
DA:273,0
DA:274,0
DA:275,0
DA:287,0
DA:288,0
DA:289,0
DA:290,0
DA:291,0
DA:292,0
DA:293,0
DA:294,0
DA:295,0
DA:298,0
DA:299,0
DA:300,0
DA:301,0
DA:302,0
DA:303,0
DA:304,0
DA:305,0
DA:306,0
DA:307,0
DA:308,0
DA:309,0
DA:310,0
DA:311,0
DA:312,0
DA:313,0
DA:314,0
DA:315,0
DA:316,0
DA:318,0
DA:319,0
DA:320,0
DA:322,0
DA:323,0
DA:324,0
DA:325,0
DA:326,0
DA:327,0
DA:328,0
DA:329,0
DA:330,0
DA:331,0
DA:332,0
DA:333,0
DA:334,0
DA:335,0
DA:336,0
DA:337,0
DA:338,0
DA:339,0
DA:340,0
DA:341,0
DA:350,0
DA:351,0
DA:352,0
DA:359,0
DA:360,0
DA:361,0
DA:362,0
DA:363,0
DA:364,0
DA:365,0
DA:366,0
DA:367,0
DA:368,0
DA:369,0
DA:370,0
DA:371,0
DA:372,0
DA:373,0
DA:374,0
DA:375,0
DA:376,0
DA:377,0
DA:378,0
DA:380,0
DA:382,0
DA:385,0
DA:386,0
DA:387,0
DA:388,0
DA:389,0
DA:390,0
DA:391,0
DA:392,0
DA:393,0
DA:395,0
DA:396,0
DA:397,0
BRF:0
BRH:0
LF:249
LH:0
end_of_record
SF:D:\rust\iris-engine\src\renderer\color.rs
FN:31,_RNCNvXNtNtCs3MaxXkBTHIX_11iris_engine8renderer5colorNtB4_5ColorNtNtNtCs5WQ0CCnJ2q7_6encase4core6traits10ShaderType21UNIFORM_COMPAT_ASSERT0B8_
FN:35,_RINvXs_NtNtCs3MaxXkBTHIX_11iris_engine8renderer5colorNtB5_5ColorNtNtNtCs5WQ0CCnJ2q7_6encase4core6traits9WriteInto10write_intopEB9_
FN:43,_RINvXs0_NtNtCs3MaxXkBTHIX_11iris_engine8renderer5colorNtB6_5ColorNtNtNtCs5WQ0CCnJ2q7_6encase4core6traits8ReadFrom9read_frompEBa_
FN:63,_RINvXs2_NtNtCs3MaxXkBTHIX_11iris_engine8renderer5colorNtB6_5ColorNtNtNtCs5WQ0CCnJ2q7_6encase4core6traits10CreateFrom11create_frompEBa_
FN:79,_RNvMs3_NtNtCs3MaxXkBTHIX_11iris_engine8renderer5colorNtB5_5Color3new
FN:87,_RNvXs4_NtNtCs3MaxXkBTHIX_11iris_engine8renderer5colorNtB5_5ColorNtNtNtCsRCAB2vc60q_4core3ops5arith3Mul3mul
FN:96,_RNvXs5_NtNtCs3MaxXkBTHIX_11iris_engine8renderer5colorNtB5_5ColorNtNtNtCsRCAB2vc60q_4core3ops5arith9MulAssign10mul_assign
FN:101,_RNvXs6_NtNtCs3MaxXkBTHIX_11iris_engine8renderer5colorNtB5_5ColorNtNtNtCsRCAB2vc60q_4core3ops5arith9AddAssign10add_assign
FN:108,_RNvXs7_NtNtCs3MaxXkBTHIX_11iris_engine8renderer5colorNtB5_5ColorNtNtNtCsRCAB2vc60q_4core3ops5arith3Add3add
FN:120,_RNvXs8_NtNtCs3MaxXkBTHIX_11iris_engine8renderer5colorNtB5_5ColorINtNtNtCsRCAB2vc60q_4core3ops5arith3MulfE3mul
FN:131,_RNvXs9_NtNtCs3MaxXkBTHIX_11iris_engine8renderer5colorfINtNtNtCsRCAB2vc60q_4core3ops5arith3MulNtB5_5ColorE3mul
FNDA:0,_RNCNvXNtNtCs3MaxXkBTHIX_11iris_engine8renderer5colorNtB4_5ColorNtNtNtCs5WQ0CCnJ2q7_6encase4core6traits10ShaderType21UNIFORM_COMPAT_ASSERT0B8_
FNDA:0,_RINvXs_NtNtCs3MaxXkBTHIX_11iris_engine8renderer5colorNtB5_5ColorNtNtNtCs5WQ0CCnJ2q7_6encase4core6traits9WriteInto10write_intopEB9_
FNDA:0,_RINvXs0_NtNtCs3MaxXkBTHIX_11iris_engine8renderer5colorNtB6_5ColorNtNtNtCs5WQ0CCnJ2q7_6encase4core6traits8ReadFrom9read_frompEBa_
FNDA:0,_RINvXs2_NtNtCs3MaxXkBTHIX_11iris_engine8renderer5colorNtB6_5ColorNtNtNtCs5WQ0CCnJ2q7_6encase4core6traits10CreateFrom11create_frompEBa_
FNDA:0,_RNvMs3_NtNtCs3MaxXkBTHIX_11iris_engine8renderer5colorNtB5_5Color3new
FNDA:0,_RNvXs4_NtNtCs3MaxXkBTHIX_11iris_engine8renderer5colorNtB5_5ColorNtNtNtCsRCAB2vc60q_4core3ops5arith3Mul3mul
FNDA:0,_RNvXs5_NtNtCs3MaxXkBTHIX_11iris_engine8renderer5colorNtB5_5ColorNtNtNtCsRCAB2vc60q_4core3ops5arith9MulAssign10mul_assign
FNDA:0,_RNvXs6_NtNtCs3MaxXkBTHIX_11iris_engine8renderer5colorNtB5_5ColorNtNtNtCsRCAB2vc60q_4core3ops5arith9AddAssign10add_assign
FNDA:0,_RNvXs7_NtNtCs3MaxXkBTHIX_11iris_engine8renderer5colorNtB5_5ColorNtNtNtCsRCAB2vc60q_4core3ops5arith3Add3add
FNDA:0,_RNvXs8_NtNtCs3MaxXkBTHIX_11iris_engine8renderer5colorNtB5_5ColorINtNtNtCsRCAB2vc60q_4core3ops5arith3MulfE3mul
FNDA:0,_RNvXs9_NtNtCs3MaxXkBTHIX_11iris_engine8renderer5colorfINtNtNtCsRCAB2vc60q_4core3ops5arith3MulNtB5_5ColorE3mul
FNF:11
FNH:0
DA:31,0
DA:35,0
DA:36,0
DA:37,0
DA:38,0
DA:39,0
DA:43,0
DA:44,0
DA:45,0
DA:46,0
DA:47,0
DA:48,0
DA:49,0
DA:50,0
DA:52,0
DA:53,0
DA:54,0
DA:55,0
DA:56,0
DA:57,0
DA:63,0
DA:64,0
DA:65,0
DA:66,0
DA:67,0
DA:68,0
DA:69,0
DA:70,0
DA:71,0
DA:72,0
DA:73,0
DA:79,0
DA:80,0
DA:81,0
DA:87,0
DA:88,0
DA:89,0
DA:90,0
DA:91,0
DA:92,0
DA:93,0
DA:96,0
DA:97,0
DA:98,0
DA:101,0
DA:102,0
DA:103,0
DA:108,0
DA:109,0
DA:110,0
DA:111,0
DA:112,0
DA:113,0
DA:114,0
DA:120,0
DA:121,0
DA:122,0
DA:123,0
DA:124,0
DA:125,0
DA:126,0
DA:131,0
DA:132,0
DA:133,0
BRF:0
BRH:0
LF:64
LH:0
end_of_record
SF:D:\rust\iris-engine\src\renderer\light.rs
FN:8,_RNvNCNvNtNtCs3MaxXkBTHIX_11iris_engine8renderer5light1__05check
FN:8,_RINvNvNCNvNtNtCs3MaxXkBTHIX_11iris_engine8renderer5light1__05check11assert_implpEBc_
FN:9,_RNvNCNvNtNtCs3MaxXkBTHIX_11iris_engine8renderer5lights_1__05check
FN:9,_RINvNvNCNvNtNtCs3MaxXkBTHIX_11iris_engine8renderer5lights_1__05check11assert_implpEBc_
FN:6,_RNCNvXs4_NtNtCs3MaxXkBTHIX_11iris_engine8renderer5lightNtB7_16DirectionalLightNtNtNtCs5WQ0CCnJ2q7_6encase4core6traits10ShaderType21UNIFORM_COMPAT_ASSERT0Bb_
FN:6,_RNvXs4_NtNtCs3MaxXkBTHIX_11iris_engine8renderer5lightNtB5_16DirectionalLightNtNtNtCs5WQ0CCnJ2q7_6encase4core6traits10ShaderType4size
FN:6,_RINvXs5_NtNtCs3MaxXkBTHIX_11iris_engine8renderer5lightNtB6_16DirectionalLightNtNtNtCs5WQ0CCnJ2q7_6encase4core6traits9WriteInto10write_intopEBa_
FN:6,_RINvXs6_NtNtCs3MaxXkBTHIX_11iris_engine8renderer5lightNtB6_16DirectionalLightNtNtNtCs5WQ0CCnJ2q7_6encase4core6traits8ReadFrom9read_frompEBa_
FN:6,_RINvXs7_NtNtCs3MaxXkBTHIX_11iris_engine8renderer5lightNtB6_16DirectionalLightNtNtNtCs5WQ0CCnJ2q7_6encase4core6traits10CreateFrom11create_frompEBa_
FN:14,_RNvMNtNtCs3MaxXkBTHIX_11iris_engine8renderer5lightNtB2_16DirectionalLight3new
FN:21,_RNvNCNvNtNtCs3MaxXkBTHIX_11iris_engine8renderer5lights0_1__05check
FN:21,_RINvNvNCNvNtNtCs3MaxXkBTHIX_11iris_engine8renderer5lights0_1__05check11assert_implpEBc_
FN:22,_RNvNCNvNtNtCs3MaxXkBTHIX_11iris_engine8renderer5lights1_1__05check
FN:22,_RINvNvNCNvNtNtCs3MaxXkBTHIX_11iris_engine8renderer5lights1_1__05check11assert_implpEBc_
FN:23,_RNvNCNvNtNtCs3MaxXkBTHIX_11iris_engine8renderer5lights2_1__05check
FN:23,_RINvNvNCNvNtNtCs3MaxXkBTHIX_11iris_engine8renderer5lights2_1__05check11assert_implpEBc_
FN:24,_RNvNCNvNtNtCs3MaxXkBTHIX_11iris_engine8renderer5lights3_1__05check
FN:24,_RINvNvNCNvNtNtCs3MaxXkBTHIX_11iris_engine8renderer5lights3_1__05check11assert_implpEBc_
FN:19,_RNCNvXsc_NtNtCs3MaxXkBTHIX_11iris_engine8renderer5lightNtB7_10PointLightNtNtNtCs5WQ0CCnJ2q7_6encase4core6traits10ShaderType21UNIFORM_COMPAT_ASSERT0Bb_
FN:19,_RNvXsc_NtNtCs3MaxXkBTHIX_11iris_engine8renderer5lightNtB5_10PointLightNtNtNtCs5WQ0CCnJ2q7_6encase4core6traits10ShaderType4size
FN:19,_RINvXsd_NtNtCs3MaxXkBTHIX_11iris_engine8renderer5lightNtB6_10PointLightNtNtNtCs5WQ0CCnJ2q7_6encase4core6traits9WriteInto10write_intopEBa_
FN:19,_RINvXse_NtNtCs3MaxXkBTHIX_11iris_engine8renderer5lightNtB6_10PointLightNtNtNtCs5WQ0CCnJ2q7_6encase4core6traits8ReadFrom9read_frompEBa_
FN:19,_RINvXsf_NtNtCs3MaxXkBTHIX_11iris_engine8renderer5lightNtB6_10PointLightNtNtNtCs5WQ0CCnJ2q7_6encase4core6traits10CreateFrom11create_frompEBa_
FN:29,_RNvMs_NtNtCs3MaxXkBTHIX_11iris_engine8renderer5lightNtB4_10PointLight3new
FN:41,_RNvNCNvNtNtCs3MaxXkBTHIX_11iris_engine8renderer5lights4_1__05check
FN:41,_RINvNvNCNvNtNtCs3MaxXkBTHIX_11iris_engine8renderer5lights4_1__05check11assert_implpEBc_
FN:42,_RNvNCNvNtNtCs3MaxXkBTHIX_11iris_engine8renderer5lights5_1__05check
FN:42,_RINvNvNCNvNtNtCs3MaxXkBTHIX_11iris_engine8renderer5lights5_1__05check11assert_implpEBc_
FN:43,_RNvNCNvNtNtCs3MaxXkBTHIX_11iris_engine8renderer5lights6_1__05check
FN:43,_RINvNvNCNvNtNtCs3MaxXkBTHIX_11iris_engine8renderer5lights6_1__05check11assert_implpEBc_
FN:44,_RNvNCNvNtNtCs3MaxXkBTHIX_11iris_engine8renderer5lights7_1__05check
FN:44,_RINvNvNCNvNtNtCs3MaxXkBTHIX_11iris_engine8renderer5lights7_1__05check11assert_implpEBc_
FN:45,_RNvNCNvNtNtCs3MaxXkBTHIX_11iris_engine8renderer5lights8_1__05check
FN:45,_RINvNvNCNvNtNtCs3MaxXkBTHIX_11iris_engine8renderer5lights8_1__05check11assert_implpEBc_
FN:46,_RNvNCNvNtNtCs3MaxXkBTHIX_11iris_engine8renderer5lights9_1__05check
FN:46,_RINvNvNCNvNtNtCs3MaxXkBTHIX_11iris_engine8renderer5lights9_1__05check11assert_implpEBc_
FN:39,_RNCNvXsk_NtNtCs3MaxXkBTHIX_11iris_engine8renderer5lightNtB7_9SpotLightNtNtNtCs5WQ0CCnJ2q7_6encase4core6traits10ShaderType21UNIFORM_COMPAT_ASSERT0Bb_
FN:39,_RNvXsk_NtNtCs3MaxXkBTHIX_11iris_engine8renderer5lightNtB5_9SpotLightNtNtNtCs5WQ0CCnJ2q7_6encase4core6traits10ShaderType4size
FN:39,_RINvXsl_NtNtCs3MaxXkBTHIX_11iris_engine8renderer5lightNtB6_9SpotLightNtNtNtCs5WQ0CCnJ2q7_6encase4core6traits9WriteInto10write_intopEBa_
FN:39,_RINvXsm_NtNtCs3MaxXkBTHIX_11iris_engine8renderer5lightNtB6_9SpotLightNtNtNtCs5WQ0CCnJ2q7_6encase4core6traits8ReadFrom9read_frompEBa_
FN:39,_RINvXsn_NtNtCs3MaxXkBTHIX_11iris_engine8renderer5lightNtB6_9SpotLightNtNtNtCs5WQ0CCnJ2q7_6encase4core6traits10CreateFrom11create_frompEBa_
FN:51,_RNvMs0_NtNtCs3MaxXkBTHIX_11iris_engine8renderer5lightNtB5_9SpotLight3new
FN:70,_RNvMs0_NtNtCs3MaxXkBTHIX_11iris_engine8renderer5lightNtB5_9SpotLight22project_texture_matrix
FN:8,_RNCNvNtNtCs3MaxXkBTHIX_11iris_engine8renderer5light1__0B7_
FN:9,_RNCNvNtNtCs3MaxXkBTHIX_11iris_engine8renderer5lights_1__0B7_
FN:21,_RNCNvNtNtCs3MaxXkBTHIX_11iris_engine8renderer5lights0_1__0B7_
FN:22,_RNCNvNtNtCs3MaxXkBTHIX_11iris_engine8renderer5lights1_1__0B7_
FN:23,_RNCNvNtNtCs3MaxXkBTHIX_11iris_engine8renderer5lights2_1__0B7_
FN:24,_RNCNvNtNtCs3MaxXkBTHIX_11iris_engine8renderer5lights3_1__0B7_
FN:41,_RNCNvNtNtCs3MaxXkBTHIX_11iris_engine8renderer5lights4_1__0B7_
FN:42,_RNCNvNtNtCs3MaxXkBTHIX_11iris_engine8renderer5lights5_1__0B7_
FN:43,_RNCNvNtNtCs3MaxXkBTHIX_11iris_engine8renderer5lights6_1__0B7_
FN:44,_RNCNvNtNtCs3MaxXkBTHIX_11iris_engine8renderer5lights7_1__0B7_
FN:45,_RNCNvNtNtCs3MaxXkBTHIX_11iris_engine8renderer5lights8_1__0B7_
FN:46,_RNCNvNtNtCs3MaxXkBTHIX_11iris_engine8renderer5lights9_1__0B7_
FNDA:0,_RNvNCNvNtNtCs3MaxXkBTHIX_11iris_engine8renderer5light1__05check
FNDA:0,_RINvNvNCNvNtNtCs3MaxXkBTHIX_11iris_engine8renderer5light1__05check11assert_implpEBc_
FNDA:0,_RNvNCNvNtNtCs3MaxXkBTHIX_11iris_engine8renderer5lights_1__05check
FNDA:0,_RINvNvNCNvNtNtCs3MaxXkBTHIX_11iris_engine8renderer5lights_1__05check11assert_implpEBc_
FNDA:0,_RNCNvXs4_NtNtCs3MaxXkBTHIX_11iris_engine8renderer5lightNtB7_16DirectionalLightNtNtNtCs5WQ0CCnJ2q7_6encase4core6traits10ShaderType21UNIFORM_COMPAT_ASSERT0Bb_
FNDA:0,_RNvXs4_NtNtCs3MaxXkBTHIX_11iris_engine8renderer5lightNtB5_16DirectionalLightNtNtNtCs5WQ0CCnJ2q7_6encase4core6traits10ShaderType4size
FNDA:0,_RINvXs5_NtNtCs3MaxXkBTHIX_11iris_engine8renderer5lightNtB6_16DirectionalLightNtNtNtCs5WQ0CCnJ2q7_6encase4core6traits9WriteInto10write_intopEBa_
FNDA:0,_RINvXs6_NtNtCs3MaxXkBTHIX_11iris_engine8renderer5lightNtB6_16DirectionalLightNtNtNtCs5WQ0CCnJ2q7_6encase4core6traits8ReadFrom9read_frompEBa_
FNDA:0,_RINvXs7_NtNtCs3MaxXkBTHIX_11iris_engine8renderer5lightNtB6_16DirectionalLightNtNtNtCs5WQ0CCnJ2q7_6encase4core6traits10CreateFrom11create_frompEBa_
FNDA:0,_RNvMNtNtCs3MaxXkBTHIX_11iris_engine8renderer5lightNtB2_16DirectionalLight3new
FNDA:0,_RNvNCNvNtNtCs3MaxXkBTHIX_11iris_engine8renderer5lights0_1__05check
FNDA:0,_RINvNvNCNvNtNtCs3MaxXkBTHIX_11iris_engine8renderer5lights0_1__05check11assert_implpEBc_
FNDA:0,_RNvNCNvNtNtCs3MaxXkBTHIX_11iris_engine8renderer5lights1_1__05check
FNDA:0,_RINvNvNCNvNtNtCs3MaxXkBTHIX_11iris_engine8renderer5lights1_1__05check11assert_implpEBc_
FNDA:0,_RNvNCNvNtNtCs3MaxXkBTHIX_11iris_engine8renderer5lights2_1__05check
FNDA:0,_RINvNvNCNvNtNtCs3MaxXkBTHIX_11iris_engine8renderer5lights2_1__05check11assert_implpEBc_
FNDA:0,_RNvNCNvNtNtCs3MaxXkBTHIX_11iris_engine8renderer5lights3_1__05check
FNDA:0,_RINvNvNCNvNtNtCs3MaxXkBTHIX_11iris_engine8renderer5lights3_1__05check11assert_implpEBc_
FNDA:0,_RNCNvXsc_NtNtCs3MaxXkBTHIX_11iris_engine8renderer5lightNtB7_10PointLightNtNtNtCs5WQ0CCnJ2q7_6encase4core6traits10ShaderType21UNIFORM_COMPAT_ASSERT0Bb_
FNDA:0,_RNvXsc_NtNtCs3MaxXkBTHIX_11iris_engine8renderer5lightNtB5_10PointLightNtNtNtCs5WQ0CCnJ2q7_6encase4core6traits10ShaderType4size
FNDA:0,_RINvXsd_NtNtCs3MaxXkBTHIX_11iris_engine8renderer5lightNtB6_10PointLightNtNtNtCs5WQ0CCnJ2q7_6encase4core6traits9WriteInto10write_intopEBa_
FNDA:0,_RINvXse_NtNtCs3MaxXkBTHIX_11iris_engine8renderer5lightNtB6_10PointLightNtNtNtCs5WQ0CCnJ2q7_6encase4core6traits8ReadFrom9read_frompEBa_
FNDA:0,_RINvXsf_NtNtCs3MaxXkBTHIX_11iris_engine8renderer5lightNtB6_10PointLightNtNtNtCs5WQ0CCnJ2q7_6encase4core6traits10CreateFrom11create_frompEBa_
FNDA:0,_RNvMs_NtNtCs3MaxXkBTHIX_11iris_engine8renderer5lightNtB4_10PointLight3new
FNDA:0,_RNvNCNvNtNtCs3MaxXkBTHIX_11iris_engine8renderer5lights4_1__05check
FNDA:0,_RINvNvNCNvNtNtCs3MaxXkBTHIX_11iris_engine8renderer5lights4_1__05check11assert_implpEBc_
FNDA:0,_RNvNCNvNtNtCs3MaxXkBTHIX_11iris_engine8renderer5lights5_1__05check
FNDA:0,_RINvNvNCNvNtNtCs3MaxXkBTHIX_11iris_engine8renderer5lights5_1__05check11assert_implpEBc_
FNDA:0,_RNvNCNvNtNtCs3MaxXkBTHIX_11iris_engine8renderer5lights6_1__05check
FNDA:0,_RINvNvNCNvNtNtCs3MaxXkBTHIX_11iris_engine8renderer5lights6_1__05check11assert_implpEBc_
FNDA:0,_RNvNCNvNtNtCs3MaxXkBTHIX_11iris_engine8renderer5lights7_1__05check
FNDA:0,_RINvNvNCNvNtNtCs3MaxXkBTHIX_11iris_engine8renderer5lights7_1__05check11assert_implpEBc_
FNDA:0,_RNvNCNvNtNtCs3MaxXkBTHIX_11iris_engine8renderer5lights8_1__05check
FNDA:0,_RINvNvNCNvNtNtCs3MaxXkBTHIX_11iris_engine8renderer5lights8_1__05check11assert_implpEBc_
FNDA:0,_RNvNCNvNtNtCs3MaxXkBTHIX_11iris_engine8renderer5lights9_1__05check
FNDA:0,_RINvNvNCNvNtNtCs3MaxXkBTHIX_11iris_engine8renderer5lights9_1__05check11assert_implpEBc_
FNDA:0,_RNCNvXsk_NtNtCs3MaxXkBTHIX_11iris_engine8renderer5lightNtB7_9SpotLightNtNtNtCs5WQ0CCnJ2q7_6encase4core6traits10ShaderType21UNIFORM_COMPAT_ASSERT0Bb_
FNDA:0,_RNvXsk_NtNtCs3MaxXkBTHIX_11iris_engine8renderer5lightNtB5_9SpotLightNtNtNtCs5WQ0CCnJ2q7_6encase4core6traits10ShaderType4size
FNDA:0,_RINvXsl_NtNtCs3MaxXkBTHIX_11iris_engine8renderer5lightNtB6_9SpotLightNtNtNtCs5WQ0CCnJ2q7_6encase4core6traits9WriteInto10write_intopEBa_
FNDA:0,_RINvXsm_NtNtCs3MaxXkBTHIX_11iris_engine8renderer5lightNtB6_9SpotLightNtNtNtCs5WQ0CCnJ2q7_6encase4core6traits8ReadFrom9read_frompEBa_
FNDA:0,_RINvXsn_NtNtCs3MaxXkBTHIX_11iris_engine8renderer5lightNtB6_9SpotLightNtNtNtCs5WQ0CCnJ2q7_6encase4core6traits10CreateFrom11create_frompEBa_
FNDA:0,_RNvMs0_NtNtCs3MaxXkBTHIX_11iris_engine8renderer5lightNtB5_9SpotLight3new
FNDA:0,_RNvMs0_NtNtCs3MaxXkBTHIX_11iris_engine8renderer5lightNtB5_9SpotLight22project_texture_matrix
FNDA:0,_RNCNvNtNtCs3MaxXkBTHIX_11iris_engine8renderer5light1__0B7_
FNDA:0,_RNCNvNtNtCs3MaxXkBTHIX_11iris_engine8renderer5lights_1__0B7_
FNDA:0,_RNCNvNtNtCs3MaxXkBTHIX_11iris_engine8renderer5lights0_1__0B7_
FNDA:0,_RNCNvNtNtCs3MaxXkBTHIX_11iris_engine8renderer5lights1_1__0B7_
FNDA:0,_RNCNvNtNtCs3MaxXkBTHIX_11iris_engine8renderer5lights2_1__0B7_
FNDA:0,_RNCNvNtNtCs3MaxXkBTHIX_11iris_engine8renderer5lights3_1__0B7_
FNDA:0,_RNCNvNtNtCs3MaxXkBTHIX_11iris_engine8renderer5lights4_1__0B7_
FNDA:0,_RNCNvNtNtCs3MaxXkBTHIX_11iris_engine8renderer5lights5_1__0B7_
FNDA:0,_RNCNvNtNtCs3MaxXkBTHIX_11iris_engine8renderer5lights6_1__0B7_
FNDA:0,_RNCNvNtNtCs3MaxXkBTHIX_11iris_engine8renderer5lights7_1__0B7_
FNDA:0,_RNCNvNtNtCs3MaxXkBTHIX_11iris_engine8renderer5lights8_1__0B7_
FNDA:0,_RNCNvNtNtCs3MaxXkBTHIX_11iris_engine8renderer5lights9_1__0B7_
FNF:19
FNH:0
DA:6,0
DA:8,0
DA:9,0
DA:14,0
DA:15,0
DA:16,0
DA:19,0
DA:21,0
DA:22,0
DA:23,0
DA:24,0
DA:29,0
DA:30,0
DA:31,0
DA:32,0
DA:33,0
DA:34,0
DA:35,0
DA:36,0
DA:39,0
DA:41,0
DA:42,0
DA:43,0
DA:44,0
DA:45,0
DA:46,0
DA:51,0
DA:52,0
DA:53,0
DA:54,0
DA:55,0
DA:56,0
DA:57,0
DA:58,0
DA:59,0
DA:60,0
DA:61,0
DA:62,0
DA:63,0
DA:64,0
DA:65,0
DA:66,0
DA:67,0
DA:70,0
DA:71,0
DA:72,0
DA:73,0
DA:74,0
DA:75,0
DA:76,0
DA:77,0
DA:78,0
DA:79,0
DA:80,0
DA:81,0
DA:82,0
DA:83,0
DA:84,0
DA:85,0
DA:86,0
DA:87,0
DA:88,0
DA:89,0
DA:90,0
DA:91,0
DA:92,0
DA:93,0
DA:94,0
DA:95,0
DA:96,0
DA:97,0
BRF:0
BRH:0
LF:71
LH:0
end_of_record
SF:D:\rust\iris-engine\src\renderer\mesh.rs
FN:8,_RNvNCNvNtNtCs3MaxXkBTHIX_11iris_engine8renderer4meshs_1__05check
FN:8,_RINvNvNCNvNtNtCs3MaxXkBTHIX_11iris_engine8renderer4meshs_1__05check11assert_implpEBc_
FN:8,_RNvNCNvNtNtCs3MaxXkBTHIX_11iris_engine8renderer4meshs0_1__05check
FN:8,_RINvNvNCNvNtNtCs3MaxXkBTHIX_11iris_engine8renderer4meshs0_1__05check11assert_implpEBc_
FN:8,_RNvNCNvNtNtCs3MaxXkBTHIX_11iris_engine8renderer4meshs1_1__05check
FN:8,_RINvNvNCNvNtNtCs3MaxXkBTHIX_11iris_engine8renderer4meshs1_1__05check11assert_implpEBc_
FN:8,_RNvNCNvNtNtCs3MaxXkBTHIX_11iris_engine8renderer4meshs2_1__05check
FN:8,_RINvNvNCNvNtNtCs3MaxXkBTHIX_11iris_engine8renderer4meshs2_1__05check11assert_implpEBc_
FN:8,_RNvNCNvNtNtCs3MaxXkBTHIX_11iris_engine8renderer4meshs3_1__05check
FN:8,_RINvNvNCNvNtNtCs3MaxXkBTHIX_11iris_engine8renderer4meshs3_1__05check11assert_implpEBc_
FN:8,_RNvNCNvNtNtCs3MaxXkBTHIX_11iris_engine8renderer4meshs4_1__05check
FN:8,_RINvNvNCNvNtNtCs3MaxXkBTHIX_11iris_engine8renderer4meshs4_1__05check11assert_implpEBc_
FN:18,_RNvMNtNtCs3MaxXkBTHIX_11iris_engine8renderer4meshNtB2_6Vertex3new
FN:35,_RNvMs_NtNtCs3MaxXkBTHIX_11iris_engine8renderer4meshNtB4_4Mesh3new
FN:43,_RNvMs_NtNtCs3MaxXkBTHIX_11iris_engine8renderer4meshNtB4_4Mesh19recalculate_normals
FN:48,_RNCNvMs_NtNtCs3MaxXkBTHIX_11iris_engine8renderer4meshNtB6_4Mesh19recalculate_normals0Ba_
FN:49,_RNCNvMs_NtNtCs3MaxXkBTHIX_11iris_engine8renderer4meshNtB6_4Mesh19recalculate_normalss_0Ba_
FN:62,_RNvMs_NtNtCs3MaxXkBTHIX_11iris_engine8renderer4meshNtB4_4Mesh8vertices
FN:69,_RNCNvMs_NtNtCs3MaxXkBTHIX_11iris_engine8renderer4meshNtB6_4Mesh8vertices0Ba_
FN:73,_RNvMs_NtNtCs3MaxXkBTHIX_11iris_engine8renderer4meshNtB4_4Mesh7indices
FN:74,_RNCNvMs_NtNtCs3MaxXkBTHIX_11iris_engine8renderer4meshNtB6_4Mesh7indices0Ba_
FN:10,_RNCNvNtNtCs3MaxXkBTHIX_11iris_engine8renderer4mesh1__0B7_
FN:8,_RNCNvNtNtCs3MaxXkBTHIX_11iris_engine8renderer4meshs_1__0B7_
FN:8,_RNCNvNtNtCs3MaxXkBTHIX_11iris_engine8renderer4meshs0_1__0B7_
FN:8,_RNCNvNtNtCs3MaxXkBTHIX_11iris_engine8renderer4meshs1_1__0B7_
FN:8,_RNCNvNtNtCs3MaxXkBTHIX_11iris_engine8renderer4meshs2_1__0B7_
FN:8,_RNCNvNtNtCs3MaxXkBTHIX_11iris_engine8renderer4meshs3_1__0B7_
FN:8,_RNCNvNtNtCs3MaxXkBTHIX_11iris_engine8renderer4meshs4_1__0B7_
FNDA:0,_RNvNCNvNtNtCs3MaxXkBTHIX_11iris_engine8renderer4meshs_1__05check
FNDA:0,_RINvNvNCNvNtNtCs3MaxXkBTHIX_11iris_engine8renderer4meshs_1__05check11assert_implpEBc_
FNDA:0,_RNvNCNvNtNtCs3MaxXkBTHIX_11iris_engine8renderer4meshs0_1__05check
FNDA:0,_RINvNvNCNvNtNtCs3MaxXkBTHIX_11iris_engine8renderer4meshs0_1__05check11assert_implpEBc_
FNDA:0,_RNvNCNvNtNtCs3MaxXkBTHIX_11iris_engine8renderer4meshs1_1__05check
FNDA:0,_RINvNvNCNvNtNtCs3MaxXkBTHIX_11iris_engine8renderer4meshs1_1__05check11assert_implpEBc_
FNDA:0,_RNvNCNvNtNtCs3MaxXkBTHIX_11iris_engine8renderer4meshs2_1__05check
FNDA:0,_RINvNvNCNvNtNtCs3MaxXkBTHIX_11iris_engine8renderer4meshs2_1__05check11assert_implpEBc_
FNDA:0,_RNvNCNvNtNtCs3MaxXkBTHIX_11iris_engine8renderer4meshs3_1__05check
FNDA:0,_RINvNvNCNvNtNtCs3MaxXkBTHIX_11iris_engine8renderer4meshs3_1__05check11assert_implpEBc_
FNDA:0,_RNvNCNvNtNtCs3MaxXkBTHIX_11iris_engine8renderer4meshs4_1__05check
FNDA:0,_RINvNvNCNvNtNtCs3MaxXkBTHIX_11iris_engine8renderer4meshs4_1__05check11assert_implpEBc_
FNDA:0,_RNvMNtNtCs3MaxXkBTHIX_11iris_engine8renderer4meshNtB2_6Vertex3new
FNDA:0,_RNvMs_NtNtCs3MaxXkBTHIX_11iris_engine8renderer4meshNtB4_4Mesh3new
FNDA:0,_RNvMs_NtNtCs3MaxXkBTHIX_11iris_engine8renderer4meshNtB4_4Mesh19recalculate_normals
FNDA:0,_RNCNvMs_NtNtCs3MaxXkBTHIX_11iris_engine8renderer4meshNtB6_4Mesh19recalculate_normals0Ba_
FNDA:0,_RNCNvMs_NtNtCs3MaxXkBTHIX_11iris_engine8renderer4meshNtB6_4Mesh19recalculate_normalss_0Ba_
FNDA:0,_RNvMs_NtNtCs3MaxXkBTHIX_11iris_engine8renderer4meshNtB4_4Mesh8vertices
FNDA:0,_RNCNvMs_NtNtCs3MaxXkBTHIX_11iris_engine8renderer4meshNtB6_4Mesh8vertices0Ba_
FNDA:0,_RNvMs_NtNtCs3MaxXkBTHIX_11iris_engine8renderer4meshNtB4_4Mesh7indices
FNDA:0,_RNCNvMs_NtNtCs3MaxXkBTHIX_11iris_engine8renderer4meshNtB6_4Mesh7indices0Ba_
FNDA:0,_RNCNvNtNtCs3MaxXkBTHIX_11iris_engine8renderer4mesh1__0B7_
FNDA:0,_RNCNvNtNtCs3MaxXkBTHIX_11iris_engine8renderer4meshs_1__0B7_
FNDA:0,_RNCNvNtNtCs3MaxXkBTHIX_11iris_engine8renderer4meshs0_1__0B7_
FNDA:0,_RNCNvNtNtCs3MaxXkBTHIX_11iris_engine8renderer4meshs1_1__0B7_
FNDA:0,_RNCNvNtNtCs3MaxXkBTHIX_11iris_engine8renderer4meshs2_1__0B7_
FNDA:0,_RNCNvNtNtCs3MaxXkBTHIX_11iris_engine8renderer4meshs3_1__0B7_
FNDA:0,_RNCNvNtNtCs3MaxXkBTHIX_11iris_engine8renderer4meshs4_1__0B7_
FNF:11
FNH:0
DA:8,0
DA:10,0
DA:18,0
DA:19,0
DA:20,0
DA:21,0
DA:22,0
DA:23,0
DA:24,0
DA:35,0
DA:36,0
DA:37,0
DA:38,0
DA:39,0
DA:40,0
DA:41,0
DA:43,0
DA:44,0
DA:45,0
DA:46,0
DA:47,0
DA:48,0
DA:49,0
DA:50,0
DA:51,0
DA:52,0
DA:53,0
DA:54,0
DA:55,0
DA:56,0
DA:57,0
DA:58,0
DA:60,0
DA:62,0
DA:63,0
DA:64,0
DA:66,0
DA:67,0
DA:68,0
DA:69,0
DA:70,0
DA:71,0
DA:73,0
DA:74,0
DA:75,0
BRF:0
BRH:0
LF:50
LH:0
end_of_record